  {
    "_time": "2024-01-01T05:39:23",
    "source": "WinEventLog:Security",
    "host": "WS-FINANCE-01",
    "EventCode": 4624,
    "event_type": "successful_login",
    "attack_category": "login_failure_then_success",
    "user": "administrator",
    "src_ip": "185.56.80.65",
    "dest_host": "WS-FINANCE-01",
    "domain": "CORP",
    "logon_type": 3,
    "message": "Successful login for administrator from 185.56.80.65 after failures"
  },
  {
    "_time": "2024-01-01T05:39:38",
    "source": "WinEventLog:Security",
    "host": "WS-IT-05",
    "EventCode": 4625,
    "event_type": "failed_login",
    "attack_category": "login_failure_then_success",
    "user": "clee",
    "src_ip": "45.142.212.100",
    "dest_host": "WS-IT-05",
    "domain": "CONTOSO",
    "logon_type": 3,
    "failure_reason": "Bad password",
    "message": "Failed login for clee from 45.142.212.100"
  },
  {
    "_time": "2024-01-01T05:39:46",
    "source": "WinEventLog:Security",
    "host": "WS-IT-05",
    "EventCode": 4625,
    "event_type": "failed_login",
    "attack_category": "login_failure_then_success",
    "user": "clee",
    "src_ip": "45.142.212.100",
    "dest_host": "WS-IT-05",
    "domain": "ACME",
    "logon_type": 3,
    "failure_reason": "Bad password",
    "message": "Failed login for clee from 45.142.212.100"
  },
  {
    "_time": "2024-01-01T05:40:01",
    "source": "WinEventLog:Security",
    "host": "WS-IT-05",
    "EventCode": 4625,
    "event_type": "failed_login",
    "attack_category": "login_failure_then_success",
    "user": "clee",
    "src_ip": "45.142.212.100",
    "dest_host": "WS-IT-05",
    "domain": "CORP",
    "logon_type": 3,
    "failure_reason": "Bad password",
    "message": "Failed login for clee from 45.142.212.100"
  },
  {
    "_time": "2024-01-01T05:40:13",
    "source": "WinEventLog:Security",
    "host": "WS-IT-05",
    "EventCode": 4625,
    "event_type": "failed_login",
    "attack_category": "login_failure_then_success",
    "user": "clee",
    "src_ip": "45.142.212.100",
    "dest_host": "WS-IT-05",
    "domain": "CORP",
    "logon_type": 3,
    "failure_reason": "Bad password",
    "message": "Failed login for clee from 45.142.212.100"
  },
  {
    "_time": "2024-01-01T05:40:18",
    "source": "WinEventLog:Security",
    "host": "WS-IT-05",
    "EventCode": 4625,
    "event_type": "failed_login",
    "attack_category": "login_failure_then_success",
    "user": "clee",
    "src_ip": "45.142.212.100",
    "dest_host": "WS-IT-05",
    "domain": "CORP",
    "logon_type": 3,
    "failure_reason": "Bad password",
    "message": "Failed login for clee from 45.142.212.100"
  },
  {
    "_time": "2024-01-01T05:40:29",
    "source": "WinEventLog:Security",
    "host": "WS-IT-05",
    "EventCode": 4625,
    "event_type": "failed_login",
    "attack_category": "login_failure_then_success",
    "user": "clee",
    "src_ip": "45.142.212.100",
    "dest_host": "WS-IT-05",
    "domain": "CORP",
    "logon_type": 3,
    "failure_reason": "Bad password",
    "message": "Failed login for clee from 45.142.212.100"
  },
  {
    "_time": "2024-01-01T05:40:44",
    "source": "WinEventLog:Security",
    "host": "WS-IT-05",
    "EventCode": 4625,
    "event_type": "failed_login",
    "attack_category": "login_failure_then_success",
    "user": "clee",
    "src_ip": "45.142.212.100",
    "dest_host": "WS-IT-05",
    "domain": "ACME",
    "logon_type": 3,
    "failure_reason": "Bad password",
    "message": "Failed login for clee from 45.142.212.100"
  },
  {
    "_time": "2024-01-01T05:40:51",
    "source": "WinEventLog:Security",
    "host": "WS-IT-05",
    "EventCode": 4625,
    "event_type": "failed_login",
    "attack_category": "login_failure_then_success",
    "user": "clee",
    "src_ip": "45.142.212.100",
    "dest_host": "WS-IT-05",
    "domain": "ACME",
    "logon_type": 3,
    "failure_reason": "Bad password",
    "message": "Failed login for clee from 45.142.212.100"
  },
  {
    "_time": "2024-01-01T05:41:06",
    "source": "WinEventLog:Security",
    "host": "WS-IT-05",
    "EventCode": 4625,
    "event_type": "failed_login",
    "attack_category": "login_failure_then_success",
    "user": "clee",
    "src_ip": "45.142.212.100",
    "dest_host": "WS-IT-05",
    "domain": "CONTOSO",
    "logon_type": 3,
    "failure_reason": "Bad password",
    "message": "Failed login for clee from 45.142.212.100"
  },
  {
    "_time": "2024-01-01T05:41:11",
    "source": "WinEventLog:Security",
    "host": "WS-IT-05",
    "EventCode": 4624,
    "event_type": "successful_login",
    "attack_category": "login_failure_then_success",
    "user": "clee",
    "src_ip": "45.142.212.100",
    "dest_host": "WS-IT-05",
    "domain": "CORP",
    "logon_type": 3,
    "message": "Successful login for clee from 45.142.212.100 after failures"
  },
  {
    "_time": "2024-01-01T05:41:23",
    "source": "WinEventLog:Security",
    "host": "WS-FINANCE-01",
    "EventCode": 4625,
    "event_type": "failed_login",
    "attack_category": "login_failure_then_success",
    "user": "lwhite",
    "src_ip": "91.108.4.12",
    "dest_host": "WS-FINANCE-01",
    "domain": "CONTOSO",
    "logon_type": 3,
    "failure_reason": "Bad password",
    "message": "Failed login for lwhite from 91.108.4.12"
  },
  {
    "_time": "2024-01-01T05:41:37",
    "source": "WinEventLog:Security",
    "host": "WS-FINANCE-01",
    "EventCode": 4625,
    "event_type": "failed_login",
    "attack_category": "login_failure_then_success",
    "user": "lwhite",
    "src_ip": "91.108.4.12",
    "dest_host": "WS-FINANCE-01",
    "domain": "CONTOSO",
    "logon_type": 3,
    "failure_reason": "Bad password",
    "message": "Failed login for lwhite from 91.108.4.12"
  },
  {
    "_time": "2024-01-01T05:41:43",
    "source": "WinEventLog:Security",
    "host": "WS-FINANCE-01",
    "EventCode": 4625,
    "event_type": "failed_login",
    "attack_category": "login_failure_then_success",
    "user": "lwhite",
    "src_ip": "91.108.4.12",
    "dest_host": "WS-FINANCE-01",
    "domain": "CORP",
    "logon_type": 3,
    "failure_reason": "Bad password",
    "message": "Failed login for lwhite from 91.108.4.12"
  },
  {
    "_time": "2024-01-01T05:41:48",
    "source": "WinEventLog:Security",
    "host": "WS-FINANCE-01",
    "EventCode": 4625,
    "event_type": "failed_login",
    "attack_category": "login_failure_then_success",
    "user": "lwhite",
    "src_ip": "91.108.4.12",
    "dest_host": "WS-FINANCE-01",
    "domain": "CORP",
    "logon_type": 3,
    "failure_reason": "Bad password",
    "message": "Failed login for lwhite from 91.108.4.12"
  },
  {
    "_time": "2024-01-01T05:42:04",
    "source": "WinEventLog:Security",
    "host": "WS-FINANCE-01",
    "EventCode": 4625,
    "event_type": "failed_login",
    "attack_category": "login_failure_then_success",
    "user": "lwhite",
    "src_ip": "91.108.4.12",
    "dest_host": "WS-FINANCE-01",
    "domain": "CONTOSO",
    "logon_type": 3,
    "failure_reason": "Bad password",
    "message": "Failed login for lwhite from 91.108.4.12"
  },
  {
    "_time": "2024-01-01T05:42:09",
    "source": "WinEventLog:Security",
    "host": "WS-FINANCE-01",
    "EventCode": 4624,
    "event_type": "successful_login",
    "attack_category": "login_failure_then_success",
    "user": "lwhite",
    "src_ip": "91.108.4.12",
    "dest_host": "WS-FINANCE-01",
    "domain": "CORP",
    "logon_type": 3,
    "message": "Successful login for lwhite from 91.108.4.12 after failures"
  },
  {
    "_time": "2024-01-01T05:42:14",
    "source": "WinEventLog:Security",
    "host": "WS-FINANCE-01",
    "EventCode": 4625,
    "event_type": "failed_login",
    "attack_category": "login_failure_then_success",
    "user": "njones",
    "src_ip": "77.91.68.33",
    "dest_host": "WS-FINANCE-01",
    "domain": "CONTOSO",
    "logon_type": 3,
    "failure_reason": "Bad password",
    "message": "Failed login for njones from 77.91.68.33"
  },
  {
    "_time": "2024-01-01T05:42:34",
    "source": "WinEventLog:Security",
    "host": "WS-FINANCE-01",
    "EventCode": 4625,
    "event_type": "failed_login",
    "attack_category": "login_failure_then_success",
    "user": "njones",
    "src_ip": "77.91.68.33",
    "dest_host": "WS-FINANCE-01",
    "domain": "CORP",
    "logon_type": 3,
    "failure_reason": "Bad password",
    "message": "Failed login for njones from 77.91.68.33"
  },
  {
    "_time": "2024-01-01T05:42:47",
    "source": "WinEventLog:Security",
    "host": "WS-FINANCE-01",
    "EventCode": 4625,
    "event_type": "failed_login",
    "attack_category": "login_failure_then_success",
    "user": "njones",
    "src_ip": "77.91.68.33",
    "dest_host": "WS-FINANCE-01",
    "domain": "CONTOSO",
    "logon_type": 3,
    "failure_reason": "Bad password",
    "message": "Failed login for njones from 77.91.68.33"
  },
  {
    "_time": "2024-01-01T05:42:50",
    "source": "WinEventLog:Security",
    "host": "WS-FINANCE-01",
    "EventCode": 4625,
    "event_type": "failed_login",
    "attack_category": "login_failure_then_success",
    "user": "njones",
    "src_ip": "77.91.68.33",
    "dest_host": "WS-FINANCE-01",
    "domain": "CONTOSO",
    "logon_type": 3,
    "failure_reason": "Bad password",
    "message": "Failed login for njones from 77.91.68.33"
  },
  {
    "_time": "2024-01-01T05:43:06",
    "source": "WinEventLog:Security",
    "host": "WS-FINANCE-01",
    "EventCode": 4625,
    "event_type": "failed_login",
    "attack_category": "login_failure_then_success",
    "user": "njones",
    "src_ip": "77.91.68.33",
    "dest_host": "WS-FINANCE-01",
    "domain": "CONTOSO",
    "logon_type": 3,
    "failure_reason": "Bad password",
    "message": "Failed login for njones from 77.91.68.33"
  },
  {
    "_time": "2024-01-01T05:43:11",
    "source": "WinEventLog:Security",
    "host": "WS-FINANCE-01",
    "EventCode": 4624,
    "event_type": "successful_login",
    "attack_category": "login_failure_then_success",
    "user": "njones",
    "src_ip": "77.91.68.33",
    "dest_host": "WS-FINANCE-01",
    "domain": "CORP",
    "logon_type": 3,
    "message": "Successful login for njones from 77.91.68.33 after failures"
  },
  {
    "_time": "2024-01-01T05:43:21",
    "source": "WinEventLog:Security",
    "host": "SRV-WEB-01",
    "EventCode": 4625,
    "event_type": "failed_login",
    "attack_category": "login_failure_then_success",
    "user": "svc_backup",
    "src_ip": "91.108.4.12",
    "dest_host": "SRV-WEB-01",
    "domain": "ACME",
    "logon_type": 3,
    "failure_reason": "Bad password",
    "message": "Failed login for svc_backup from 91.108.4.12"
  },
  {
    "_time": "2024-01-01T05:43:40",
    "source": "WinEventLog:Security",
    "host": "SRV-WEB-01",
    "EventCode": 4625,
    "event_type": "failed_login",
    "attack_category": "login_failure_then_success",
    "user": "svc_backup",
    "src_ip": "91.108.4.12",
    "dest_host": "SRV-WEB-01",
    "domain": "CORP",
    "logon_type": 3,
    "failure_reason": "Bad password",
    "message": "Failed login for svc_backup from 91.108.4.12"
  },
  {
    "_time": "2024-01-01T05:43:55",
    "source": "WinEventLog:Security",
    "host": "SRV-WEB-01",
    "EventCode": 4625,
    "event_type": "failed_login",
    "attack_category": "login_failure_then_success",
    "user": "svc_backup",
    "src_ip": "91.108.4.12",
    "dest_host": "SRV-WEB-01",
    "domain": "CORP",
    "logon_type": 3,
    "failure_reason": "Bad password",
    "message": "Failed login for svc_backup from 91.108.4.12"
  },
  {
    "_time": "2024-01-01T05:44:02",
    "source": "WinEventLog:Security",
    "host": "SRV-WEB-01",
    "EventCode": 4625,
    "event_type": "failed_login",
    "attack_category": "login_failure_then_success",
    "user": "svc_backup",
    "src_ip": "91.108.4.12",
    "dest_host": "SRV-WEB-01",
    "domain": "CONTOSO",
    "logon_type": 3,
    "failure_reason": "Bad password",
    "message": "Failed login for svc_backup from 91.108.4.12"
  },
  {
    "_time": "2024-01-01T05:44:14",
    "source": "WinEventLog:Security",
    "host": "SRV-WEB-01",
    "EventCode": 4625,
    "event_type": "failed_login",
    "attack_category": "login_failure_then_success",
    "user": "svc_backup",
    "src_ip": "91.108.4.12",
    "dest_host": "SRV-WEB-01",
    "domain": "CONTOSO",
    "logon_type": 3,
    "failure_reason": "Bad password",
    "message": "Failed login for svc_backup from 91.108.4.12"
  },
  {
    "_time": "2024-01-01T05:44:32",
    "source": "WinEventLog:Security",
    "host": "SRV-WEB-01",
    "EventCode": 4625,
    "event_type": "failed_login",
    "attack_category": "login_failure_then_success",
    "user": "svc_backup",
    "src_ip": "91.108.4.12",
    "dest_host": "SRV-WEB-01",
    "domain": "CORP",
    "logon_type": 3,
    "failure_reason": "Bad password",
    "message": "Failed login for svc_backup from 91.108.4.12"
  },
  {
    "_time": "2024-01-01T05:44:37",
    "source": "WinEventLog:Security",
    "host": "SRV-WEB-01",
    "EventCode": 4625,
    "event_type": "failed_login",
    "attack_category": "login_failure_then_success",
    "user": "svc_backup",
    "src_ip": "91.108.4.12",
    "dest_host": "SRV-WEB-01",
    "domain": "CORP",
    "logon_type": 3,
    "failure_reason": "Bad password",
    "message": "Failed login for svc_backup from 91.108.4.12"
  },
  {
    "_time": "2024-01-01T05:44:53",
    "source": "WinEventLog:Security",
    "host": "SRV-WEB-01",
    "EventCode": 4625,
    "event_type": "failed_login",
    "attack_category": "login_failure_then_success",
    "user": "svc_backup",
    "src_ip": "91.108.4.12",
    "dest_host": "SRV-WEB-01",
    "domain": "CONTOSO",
    "logon_type": 3,
    "failure_reason": "Bad password",
    "message": "Failed login for svc_backup from 91.108.4.12"
  },
  {
    "_time": "2024-01-01T05:45:09",
    "source": "WinEventLog:Security",
    "host": "SRV-WEB-01",
    "EventCode": 4625,
    "event_type": "failed_login",
    "attack_category": "login_failure_then_success",
    "user": "svc_backup",
    "src_ip": "91.108.4.12",
    "dest_host": "SRV-WEB-01",
    "domain": "CONTOSO",
    "logon_type": 3,
    "failure_reason": "Bad password",
    "message": "Failed login for svc_backup from 91.108.4.12"
  },
  {
    "_time": "2024-01-01T05:45:14",
    "source": "WinEventLog:Security",
    "host": "SRV-WEB-01",
    "EventCode": 4624,
    "event_type": "successful_login",
    "attack_category": "login_failure_then_success",
    "user": "svc_backup",
    "src_ip": "91.108.4.12",
    "dest_host": "SRV-WEB-01",
    "domain": "CORP",
    "logon_type": 3,
    "message": "Successful login for svc_backup from 91.108.4.12 after failures"
  },
  {
    "_time": "2024-01-01T05:45:24",
    "source": "WinEventLog:Security",
    "host": "WS-IT-05",
    "EventCode": 4625,
    "event_type": "failed_login",
    "attack_category": "login_failure_then_success",
    "user": "clee",
    "src_ip": "91.108.4.12",
    "dest_host": "WS-IT-05",
    "domain": "ACME",
    "logon_type": 3,
    "failure_reason": "Bad password",
    "message": "Failed login for clee from 91.108.4.12"
  },
  {
    "_time": "2024-01-01T05:45:42",
    "source": "WinEventLog:Security",
    "host": "WS-IT-05",
    "EventCode": 4625,
    "event_type": "failed_login",
    "attack_category": "login_failure_then_success",
    "user": "clee",
    "src_ip": "91.108.4.12",
    "dest_host": "WS-IT-05",
    "domain": "ACME",
    "logon_type": 3,
    "failure_reason": "Bad password",
    "message": "Failed login for clee from 91.108.4.12"
  },
  {
    "_time": "2024-01-01T05:45:51",
    "source": "WinEventLog:Security",
    "host": "WS-IT-05",
    "EventCode": 4625,
    "event_type": "failed_login",
    "attack_category": "login_failure_then_success",
    "user": "clee",
    "src_ip": "91.108.4.12",
    "dest_host": "WS-IT-05",
    "domain": "CONTOSO",
    "logon_type": 3,
    "failure_reason": "Bad password",
    "message": "Failed login for clee from 91.108.4.12"
  },
  {
    "_time": "2024-01-01T05:45:57",
    "source": "WinEventLog:Security",
    "host": "WS-IT-05",
    "EventCode": 4625,
    "event_type": "failed_login",
    "attack_category": "login_failure_then_success",
    "user": "clee",
    "src_ip": "91.108.4.12",
    "dest_host": "WS-IT-05",
    "domain": "CORP",
    "logon_type": 3,
    "failure_reason": "Bad password",
    "message": "Failed login for clee from 91.108.4.12"
  },
  {
    "_time": "2024-01-01T05:46:09",
    "source": "WinEventLog:Security",
    "host": "WS-IT-05",
    "EventCode": 4625,
    "event_type": "failed_login",
    "attack_category": "login_failure_then_success",
    "user": "clee",
    "src_ip": "91.108.4.12",
    "dest_host": "WS-IT-05",
    "domain": "CORP",
    "logon_type": 3,
    "failure_reason": "Bad password",
    "message": "Failed login for clee from 91.108.4.12"
  },
  {
    "_time": "2024-01-01T05:46:24",
    "source": "WinEventLog:Security",
    "host": "WS-IT-05",
    "EventCode": 4625,
    "event_type": "failed_login",
    "attack_category": "login_failure_then_success",
    "user": "clee",
    "src_ip": "91.108.4.12",
    "dest_host": "WS-IT-05",
    "domain": "CONTOSO",
    "logon_type": 3,
    "failure_reason": "Bad password",
    "message": "Failed login for clee from 91.108.4.12"
  },
  {
    "_time": "2024-01-01T05:46:39",
    "source": "WinEventLog:Security",
    "host": "WS-IT-05",
    "EventCode": 4625,
    "event_type": "failed_login",
    "attack_category": "login_failure_then_success",
    "user": "clee",
    "src_ip": "91.108.4.12",
    "dest_host": "WS-IT-05",
    "domain": "CONTOSO",
    "logon_type": 3,
    "failure_reason": "Bad password",
    "message": "Failed login for clee from 91.108.4.12"
  },
  {
    "_time": "2024-01-01T05:46:44",
    "source": "WinEventLog:Security",
    "host": "WS-IT-05",
    "EventCode": 4624,
    "event_type": "successful_login",
    "attack_category": "login_failure_then_success",
    "user": "clee",
    "src_ip": "91.108.4.12",
    "dest_host": "WS-IT-05",
    "domain": "CORP",
    "logon_type": 3,
    "message": "Successful login for clee from 91.108.4.12 after failures"
  },
  {
    "_time": "2024-01-01T05:46:51",
    "source": "WinEventLog:Security",
    "host": "DC-01",
    "EventCode": 4625,
    "event_type": "failed_login",
    "attack_category": "login_failure_then_success",
    "user": "clee",
    "src_ip": "185.56.80.65",
    "dest_host": "DC-01",
    "domain": "CONTOSO",
    "logon_type": 3,
    "failure_reason": "Bad password",
    "message": "Failed login for clee from 185.56.80.65"
  },
  {
    "_time": "2024-01-01T05:47:04",
    "source": "WinEventLog:Security",
    "host": "DC-01",
    "EventCode": 4625,
    "event_type": "failed_login",
    "attack_category": "login_failure_then_success",
    "user": "clee",
    "src_ip": "185.56.80.65",
    "dest_host": "DC-01",
    "domain": "ACME",
    "logon_type": 3,
    "failure_reason": "Bad password",
    "message": "Failed login for clee from 185.56.80.65"
  },
  {
    "_time": "2024-01-01T05:47:13",
    "source": "WinEventLog:Security",
    "host": "DC-01",
    "EventCode": 4625,
    "event_type": "failed_login",
    "attack_category": "login_failure_then_success",
    "user": "clee",
    "src_ip": "185.56.80.65",
    "dest_host": "DC-01",
    "domain": "CONTOSO",
    "logon_type": 3,
    "failure_reason": "Bad password",
    "message": "Failed login for clee from 185.56.80.65"
  },
  {
    "_time": "2024-01-01T05:47:26",
    "source": "WinEventLog:Security",
    "host": "DC-01",
    "EventCode": 4625,
    "event_type": "failed_login",
    "attack_category": "login_failure_then_success",
    "user": "clee",
    "src_ip": "185.56.80.65",
    "dest_host": "DC-01",
    "domain": "CORP",
    "logon_type": 3,
    "failure_reason": "Bad password",
    "message": "Failed login for clee from 185.56.80.65"
  },
  {
    "_time": "2024-01-01T05:47:41",
    "source": "WinEventLog:Security",
    "host": "DC-01",
    "EventCode": 4625,
    "event_type": "failed_login",
    "attack_category": "login_failure_then_success",
    "user": "clee",
    "src_ip": "185.56.80.65",
    "dest_host": "DC-01",
    "domain": "CONTOSO",
    "logon_type": 3,
    "failure_reason": "Bad password",
    "message": "Failed login for clee from 185.56.80.65"
  },
  {
    "_time": "2024-01-01T05:47:53",
    "source": "WinEventLog:Security",
    "host": "DC-01",
    "EventCode": 4625,
    "event_type": "failed_login",
    "attack_category": "login_failure_then_success",
    "user": "clee",
    "src_ip": "185.56.80.65",
    "dest_host": "DC-01",
    "domain": "ACME",
    "logon_type": 3,
    "failure_reason": "Bad password",
    "message": "Failed login for clee from 185.56.80.65"
  },
  {
    "_time": "2024-01-01T05:48:11",
    "source": "WinEventLog:Security",
    "host": "DC-01",
    "EventCode": 4625,
    "event_type": "failed_login",
    "attack_category": "login_failure_then_success",
    "user": "clee",
    "src_ip": "185.56.80.65",
    "dest_host": "DC-01",
    "domain": "ACME",
    "logon_type": 3,
    "failure_reason": "Bad password",
    "message": "Failed login for clee from 185.56.80.65"
  },
  {
    "_time": "2024-01-01T05:48:21",
    "source": "WinEventLog:Security",
    "host": "DC-01",
    "EventCode": 4625,
    "event_type": "failed_login",
    "attack_category": "login_failure_then_success",
    "user": "clee",
    "src_ip": "185.56.80.65",
    "dest_host": "DC-01",
    "domain": "CONTOSO",
    "logon_type": 3,
    "failure_reason": "Bad password",
    "message": "Failed login for clee from 185.56.80.65"
  },
  {
    "_time": "2024-01-01T05:48:36",
    "source": "WinEventLog:Security",
    "host": "DC-01",
    "EventCode": 4625,
    "event_type": "failed_login",
    "attack_category": "login_failure_then_success",
    "user": "clee",
    "src_ip": "185.56.80.65",
    "dest_host": "DC-01",
    "domain": "CONTOSO",
    "logon_type": 3,
    "failure_reason": "Bad password",
    "message": "Failed login for clee from 185.56.80.65"
  },
  {
    "_time": "2024-01-01T05:48:51",
    "source": "WinEventLog:Security",
    "host": "DC-01",
    "EventCode": 4625,
    "event_type": "failed_login",
    "attack_category": "login_failure_then_success",
    "user": "clee",
    "src_ip": "185.56.80.65",
    "dest_host": "DC-01",
    "domain": "CONTOSO",
    "logon_type": 3,
    "failure_reason": "Bad password",
    "message": "Failed login for clee from 185.56.80.65"
  },
  {
    "_time": "2024-01-01T05:48:56",
    "source": "WinEventLog:Security",
    "host": "DC-01",
    "EventCode": 4624,
    "event_type": "successful_login",
    "attack_category": "login_failure_then_success",
    "user": "clee",
    "src_ip": "185.56.80.65",
    "dest_host": "DC-01",
    "domain": "CORP",
    "logon_type": 3,
    "message": "Successful login for clee from 185.56.80.65 after failures"
  },
  {
    "_time": "2024-01-01T05:49:04",
    "source": "WinEventLog:Security",
    "host": "SRV-SQL-01",
    "EventCode": 4625,
    "event_type": "failed_login",
    "attack_category": "login_failure_then_success",
    "user": "adavis",
    "src_ip": "45.142.212.100",
    "dest_host": "SRV-SQL-01",
    "domain": "ACME",
    "logon_type": 3,
    "failure_reason": "Bad password",
    "message": "Failed login for adavis from 45.142.212.100"
  },
  {
    "_time": "2024-01-01T05:49:24",
    "source": "WinEventLog:Security",
    "host": "SRV-SQL-01",
    "EventCode": 4625,
    "event_type": "failed_login",
    "attack_category": "login_failure_then_success",
    "user": "adavis",
    "src_ip": "45.142.212.100",
    "dest_host": "SRV-SQL-01",
    "domain": "CORP",
    "logon_type": 3,
    "failure_reason": "Bad password",
    "message": "Failed login for adavis from 45.142.212.100"
  },
  {
    "_time": "2024-01-01T05:49:41",
    "source": "WinEventLog:Security",
    "host": "SRV-SQL-01",
    "EventCode": 4625,
    "event_type": "failed_login",
    "attack_category": "login_failure_then_success",
    "user": "adavis",
    "src_ip": "45.142.212.100",
    "dest_host": "SRV-SQL-01",
    "domain": "ACME",
    "logon_type": 3,
    "failure_reason": "Bad password",
    "message": "Failed login for adavis from 45.142.212.100"
  },
  {
    "_time": "2024-01-01T05:49:50",
    "source": "WinEventLog:Security",
    "host": "SRV-SQL-01",
    "EventCode": 4625,
    "event_type": "failed_login",
    "attack_category": "login_failure_then_success",
    "user": "adavis",
    "src_ip": "45.142.212.100",
    "dest_host": "SRV-SQL-01",
    "domain": "CONTOSO",
    "logon_type": 3,
    "failure_reason": "Bad password",
    "message": "Failed login for adavis from 45.142.212.100"
  },
  {
    "_time": "2024-01-01T05:50:02",
    "source": "WinEventLog:Security",
    "host": "SRV-SQL-01",
    "EventCode": 4625,
    "event_type": "failed_login",
    "attack_category": "login_failure_then_success",
    "user": "adavis",
    "src_ip": "45.142.212.100",
    "dest_host": "SRV-SQL-01",
    "domain": "ACME",
    "logon_type": 3,
    "failure_reason": "Bad password",
    "message": "Failed login for adavis from 45.142.212.100"
  },
  {
    "_time": "2024-01-01T05:50:07",
    "source": "WinEventLog:Security",
    "host": "SRV-SQL-01",
    "EventCode": 4625,
    "event_type": "failed_login",
    "attack_category": "login_failure_then_success",
    "user": "adavis",
    "src_ip": "45.142.212.100",
    "dest_host": "SRV-SQL-01",
    "domain": "CONTOSO",
    "logon_type": 3,
    "failure_reason": "Bad password",
    "message": "Failed login for adavis from 45.142.212.100"
  },
  {
    "_time": "2024-01-01T05:50:25",
    "source": "WinEventLog:Security",
    "host": "SRV-SQL-01",
    "EventCode": 4625,
    "event_type": "failed_login",
    "attack_category": "login_failure_then_success",
    "user": "adavis",
    "src_ip": "45.142.212.100",
    "dest_host": "SRV-SQL-01",
    "domain": "CORP",
    "logon_type": 3,
    "failure_reason": "Bad password",
    "message": "Failed login for adavis from 45.142.212.100"
  },
  {
    "_time": "2024-01-01T05:50:37",
    "source": "WinEventLog:Security",
    "host": "SRV-SQL-01",
    "EventCode": 4625,
    "event_type": "failed_login",
    "attack_category": "login_failure_then_success",
    "user": "adavis",
    "src_ip": "45.142.212.100",
    "dest_host": "SRV-SQL-01",
    "domain": "CORP",
    "logon_type": 3,
    "failure_reason": "Bad password",
    "message": "Failed login for adavis from 45.142.212.100"
  },
  {
    "_time": "2024-01-01T05:50:48",
    "source": "WinEventLog:Security",
    "host": "SRV-SQL-01",
    "EventCode": 4625,
    "event_type": "failed_login",
    "attack_category": "login_failure_then_success",
    "user": "adavis",
    "src_ip": "45.142.212.100",
    "dest_host": "SRV-SQL-01",
    "domain": "ACME",
    "logon_type": 3,
    "failure_reason": "Bad password",
    "message": "Failed login for adavis from 45.142.212.100"
  },
  {
    "_time": "2024-01-01T05:50:53",
    "source": "WinEventLog:Security",
    "host": "SRV-SQL-01",
    "EventCode": 4624,
    "event_type": "successful_login",
    "attack_category": "login_failure_then_success",
    "user": "adavis",
    "src_ip": "45.142.212.100",
    "dest_host": "SRV-SQL-01",
    "domain": "CORP",
    "logon_type": 3,
    "message": "Successful login for adavis from 45.142.212.100 after failures"
  },
  {
    "_time": "2024-01-01T05:50:58",
    "source": "WinEventLog:Security",
    "host": "LAPTOP-EXEC-03",
    "EventCode": 4625,
    "event_type": "failed_login",
    "attack_category": "login_failure_then_success",
    "user": "mwilson",
    "src_ip": "77.91.68.33",
    "dest_host": "LAPTOP-EXEC-03",
    "domain": "CONTOSO",
    "logon_type": 3,
    "failure_reason": "Bad password",
    "message": "Failed login for mwilson from 77.91.68.33"
  },
  {
    "_time": "2024-01-01T05:51:16",
    "source": "WinEventLog:Security",
    "host": "LAPTOP-EXEC-03",
    "EventCode": 4625,
    "event_type": "failed_login",
    "attack_category": "login_failure_then_success",
    "user": "mwilson",
    "src_ip": "77.91.68.33",
    "dest_host": "LAPTOP-EXEC-03",
    "domain": "ACME",
    "logon_type": 3,
    "failure_reason": "Bad password",
    "message": "Failed login for mwilson from 77.91.68.33"
  },
  {
    "_time": "2024-01-01T05:51:31",
    "source": "WinEventLog:Security",
    "host": "LAPTOP-EXEC-03",
    "EventCode": 4625,
    "event_type": "failed_login",
    "attack_category": "login_failure_then_success",
    "user": "mwilson",
    "src_ip": "77.91.68.33",
    "dest_host": "LAPTOP-EXEC-03",
    "domain": "ACME",
    "logon_type": 3,
    "failure_reason": "Bad password",
    "message": "Failed login for mwilson from 77.91.68.33"
  },
  {
    "_time": "2024-01-01T05:51:50",
    "source": "WinEventLog:Security",
    "host": "LAPTOP-EXEC-03",
    "EventCode": 4625,
    "event_type": "failed_login",
    "attack_category": "login_failure_then_success",
    "user": "mwilson",
    "src_ip": "77.91.68.33",
    "dest_host": "LAPTOP-EXEC-03",
    "domain": "ACME",
    "logon_type": 3,
    "failure_reason": "Bad password",
    "message": "Failed login for mwilson from 77.91.68.33"
  },
  {
    "_time": "2024-01-01T05:52:06",
    "source": "WinEventLog:Security",
    "host": "LAPTOP-EXEC-03",
    "EventCode": 4625,
    "event_type": "failed_login",
    "attack_category": "login_failure_then_success",
    "user": "mwilson",
    "src_ip": "77.91.68.33",
    "dest_host": "LAPTOP-EXEC-03",
    "domain": "ACME",
    "logon_type": 3,
    "failure_reason": "Bad password",
    "message": "Failed login for mwilson from 77.91.68.33"
  },
  {
    "_time": "2024-01-01T05:52:10",
    "source": "WinEventLog:Security",
    "host": "LAPTOP-EXEC-03",
    "EventCode": 4625,
    "event_type": "failed_login",
    "attack_category": "login_failure_then_success",
    "user": "mwilson",
    "src_ip": "77.91.68.33",
    "dest_host": "LAPTOP-EXEC-03",
    "domain": "CONTOSO",
    "logon_type": 3,
    "failure_reason": "Bad password",
    "message": "Failed login for mwilson from 77.91.68.33"
  },
  {
    "_time": "2024-01-01T05:52:30",
    "source": "WinEventLog:Security",
    "host": "LAPTOP-EXEC-03",
    "EventCode": 4625,
    "event_type": "failed_login",
    "attack_category": "login_failure_then_success",
    "user": "mwilson",
    "src_ip": "77.91.68.33",
    "dest_host": "LAPTOP-EXEC-03",
    "domain": "ACME",
    "logon_type": 3,
    "failure_reason": "Bad password",
    "message": "Failed login for mwilson from 77.91.68.33"
  },
  {
    "_time": "2024-01-01T05:52:35",
    "source": "WinEventLog:Security",
    "host": "LAPTOP-EXEC-03",
    "EventCode": 4625,
    "event_type": "failed_login",
    "attack_category": "login_failure_then_success",
    "user": "mwilson",
    "src_ip": "77.91.68.33",
    "dest_host": "LAPTOP-EXEC-03",
    "domain": "CORP",
    "logon_type": 3,
    "failure_reason": "Bad password",
    "message": "Failed login for mwilson from 77.91.68.33"
  },
  {
    "_time": "2024-01-01T05:52:40",
    "source": "WinEventLog:Security",
    "host": "LAPTOP-EXEC-03",
    "EventCode": 4624,
    "event_type": "successful_login",
    "attack_category": "login_failure_then_success",
    "user": "mwilson",
    "src_ip": "77.91.68.33",
    "dest_host": "LAPTOP-EXEC-03",
    "domain": "CORP",
    "logon_type": 3,
    "message": "Successful login for mwilson from 77.91.68.33 after failures"
  },
  {
    "_time": "2024-01-01T05:52:54",
    "source": "WinEventLog:Security",
    "host": "SRV-WEB-01",
    "EventCode": 4625,
    "event_type": "failed_login",
    "attack_category": "login_failure_then_success",
    "user": "svc_backup",
    "src_ip": "45.142.212.100",
    "dest_host": "SRV-WEB-01",
    "domain": "CORP",
    "logon_type": 3,
    "failure_reason": "Bad password",
    "message": "Failed login for svc_backup from 45.142.212.100"
  },
  {
    "_time": "2024-01-01T05:52:58",
    "source": "WinEventLog:Security",
    "host": "SRV-WEB-01",
    "EventCode": 4625,
    "event_type": "failed_login",
    "attack_category": "login_failure_then_success",
    "user": "svc_backup",
    "src_ip": "45.142.212.100",
    "dest_host": "SRV-WEB-01",
    "domain": "ACME",
    "logon_type": 3,
    "failure_reason": "Bad password",
    "message": "Failed login for svc_backup from 45.142.212.100"
  },
  {
    "_time": "2024-01-01T05:53:13",
    "source": "WinEventLog:Security",
    "host": "SRV-WEB-01",
    "EventCode": 4625,
    "event_type": "failed_login",
    "attack_category": "login_failure_then_success",
    "user": "svc_backup",
    "src_ip": "45.142.212.100",
    "dest_host": "SRV-WEB-01",
    "domain": "CONTOSO",
    "logon_type": 3,
    "failure_reason": "Bad password",
    "message": "Failed login for svc_backup from 45.142.212.100"
  },
  {
    "_time": "2024-01-01T05:53:29",
    "source": "WinEventLog:Security",
    "host": "SRV-WEB-01",
    "EventCode": 4625,
    "event_type": "failed_login",
    "attack_category": "login_failure_then_success",
    "user": "svc_backup",
    "src_ip": "45.142.212.100",
    "dest_host": "SRV-WEB-01",
    "domain": "CORP",
    "logon_type": 3,
    "failure_reason": "Bad password",
    "message": "Failed login for svc_backup from 45.142.212.100"
  },
  {
    "_time": "2024-01-01T05:53:32",
    "source": "WinEventLog:Security",
    "host": "SRV-WEB-01",
    "EventCode": 4625,
    "event_type": "failed_login",
    "attack_category": "login_failure_then_success",
    "user": "svc_backup",
    "src_ip": "45.142.212.100",
    "dest_host": "SRV-WEB-01",
    "domain": "CORP",
    "logon_type": 3,
    "failure_reason": "Bad password",
    "message": "Failed login for svc_backup from 45.142.212.100"
  },
  {
    "_time": "2024-01-01T05:53:43",
    "source": "WinEventLog:Security",
    "host": "SRV-WEB-01",
    "EventCode": 4625,
    "event_type": "failed_login",
    "attack_category": "login_failure_then_success",
    "user": "svc_backup",
    "src_ip": "45.142.212.100",
    "dest_host": "SRV-WEB-01",
    "domain": "CORP",
    "logon_type": 3,
    "failure_reason": "Bad password",
    "message": "Failed login for svc_backup from 45.142.212.100"
  },
  {
    "_time": "2024-01-01T05:54:02",
    "source": "WinEventLog:Security",
    "host": "SRV-WEB-01",
    "EventCode": 4625,
    "event_type": "failed_login",
    "attack_category": "login_failure_then_success",
    "user": "svc_backup",
    "src_ip": "45.142.212.100",
    "dest_host": "SRV-WEB-01",
    "domain": "ACME",
    "logon_type": 3,
    "failure_reason": "Bad password",
    "message": "Failed login for svc_backup from 45.142.212.100"
  },
  {
    "_time": "2024-01-01T05:54:21",
    "source": "WinEventLog:Security",
    "host": "SRV-WEB-01",
    "EventCode": 4625,
    "event_type": "failed_login",
    "attack_category": "login_failure_then_success",
    "user": "svc_backup",
    "src_ip": "45.142.212.100",
    "dest_host": "SRV-WEB-01",
    "domain": "ACME",
    "logon_type": 3,
    "failure_reason": "Bad password",
    "message": "Failed login for svc_backup from 45.142.212.100"
  },
  {
    "_time": "2024-01-01T05:54:31",
    "source": "WinEventLog:Security",
    "host": "SRV-WEB-01",
    "EventCode": 4625,
    "event_type": "failed_login",
    "attack_category": "login_failure_then_success",
    "user": "svc_backup",
    "src_ip": "45.142.212.100",
    "dest_host": "SRV-WEB-01",
    "domain": "CONTOSO",
    "logon_type": 3,
    "failure_reason": "Bad password",
    "message": "Failed login for svc_backup from 45.142.212.100"
  },
  {
    "_time": "2024-01-01T05:54:45",
    "source": "WinEventLog:Security",
    "host": "SRV-WEB-01",
    "EventCode": 4625,
    "event_type": "failed_login",
    "attack_category": "login_failure_then_success",
    "user": "svc_backup",
    "src_ip": "45.142.212.100",
    "dest_host": "SRV-WEB-01",
    "domain": "CONTOSO",
    "logon_type": 3,
    "failure_reason": "Bad password",
    "message": "Failed login for svc_backup from 45.142.212.100"
  },
  {
    "_time": "2024-01-01T05:54:50",
    "source": "WinEventLog:Security",
    "host": "SRV-WEB-01",
    "EventCode": 4624,
    "event_type": "successful_login",
    "attack_category": "login_failure_then_success",
    "user": "svc_backup",
    "src_ip": "45.142.212.100",
    "dest_host": "SRV-WEB-01",
    "domain": "CORP",
    "logon_type": 3,
    "message": "Successful login for svc_backup from 45.142.212.100 after failures"
  },
  {
    "_time": "2024-01-01T05:55:08",
    "source": "WinEventLog:Security",
    "host": "WS-IT-05",
    "EventCode": 4625,
    "event_type": "failed_login",
    "attack_category": "login_failure_then_success",
    "user": "clee",
    "src_ip": "194.165.16.78",
    "dest_host": "WS-IT-05",
    "domain": "CORP",
    "logon_type": 3,
    "failure_reason": "Bad password",
    "message": "Failed login for clee from 194.165.16.78"
  },
  {
    "_time": "2024-01-01T05:55:20",
    "source": "WinEventLog:Security",
    "host": "WS-IT-05",
    "EventCode": 4625,
    "event_type": "failed_login",
    "attack_category": "login_failure_then_success",
    "user": "clee",
    "src_ip": "194.165.16.78",
    "dest_host": "WS-IT-05",
    "domain": "CONTOSO",
    "logon_type": 3,
    "failure_reason": "Bad password",
    "message": "Failed login for clee from 194.165.16.78"
  },
  {
    "_time": "2024-01-01T05:55:25",
    "source": "WinEventLog:Security",
    "host": "WS-IT-05",
    "EventCode": 4625,
    "event_type": "failed_login",
    "attack_category": "login_failure_then_success",
    "user": "clee",
    "src_ip": "194.165.16.78",
    "dest_host": "WS-IT-05",
    "domain": "CORP",
    "logon_type": 3,
    "failure_reason": "Bad password",
    "message": "Failed login for clee from 194.165.16.78"
  },
  {
    "_time": "2024-01-01T05:55:32",
    "source": "WinEventLog:Security",
    "host": "WS-IT-05",
    "EventCode": 4625,
    "event_type": "failed_login",
    "attack_category": "login_failure_then_success",
    "user": "clee",
    "src_ip": "194.165.16.78",
    "dest_host": "WS-IT-05",
    "domain": "CONTOSO",
    "logon_type": 3,
    "failure_reason": "Bad password",
    "message": "Failed login for clee from 194.165.16.78"
  },
  {
    "_time": "2024-01-01T05:55:44",
    "source": "WinEventLog:Security",
    "host": "WS-IT-05",
    "EventCode": 4625,
    "event_type": "failed_login",
    "attack_category": "login_failure_then_success",
    "user": "clee",
    "src_ip": "194.165.16.78",
    "dest_host": "WS-IT-05",
    "domain": "CONTOSO",
    "logon_type": 3,
    "failure_reason": "Bad password",
    "message": "Failed login for clee from 194.165.16.78"
  },
  {
    "_time": "2024-01-01T05:55:49",
    "source": "WinEventLog:Security",
    "host": "WS-IT-05",
    "EventCode": 4624,
    "event_type": "successful_login",
    "attack_category": "login_failure_then_success",
    "user": "clee",
    "src_ip": "194.165.16.78",
    "dest_host": "WS-IT-05",
    "domain": "CORP",
    "logon_type": 3,
    "message": "Successful login for clee from 194.165.16.78 after failures"
  },
  {
    "_time": "2024-01-01T05:56:03",
    "source": "WinEventLog:Security",
    "host": "SRV-SQL-01",
    "EventCode": 4625,
    "event_type": "failed_login",
    "attack_category": "login_failure_then_success",
    "user": "clee",
    "src_ip": "45.142.212.100",
    "dest_host": "SRV-SQL-01",
    "domain": "CONTOSO",
    "logon_type": 3,
    "failure_reason": "Bad password",
    "message": "Failed login for clee from 45.142.212.100"
  },
  {
    "_time": "2024-01-01T05:56:09",
    "source": "WinEventLog:Security",
    "host": "SRV-SQL-01",
    "EventCode": 4625,
    "event_type": "failed_login",
    "attack_category": "login_failure_then_success",
    "user": "clee",
    "src_ip": "45.142.212.100",
    "dest_host": "SRV-SQL-01",
    "domain": "CONTOSO",
    "logon_type": 3,
    "failure_reason": "Bad password",
    "message": "Failed login for clee from 45.142.212.100"
  },
  {
    "_time": "2024-01-01T05:56:26",
    "source": "WinEventLog:Security",
    "host": "SRV-SQL-01",
    "EventCode": 4625,
    "event_type": "failed_login",
    "attack_category": "login_failure_then_success",
    "user": "clee",
    "src_ip": "45.142.212.100",
    "dest_host": "SRV-SQL-01",
    "domain": "CONTOSO",
    "logon_type": 3,
    "failure_reason": "Bad password",
    "message": "Failed login for clee from 45.142.212.100"
  },
  {
    "_time": "2024-01-01T05:56:31",
    "source": "WinEventLog:Security",
    "host": "SRV-SQL-01",
    "EventCode": 4625,
    "event_type": "failed_login",
    "attack_category": "login_failure_then_success",
    "user": "clee",
    "src_ip": "45.142.212.100",
    "dest_host": "SRV-SQL-01",
    "domain": "CONTOSO",
    "logon_type": 3,
    "failure_reason": "Bad password",
    "message": "Failed login for clee from 45.142.212.100"
  },
  {
    "_time": "2024-01-01T05:56:35",
    "source": "WinEventLog:Security",
    "host": "SRV-SQL-01",
    "EventCode": 4625,
    "event_type": "failed_login",
    "attack_category": "login_failure_then_success",
    "user": "clee",
    "src_ip": "45.142.212.100",
    "dest_host": "SRV-SQL-01",
    "domain": "ACME",
    "logon_type": 3,
    "failure_reason": "Bad password",
    "message": "Failed login for clee from 45.142.212.100"
  },
  {
    "_time": "2024-01-01T05:56:41",
    "source": "WinEventLog:Security",
    "host": "SRV-SQL-01",
    "EventCode": 4625,
    "event_type": "failed_login",
    "attack_category": "login_failure_then_success",
    "user": "clee",
    "src_ip": "45.142.212.100",
    "dest_host": "SRV-SQL-01",
    "domain": "CORP",
    "logon_type": 3,
    "failure_reason": "Bad password",
    "message": "Failed login for clee from 45.142.212.100"
  },
  {
    "_time": "2024-01-01T05:56:54",
    "source": "WinEventLog:Security",
    "host": "SRV-SQL-01",
    "EventCode": 4625,
    "event_type": "failed_login",
    "attack_category": "login_failure_then_success",
    "user": "clee",
    "src_ip": "45.142.212.100",
    "dest_host": "SRV-SQL-01",
    "domain": "ACME",
    "logon_type": 3,
    "failure_reason": "Bad password",
    "message": "Failed login for clee from 45.142.212.100"
  },
  {
    "_time": "2024-01-01T05:57:00",
    "source": "WinEventLog:Security",
    "host": "SRV-SQL-01",
    "EventCode": 4625,
    "event_type": "failed_login",
    "attack_category": "login_failure_then_success",
    "user": "clee",
    "src_ip": "45.142.212.100",
    "dest_host": "SRV-SQL-01",
    "domain": "ACME",
    "logon_type": 3,
    "failure_reason": "Bad password",
    "message": "Failed login for clee from 45.142.212.100"
  },
  {
    "_time": "2024-01-01T05:57:05",
    "source": "WinEventLog:Security",
    "host": "SRV-SQL-01",
    "EventCode": 4624,
    "event_type": "successful_login",
    "attack_category": "login_failure_then_success",
    "user": "clee",
    "src_ip": "45.142.212.100",
    "dest_host": "SRV-SQL-01",
    "domain": "CORP",
    "logon_type": 3,
    "message": "Successful login for clee from 45.142.212.100 after failures"
  },
  {
    "_time": "2024-01-01T05:57:24",
    "source": "WinEventLog:Security",
    "host": "SRV-WEB-01",
    "EventCode": 4625,
    "event_type": "failed_login",
    "attack_category": "login_failure_then_success",
    "user": "svc_backup",
    "src_ip": "194.165.16.78",
    "dest_host": "SRV-WEB-01",
    "domain": "CORP",
    "logon_type": 3,
    "failure_reason": "Bad password",
    "message": "Failed login for svc_backup from 194.165.16.78"
  },
  {
    "_time": "2024-01-01T05:57:44",
    "source": "WinEventLog:Security",
    "host": "SRV-WEB-01",
    "EventCode": 4625,
    "event_type": "failed_login",
    "attack_category": "login_failure_then_success",
    "user": "svc_backup",
    "src_ip": "194.165.16.78",
    "dest_host": "SRV-WEB-01",
    "domain": "CORP",
    "logon_type": 3,
    "failure_reason": "Bad password",
    "message": "Failed login for svc_backup from 194.165.16.78"
  },
  {
    "_time": "2024-01-01T05:57:57",
    "source": "WinEventLog:Security",
    "host": "SRV-WEB-01",
    "EventCode": 4625,
    "event_type": "failed_login",
    "attack_category": "login_failure_then_success",
    "user": "svc_backup",
    "src_ip": "194.165.16.78",
    "dest_host": "SRV-WEB-01",
    "domain": "ACME",
    "logon_type": 3,
    "failure_reason": "Bad password",
    "message": "Failed login for svc_backup from 194.165.16.78"
  },
  {
    "_time": "2024-01-01T05:58:13",
    "source": "WinEventLog:Security",
    "host": "SRV-WEB-01",
    "EventCode": 4625,
    "event_type": "failed_login",
    "attack_category": "login_failure_then_success",
    "user": "svc_backup",
    "src_ip": "194.165.16.78",
    "dest_host": "SRV-WEB-01",
    "domain": "CONTOSO",
    "logon_type": 3,
    "failure_reason": "Bad password",
    "message": "Failed login for svc_backup from 194.165.16.78"
  },
  {
    "_time": "2024-01-01T05:58:23",
    "source": "WinEventLog:Security",
    "host": "SRV-WEB-01",
    "EventCode": 4625,
    "event_type": "failed_login",
    "attack_category": "login_failure_then_success",
    "user": "svc_backup",
    "src_ip": "194.165.16.78",
    "dest_host": "SRV-WEB-01",
    "domain": "CONTOSO",
    "logon_type": 3,
    "failure_reason": "Bad password",
    "message": "Failed login for svc_backup from 194.165.16.78"
  },
  {
    "_time": "2024-01-01T05:58:31",
    "source": "WinEventLog:Security",
    "host": "SRV-WEB-01",
    "EventCode": 4625,
    "event_type": "failed_login",
    "attack_category": "login_failure_then_success",
    "user": "svc_backup",
    "src_ip": "194.165.16.78",
    "dest_host": "SRV-WEB-01",
    "domain": "CORP",
    "logon_type": 3,
    "failure_reason": "Bad password",
    "message": "Failed login for svc_backup from 194.165.16.78"
  },
  {
    "_time": "2024-01-01T05:58:36",
    "source": "WinEventLog:Security",
    "host": "SRV-WEB-01",
    "EventCode": 4624,
    "event_type": "successful_login",
    "attack_category": "login_failure_then_success",
    "user": "svc_backup",
    "src_ip": "194.165.16.78",
    "dest_host": "SRV-WEB-01",
    "domain": "CORP",
    "logon_type": 3,
    "message": "Successful login for svc_backup from 194.165.16.78 after failures"
  },
  {
    "_time": "2024-01-01T06:02:47",
    "source": "WinEventLog:Security",
    "host": "SRV-WEB-01",
    "EventCode": 4624,
    "event_type": "successful_login",
    "attack_category": "normal",
    "user": "bmartin",
    "src_ip": "10.0.0.5",
    "dest_host": "SRV-WEB-01",
    "domain": "CORP",
    "logon_type": 10,
    "message": "Normal login: bmartin from 10.0.0.5"
  },
  {
    "_time": "2024-01-01T06:04:58",
    "source": "WinEventLog:Security",
    "host": "DC-01",
    "EventCode": 4624,
    "event_type": "successful_login",
    "attack_category": "normal",
    "user": "clee",
    "src_ip": "192.168.1.101",
    "dest_host": "DC-01",
    "domain": "CORP",
    "logon_type": 3,
    "message": "Normal login: clee from 192.168.1.101"
  },
  {
    "_time": "2024-01-01T06:05:30",
    "source": "WinEventLog:Security",
    "host": "WS-IT-05",
    "EventCode": 4624,
    "event_type": "successful_login",
    "attack_category": "normal",
    "user": "rjohnson",
    "src_ip": "10.0.1.12",
    "dest_host": "WS-IT-05",
    "domain": "CORP",
    "logon_type": 10,
    "message": "Normal login: rjohnson from 10.0.1.12"
  },
  {
    "_time": "2024-01-01T06:06:32",
    "source": "WinEventLog:Security",
    "host": "LAPTOP-EXEC-03",
    "EventCode": 4624,
    "event_type": "successful_login",
    "attack_category": "normal",
    "user": "pclark",
    "src_ip": "10.0.0.5",
    "dest_host": "LAPTOP-EXEC-03",
    "domain": "CORP",
    "logon_type": 10,
    "message": "Normal login: pclark from 10.0.0.5"
  },
  {
    "_time": "2024-01-01T06:08:37",
    "source": "WinEventLog:Security",
    "host": "WS-HR-02",
    "EventCode": 4624,
    "event_type": "successful_login",
    "attack_category": "normal",
    "user": "lwhite",
    "src_ip": "10.0.2.34",
    "dest_host": "WS-HR-02",
    "domain": "CORP",
    "logon_type": 3,
    "message": "Normal login: lwhite from 10.0.2.34"
  },
  {
    "_time": "2024-01-01T06:10:05",
    "source": "WinEventLog:Security",
    "host": "SRV-SQL-01",
    "EventCode": 4624,
    "event_type": "successful_login",
    "attack_category": "normal",
    "user": "kthomas",
    "src_ip": "192.168.1.50",
    "dest_host": "SRV-SQL-01",
    "domain": "CORP",
    "logon_type": 10,
    "message": "Normal login: kthomas from 192.168.1.50"
  },
  {
    "_time": "2024-01-01T06:13:15",
    "source": "WinEventLog:Security",
    "host": "SRV-SQL-01",
    "EventCode": 4624,
    "event_type": "successful_login",
    "attack_category": "normal",
    "user": "pclark",
    "src_ip": "192.168.1.50",
    "dest_host": "SRV-SQL-01",
    "domain": "CORP",
    "logon_type": 3,
    "message": "Normal login: pclark from 192.168.1.50"
  },
  {
    "_time": "2024-01-01T06:14:43",
    "source": "WinEventLog:Security",
    "host": "LAPTOP-EXEC-03",
    "EventCode": 4624,
    "event_type": "successful_login",
    "attack_category": "normal",
    "user": "lwhite",
    "src_ip": "10.0.2.34",
    "dest_host": "LAPTOP-EXEC-03",
    "domain": "CORP",
    "logon_type": 3,
    "message": "Normal login: lwhite from 10.0.2.34"
  },
  {
    "_time": "2024-01-01T06:16:41",
    "source": "WinEventLog:Security",
    "host": "SRV-SQL-01",
    "EventCode": 4624,
    "event_type": "successful_login",
    "attack_category": "normal",
    "user": "kthomas",
    "src_ip": "192.168.1.101",
    "dest_host": "SRV-SQL-01",
    "domain": "CORP",
    "logon_type": 2,
    "message": "Normal login: kthomas from 192.168.1.101"
  },
  {
    "_time": "2024-01-01T06:18:19",
    "source": "WinEventLog:Security",
    "host": "WS-HR-02",
    "EventCode": 4624,
    "event_type": "successful_login",
    "attack_category": "normal",
    "user": "lwhite",
    "src_ip": "10.0.0.5",
    "dest_host": "WS-HR-02",
    "domain": "CORP",
    "logon_type": 3,
    "message": "Normal login: lwhite from 10.0.0.5"
  },
