  {
    "_time": "2024-01-01T06:19:48",
    "source": "WinEventLog:Security",
    "host": "SRV-WEB-01",
    "EventCode": 4624,
    "event_type": "successful_login",
    "attack_category": "normal",
    "user": "mwilson",
    "src_ip": "10.0.2.34",
    "dest_host": "SRV-WEB-01",
    "domain": "CORP",
    "logon_type": 2,
    "message": "Normal login: mwilson from 10.0.2.34"
  },
  {
    "_time": "2024-01-01T06:24:39",
    "source": "WinEventLog:Security",
    "host": "SRV-SQL-01",
    "EventCode": 4624,
    "event_type": "successful_login",
    "attack_category": "normal",
    "user": "bmartin",
    "src_ip": "192.168.1.50",
    "dest_host": "SRV-SQL-01",
    "domain": "CORP",
    "logon_type": 2,
    "message": "Normal login: bmartin from 192.168.1.50"
  },
  {
    "_time": "2024-01-01T06:28:25",
    "source": "WinEventLog:Security",
    "host": "DC-01",
    "EventCode": 4624,
    "event_type": "successful_login",
    "attack_category": "normal",
    "user": "bmartin",
    "src_ip": "10.0.1.12",
    "dest_host": "DC-01",
    "domain": "CORP",
    "logon_type": 10,
    "message": "Normal login: bmartin from 10.0.1.12"
  },
  {
    "_time": "2024-01-01T06:30:23",
    "source": "WinEventLog:Security",
    "host": "DC-01",
    "EventCode": 4624,
    "event_type": "successful_login",
    "attack_category": "normal",
    "user": "njones",
    "src_ip": "10.0.1.12",
    "dest_host": "DC-01",
    "domain": "CORP",
    "logon_type": 3,
    "message": "Normal login: njones from 10.0.1.12"
  },
  {
    "_time": "2024-01-01T06:32:04",
    "source": "WinEventLog:Security",
    "host": "LAPTOP-EXEC-03",
    "EventCode": 4624,
    "event_type": "successful_login",
    "attack_category": "normal",
    "user": "mwilson",
    "src_ip": "10.0.2.34",
    "dest_host": "LAPTOP-EXEC-03",
    "domain": "CORP",
    "logon_type": 3,
    "message": "Normal login: mwilson from 10.0.2.34"
  },
  {
    "_time": "2024-01-01T06:33:01",
    "source": "WinEventLog:Security",
    "host": "DC-01",
    "EventCode": 4624,
    "event_type": "successful_login",
    "attack_category": "normal",
    "user": "lwhite",
    "src_ip": "10.0.0.5",
    "dest_host": "DC-01",
    "domain": "CORP",
    "logon_type": 2,
    "message": "Normal login: lwhite from 10.0.0.5"
  },
  {
    "_time": "2024-01-01T06:35:10",
    "source": "WinEventLog:Security",
    "host": "SRV-SQL-01",
    "EventCode": 4624,
    "event_type": "successful_login",
    "attack_category": "normal",
    "user": "bmartin",
    "src_ip": "192.168.1.101",
    "dest_host": "SRV-SQL-01",
    "domain": "CORP",
    "logon_type": 10,
    "message": "Normal login: bmartin from 192.168.1.101"
  },
  {
    "_time": "2024-01-01T06:39:53",
    "source": "WinEventLog:Security",
    "host": "DC-01",
    "EventCode": 4624,
    "event_type": "successful_login",
    "attack_category": "normal",
    "user": "bmartin",
    "src_ip": "192.168.1.50",
    "dest_host": "DC-01",
    "domain": "CORP",
    "logon_type": 10,
    "message": "Normal login: bmartin from 192.168.1.50"
  },
  {
    "_time": "2024-01-01T06:44:10",
    "source": "WinEventLog:Security",
    "host": "WS-FINANCE-01",
    "EventCode": 4624,
    "event_type": "successful_login",
    "attack_category": "normal",
    "user": "clee",
    "src_ip": "10.0.1.12",
    "dest_host": "WS-FINANCE-01",
    "domain": "CORP",
    "logon_type": 10,
    "message": "Normal login: clee from 10.0.1.12"
  },
  {
    "_time": "2024-01-01T06:44:55",
    "source": "WinEventLog:Security",
    "host": "WS-FINANCE-01",
    "EventCode": 4624,
    "event_type": "successful_login",
    "attack_category": "normal",
    "user": "rjohnson",
    "src_ip": "10.0.2.34",
    "dest_host": "WS-FINANCE-01",
    "domain": "CORP",
    "logon_type": 3,
    "message": "Normal login: rjohnson from 10.0.2.34"
  },
  {
    "_time": "2024-01-01T06:47:20",
    "source": "WinEventLog:Security",
    "host": "WS-HR-02",
    "EventCode": 4624,
    "event_type": "successful_login",
    "attack_category": "normal",
    "user": "njones",
    "src_ip": "10.0.2.34",
    "dest_host": "WS-HR-02",
    "domain": "CORP",
    "logon_type": 3,
    "message": "Normal login: njones from 10.0.2.34"
  },
  {
    "_time": "2024-01-01T06:52:03",
    "source": "WinEventLog:Security",
    "host": "WS-FINANCE-01",
    "EventCode": 4624,
    "event_type": "successful_login",
    "attack_category": "normal",
    "user": "njones",
    "src_ip": "192.168.1.101",
    "dest_host": "WS-FINANCE-01",
    "domain": "CORP",
    "logon_type": 10,
    "message": "Normal login: njones from 192.168.1.101"
  },
  {
    "_time": "2024-01-01T06:53:31",
    "source": "WinEventLog:Security",
    "host": "LAPTOP-EXEC-03",
    "EventCode": 4624,
    "event_type": "successful_login",
    "attack_category": "normal",
    "user": "kthomas",
    "src_ip": "192.168.1.101",
    "dest_host": "LAPTOP-EXEC-03",
    "domain": "CORP",
    "logon_type": 3,
    "message": "Normal login: kthomas from 192.168.1.101"
  },
  {
    "_time": "2024-01-01T06:54:22",
    "source": "WinEventLog:Security",
    "host": "WS-HR-02",
    "EventCode": 4624,
    "event_type": "successful_login",
    "attack_category": "normal",
    "user": "clee",
    "src_ip": "192.168.1.101",
    "dest_host": "WS-HR-02",
    "domain": "CORP",
    "logon_type": 3,
    "message": "Normal login: clee from 192.168.1.101"
  },
  {
    "_time": "2024-01-01T06:55:44",
    "source": "WinEventLog:Security",
    "host": "LAPTOP-EXEC-03",
    "EventCode": 4624,
    "event_type": "successful_login",
    "attack_category": "normal",
    "user": "rjohnson",
    "src_ip": "10.0.2.34",
    "dest_host": "LAPTOP-EXEC-03",
    "domain": "CORP",
    "logon_type": 2,
    "message": "Normal login: rjohnson from 10.0.2.34"
  },
  {
    "_time": "2024-01-01T07:00:04",
    "source": "WinEventLog:Security",
    "host": "LAPTOP-EXEC-03",
    "EventCode": 4624,
    "event_type": "successful_login",
    "attack_category": "normal",
    "user": "kthomas",
    "src_ip": "10.0.2.34",
    "dest_host": "LAPTOP-EXEC-03",
    "domain": "CORP",
    "logon_type": 2,
    "message": "Normal login: kthomas from 10.0.2.34"
  },
  {
    "_time": "2024-01-01T07:04:18",
    "source": "WinEventLog:Security",
    "host": "WS-HR-02",
    "EventCode": 4624,
    "event_type": "successful_login",
    "attack_category": "normal",
    "user": "adavis",
    "src_ip": "10.0.1.12",
    "dest_host": "WS-HR-02",
    "domain": "CORP",
    "logon_type": 10,
    "message": "Normal login: adavis from 10.0.1.12"
  },
  {
    "_time": "2024-01-01T07:07:47",
    "source": "WinEventLog:Security",
    "host": "WS-HR-02",
    "EventCode": 4624,
    "event_type": "successful_login",
    "attack_category": "normal",
    "user": "pclark",
    "src_ip": "192.168.1.50",
    "dest_host": "WS-HR-02",
    "domain": "CORP",
    "logon_type": 10,
    "message": "Normal login: pclark from 192.168.1.50"
  },
  {
    "_time": "2024-01-01T07:09:28",
    "source": "WinEventLog:Security",
    "host": "LAPTOP-EXEC-03",
    "EventCode": 4624,
    "event_type": "successful_login",
    "attack_category": "normal",
    "user": "rjohnson",
    "src_ip": "10.0.1.12",
    "dest_host": "LAPTOP-EXEC-03",
    "domain": "CORP",
    "logon_type": 2,
    "message": "Normal login: rjohnson from 10.0.1.12"
  },
  {
    "_time": "2024-01-01T07:12:57",
    "source": "WinEventLog:Security",
    "host": "SRV-SQL-01",
    "EventCode": 4624,
    "event_type": "successful_login",
    "attack_category": "normal",
    "user": "njones",
    "src_ip": "10.0.2.34",
    "dest_host": "SRV-SQL-01",
    "domain": "CORP",
    "logon_type": 10,
    "message": "Normal login: njones from 10.0.2.34"
  },
  {
    "_time": "2024-01-01T07:14:53",
    "source": "WinEventLog:Security",
    "host": "WS-IT-05",
    "EventCode": 4624,
    "event_type": "successful_login",
    "attack_category": "normal",
    "user": "lwhite",
    "src_ip": "10.0.2.34",
    "dest_host": "WS-IT-05",
    "domain": "CORP",
    "logon_type": 10,
    "message": "Normal login: lwhite from 10.0.2.34"
  },
  {
    "_time": "2024-01-01T07:17:39",
    "source": "WinEventLog:Security",
    "host": "WS-HR-02",
    "EventCode": 4624,
    "event_type": "successful_login",
    "attack_category": "normal",
    "user": "njones",
    "src_ip": "10.0.0.5",
    "dest_host": "WS-HR-02",
    "domain": "CORP",
    "logon_type": 3,
    "message": "Normal login: njones from 10.0.0.5"
  },
  {
    "_time": "2024-01-01T07:18:39",
    "source": "WinEventLog:Security",
    "host": "SRV-WEB-01",
    "EventCode": 4624,
    "event_type": "successful_login",
    "attack_category": "normal",
    "user": "kthomas",
    "src_ip": "10.0.1.12",
    "dest_host": "SRV-WEB-01",
    "domain": "CORP",
    "logon_type": 2,
    "message": "Normal login: kthomas from 10.0.1.12"
  },
  {
    "_time": "2024-01-01T07:21:16",
    "source": "WinEventLog:Security",
    "host": "LAPTOP-EXEC-03",
    "EventCode": 4624,
    "event_type": "successful_login",
    "attack_category": "normal",
    "user": "mwilson",
    "src_ip": "10.0.2.34",
    "dest_host": "LAPTOP-EXEC-03",
    "domain": "CORP",
    "logon_type": 2,
    "message": "Normal login: mwilson from 10.0.2.34"
  },
  {
    "_time": "2024-01-01T07:25:07",
    "source": "WinEventLog:Security",
    "host": "SRV-SQL-01",
    "EventCode": 4624,
    "event_type": "successful_login",
    "attack_category": "normal",
    "user": "clee",
    "src_ip": "10.0.1.12",
    "dest_host": "SRV-SQL-01",
    "domain": "CORP",
    "logon_type": 10,
    "message": "Normal login: clee from 10.0.1.12"
  },
  {
    "_time": "2024-01-01T07:27:54",
    "source": "WinEventLog:Security",
    "host": "DC-01",
    "EventCode": 4624,
    "event_type": "successful_login",
    "attack_category": "normal",
    "user": "bmartin",
    "src_ip": "192.168.1.50",
    "dest_host": "DC-01",
    "domain": "CORP",
    "logon_type": 2,
    "message": "Normal login: bmartin from 192.168.1.50"
  },
  {
    "_time": "2024-01-01T07:29:11",
    "source": "WinEventLog:Security",
    "host": "SRV-WEB-01",
    "EventCode": 4624,
    "event_type": "successful_login",
    "attack_category": "normal",
    "user": "bmartin",
    "src_ip": "192.168.1.101",
    "dest_host": "SRV-WEB-01",
    "domain": "CORP",
    "logon_type": 3,
    "message": "Normal login: bmartin from 192.168.1.101"
  },
  {
    "_time": "2024-01-01T07:32:49",
    "source": "WinEventLog:Security",
    "host": "WS-IT-05",
    "EventCode": 4624,
    "event_type": "successful_login",
    "attack_category": "normal",
    "user": "clee",
    "src_ip": "192.168.1.50",
    "dest_host": "WS-IT-05",
    "domain": "CORP",
    "logon_type": 10,
    "message": "Normal login: clee from 192.168.1.50"
  },
  {
    "_time": "2024-01-01T07:33:20",
    "source": "WinEventLog:Security",
    "host": "SRV-WEB-01",
    "EventCode": 4624,
    "event_type": "successful_login",
    "attack_category": "normal",
    "user": "adavis",
    "src_ip": "192.168.1.50",
    "dest_host": "SRV-WEB-01",
    "domain": "CORP",
    "logon_type": 10,
    "message": "Normal login: adavis from 192.168.1.50"
  },
  {
    "_time": "2024-01-01T07:36:53",
    "source": "WinEventLog:Security",
    "host": "DC-01",
    "EventCode": 4624,
    "event_type": "successful_login",
    "attack_category": "normal",
    "user": "adavis",
    "src_ip": "192.168.1.101",
    "dest_host": "DC-01",
    "domain": "CORP",
    "logon_type": 2,
    "message": "Normal login: adavis from 192.168.1.101"
  },
  {
    "_time": "2024-01-01T07:41:02",
    "source": "WinEventLog:Security",
    "host": "WS-IT-05",
    "EventCode": 4624,
    "event_type": "successful_login",
    "attack_category": "normal",
    "user": "rjohnson",
    "src_ip": "192.168.1.50",
    "dest_host": "WS-IT-05",
    "domain": "CORP",
    "logon_type": 3,
    "message": "Normal login: rjohnson from 192.168.1.50"
  },
  {
    "_time": "2024-01-01T07:43:57",
    "source": "WinEventLog:Security",
    "host": "SRV-SQL-01",
    "EventCode": 4624,
    "event_type": "successful_login",
    "attack_category": "normal",
    "user": "lwhite",
    "src_ip": "192.168.1.101",
    "dest_host": "SRV-SQL-01",
    "domain": "CORP",
    "logon_type": 2,
    "message": "Normal login: lwhite from 192.168.1.101"
  },
  {
    "_time": "2024-01-01T07:48:35",
    "source": "WinEventLog:Security",
    "host": "WS-FINANCE-01",
    "EventCode": 4624,
    "event_type": "successful_login",
    "attack_category": "normal",
    "user": "lwhite",
    "src_ip": "10.0.0.5",
    "dest_host": "WS-FINANCE-01",
    "domain": "CORP",
    "logon_type": 2,
    "message": "Normal login: lwhite from 10.0.0.5"
  },
  {
    "_time": "2024-01-01T07:53:00",
    "source": "WinEventLog:Security",
    "host": "LAPTOP-EXEC-03",
    "EventCode": 4624,
    "event_type": "successful_login",
    "attack_category": "normal",
    "user": "jsmith",
    "src_ip": "10.0.0.5",
    "dest_host": "LAPTOP-EXEC-03",
    "domain": "CORP",
    "logon_type": 2,
    "message": "Normal login: jsmith from 10.0.0.5"
  },
  {
    "_time": "2024-01-01T07:57:15",
    "source": "WinEventLog:Security",
    "host": "DC-01",
    "EventCode": 4624,
    "event_type": "successful_login",
    "attack_category": "normal",
    "user": "clee",
    "src_ip": "10.0.0.5",
    "dest_host": "DC-01",
    "domain": "CORP",
    "logon_type": 2,
    "message": "Normal login: clee from 10.0.0.5"
  },
  {
    "_time": "2024-01-01T07:58:52",
    "source": "WinEventLog:Security",
    "host": "LAPTOP-EXEC-03",
    "EventCode": 4624,
    "event_type": "successful_login",
    "attack_category": "normal",
    "user": "kthomas",
    "src_ip": "10.0.1.12",
    "dest_host": "LAPTOP-EXEC-03",
    "domain": "CORP",
    "logon_type": 3,
    "message": "Normal login: kthomas from 10.0.1.12"
  },
  {
    "_time": "2024-01-01T08:00:09",
    "source": "WinEventLog:Security",
    "host": "WS-FINANCE-01",
    "EventCode": 4624,
    "event_type": "successful_login",
    "attack_category": "normal",
    "user": "lwhite",
    "src_ip": "10.0.2.34",
    "dest_host": "WS-FINANCE-01",
    "domain": "CORP",
    "logon_type": 3,
    "message": "Normal login: lwhite from 10.0.2.34"
  },
  {
    "_time": "2024-01-01T08:02:03",
    "source": "WinEventLog:Security",
    "host": "SRV-WEB-01",
    "EventCode": 4624,
    "event_type": "successful_login",
    "attack_category": "normal",
    "user": "jsmith",
    "src_ip": "192.168.1.50",
    "dest_host": "SRV-WEB-01",
    "domain": "CORP",
    "logon_type": 3,
    "message": "Normal login: jsmith from 192.168.1.50"
  },
  {
    "_time": "2024-01-01T08:04:32",
    "source": "WinEventLog:Security",
    "host": "SRV-WEB-01",
    "EventCode": 4624,
    "event_type": "successful_login",
    "attack_category": "normal",
    "user": "bmartin",
    "src_ip": "10.0.0.5",
    "dest_host": "SRV-WEB-01",
    "domain": "CORP",
    "logon_type": 2,
    "message": "Normal login: bmartin from 10.0.0.5"
  },
  {
    "_time": "2024-01-01T08:05:02",
    "source": "WinEventLog:Security",
    "host": "WS-FINANCE-01",
    "EventCode": 4624,
    "event_type": "successful_login",
    "attack_category": "normal",
    "user": "rjohnson",
    "src_ip": "192.168.1.50",
    "dest_host": "WS-FINANCE-01",
    "domain": "CORP",
    "logon_type": 2,
    "message": "Normal login: rjohnson from 192.168.1.50"
  },
  {
    "_time": "2024-01-01T08:07:27",
    "source": "WinEventLog:Security",
    "host": "WS-FINANCE-01",
    "EventCode": 4624,
    "event_type": "successful_login",
    "attack_category": "normal",
    "user": "njones",
    "src_ip": "192.168.1.50",
    "dest_host": "WS-FINANCE-01",
    "domain": "CORP",
    "logon_type": 2,
    "message": "Normal login: njones from 192.168.1.50"
  },
  {
    "_time": "2024-01-01T08:10:52",
    "source": "WinEventLog:Security",
    "host": "SRV-WEB-01",
    "EventCode": 4624,
    "event_type": "successful_login",
    "attack_category": "normal",
    "user": "adavis",
    "src_ip": "192.168.1.50",
    "dest_host": "SRV-WEB-01",
    "domain": "CORP",
    "logon_type": 2,
    "message": "Normal login: adavis from 192.168.1.50"
  },
  {
    "_time": "2024-01-01T08:15:26",
    "source": "WinEventLog:Security",
    "host": "DC-01",
    "EventCode": 4624,
    "event_type": "successful_login",
    "attack_category": "normal",
    "user": "adavis",
    "src_ip": "10.0.1.12",
    "dest_host": "DC-01",
    "domain": "CORP",
    "logon_type": 2,
    "message": "Normal login: adavis from 10.0.1.12"
  },
  {
    "_time": "2024-01-01T08:16:48",
    "source": "WinEventLog:Security",
    "host": "WS-IT-05",
    "EventCode": 4624,
    "event_type": "successful_login",
    "attack_category": "normal",
    "user": "adavis",
    "src_ip": "10.0.2.34",
    "dest_host": "WS-IT-05",
    "domain": "CORP",
    "logon_type": 3,
    "message": "Normal login: adavis from 10.0.2.34"
  },
  {
    "_time": "2024-01-01T08:18:28",
    "source": "WinEventLog:Security",
    "host": "SRV-WEB-01",
    "EventCode": 4624,
    "event_type": "successful_login",
    "attack_category": "normal",
    "user": "bmartin",
    "src_ip": "10.0.1.12",
    "dest_host": "SRV-WEB-01",
    "domain": "CORP",
    "logon_type": 10,
    "message": "Normal login: bmartin from 10.0.1.12"
  },
  {
    "_time": "2024-01-01T08:20:11",
    "source": "WinEventLog:Security",
    "host": "SRV-SQL-01",
    "EventCode": 4624,
    "event_type": "successful_login",
    "attack_category": "normal",
    "user": "adavis",
    "src_ip": "192.168.1.101",
    "dest_host": "SRV-SQL-01",
    "domain": "CORP",
    "logon_type": 2,
    "message": "Normal login: adavis from 192.168.1.101"
  },
  {
    "_time": "2024-01-01T08:22:05",
    "source": "WinEventLog:Security",
    "host": "SRV-WEB-01",
    "EventCode": 4624,
    "event_type": "successful_login",
    "attack_category": "normal",
    "user": "clee",
    "src_ip": "10.0.2.34",
    "dest_host": "SRV-WEB-01",
    "domain": "CORP",
    "logon_type": 2,
    "message": "Normal login: clee from 10.0.2.34"
  },
  {
    "_time": "2024-01-01T08:23:52",
    "source": "WinEventLog:Security",
    "host": "SRV-WEB-01",
    "EventCode": 4624,
    "event_type": "successful_login",
    "attack_category": "normal",
    "user": "bmartin",
    "src_ip": "192.168.1.101",
    "dest_host": "SRV-WEB-01",
    "domain": "CORP",
    "logon_type": 3,
    "message": "Normal login: bmartin from 192.168.1.101"
  },
  {
    "_time": "2024-01-01T08:26:13",
    "source": "WinEventLog:Security",
    "host": "WS-HR-02",
    "EventCode": 4624,
    "event_type": "successful_login",
    "attack_category": "normal",
    "user": "adavis",
    "src_ip": "10.0.0.5",
    "dest_host": "WS-HR-02",
    "domain": "CORP",
    "logon_type": 2,
    "message": "Normal login: adavis from 10.0.0.5"
  },
  {
    "_time": "2024-01-01T08:29:59",
    "source": "WinEventLog:Security",
    "host": "WS-IT-05",
    "EventCode": 4624,
    "event_type": "successful_login",
    "attack_category": "normal",
    "user": "lwhite",
    "src_ip": "192.168.1.50",
    "dest_host": "WS-IT-05",
    "domain": "CORP",
    "logon_type": 2,
    "message": "Normal login: lwhite from 192.168.1.50"
  },
  {
    "_time": "2024-01-01T08:32:35",
    "source": "WinEventLog:Security",
    "host": "WS-HR-02",
    "EventCode": 4624,
    "event_type": "successful_login",
    "attack_category": "normal",
    "user": "kthomas",
    "src_ip": "10.0.0.5",
    "dest_host": "WS-HR-02",
    "domain": "CORP",
    "logon_type": 10,
    "message": "Normal login: kthomas from 10.0.0.5"
  },
  {
    "_time": "2024-01-01T08:35:30",
    "source": "WinEventLog:Security",
    "host": "WS-HR-02",
    "EventCode": 4624,
    "event_type": "successful_login",
    "attack_category": "normal",
    "user": "jsmith",
    "src_ip": "10.0.2.34",
    "dest_host": "WS-HR-02",
    "domain": "CORP",
    "logon_type": 10,
    "message": "Normal login: jsmith from 10.0.2.34"
  },
  {
    "_time": "2024-01-01T08:40:20",
    "source": "WinEventLog:Security",
    "host": "WS-IT-05",
    "EventCode": 4624,
    "event_type": "successful_login",
    "attack_category": "normal",
    "user": "rjohnson",
    "src_ip": "192.168.1.50",
    "dest_host": "WS-IT-05",
    "domain": "CORP",
    "logon_type": 10,
    "message": "Normal login: rjohnson from 192.168.1.50"
  },
  {
    "_time": "2024-01-01T08:41:17",
    "source": "WinEventLog:Security",
    "host": "DC-01",
    "EventCode": 4624,
    "event_type": "successful_login",
    "attack_category": "normal",
    "user": "rjohnson",
    "src_ip": "192.168.1.50",
    "dest_host": "DC-01",
    "domain": "CORP",
    "logon_type": 2,
    "message": "Normal login: rjohnson from 192.168.1.50"
  },
  {
    "_time": "2024-01-01T08:43:50",
    "source": "WinEventLog:Security",
    "host": "WS-FINANCE-01",
    "EventCode": 4624,
    "event_type": "successful_login",
    "attack_category": "normal",
    "user": "clee",
    "src_ip": "192.168.1.101",
    "dest_host": "WS-FINANCE-01",
    "domain": "CORP",
    "logon_type": 10,
    "message": "Normal login: clee from 192.168.1.101"
  },
  {
    "_time": "2024-01-01T08:44:26",
    "source": "WinEventLog:Security",
    "host": "WS-HR-02",
    "EventCode": 4624,
    "event_type": "successful_login",
    "attack_category": "normal",
    "user": "lwhite",
    "src_ip": "10.0.2.34",
    "dest_host": "WS-HR-02",
    "domain": "CORP",
    "logon_type": 3,
    "message": "Normal login: lwhite from 10.0.2.34"
  },
  {
    "_time": "2024-01-01T08:48:31",
    "source": "WinEventLog:Security",
    "host": "SRV-WEB-01",
    "EventCode": 4624,
    "event_type": "successful_login",
    "attack_category": "normal",
    "user": "lwhite",
    "src_ip": "192.168.1.101",
    "dest_host": "SRV-WEB-01",
    "domain": "CORP",
    "logon_type": 2,
    "message": "Normal login: lwhite from 192.168.1.101"
  },
  {
    "_time": "2024-01-01T08:53:02",
    "source": "WinEventLog:Security",
    "host": "SRV-SQL-01",
    "EventCode": 4624,
    "event_type": "successful_login",
    "attack_category": "normal",
    "user": "adavis",
    "src_ip": "10.0.0.5",
    "dest_host": "SRV-SQL-01",
    "domain": "CORP",
    "logon_type": 2,
    "message": "Normal login: adavis from 10.0.0.5"
  },
  {
    "_time": "2024-01-01T08:53:39",
    "source": "WinEventLog:Security",
    "host": "WS-FINANCE-01",
    "EventCode": 4624,
    "event_type": "successful_login",
    "attack_category": "normal",
    "user": "kthomas",
    "src_ip": "10.0.1.12",
    "dest_host": "WS-FINANCE-01",
    "domain": "CORP",
    "logon_type": 2,
    "message": "Normal login: kthomas from 10.0.1.12"
  },
  {
    "_time": "2024-01-01T08:57:32",
    "source": "WinEventLog:Security",
    "host": "SRV-WEB-01",
    "EventCode": 4624,
    "event_type": "successful_login",
    "attack_category": "normal",
    "user": "njones",
    "src_ip": "10.0.2.34",
    "dest_host": "SRV-WEB-01",
    "domain": "CORP",
    "logon_type": 10,
    "message": "Normal login: njones from 10.0.2.34"
  },
  {
    "_time": "2024-01-01T09:02:18",
    "source": "WinEventLog:Security",
    "host": "SRV-WEB-01",
    "EventCode": 4624,
    "event_type": "successful_login",
    "attack_category": "normal",
    "user": "bmartin",
    "src_ip": "192.168.1.50",
    "dest_host": "SRV-WEB-01",
    "domain": "CORP",
    "logon_type": 3,
    "message": "Normal login: bmartin from 192.168.1.50"
  },
  {
    "_time": "2024-01-01T09:03:30",
    "source": "WinEventLog:Security",
    "host": "SRV-SQL-01",
    "EventCode": 4624,
    "event_type": "successful_login",
    "attack_category": "normal",
    "user": "njones",
    "src_ip": "192.168.1.101",
    "dest_host": "SRV-SQL-01",
    "domain": "CORP",
    "logon_type": 2,
    "message": "Normal login: njones from 192.168.1.101"
  },
  {
    "_time": "2024-01-01T09:06:22",
    "source": "WinEventLog:Security",
    "host": "WS-FINANCE-01",
    "EventCode": 4624,
    "event_type": "successful_login",
    "attack_category": "normal",
    "user": "adavis",
    "src_ip": "10.0.2.34",
    "dest_host": "WS-FINANCE-01",
    "domain": "CORP",
    "logon_type": 10,
    "message": "Normal login: adavis from 10.0.2.34"
  },
  {
    "_time": "2024-01-01T09:08:36",
    "source": "WinEventLog:Security",
    "host": "WS-IT-05",
    "EventCode": 4624,
    "event_type": "successful_login",
    "attack_category": "normal",
    "user": "mwilson",
    "src_ip": "192.168.1.101",
    "dest_host": "WS-IT-05",
    "domain": "CORP",
    "logon_type": 3,
    "message": "Normal login: mwilson from 192.168.1.101"
  },
  {
    "_time": "2024-01-01T09:09:39",
    "source": "WinEventLog:Security",
    "host": "SRV-WEB-01",
    "EventCode": 4624,
    "event_type": "successful_login",
    "attack_category": "normal",
    "user": "kthomas",
    "src_ip": "192.168.1.50",
    "dest_host": "SRV-WEB-01",
    "domain": "CORP",
    "logon_type": 2,
    "message": "Normal login: kthomas from 192.168.1.50"
  },
  {
    "_time": "2024-01-01T09:10:38",
    "source": "WinEventLog:Security",
    "host": "DC-01",
    "EventCode": 4624,
    "event_type": "successful_login",
    "attack_category": "normal",
    "user": "rjohnson",
    "src_ip": "10.0.0.5",
    "dest_host": "DC-01",
    "domain": "CORP",
    "logon_type": 2,
    "message": "Normal login: rjohnson from 10.0.0.5"
  },
  {
    "_time": "2024-01-01T09:15:00",
    "source": "WinEventLog:Security",
    "host": "WS-FINANCE-01",
    "EventCode": 4624,
    "event_type": "successful_login",
    "attack_category": "normal",
    "user": "pclark",
    "src_ip": "192.168.1.101",
    "dest_host": "WS-FINANCE-01",
    "domain": "CORP",
    "logon_type": 3,
    "message": "Normal login: pclark from 192.168.1.101"
  },
  {
    "_time": "2024-01-01T09:16:59",
    "source": "WinEventLog:Security",
    "host": "SRV-WEB-01",
    "EventCode": 4624,
    "event_type": "successful_login",
    "attack_category": "normal",
    "user": "adavis",
    "src_ip": "10.0.0.5",
    "dest_host": "SRV-WEB-01",
    "domain": "CORP",
    "logon_type": 2,
    "message": "Normal login: adavis from 10.0.0.5"
  },
  {
    "_time": "2024-01-01T09:17:34",
    "source": "WinEventLog:Security",
    "host": "WS-IT-05",
    "EventCode": 4624,
    "event_type": "successful_login",
    "attack_category": "normal",
    "user": "mwilson",
    "src_ip": "192.168.1.50",
    "dest_host": "WS-IT-05",
    "domain": "CORP",
    "logon_type": 10,
    "message": "Normal login: mwilson from 192.168.1.50"
  },
  {
    "_time": "2024-01-01T09:22:28",
    "source": "WinEventLog:Security",
    "host": "WS-IT-05",
    "EventCode": 4624,
    "event_type": "successful_login",
    "attack_category": "normal",
    "user": "kthomas",
    "src_ip": "10.0.1.12",
    "dest_host": "WS-IT-05",
    "domain": "CORP",
    "logon_type": 2,
    "message": "Normal login: kthomas from 10.0.1.12"
  },
  {
    "_time": "2024-01-01T09:25:15",
    "source": "WinEventLog:Security",
    "host": "WS-IT-05",
    "EventCode": 4624,
    "event_type": "successful_login",
    "attack_category": "normal",
    "user": "adavis",
    "src_ip": "10.0.0.5",
    "dest_host": "WS-IT-05",
    "domain": "CORP",
    "logon_type": 3,
    "message": "Normal login: adavis from 10.0.0.5"
  },
  {
    "_time": "2024-01-01T09:28:04",
    "source": "WinEventLog:Security",
    "host": "WS-IT-05",
    "EventCode": 4624,
    "event_type": "successful_login",
    "attack_category": "normal",
    "user": "njones",
    "src_ip": "10.0.0.5",
    "dest_host": "WS-IT-05",
    "domain": "CORP",
    "logon_type": 10,
    "message": "Normal login: njones from 10.0.0.5"
  },
  {
    "_time": "2024-01-01T09:29:13",
    "source": "WinEventLog:Security",
    "host": "SRV-SQL-01",
    "EventCode": 4624,
    "event_type": "successful_login",
    "attack_category": "normal",
    "user": "clee",
    "src_ip": "192.168.1.50",
    "dest_host": "SRV-SQL-01",
    "domain": "CORP",
    "logon_type": 3,
    "message": "Normal login: clee from 192.168.1.50"
  },
  {
    "_time": "2024-01-01T09:30:11",
    "source": "WinEventLog:Security",
    "host": "WS-HR-02",
    "EventCode": 4624,
    "event_type": "successful_login",
    "attack_category": "normal",
    "user": "clee",
    "src_ip": "192.168.1.101",
    "dest_host": "WS-HR-02",
    "domain": "CORP",
    "logon_type": 3,
    "message": "Normal login: clee from 192.168.1.101"
  },
  {
    "_time": "2024-01-01T09:32:01",
    "source": "WinEventLog:Security",
    "host": "SRV-SQL-01",
    "EventCode": 4624,
    "event_type": "successful_login",
    "attack_category": "normal",
    "user": "kthomas",
    "src_ip": "10.0.0.5",
    "dest_host": "SRV-SQL-01",
    "domain": "CORP",
    "logon_type": 10,
    "message": "Normal login: kthomas from 10.0.0.5"
  },
  {
    "_time": "2024-01-01T09:33:30",
    "source": "WinEventLog:Security",
    "host": "WS-FINANCE-01",
    "EventCode": 4624,
    "event_type": "successful_login",
    "attack_category": "normal",
    "user": "rjohnson",
    "src_ip": "192.168.1.101",
    "dest_host": "WS-FINANCE-01",
    "domain": "CORP",
    "logon_type": 2,
    "message": "Normal login: rjohnson from 192.168.1.101"
  },
  {
    "_time": "2024-01-01T09:34:06",
    "source": "WinEventLog:Security",
    "host": "DC-01",
    "EventCode": 4624,
    "event_type": "successful_login",
    "attack_category": "normal",
    "user": "rjohnson",
    "src_ip": "10.0.0.5",
    "dest_host": "DC-01",
    "domain": "CORP",
    "logon_type": 3,
    "message": "Normal login: rjohnson from 10.0.0.5"
  },
  {
    "_time": "2024-01-01T09:37:52",
    "source": "WinEventLog:Security",
    "host": "LAPTOP-EXEC-03",
    "EventCode": 4624,
    "event_type": "successful_login",
    "attack_category": "normal",
    "user": "mwilson",
    "src_ip": "10.0.1.12",
    "dest_host": "LAPTOP-EXEC-03",
    "domain": "CORP",
    "logon_type": 2,
    "message": "Normal login: mwilson from 10.0.1.12"
  },
  {
    "_time": "2024-01-01T09:41:56",
    "source": "WinEventLog:Security",
    "host": "WS-HR-02",
    "EventCode": 4624,
    "event_type": "successful_login",
    "attack_category": "normal",
    "user": "rjohnson",
    "src_ip": "10.0.2.34",
    "dest_host": "WS-HR-02",
    "domain": "CORP",
    "logon_type": 3,
    "message": "Normal login: rjohnson from 10.0.2.34"
  },
  {
    "_time": "2024-01-01T09:45:09",
    "source": "WinEventLog:Security",
    "host": "SRV-SQL-01",
    "EventCode": 4624,
    "event_type": "successful_login",
    "attack_category": "normal",
    "user": "kthomas",
    "src_ip": "10.0.0.5",
    "dest_host": "SRV-SQL-01",
    "domain": "CORP",
    "logon_type": 3,
    "message": "Normal login: kthomas from 10.0.0.5"
  },
  {
    "_time": "2024-01-01T09:46:40",
    "source": "WinEventLog:Security",
    "host": "WS-HR-02",
    "EventCode": 4624,
    "event_type": "successful_login",
    "attack_category": "normal",
    "user": "njones",
    "src_ip": "10.0.0.5",
    "dest_host": "WS-HR-02",
    "domain": "CORP",
    "logon_type": 2,
    "message": "Normal login: njones from 10.0.0.5"
  },
  {
    "_time": "2024-01-01T09:51:34",
    "source": "WinEventLog:Security",
    "host": "WS-FINANCE-01",
    "EventCode": 4624,
    "event_type": "successful_login",
    "attack_category": "normal",
    "user": "jsmith",
    "src_ip": "192.168.1.50",
    "dest_host": "WS-FINANCE-01",
    "domain": "CORP",
    "logon_type": 3,
    "message": "Normal login: jsmith from 192.168.1.50"
  },
  {
    "_time": "2024-01-01T09:54:28",
    "source": "WinEventLog:Security",
    "host": "WS-FINANCE-01",
    "EventCode": 4624,
    "event_type": "successful_login",
    "attack_category": "normal",
    "user": "kthomas",
    "src_ip": "10.0.2.34",
    "dest_host": "WS-FINANCE-01",
    "domain": "CORP",
    "logon_type": 10,
    "message": "Normal login: kthomas from 10.0.2.34"
  },
  {
    "_time": "2024-01-01T09:58:51",
    "source": "WinEventLog:Security",
    "host": "WS-HR-02",
    "EventCode": 4624,
    "event_type": "successful_login",
    "attack_category": "normal",
    "user": "jsmith",
    "src_ip": "10.0.2.34",
    "dest_host": "WS-HR-02",
    "domain": "CORP",
    "logon_type": 3,
    "message": "Normal login: jsmith from 10.0.2.34"
  },
  {
    "_time": "2024-01-01T10:01:56",
    "source": "WinEventLog:Security",
    "host": "DC-01",
    "EventCode": 4624,
    "event_type": "successful_login",
    "attack_category": "normal",
    "user": "pclark",
    "src_ip": "10.0.1.12",
    "dest_host": "DC-01",
    "domain": "CORP",
    "logon_type": 3,
    "message": "Normal login: pclark from 10.0.1.12"
  },
  {
    "_time": "2024-01-01T10:06:38",
    "source": "WinEventLog:Security",
    "host": "LAPTOP-EXEC-03",
    "EventCode": 4624,
    "event_type": "successful_login",
    "attack_category": "normal",
    "user": "rjohnson",
    "src_ip": "192.168.1.101",
    "dest_host": "LAPTOP-EXEC-03",
    "domain": "CORP",
    "logon_type": 2,
    "message": "Normal login: rjohnson from 192.168.1.101"
  },
  {
    "_time": "2024-01-01T10:08:25",
    "source": "WinEventLog:Security",
    "host": "WS-FINANCE-01",
    "EventCode": 4624,
    "event_type": "successful_login",
    "attack_category": "normal",
    "user": "jsmith",
    "src_ip": "192.168.1.50",
    "dest_host": "WS-FINANCE-01",
    "domain": "CORP",
    "logon_type": 2,
    "message": "Normal login: jsmith from 192.168.1.50"
  },
  {
    "_time": "2024-01-01T10:11:52",
    "source": "WinEventLog:Security",
    "host": "WS-FINANCE-01",
    "EventCode": 4624,
    "event_type": "successful_login",
    "attack_category": "normal",
    "user": "jsmith",
    "src_ip": "10.0.2.34",
    "dest_host": "WS-FINANCE-01",
    "domain": "CORP",
    "logon_type": 10,
    "message": "Normal login: jsmith from 10.0.2.34"
  },
  {
    "_time": "2024-01-01T10:15:34",
    "source": "WinEventLog:Security",
    "host": "WS-HR-02",
    "EventCode": 4624,
    "event_type": "successful_login",
    "attack_category": "normal",
    "user": "kthomas",
    "src_ip": "10.0.0.5",
    "dest_host": "WS-HR-02",
    "domain": "CORP",
    "logon_type": 10,
    "message": "Normal login: kthomas from 10.0.0.5"
  },
  {
    "_time": "2024-01-01T10:18:05",
    "source": "WinEventLog:Security",
    "host": "WS-FINANCE-01",
    "EventCode": 4624,
    "event_type": "successful_login",
    "attack_category": "normal",
    "user": "bmartin",
    "src_ip": "192.168.1.50",
    "dest_host": "WS-FINANCE-01",
    "domain": "CORP",
    "logon_type": 2,
    "message": "Normal login: bmartin from 192.168.1.50"
  },
  {
    "_time": "2024-01-01T10:20:58",
    "source": "WinEventLog:Security",
    "host": "WS-HR-02",
    "EventCode": 4624,
    "event_type": "successful_login",
    "attack_category": "normal",
    "user": "adavis",
    "src_ip": "10.0.0.5",
    "dest_host": "WS-HR-02",
    "domain": "CORP",
    "logon_type": 10,
    "message": "Normal login: adavis from 10.0.0.5"
  },
  {
    "_time": "2024-01-01T10:24:59",
    "source": "WinEventLog:Security",
    "host": "SRV-WEB-01",
    "EventCode": 4624,
    "event_type": "successful_login",
    "attack_category": "normal",
    "user": "lwhite",
    "src_ip": "192.168.1.50",
    "dest_host": "SRV-WEB-01",
    "domain": "CORP",
    "logon_type": 2,
    "message": "Normal login: lwhite from 192.168.1.50"
  },
  {
    "_time": "2024-01-01T10:26:17",
    "source": "WinEventLog:Security",
    "host": "SRV-WEB-01",
    "EventCode": 4624,
    "event_type": "successful_login",
    "attack_category": "normal",
    "user": "njones",
    "src_ip": "10.0.1.12",
    "dest_host": "SRV-WEB-01",
    "domain": "CORP",
    "logon_type": 3,
    "message": "Normal login: njones from 10.0.1.12"
  },
  {
    "_time": "2024-01-01T10:27:25",
    "source": "WinEventLog:Security",
    "host": "WS-FINANCE-01",
    "EventCode": 4624,
    "event_type": "successful_login",
    "attack_category": "normal",
    "user": "pclark",
    "src_ip": "192.168.1.101",
    "dest_host": "WS-FINANCE-01",
    "domain": "CORP",
    "logon_type": 3,
    "message": "Normal login: pclark from 192.168.1.101"
  },
  {
    "_time": "2024-01-01T10:29:01",
    "source": "WinEventLog:Security",
    "host": "WS-IT-05",
    "EventCode": 4624,
    "event_type": "successful_login",
    "attack_category": "normal",
    "user": "rjohnson",
    "src_ip": "10.0.2.34",
    "dest_host": "WS-IT-05",
    "domain": "CORP",
    "logon_type": 3,
    "message": "Normal login: rjohnson from 10.0.2.34"
  },
  {
    "_time": "2024-01-01T10:32:52",
    "source": "WinEventLog:Security",
    "host": "DC-01",
    "EventCode": 4624,
    "event_type": "successful_login",
    "attack_category": "normal",
    "user": "lwhite",
    "src_ip": "10.0.2.34",
    "dest_host": "DC-01",
    "domain": "CORP",
    "logon_type": 3,
    "message": "Normal login: lwhite from 10.0.2.34"
  },
  {
    "_time": "2024-01-01T10:35:21",
    "source": "WinEventLog:Security",
    "host": "WS-HR-02",
    "EventCode": 4624,
    "event_type": "successful_login",
    "attack_category": "normal",
    "user": "adavis",
    "src_ip": "10.0.1.12",
    "dest_host": "WS-HR-02",
    "domain": "CORP",
    "logon_type": 10,
    "message": "Normal login: adavis from 10.0.1.12"
  },
  {
    "_time": "2024-01-01T10:36:46",
    "source": "WinEventLog:Security",
    "host": "WS-HR-02",
    "EventCode": 4624,
    "event_type": "successful_login",
    "attack_category": "normal",
    "user": "mwilson",
    "src_ip": "10.0.0.5",
    "dest_host": "WS-HR-02",
    "domain": "CORP",
    "logon_type": 3,
    "message": "Normal login: mwilson from 10.0.0.5"
  },
  {
    "_time": "2024-01-01T10:41:14",
    "source": "WinEventLog:Security",
    "host": "WS-FINANCE-01",
    "EventCode": 4624,
    "event_type": "successful_login",
    "attack_category": "normal",
    "user": "lwhite",
    "src_ip": "192.168.1.50",
    "dest_host": "WS-FINANCE-01",
    "domain": "CORP",
    "logon_type": 10,
    "message": "Normal login: lwhite from 192.168.1.50"
  },
  {
    "_time": "2024-01-01T10:44:47",
    "source": "WinEventLog:Security",
    "host": "WS-IT-05",
    "EventCode": 4624,
    "event_type": "successful_login",
    "attack_category": "normal",
    "user": "rjohnson",
    "src_ip": "192.168.1.50",
    "dest_host": "WS-IT-05",
    "domain": "CORP",
    "logon_type": 3,
    "message": "Normal login: rjohnson from 192.168.1.50"
  },
  {
    "_time": "2024-01-01T10:47:32",
    "source": "WinEventLog:Security",
    "host": "WS-HR-02",
    "EventCode": 4624,
    "event_type": "successful_login",
    "attack_category": "normal",
    "user": "adavis",
    "src_ip": "10.0.0.5",
    "dest_host": "WS-HR-02",
    "domain": "CORP",
    "logon_type": 10,
    "message": "Normal login: adavis from 10.0.0.5"
  },
  {
    "_time": "2024-01-01T10:50:37",
    "source": "WinEventLog:Security",
    "host": "WS-HR-02",
    "EventCode": 4624,
    "event_type": "successful_login",
    "attack_category": "normal",
    "user": "pclark",
    "src_ip": "10.0.0.5",
    "dest_host": "WS-HR-02",
    "domain": "CORP",
    "logon_type": 3,
    "message": "Normal login: pclark from 10.0.0.5"
  },
  {
    "_time": "2024-01-01T10:52:22",
    "source": "WinEventLog:Security",
    "host": "WS-IT-05",
    "EventCode": 4624,
    "event_type": "successful_login",
    "attack_category": "normal",
    "user": "adavis",
    "src_ip": "10.0.1.12",
    "dest_host": "WS-IT-05",
    "domain": "CORP",
    "logon_type": 3,
    "message": "Normal login: adavis from 10.0.1.12"
  },
  {
    "_time": "2024-01-01T10:57:14",
    "source": "WinEventLog:Security",
    "host": "WS-IT-05",
    "EventCode": 4624,
    "event_type": "successful_login",
    "attack_category": "normal",
    "user": "jsmith",
    "src_ip": "10.0.2.34",
    "dest_host": "WS-IT-05",
    "domain": "CORP",
    "logon_type": 2,
    "message": "Normal login: jsmith from 10.0.2.34"
  },
  {
    "_time": "2024-01-01T10:57:59",
    "source": "WinEventLog:Security",
    "host": "SRV-SQL-01",
    "EventCode": 4624,
    "event_type": "successful_login",
    "attack_category": "normal",
    "user": "bmartin",
    "src_ip": "192.168.1.50",
    "dest_host": "SRV-SQL-01",
    "domain": "CORP",
    "logon_type": 10,
    "message": "Normal login: bmartin from 192.168.1.50"
  },
  {
    "_time": "2024-01-01T11:00:36",
    "source": "WinEventLog:Security",
    "host": "WS-FINANCE-01",
    "EventCode": 4624,
    "event_type": "successful_login",
    "attack_category": "normal",
    "user": "adavis",
    "src_ip": "192.168.1.50",
    "dest_host": "WS-FINANCE-01",
    "domain": "CORP",
    "logon_type": 2,
    "message": "Normal login: adavis from 192.168.1.50"
  },
  {
    "_time": "2024-01-01T11:02:08",
    "source": "WinEventLog:Security",
    "host": "LAPTOP-EXEC-03",
    "EventCode": 4624,
    "event_type": "successful_login",
    "attack_category": "normal",
    "user": "jsmith",
    "src_ip": "10.0.0.5",
    "dest_host": "LAPTOP-EXEC-03",
    "domain": "CORP",
    "logon_type": 2,
    "message": "Normal login: jsmith from 10.0.0.5"
  },
  {
    "_time": "2024-01-01T11:03:44",
    "source": "WinEventLog:Security",
    "host": "WS-IT-05",
    "EventCode": 4624,
    "event_type": "successful_login",
    "attack_category": "normal",
    "user": "rjohnson",
    "src_ip": "192.168.1.50",
    "dest_host": "WS-IT-05",
    "domain": "CORP",
    "logon_type": 10,
    "message": "Normal login: rjohnson from 192.168.1.50"
  },
  {
    "_time": "2024-01-01T11:04:57",
    "source": "WinEventLog:Security",
    "host": "WS-IT-05",
    "EventCode": 4624,
    "event_type": "successful_login",
    "attack_category": "normal",
    "user": "pclark",
    "src_ip": "192.168.1.101",
    "dest_host": "WS-IT-05",
    "domain": "CORP",
    "logon_type": 2,
    "message": "Normal login: pclark from 192.168.1.101"
  },
  {
    "_time": "2024-01-01T11:05:38",
    "source": "WinEventLog:Security",
    "host": "SRV-WEB-01",
    "EventCode": 4624,
    "event_type": "successful_login",
    "attack_category": "normal",
    "user": "adavis",
    "src_ip": "10.0.1.12",
    "dest_host": "SRV-WEB-01",
    "domain": "CORP",
    "logon_type": 3,
    "message": "Normal login: adavis from 10.0.1.12"
  },
  {
    "_time": "2024-01-01T11:07:13",
    "source": "WinEventLog:Security",
    "host": "WS-FINANCE-01",
    "EventCode": 4624,
    "event_type": "successful_login",
    "attack_category": "normal",
    "user": "adavis",
    "src_ip": "10.0.2.34",
    "dest_host": "WS-FINANCE-01",
    "domain": "CORP",
    "logon_type": 2,
    "message": "Normal login: adavis from 10.0.2.34"
  },
  {
    "_time": "2024-01-01T11:11:39",
    "source": "WinEventLog:Security",
    "host": "SRV-SQL-01",
    "EventCode": 4624,
    "event_type": "successful_login",
    "attack_category": "normal",
    "user": "jsmith",
    "src_ip": "10.0.1.12",
    "dest_host": "SRV-SQL-01",
    "domain": "CORP",
    "logon_type": 3,
    "message": "Normal login: jsmith from 10.0.1.12"
  },
  {
    "_time": "2024-01-01T11:15:31",
    "source": "WinEventLog:Security",
    "host": "DC-01",
    "EventCode": 4624,
    "event_type": "successful_login",
    "attack_category": "normal",
    "user": "clee",
    "src_ip": "10.0.0.5",
    "dest_host": "DC-01",
    "domain": "CORP",
    "logon_type": 10,
    "message": "Normal login: clee from 10.0.0.5"
  },
  {
    "_time": "2024-01-01T11:19:39",
    "source": "WinEventLog:Security",
    "host": "WS-HR-02",
    "EventCode": 4624,
    "event_type": "successful_login",
    "attack_category": "normal",
    "user": "mwilson",
    "src_ip": "10.0.2.34",
    "dest_host": "WS-HR-02",
    "domain": "CORP",
    "logon_type": 2,
    "message": "Normal login: mwilson from 10.0.2.34"
  },
  {
    "_time": "2024-01-01T11:22:29",
    "source": "WinEventLog:Security",
    "host": "WS-HR-02",
    "EventCode": 4624,
    "event_type": "successful_login",
    "attack_category": "normal",
    "user": "kthomas",
    "src_ip": "192.168.1.50",
    "dest_host": "WS-HR-02",
    "domain": "CORP",
    "logon_type": 2,
    "message": "Normal login: kthomas from 192.168.1.50"
  },
  {
    "_time": "2024-01-01T11:25:04",
    "source": "WinEventLog:Security",
    "host": "DC-01",
    "EventCode": 4624,
    "event_type": "successful_login",
    "attack_category": "normal",
    "user": "kthomas",
    "src_ip": "192.168.1.50",
    "dest_host": "DC-01",
    "domain": "CORP",
    "logon_type": 10,
    "message": "Normal login: kthomas from 192.168.1.50"
  },
  {
    "_time": "2024-01-01T11:29:39",
    "source": "WinEventLog:Security",
    "host": "WS-IT-05",
    "EventCode": 4624,
    "event_type": "successful_login",
    "attack_category": "normal",
    "user": "jsmith",
    "src_ip": "10.0.0.5",
    "dest_host": "WS-IT-05",
    "domain": "CORP",
    "logon_type": 3,
    "message": "Normal login: jsmith from 10.0.0.5"
  },
  {
    "_time": "2024-01-01T11:31:19",
    "source": "WinEventLog:Security",
    "host": "SRV-WEB-01",
    "EventCode": 4624,
    "event_type": "successful_login",
    "attack_category": "normal",
    "user": "bmartin",
    "src_ip": "10.0.1.12",
    "dest_host": "SRV-WEB-01",
    "domain": "CORP",
    "logon_type": 10,
    "message": "Normal login: bmartin from 10.0.1.12"
  },
  {
    "_time": "2024-01-01T11:33:56",
    "source": "WinEventLog:Security",
    "host": "DC-01",
    "EventCode": 4624,
    "event_type": "successful_login",
    "attack_category": "normal",
    "user": "njones",
    "src_ip": "10.0.0.5",
    "dest_host": "DC-01",
    "domain": "CORP",
    "logon_type": 10,
    "message": "Normal login: njones from 10.0.0.5"
  },
  {
    "_time": "2024-01-01T11:37:29",
    "source": "WinEventLog:Security",
    "host": "LAPTOP-EXEC-03",
    "EventCode": 4624,
    "event_type": "successful_login",
    "attack_category": "normal",
    "user": "clee",
    "src_ip": "192.168.1.101",
    "dest_host": "LAPTOP-EXEC-03",
    "domain": "CORP",
    "logon_type": 3,
    "message": "Normal login: clee from 192.168.1.101"
  },
  {
    "_time": "2024-01-01T11:40:55",
    "source": "WinEventLog:Security",
    "host": "WS-IT-05",
    "EventCode": 4624,
    "event_type": "successful_login",
    "attack_category": "normal",
    "user": "pclark",
    "src_ip": "192.168.1.101",
    "dest_host": "WS-IT-05",
    "domain": "CORP",
    "logon_type": 3,
    "message": "Normal login: pclark from 192.168.1.101"
  },
  {
    "_time": "2024-01-01T11:43:43",
    "source": "WinEventLog:Security",
    "host": "WS-IT-05",
    "EventCode": 4624,
    "event_type": "successful_login",
    "attack_category": "normal",
    "user": "mwilson",
    "src_ip": "10.0.0.5",
    "dest_host": "WS-IT-05",
    "domain": "CORP",
    "logon_type": 10,
    "message": "Normal login: mwilson from 10.0.0.5"
  },
  {
    "_time": "2024-01-01T11:46:05",
    "source": "WinEventLog:Security",
    "host": "WS-FINANCE-01",
    "EventCode": 4624,
    "event_type": "successful_login",
    "attack_category": "normal",
    "user": "jsmith",
    "src_ip": "10.0.2.34",
    "dest_host": "WS-FINANCE-01",
    "domain": "CORP",
    "logon_type": 3,
    "message": "Normal login: jsmith from 10.0.2.34"
  },
  {
    "_time": "2024-01-01T11:49:38",
    "source": "WinEventLog:Security",
    "host": "WS-HR-02",
    "EventCode": 4624,
    "event_type": "successful_login",
    "attack_category": "normal",
    "user": "pclark",
    "src_ip": "10.0.1.12",
    "dest_host": "WS-HR-02",
    "domain": "CORP",
    "logon_type": 2,
    "message": "Normal login: pclark from 10.0.1.12"
  },
  {
    "_time": "2024-01-01T11:52:14",
    "source": "WinEventLog:Security",
    "host": "SRV-SQL-01",
    "EventCode": 4624,
    "event_type": "successful_login",
    "attack_category": "normal",
    "user": "rjohnson",
    "src_ip": "10.0.2.34",
    "dest_host": "SRV-SQL-01",
    "domain": "CORP",
    "logon_type": 10,
    "message": "Normal login: rjohnson from 10.0.2.34"
  },
  {
    "_time": "2024-01-01T11:53:12",
    "source": "WinEventLog:Security",
    "host": "LAPTOP-EXEC-03",
    "EventCode": 4624,
    "event_type": "successful_login",
    "attack_category": "normal",
    "user": "rjohnson",
    "src_ip": "192.168.1.101",
    "dest_host": "LAPTOP-EXEC-03",
    "domain": "CORP",
    "logon_type": 3,
    "message": "Normal login: rjohnson from 192.168.1.101"
  },
  {
    "_time": "2024-01-01T11:56:43",
    "source": "WinEventLog:Security",
    "host": "WS-HR-02",
    "EventCode": 4624,
    "event_type": "successful_login",
    "attack_category": "normal",
    "user": "mwilson",
    "src_ip": "10.0.1.12",
    "dest_host": "WS-HR-02",
    "domain": "CORP",
    "logon_type": 10,
    "message": "Normal login: mwilson from 10.0.1.12"
  },
  {
    "_time": "2024-01-01T11:59:55",
    "source": "WinEventLog:Security",
    "host": "WS-FINANCE-01",
    "EventCode": 4624,
    "event_type": "successful_login",
    "attack_category": "normal",
    "user": "lwhite",
    "src_ip": "192.168.1.101",
    "dest_host": "WS-FINANCE-01",
    "domain": "CORP",
    "logon_type": 10,
    "message": "Normal login: lwhite from 192.168.1.101"
  },
  {
    "_time": "2024-01-01T12:03:25",
    "source": "WinEventLog:Security",
    "host": "WS-HR-02",
    "EventCode": 4624,
    "event_type": "successful_login",
    "attack_category": "normal",
    "user": "pclark",
    "src_ip": "192.168.1.101",
    "dest_host": "WS-HR-02",
    "domain": "CORP",
    "logon_type": 10,
    "message": "Normal login: pclark from 192.168.1.101"
  },
  {
    "_time": "2024-01-01T12:05:31",
    "source": "WinEventLog:Security",
    "host": "WS-IT-05",
    "EventCode": 4624,
    "event_type": "successful_login",
    "attack_category": "normal",
    "user": "clee",
    "src_ip": "192.168.1.101",
    "dest_host": "WS-IT-05",
    "domain": "CORP",
    "logon_type": 2,
    "message": "Normal login: clee from 192.168.1.101"
  },
