  {
    "_time": "2024-01-01T00:12:50",
    "source": "WinEventLog:Security",
    "host": "WS-FINANCE-01",
    "EventCode": 4625,
    "event_type": "failed_login",
    "attack_category": "brute_force",
    "user": "jsmith",
    "src_ip": "77.91.68.33",
    "dest_host": "WS-FINANCE-01",
    "domain": "ACME",
    "logon_type": 3,
    "failure_reason": "Unknown user name or bad password",
    "status": "0xC000006D",
    "sub_status": "0xC0000064",
    "message": "An account failed to log on. Account: jsmith. Source IP: 77.91.68.33"
  },
  {
    "_time": "2024-01-01T00:13:02",
    "source": "WinEventLog:Security",
    "host": "LAPTOP-EXEC-03",
    "EventCode": 4625,
    "event_type": "failed_login",
    "attack_category": "brute_force",
    "user": "admin",
    "src_ip": "77.91.68.33",
    "dest_host": "LAPTOP-EXEC-03",
    "domain": "ACME",
    "logon_type": 3,
    "failure_reason": "Unknown user name or bad password",
    "status": "0xC000006D",
    "sub_status": "0xC0000064",
    "message": "An account failed to log on. Account: admin. Source IP: 77.91.68.33"
  },
  {
    "_time": "2024-01-01T00:13:16",
    "source": "WinEventLog:Security",
    "host": "WS-HR-02",
    "EventCode": 4625,
    "event_type": "failed_login",
    "attack_category": "brute_force",
    "user": "jsmith",
    "src_ip": "103.97.125.220",
    "dest_host": "WS-HR-02",
    "domain": "ACME",
    "logon_type": 3,
    "failure_reason": "Unknown user name or bad password",
    "status": "0xC000006D",
    "sub_status": "0xC0000064",
    "message": "An account failed to log on. Account: jsmith. Source IP: 103.97.125.220"
  },
  {
    "_time": "2024-01-01T00:13:18",
    "source": "WinEventLog:Security",
    "host": "LAPTOP-EXEC-03",
    "EventCode": 4625,
    "event_type": "failed_login",
    "attack_category": "brute_force",
    "user": "jsmith",
    "src_ip": "77.91.68.33",
    "dest_host": "LAPTOP-EXEC-03",
    "domain": "CONTOSO",
    "logon_type": 3,
    "failure_reason": "Unknown user name or bad password",
    "status": "0xC000006D",
    "sub_status": "0xC0000064",
    "message": "An account failed to log on. Account: jsmith. Source IP: 77.91.68.33"
  },
  {
    "_time": "2024-01-01T00:13:27",
    "source": "WinEventLog:Security",
    "host": "LAPTOP-EXEC-03",
    "EventCode": 4625,
    "event_type": "failed_login",
    "attack_category": "brute_force",
    "user": "jsmith",
    "src_ip": "45.142.212.100",
    "dest_host": "LAPTOP-EXEC-03",
    "domain": "CONTOSO",
    "logon_type": 3,
    "failure_reason": "Unknown user name or bad password",
    "status": "0xC000006D",
    "sub_status": "0xC0000064",
    "message": "An account failed to log on. Account: jsmith. Source IP: 45.142.212.100"
  },
  {
    "_time": "2024-01-01T00:13:29",
    "source": "WinEventLog:Security",
    "host": "WS-HR-02",
    "EventCode": 4625,
    "event_type": "failed_login",
    "attack_category": "brute_force",
    "user": "admin",
    "src_ip": "45.142.212.100",
    "dest_host": "WS-HR-02",
    "domain": "ACME",
    "logon_type": 3,
    "failure_reason": "Unknown user name or bad password",
    "status": "0xC000006D",
    "sub_status": "0xC0000064",
    "message": "An account failed to log on. Account: admin. Source IP: 45.142.212.100"
  },
  {
    "_time": "2024-01-01T00:13:35",
    "source": "WinEventLog:Security",
    "host": "WS-IT-05",
    "EventCode": 4625,
    "event_type": "failed_login",
    "attack_category": "brute_force",
    "user": "jsmith",
    "src_ip": "77.91.68.33",
    "dest_host": "WS-IT-05",
    "domain": "CORP",
    "logon_type": 3,
    "failure_reason": "Unknown user name or bad password",
    "status": "0xC000006D",
    "sub_status": "0xC0000064",
    "message": "An account failed to log on. Account: jsmith. Source IP: 77.91.68.33"
  },
  {
    "_time": "2024-01-01T00:13:45",
    "source": "WinEventLog:Security",
    "host": "SRV-WEB-01",
    "EventCode": 4625,
    "event_type": "failed_login",
    "attack_category": "brute_force",
    "user": "admin",
    "src_ip": "185.56.80.65",
    "dest_host": "SRV-WEB-01",
    "domain": "CONTOSO",
    "logon_type": 3,
    "failure_reason": "Unknown user name or bad password",
    "status": "0xC000006D",
    "sub_status": "0xC0000064",
    "message": "An account failed to log on. Account: admin. Source IP: 185.56.80.65"
  },
  {
    "_time": "2024-01-01T00:13:48",
    "source": "WinEventLog:Security",
    "host": "WS-FINANCE-01",
    "EventCode": 4625,
    "event_type": "failed_login",
    "attack_category": "brute_force",
    "user": "administrator",
    "src_ip": "185.56.80.65",
    "dest_host": "WS-FINANCE-01",
    "domain": "CONTOSO",
    "logon_type": 3,
    "failure_reason": "Unknown user name or bad password",
    "status": "0xC000006D",
    "sub_status": "0xC0000064",
    "message": "An account failed to log on. Account: administrator. Source IP: 185.56.80.65"
  },
  {
    "_time": "2024-01-01T00:13:51",
    "source": "WinEventLog:Security",
    "host": "WS-FINANCE-01",
    "EventCode": 4625,
    "event_type": "failed_login",
    "attack_category": "brute_force",
    "user": "jsmith",
    "src_ip": "103.97.125.220",
    "dest_host": "WS-FINANCE-01",
    "domain": "ACME",
    "logon_type": 3,
    "failure_reason": "Unknown user name or bad password",
    "status": "0xC000006D",
    "sub_status": "0xC0000064",
    "message": "An account failed to log on. Account: jsmith. Source IP: 103.97.125.220"
  },
  {
    "_time": "2024-01-01T00:14:05",
    "source": "WinEventLog:Security",
    "host": "SRV-WEB-01",
    "EventCode": 4625,
    "event_type": "failed_login",
    "attack_category": "brute_force",
    "user": "admin",
    "src_ip": "185.56.80.65",
    "dest_host": "SRV-WEB-01",
    "domain": "CONTOSO",
    "logon_type": 3,
    "failure_reason": "Unknown user name or bad password",
    "status": "0xC000006D",
    "sub_status": "0xC0000064",
    "message": "An account failed to log on. Account: admin. Source IP: 185.56.80.65"
  },
  {
    "_time": "2024-01-01T00:14:16",
    "source": "WinEventLog:Security",
    "host": "DC-01",
    "EventCode": 4625,
    "event_type": "failed_login",
    "attack_category": "brute_force",
    "user": "admin",
    "src_ip": "91.108.4.12",
    "dest_host": "DC-01",
    "domain": "CORP",
    "logon_type": 3,
    "failure_reason": "Unknown user name or bad password",
    "status": "0xC000006D",
    "sub_status": "0xC0000064",
    "message": "An account failed to log on. Account: admin. Source IP: 91.108.4.12"
  },
  {
    "_time": "2024-01-01T00:14:24",
    "source": "WinEventLog:Security",
    "host": "SRV-WEB-01",
    "EventCode": 4625,
    "event_type": "failed_login",
    "attack_category": "brute_force",
    "user": "admin",
    "src_ip": "185.220.101.45",
    "dest_host": "SRV-WEB-01",
    "domain": "CORP",
    "logon_type": 3,
    "failure_reason": "Unknown user name or bad password",
    "status": "0xC000006D",
    "sub_status": "0xC0000064",
    "message": "An account failed to log on. Account: admin. Source IP: 185.220.101.45"
  },
  {
    "_time": "2024-01-01T00:14:32",
    "source": "WinEventLog:Security",
    "host": "WS-IT-05",
    "EventCode": 4625,
    "event_type": "failed_login",
    "attack_category": "brute_force",
    "user": "administrator",
    "src_ip": "45.142.212.100",
    "dest_host": "WS-IT-05",
    "domain": "CORP",
    "logon_type": 3,
    "failure_reason": "Unknown user name or bad password",
    "status": "0xC000006D",
    "sub_status": "0xC0000064",
    "message": "An account failed to log on. Account: administrator. Source IP: 45.142.212.100"
  },
  {
    "_time": "2024-01-01T00:14:39",
    "source": "WinEventLog:Security",
    "host": "SRV-SQL-01",
    "EventCode": 4625,
    "event_type": "failed_login",
    "attack_category": "brute_force",
    "user": "administrator",
    "src_ip": "185.56.80.65",
    "dest_host": "SRV-SQL-01",
    "domain": "ACME",
    "logon_type": 3,
    "failure_reason": "Unknown user name or bad password",
    "status": "0xC000006D",
    "sub_status": "0xC0000064",
    "message": "An account failed to log on. Account: administrator. Source IP: 185.56.80.65"
  },
  {
    "_time": "2024-01-01T00:14:45",
    "source": "WinEventLog:Security",
    "host": "SRV-SQL-01",
    "EventCode": 4625,
    "event_type": "failed_login",
    "attack_category": "brute_force",
    "user": "jsmith",
    "src_ip": "103.97.125.220",
    "dest_host": "SRV-SQL-01",
    "domain": "ACME",
    "logon_type": 3,
    "failure_reason": "Unknown user name or bad password",
    "status": "0xC000006D",
    "sub_status": "0xC0000064",
    "message": "An account failed to log on. Account: jsmith. Source IP: 103.97.125.220"
  },
  {
    "_time": "2024-01-01T00:14:58",
    "source": "WinEventLog:Security",
    "host": "DC-01",
    "EventCode": 4625,
    "event_type": "failed_login",
    "attack_category": "brute_force",
    "user": "admin",
    "src_ip": "185.56.80.65",
    "dest_host": "DC-01",
    "domain": "CONTOSO",
    "logon_type": 3,
    "failure_reason": "Unknown user name or bad password",
    "status": "0xC000006D",
    "sub_status": "0xC0000064",
    "message": "An account failed to log on. Account: admin. Source IP: 185.56.80.65"
  },
  {
    "_time": "2024-01-01T00:15:06",
    "source": "WinEventLog:Security",
    "host": "WS-HR-02",
    "EventCode": 4625,
    "event_type": "failed_login",
    "attack_category": "brute_force",
    "user": "administrator",
    "src_ip": "194.165.16.78",
    "dest_host": "WS-HR-02",
    "domain": "ACME",
    "logon_type": 3,
    "failure_reason": "Unknown user name or bad password",
    "status": "0xC000006D",
    "sub_status": "0xC0000064",
    "message": "An account failed to log on. Account: administrator. Source IP: 194.165.16.78"
  },
  {
    "_time": "2024-01-01T00:15:17",
    "source": "WinEventLog:Security",
    "host": "SRV-SQL-01",
    "EventCode": 4625,
    "event_type": "failed_login",
    "attack_category": "brute_force",
    "user": "admin",
    "src_ip": "194.165.16.78",
    "dest_host": "SRV-SQL-01",
    "domain": "CONTOSO",
    "logon_type": 3,
    "failure_reason": "Unknown user name or bad password",
    "status": "0xC000006D",
    "sub_status": "0xC0000064",
    "message": "An account failed to log on. Account: admin. Source IP: 194.165.16.78"
  },
  {
    "_time": "2024-01-01T00:15:23",
    "source": "WinEventLog:Security",
    "host": "WS-IT-05",
    "EventCode": 4625,
    "event_type": "failed_login",
    "attack_category": "brute_force",
    "user": "admin",
    "src_ip": "185.220.101.45",
    "dest_host": "WS-IT-05",
    "domain": "CORP",
    "logon_type": 3,
    "failure_reason": "Unknown user name or bad password",
    "status": "0xC000006D",
    "sub_status": "0xC0000064",
    "message": "An account failed to log on. Account: admin. Source IP: 185.220.101.45"
  },
  {
    "_time": "2024-01-01T00:15:32",
    "source": "WinEventLog:Security",
    "host": "DC-01",
    "EventCode": 4625,
    "event_type": "failed_login",
    "attack_category": "brute_force",
    "user": "admin",
    "src_ip": "185.56.80.65",
    "dest_host": "DC-01",
    "domain": "CONTOSO",
    "logon_type": 3,
    "failure_reason": "Unknown user name or bad password",
    "status": "0xC000006D",
    "sub_status": "0xC0000064",
    "message": "An account failed to log on. Account: admin. Source IP: 185.56.80.65"
  },
  {
    "_time": "2024-01-01T00:15:41",
    "source": "WinEventLog:Security",
    "host": "SRV-SQL-01",
    "EventCode": 4625,
    "event_type": "failed_login",
    "attack_category": "brute_force",
    "user": "administrator",
    "src_ip": "45.142.212.100",
    "dest_host": "SRV-SQL-01",
    "domain": "ACME",
    "logon_type": 3,
    "failure_reason": "Unknown user name or bad password",
    "status": "0xC000006D",
    "sub_status": "0xC0000064",
    "message": "An account failed to log on. Account: administrator. Source IP: 45.142.212.100"
  },
  {
    "_time": "2024-01-01T00:15:51",
    "source": "WinEventLog:Security",
    "host": "WS-IT-05",
    "EventCode": 4625,
    "event_type": "failed_login",
    "attack_category": "brute_force",
    "user": "jsmith",
    "src_ip": "91.108.4.12",
    "dest_host": "WS-IT-05",
    "domain": "ACME",
    "logon_type": 3,
    "failure_reason": "Unknown user name or bad password",
    "status": "0xC000006D",
    "sub_status": "0xC0000064",
    "message": "An account failed to log on. Account: jsmith. Source IP: 91.108.4.12"
  },
  {
    "_time": "2024-01-01T00:16:06",
    "source": "WinEventLog:Security",
    "host": "WS-FINANCE-01",
    "EventCode": 4625,
    "event_type": "failed_login",
    "attack_category": "brute_force",
    "user": "administrator",
    "src_ip": "185.56.80.65",
    "dest_host": "WS-FINANCE-01",
    "domain": "CORP",
    "logon_type": 3,
    "failure_reason": "Unknown user name or bad password",
    "status": "0xC000006D",
    "sub_status": "0xC0000064",
    "message": "An account failed to log on. Account: administrator. Source IP: 185.56.80.65"
  },
  {
    "_time": "2024-01-01T00:16:20",
    "source": "WinEventLog:Security",
    "host": "WS-HR-02",
    "EventCode": 4625,
    "event_type": "failed_login",
    "attack_category": "brute_force",
    "user": "administrator",
    "src_ip": "103.97.125.220",
    "dest_host": "WS-HR-02",
    "domain": "CORP",
    "logon_type": 3,
    "failure_reason": "Unknown user name or bad password",
    "status": "0xC000006D",
    "sub_status": "0xC0000064",
    "message": "An account failed to log on. Account: administrator. Source IP: 103.97.125.220"
  },
  {
    "_time": "2024-01-01T00:16:25",
    "source": "WinEventLog:Security",
    "host": "WS-FINANCE-01",
    "EventCode": 4625,
    "event_type": "failed_login",
    "attack_category": "brute_force",
    "user": "jsmith",
    "src_ip": "185.220.101.45",
    "dest_host": "WS-FINANCE-01",
    "domain": "CONTOSO",
    "logon_type": 3,
    "failure_reason": "Unknown user name or bad password",
    "status": "0xC000006D",
    "sub_status": "0xC0000064",
    "message": "An account failed to log on. Account: jsmith. Source IP: 185.220.101.45"
  },
  {
    "_time": "2024-01-01T00:16:33",
    "source": "WinEventLog:Security",
    "host": "DC-01",
    "EventCode": 4625,
    "event_type": "failed_login",
    "attack_category": "brute_force",
    "user": "administrator",
    "src_ip": "91.108.4.12",
    "dest_host": "DC-01",
    "domain": "ACME",
    "logon_type": 3,
    "failure_reason": "Unknown user name or bad password",
    "status": "0xC000006D",
    "sub_status": "0xC0000064",
    "message": "An account failed to log on. Account: administrator. Source IP: 91.108.4.12"
  },
  {
    "_time": "2024-01-01T00:16:46",
    "source": "WinEventLog:Security",
    "host": "SRV-WEB-01",
    "EventCode": 4625,
    "event_type": "failed_login",
    "attack_category": "brute_force",
    "user": "administrator",
    "src_ip": "45.142.212.100",
    "dest_host": "SRV-WEB-01",
    "domain": "CONTOSO",
    "logon_type": 3,
    "failure_reason": "Unknown user name or bad password",
    "status": "0xC000006D",
    "sub_status": "0xC0000064",
    "message": "An account failed to log on. Account: administrator. Source IP: 45.142.212.100"
  },
  {
    "_time": "2024-01-01T00:17:16",
    "source": "WinEventLog:Security",
    "host": "DC-01",
    "EventCode": 4624,
    "event_type": "successful_login",
    "attack_category": "brute_force_success",
    "user": "jsmith",
    "src_ip": "185.220.101.45",
    "dest_host": "DC-01",
    "domain": "CORP",
    "logon_type": 3,
    "message": "An account was successfully logged on after multiple failures."
  },
  {
    "_time": "2024-01-01T00:18:17",
    "source": "WinEventLog:Security",
    "host": "DC-01",
    "EventCode": 4625,
    "event_type": "failed_login",
    "attack_category": "password_spray",
    "user": "jsmith",
    "src_ip": "91.108.4.12",
    "dest_host": "WS-HR-02",
    "domain": "ACME",
    "logon_type": 3,
    "failure_reason": "Unknown user name or bad password",
    "status": "0xC000006D",
    "sub_status": "0xC0000072",
    "message": "Password spray attempt detected for user: jsmith"
  },
  {
    "_time": "2024-01-01T00:19:31",
    "source": "WinEventLog:Security",
    "host": "WS-FINANCE-01",
    "EventCode": 4625,
    "event_type": "failed_login",
    "attack_category": "password_spray",
    "user": "adavis",
    "src_ip": "91.108.4.12",
    "dest_host": "LAPTOP-EXEC-03",
    "domain": "CONTOSO",
    "logon_type": 3,
    "failure_reason": "Unknown user name or bad password",
    "status": "0xC000006D",
    "sub_status": "0xC0000072",
    "message": "Password spray attempt detected for user: adavis"
  },
  {
    "_time": "2024-01-01T00:20:15",
    "source": "WinEventLog:Security",
    "host": "WS-HR-02",
    "EventCode": 4625,
    "event_type": "failed_login",
    "attack_category": "password_spray",
    "user": "mwilson",
    "src_ip": "194.165.16.78",
    "dest_host": "WS-FINANCE-01",
    "domain": "ACME",
    "logon_type": 3,
    "failure_reason": "Unknown user name or bad password",
    "status": "0xC000006D",
    "sub_status": "0xC0000072",
    "message": "Password spray attempt detected for user: mwilson"
  },
  {
    "_time": "2024-01-01T00:21:00",
    "source": "WinEventLog:Security",
    "host": "LAPTOP-EXEC-03",
    "EventCode": 4625,
    "event_type": "failed_login",
    "attack_category": "password_spray",
    "user": "rjohnson",
    "src_ip": "91.108.4.12",
    "dest_host": "DC-01",
    "domain": "CORP",
    "logon_type": 3,
    "failure_reason": "Unknown user name or bad password",
    "status": "0xC000006D",
    "sub_status": "0xC0000072",
    "message": "Password spray attempt detected for user: rjohnson"
  },
  {
    "_time": "2024-01-01T00:22:21",
    "source": "WinEventLog:Security",
    "host": "DC-01",
    "EventCode": 4625,
    "event_type": "failed_login",
    "attack_category": "password_spray",
    "user": "kthomas",
    "src_ip": "194.165.16.78",
    "dest_host": "LAPTOP-EXEC-03",
    "domain": "CONTOSO",
    "logon_type": 3,
    "failure_reason": "Unknown user name or bad password",
    "status": "0xC000006D",
    "sub_status": "0xC0000072",
    "message": "Password spray attempt detected for user: kthomas"
  },
  {
    "_time": "2024-01-01T00:23:30",
    "source": "WinEventLog:Security",
    "host": "LAPTOP-EXEC-03",
    "EventCode": 4625,
    "event_type": "failed_login",
    "attack_category": "password_spray",
    "user": "lwhite",
    "src_ip": "194.165.16.78",
    "dest_host": "LAPTOP-EXEC-03",
    "domain": "ACME",
    "logon_type": 3,
    "failure_reason": "Unknown user name or bad password",
    "status": "0xC000006D",
    "sub_status": "0xC0000072",
    "message": "Password spray attempt detected for user: lwhite"
  },
  {
    "_time": "2024-01-01T00:24:28",
    "source": "WinEventLog:Security",
    "host": "WS-HR-02",
    "EventCode": 4625,
    "event_type": "failed_login",
    "attack_category": "password_spray",
    "user": "bmartin",
    "src_ip": "194.165.16.78",
    "dest_host": "DC-01",
    "domain": "CONTOSO",
    "logon_type": 3,
    "failure_reason": "Unknown user name or bad password",
    "status": "0xC000006D",
    "sub_status": "0xC0000072",
    "message": "Password spray attempt detected for user: bmartin"
  },
  {
    "_time": "2024-01-01T00:25:46",
    "source": "WinEventLog:Security",
    "host": "WS-HR-02",
    "EventCode": 4625,
    "event_type": "failed_login",
    "attack_category": "password_spray",
    "user": "clee",
    "src_ip": "194.165.16.78",
    "dest_host": "LAPTOP-EXEC-03",
    "domain": "ACME",
    "logon_type": 3,
    "failure_reason": "Unknown user name or bad password",
    "status": "0xC000006D",
    "sub_status": "0xC0000072",
    "message": "Password spray attempt detected for user: clee"
  },
  {
    "_time": "2024-01-01T00:26:47",
    "source": "WinEventLog:Security",
    "host": "SRV-WEB-01",
    "EventCode": 4625,
    "event_type": "failed_login",
    "attack_category": "password_spray",
    "user": "njones",
    "src_ip": "91.108.4.12",
    "dest_host": "WS-IT-05",
    "domain": "CONTOSO",
    "logon_type": 3,
    "failure_reason": "Unknown user name or bad password",
    "status": "0xC000006D",
    "sub_status": "0xC0000072",
    "message": "Password spray attempt detected for user: njones"
  },
  {
    "_time": "2024-01-01T00:27:21",
    "source": "WinEventLog:Security",
    "host": "SRV-WEB-01",
    "EventCode": 4625,
    "event_type": "failed_login",
    "attack_category": "password_spray",
    "user": "pclark",
    "src_ip": "194.165.16.78",
    "dest_host": "WS-HR-02",
    "domain": "CONTOSO",
    "logon_type": 3,
    "failure_reason": "Unknown user name or bad password",
    "status": "0xC000006D",
    "sub_status": "0xC0000072",
    "message": "Password spray attempt detected for user: pclark"
  },
  {
    "_time": "2024-01-01T00:28:06",
    "source": "WinEventLog:Security",
    "host": "SRV-WEB-01",
    "EventCode": 4624,
    "event_type": "successful_login",
    "attack_category": "password_spray_success",
    "user": "kthomas",
    "src_ip": "91.108.4.12",
    "dest_host": "SRV-WEB-01",
    "domain": "CORP",
    "logon_type": 3,
    "message": "Successful login after spray for user: kthomas"
  },
  {
    "_time": "2024-01-01T00:28:51",
    "source": "WinEventLog:Security",
    "host": "SRV-WEB-01",
    "EventCode": 4624,
    "event_type": "successful_login",
    "attack_category": "password_spray_success",
    "user": "lwhite",
    "src_ip": "91.108.4.12",
    "dest_host": "SRV-WEB-01",
    "domain": "CORP",
    "logon_type": 3,
    "message": "Successful login after spray for user: lwhite"
  },
  {
    "_time": "2024-01-01T00:30:10",
    "source": "WinEventLog:Security",
    "host": "DC-01",
    "EventCode": 4674,
    "event_type": "privileged_object",
    "attack_category": "privilege_escalation",
    "user": "svc_backup",
    "src_ip": "10.0.1.12",
    "dest_host": "DC-01",
    "domain": "CORP",
    "privileges": "SeTcbPrivilege",
    "target_group": "Administrators",
    "message": "An operation was attempted on a privileged object. Subject: svc_backup"
  },
  {
    "_time": "2024-01-01T00:30:39",
    "source": "WinEventLog:Security",
    "host": "DC-01",
    "EventCode": 4732,
    "event_type": "group_add",
    "attack_category": "privilege_escalation",
    "user": "bmartin",
    "src_ip": "10.0.0.5",
    "dest_host": "DC-01",
    "domain": "CORP",
    "privileges": "SeRestorePrivilege",
    "target_group": "Domain Admins",
    "message": "A member was added to a security-enabled local group. Subject: bmartin"
  },
  {
    "_time": "2024-01-01T00:31:48",
    "source": "WinEventLog:Security",
    "host": "SRV-SQL-01",
    "EventCode": 4674,
    "event_type": "privileged_object",
    "attack_category": "privilege_escalation",
    "user": "bmartin",
    "src_ip": "10.0.0.5",
    "dest_host": "DC-01",
    "domain": "CORP",
    "privileges": "SeTcbPrivilege",
    "target_group": "Domain Admins",
    "message": "An operation was attempted on a privileged object. Subject: bmartin"
  },
  {
    "_time": "2024-01-01T00:33:27",
    "source": "WinEventLog:Security",
    "host": "DC-01",
    "EventCode": 4732,
    "event_type": "group_add",
    "attack_category": "privilege_escalation",
    "user": "bmartin",
    "src_ip": "91.108.4.12",
    "dest_host": "DC-01",
    "domain": "CORP",
    "privileges": "SeRestorePrivilege",
    "target_group": "Domain Admins",
    "message": "A member was added to a security-enabled local group. Subject: bmartin"
  },
  {
    "_time": "2024-01-01T00:34:15",
    "source": "WinEventLog:Security",
    "host": "SRV-SQL-01",
    "EventCode": 4672,
    "event_type": "special_logon",
    "attack_category": "privilege_escalation",
    "user": "svc_backup",
    "src_ip": "91.108.4.12",
    "dest_host": "DC-01",
    "domain": "CORP",
    "privileges": "SeRestorePrivilege",
    "target_group": "Backup Operators",
    "message": "Special privileges assigned to new logon. Subject: svc_backup"
  },
  {
    "_time": "2024-01-01T00:34:53",
    "source": "WinEventLog:Security",
    "host": "SRV-SQL-01",
    "EventCode": 4728,
    "event_type": "group_add_global",
    "attack_category": "privilege_escalation",
    "user": "bmartin",
    "src_ip": "10.0.1.12",
    "dest_host": "DC-01",
    "domain": "CORP",
    "privileges": "SeBackupPrivilege",
    "target_group": "Domain Admins",
    "message": "A member was added to a security-enabled global group. Subject: bmartin"
  },
  {
    "_time": "2024-01-01T00:35:52",
    "source": "WinEventLog:Security",
    "host": "SRV-SQL-01",
    "EventCode": 4732,
    "event_type": "group_add",
    "attack_category": "privilege_escalation",
    "user": "jsmith",
    "src_ip": "185.220.101.45",
    "dest_host": "DC-01",
    "domain": "CORP",
    "privileges": "SeRestorePrivilege",
    "target_group": "Backup Operators",
    "message": "A member was added to a security-enabled local group. Subject: jsmith"
  },
  {
    "_time": "2024-01-01T00:36:18",
    "source": "WinEventLog:Security",
    "host": "DC-01",
    "EventCode": 4673,
    "event_type": "privileged_service",
    "attack_category": "privilege_escalation",
    "user": "svc_backup",
    "src_ip": "192.168.1.50",
    "dest_host": "DC-01",
    "domain": "CORP",
    "privileges": "SeDebugPrivilege",
    "target_group": "Administrators",
    "message": "A privileged service was called. Subject: svc_backup"
  },
  {
    "_time": "2024-01-01T00:38:18",
    "source": "WinEventLog:Security",
    "host": "SRV-SQL-01",
    "EventCode": 4732,
    "event_type": "group_add",
    "attack_category": "privilege_escalation",
    "user": "jsmith",
    "src_ip": "10.0.1.12",
    "dest_host": "DC-01",
    "domain": "CORP",
    "privileges": "SeDebugPrivilege",
    "target_group": "Domain Admins",
    "message": "A member was added to a security-enabled local group. Subject: jsmith"
  },
  {
    "_time": "2024-01-01T00:38:55",
    "source": "WinEventLog:Security",
    "host": "SRV-SQL-01",
    "EventCode": 4732,
    "event_type": "group_add",
    "attack_category": "privilege_escalation",
    "user": "svc_backup",
    "src_ip": "10.0.2.34",
    "dest_host": "DC-01",
    "domain": "CORP",
    "privileges": "SeBackupPrivilege",
    "target_group": "Domain Admins",
    "message": "A member was added to a security-enabled local group. Subject: svc_backup"
  },
  {
    "_time": "2024-01-01T00:39:37",
    "source": "WinEventLog:Security",
    "host": "DC-01",
    "EventCode": 4674,
    "event_type": "privileged_object",
    "attack_category": "privilege_escalation",
    "user": "svc_backup",
    "src_ip": "192.168.1.50",
    "dest_host": "DC-01",
    "domain": "CORP",
    "privileges": "SeDebugPrivilege",
    "target_group": "Backup Operators",
    "message": "An operation was attempted on a privileged object. Subject: svc_backup"
  },
  {
    "_time": "2024-01-01T00:40:31",
    "source": "WinEventLog:Security",
    "host": "DC-01",
    "EventCode": 4728,
    "event_type": "group_add_global",
    "attack_category": "privilege_escalation",
    "user": "jsmith",
    "src_ip": "185.220.101.45",
    "dest_host": "DC-01",
    "domain": "CORP",
    "privileges": "SeDebugPrivilege",
    "target_group": "Backup Operators",
    "message": "A member was added to a security-enabled global group. Subject: jsmith"
  },
  {
    "_time": "2024-01-01T00:41:12",
    "source": "WinEventLog:Security",
    "host": "DC-01",
    "EventCode": 4672,
    "event_type": "special_logon",
    "attack_category": "privilege_escalation",
    "user": "jsmith",
    "src_ip": "91.108.4.12",
    "dest_host": "DC-01",
    "domain": "CORP",
    "privileges": "SeDebugPrivilege",
    "target_group": "Backup Operators",
    "message": "Special privileges assigned to new logon. Subject: jsmith"
  },
  {
    "_time": "2024-01-01T00:41:38",
    "source": "WinEventLog:Security",
    "host": "SRV-SQL-01",
    "EventCode": 4673,
    "event_type": "privileged_service",
    "attack_category": "privilege_escalation",
    "user": "jsmith",
    "src_ip": "185.220.101.45",
    "dest_host": "DC-01",
    "domain": "CORP",
    "privileges": "SeDebugPrivilege",
    "target_group": "Backup Operators",
    "message": "A privileged service was called. Subject: jsmith"
  },
  {
    "_time": "2024-01-01T00:43:17",
    "source": "WinEventLog:Security",
    "host": "SRV-SQL-01",
    "EventCode": 4673,
    "event_type": "privileged_service",
    "attack_category": "privilege_escalation",
    "user": "svc_backup",
    "src_ip": "91.108.4.12",
    "dest_host": "DC-01",
    "domain": "CORP",
    "privileges": "SeBackupPrivilege",
    "target_group": "Administrators",
    "message": "A privileged service was called. Subject: svc_backup"
  },
  {
    "_time": "2024-01-01T00:45:02",
    "source": "WinEventLog:Security",
    "host": "DC-01",
    "EventCode": 4728,
    "event_type": "group_add_global",
    "attack_category": "privilege_escalation",
    "user": "bmartin",
    "src_ip": "91.108.4.12",
    "dest_host": "DC-01",
    "domain": "CORP",
    "privileges": "SeTcbPrivilege",
    "target_group": "Domain Admins",
    "message": "A member was added to a security-enabled global group. Subject: bmartin"
  },
  {
    "_time": "2024-01-01T00:45:15",
    "source": "WinEventLog:Security",
    "host": "SRV-SQL-01",
    "EventCode": 4672,
    "event_type": "special_logon",
    "attack_category": "privilege_escalation",
    "user": "bmartin",
    "src_ip": "192.168.1.101",
    "dest_host": "DC-01",
    "domain": "CORP",
    "privileges": "SeRestorePrivilege",
    "target_group": "Domain Admins",
    "message": "Special privileges assigned to new logon. Subject: bmartin"
  },
  {
    "_time": "2024-01-01T00:46:40",
    "source": "WinEventLog:Security",
    "host": "DC-01",
    "EventCode": 4673,
    "event_type": "privileged_service",
    "attack_category": "privilege_escalation",
    "user": "jsmith",
    "src_ip": "10.0.0.5",
    "dest_host": "DC-01",
    "domain": "CORP",
    "privileges": "SeBackupPrivilege",
    "target_group": "Backup Operators",
    "message": "A privileged service was called. Subject: jsmith"
  },
  {
    "_time": "2024-01-01T00:48:31",
    "source": "WinEventLog:Security",
    "host": "DC-01",
    "EventCode": 4728,
    "event_type": "group_add_global",
    "attack_category": "privilege_escalation",
    "user": "jsmith",
    "src_ip": "10.0.2.34",
    "dest_host": "DC-01",
    "domain": "CORP",
    "privileges": "SeRestorePrivilege",
    "target_group": "Backup Operators",
    "message": "A member was added to a security-enabled global group. Subject: jsmith"
  },
  {
    "_time": "2024-01-01T00:49:45",
    "source": "WinEventLog:Security",
    "host": "SRV-SQL-01",
    "EventCode": 4674,
    "event_type": "privileged_object",
    "attack_category": "privilege_escalation",
    "user": "jsmith",
    "src_ip": "10.0.0.5",
    "dest_host": "DC-01",
    "domain": "CORP",
    "privileges": "SeRestorePrivilege",
    "target_group": "Domain Admins",
    "message": "An operation was attempted on a privileged object. Subject: jsmith"
  },
  {
    "_time": "2024-01-01T00:50:41",
    "source": "WinEventLog:Security",
    "host": "SRV-SQL-01",
    "EventCode": 4672,
    "event_type": "special_logon",
    "attack_category": "privilege_escalation",
    "user": "svc_backup",
    "src_ip": "185.220.101.45",
    "dest_host": "DC-01",
    "domain": "CORP",
    "privileges": "SeTcbPrivilege",
    "target_group": "Domain Admins",
    "message": "Special privileges assigned to new logon. Subject: svc_backup"
  },
  {
    "_time": "2024-01-01T00:51:57",
    "source": "WinEventLog:Security",
    "host": "SRV-SQL-01",
    "EventCode": 4673,
    "event_type": "privileged_service",
    "attack_category": "privilege_escalation",
    "user": "bmartin",
    "src_ip": "192.168.1.101",
    "dest_host": "DC-01",
    "domain": "CORP",
    "privileges": "SeRestorePrivilege",
    "target_group": "Domain Admins",
    "message": "A privileged service was called. Subject: bmartin"
  },
  {
    "_time": "2024-01-01T00:53:22",
    "source": "WinEventLog:Security",
    "host": "SRV-SQL-01",
    "EventCode": 4732,
    "event_type": "group_add",
    "attack_category": "privilege_escalation",
    "user": "bmartin",
    "src_ip": "10.0.2.34",
    "dest_host": "DC-01",
    "domain": "CORP",
    "privileges": "SeTcbPrivilege",
    "target_group": "Administrators",
    "message": "A member was added to a security-enabled local group. Subject: bmartin"
  },
  {
    "_time": "2024-01-01T00:54:03",
    "source": "WinEventLog:Security",
    "host": "SRV-SQL-01",
    "EventCode": 4674,
    "event_type": "privileged_object",
    "attack_category": "privilege_escalation",
    "user": "svc_backup",
    "src_ip": "192.168.1.101",
    "dest_host": "DC-01",
    "domain": "CORP",
    "privileges": "SeRestorePrivilege",
    "target_group": "Domain Admins",
    "message": "An operation was attempted on a privileged object. Subject: svc_backup"
  },
  {
    "_time": "2024-01-01T00:56:01",
    "source": "WinEventLog:Security",
    "host": "SRV-SQL-01",
    "EventCode": 4672,
    "event_type": "special_logon",
    "attack_category": "privilege_escalation",
    "user": "svc_backup",
    "src_ip": "10.0.1.12",
    "dest_host": "DC-01",
    "domain": "CORP",
    "privileges": "SeRestorePrivilege",
    "target_group": "Administrators",
    "message": "Special privileges assigned to new logon. Subject: svc_backup"
  },
  {
    "_time": "2024-01-01T00:56:54",
    "source": "WinEventLog:Security",
    "host": "SRV-SQL-01",
    "EventCode": 4674,
    "event_type": "privileged_object",
    "attack_category": "privilege_escalation",
    "user": "svc_backup",
    "src_ip": "192.168.1.101",
    "dest_host": "DC-01",
    "domain": "CORP",
    "privileges": "SeBackupPrivilege",
    "target_group": "Backup Operators",
    "message": "An operation was attempted on a privileged object. Subject: svc_backup"
  },
  {
    "_time": "2024-01-01T00:57:28",
    "source": "WinEventLog:Security",
    "host": "DC-01",
    "EventCode": 4672,
    "event_type": "special_logon",
    "attack_category": "privilege_escalation",
    "user": "bmartin",
    "src_ip": "10.0.1.12",
    "dest_host": "DC-01",
    "domain": "CORP",
    "privileges": "SeRestorePrivilege",
    "target_group": "Domain Admins",
    "message": "Special privileges assigned to new logon. Subject: bmartin"
  },
  {
    "_time": "2024-01-01T00:59:06",
    "source": "WinEventLog:Security",
    "host": "SRV-SQL-01",
    "EventCode": 4728,
    "event_type": "group_add_global",
    "attack_category": "privilege_escalation",
    "user": "jsmith",
    "src_ip": "185.220.101.45",
    "dest_host": "DC-01",
    "domain": "CORP",
    "privileges": "SeRestorePrivilege",
    "target_group": "Domain Admins",
    "message": "A member was added to a security-enabled global group. Subject: jsmith"
  },
  {
    "_time": "2024-01-01T00:59:53",
    "source": "WinEventLog:Security",
    "host": "DC-01",
    "EventCode": 4672,
    "event_type": "special_logon",
    "attack_category": "privilege_escalation",
    "user": "jsmith",
    "src_ip": "192.168.1.50",
    "dest_host": "DC-01",
    "domain": "CORP",
    "privileges": "SeTcbPrivilege",
    "target_group": "Domain Admins",
    "message": "Special privileges assigned to new logon. Subject: jsmith"
  },
  {
    "_time": "2024-01-01T01:01:03",
    "source": "WinEventLog:Security",
    "host": "SRV-SQL-01",
    "EventCode": 4728,
    "event_type": "group_add_global",
    "attack_category": "privilege_escalation",
    "user": "svc_backup",
    "src_ip": "192.168.1.50",
    "dest_host": "DC-01",
    "domain": "CORP",
    "privileges": "SeBackupPrivilege",
    "target_group": "Domain Admins",
    "message": "A member was added to a security-enabled global group. Subject: svc_backup"
  },
  {
    "_time": "2024-01-01T01:01:52",
    "source": "WinEventLog:Security",
    "host": "SRV-SQL-01",
    "EventCode": 4732,
    "event_type": "group_add",
    "attack_category": "privilege_escalation",
    "user": "svc_backup",
    "src_ip": "10.0.1.12",
    "dest_host": "DC-01",
    "domain": "CORP",
    "privileges": "SeDebugPrivilege",
    "target_group": "Backup Operators",
    "message": "A member was added to a security-enabled local group. Subject: svc_backup"
  },
  {
    "_time": "2024-01-01T01:02:17",
    "source": "WinEventLog:Security",
    "host": "DC-01",
    "EventCode": 4673,
    "event_type": "privileged_service",
    "attack_category": "privilege_escalation",
    "user": "svc_backup",
    "src_ip": "10.0.1.12",
    "dest_host": "DC-01",
    "domain": "CORP",
    "privileges": "SeTcbPrivilege",
    "target_group": "Backup Operators",
    "message": "A privileged service was called. Subject: svc_backup"
  },
  {
    "_time": "2024-01-01T01:03:59",
    "source": "WinEventLog:Security",
    "host": "SRV-SQL-01",
    "EventCode": 4732,
    "event_type": "group_add",
    "attack_category": "privilege_escalation",
    "user": "svc_backup",
    "src_ip": "10.0.0.5",
    "dest_host": "DC-01",
    "domain": "CORP",
    "privileges": "SeTcbPrivilege",
    "target_group": "Domain Admins",
    "message": "A member was added to a security-enabled local group. Subject: svc_backup"
  },
  {
    "_time": "2024-01-01T01:04:31",
    "source": "WinEventLog:Security",
    "host": "SRV-SQL-01",
    "EventCode": 4673,
    "event_type": "privileged_service",
    "attack_category": "privilege_escalation",
    "user": "svc_backup",
    "src_ip": "10.0.0.5",
    "dest_host": "DC-01",
    "domain": "CORP",
    "privileges": "SeTcbPrivilege",
    "target_group": "Domain Admins",
    "message": "A privileged service was called. Subject: svc_backup"
  },
  {
    "_time": "2024-01-01T01:05:51",
    "source": "WinEventLog:Security",
    "host": "SRV-SQL-01",
    "EventCode": 4672,
    "event_type": "special_logon",
    "attack_category": "privilege_escalation",
    "user": "jsmith",
    "src_ip": "185.220.101.45",
    "dest_host": "DC-01",
    "domain": "CORP",
    "privileges": "SeTcbPrivilege",
    "target_group": "Backup Operators",
    "message": "Special privileges assigned to new logon. Subject: jsmith"
  },
  {
    "_time": "2024-01-01T01:06:02",
    "source": "WinEventLog:Security",
    "host": "SRV-SQL-01",
    "EventCode": 4732,
    "event_type": "group_add",
    "attack_category": "privilege_escalation",
    "user": "jsmith",
    "src_ip": "192.168.1.50",
    "dest_host": "DC-01",
    "domain": "CORP",
    "privileges": "SeRestorePrivilege",
    "target_group": "Domain Admins",
    "message": "A member was added to a security-enabled local group. Subject: jsmith"
  },
  {
    "_time": "2024-01-01T01:06:18",
    "source": "WinEventLog:Security",
    "host": "SRV-SQL-01",
    "EventCode": 4674,
    "event_type": "privileged_object",
    "attack_category": "privilege_escalation",
    "user": "jsmith",
    "src_ip": "91.108.4.12",
    "dest_host": "DC-01",
    "domain": "CORP",
    "privileges": "SeRestorePrivilege",
    "target_group": "Administrators",
    "message": "An operation was attempted on a privileged object. Subject: jsmith"
  },
  {
    "_time": "2024-01-01T01:07:30",
    "source": "WinEventLog:Security",
    "host": "DC-01",
    "EventCode": 4672,
    "event_type": "special_logon",
    "attack_category": "privilege_escalation",
    "user": "svc_backup",
    "src_ip": "192.168.1.101",
    "dest_host": "DC-01",
    "domain": "CORP",
    "privileges": "SeDebugPrivilege",
    "target_group": "Administrators",
    "message": "Special privileges assigned to new logon. Subject: svc_backup"
  },
  {
    "_time": "2024-01-01T01:08:18",
    "source": "WinEventLog:Security",
    "host": "DC-01",
    "EventCode": 4673,
    "event_type": "privileged_service",
    "attack_category": "privilege_escalation",
    "user": "bmartin",
    "src_ip": "10.0.1.12",
    "dest_host": "DC-01",
    "domain": "CORP",
    "privileges": "SeDebugPrivilege",
    "target_group": "Backup Operators",
    "message": "A privileged service was called. Subject: bmartin"
  },
  {
    "_time": "2024-01-01T01:09:44",
    "source": "WinEventLog:Security",
    "host": "DC-01",
    "EventCode": 4732,
    "event_type": "group_add",
    "attack_category": "privilege_escalation",
    "user": "bmartin",
    "src_ip": "91.108.4.12",
    "dest_host": "DC-01",
    "domain": "CORP",
    "privileges": "SeRestorePrivilege",
    "target_group": "Domain Admins",
    "message": "A member was added to a security-enabled local group. Subject: bmartin"
  },
  {
    "_time": "2024-01-01T01:11:44",
    "source": "WinEventLog:Security",
    "host": "SRV-SQL-01",
    "EventCode": 4732,
    "event_type": "group_add",
    "attack_category": "privilege_escalation",
    "user": "svc_backup",
    "src_ip": "10.0.2.34",
    "dest_host": "DC-01",
    "domain": "CORP",
    "privileges": "SeDebugPrivilege",
    "target_group": "Backup Operators",
    "message": "A member was added to a security-enabled local group. Subject: svc_backup"
  },
  {
    "_time": "2024-01-01T01:13:14",
    "source": "WinEventLog:Security",
    "host": "DC-01",
    "EventCode": 4672,
    "event_type": "special_logon",
    "attack_category": "privilege_escalation",
    "user": "jsmith",
    "src_ip": "10.0.2.34",
    "dest_host": "DC-01",
    "domain": "CORP",
    "privileges": "SeDebugPrivilege",
    "target_group": "Administrators",
    "message": "Special privileges assigned to new logon. Subject: jsmith"
  },
  {
    "_time": "2024-01-01T01:14:34",
    "source": "WinEventLog:Security",
    "host": "DC-01",
    "EventCode": 4673,
    "event_type": "privileged_service",
    "attack_category": "privilege_escalation",
    "user": "jsmith",
    "src_ip": "10.0.1.12",
    "dest_host": "DC-01",
    "domain": "CORP",
    "privileges": "SeDebugPrivilege",
    "target_group": "Domain Admins",
    "message": "A privileged service was called. Subject: jsmith"
  },
  {
    "_time": "2024-01-01T01:16:00",
    "source": "WinEventLog:Security",
    "host": "SRV-SQL-01",
    "EventCode": 4732,
    "event_type": "group_add",
    "attack_category": "privilege_escalation",
    "user": "bmartin",
    "src_ip": "10.0.2.34",
    "dest_host": "DC-01",
    "domain": "CORP",
    "privileges": "SeDebugPrivilege",
    "target_group": "Administrators",
    "message": "A member was added to a security-enabled local group. Subject: bmartin"
  },
  {
    "_time": "2024-01-01T01:16:46",
    "source": "WinEventLog:Security",
    "host": "SRV-SQL-01",
    "EventCode": 4674,
    "event_type": "privileged_object",
    "attack_category": "privilege_escalation",
    "user": "bmartin",
    "src_ip": "10.0.0.5",
    "dest_host": "DC-01",
    "domain": "CORP",
    "privileges": "SeTcbPrivilege",
    "target_group": "Domain Admins",
    "message": "An operation was attempted on a privileged object. Subject: bmartin"
  },
  {
    "_time": "2024-01-01T01:18:38",
    "source": "WinEventLog:Security",
    "host": "DC-01",
    "EventCode": 4728,
    "event_type": "group_add_global",
    "attack_category": "privilege_escalation",
    "user": "bmartin",
    "src_ip": "192.168.1.50",
    "dest_host": "DC-01",
    "domain": "CORP",
    "privileges": "SeDebugPrivilege",
    "target_group": "Backup Operators",
    "message": "A member was added to a security-enabled global group. Subject: bmartin"
  },
  {
    "_time": "2024-01-01T01:19:07",
    "source": "WinEventLog:Security",
    "host": "SRV-SQL-01",
    "EventCode": 4673,
    "event_type": "privileged_service",
    "attack_category": "privilege_escalation",
    "user": "bmartin",
    "src_ip": "91.108.4.12",
    "dest_host": "DC-01",
    "domain": "CORP",
    "privileges": "SeTcbPrivilege",
    "target_group": "Administrators",
    "message": "A privileged service was called. Subject: bmartin"
  },
  {
    "_time": "2024-01-01T01:20:58",
    "source": "WinEventLog:Security",
    "host": "SRV-SQL-01",
    "EventCode": 4672,
    "event_type": "special_logon",
    "attack_category": "privilege_escalation",
    "user": "jsmith",
    "src_ip": "192.168.1.101",
    "dest_host": "DC-01",
    "domain": "CORP",
    "privileges": "SeBackupPrivilege",
    "target_group": "Domain Admins",
    "message": "Special privileges assigned to new logon. Subject: jsmith"
  },
  {
    "_time": "2024-01-01T01:22:36",
    "source": "WinEventLog:Security",
    "host": "SRV-SQL-01",
    "EventCode": 4672,
    "event_type": "special_logon",
    "attack_category": "privilege_escalation",
    "user": "svc_backup",
    "src_ip": "185.220.101.45",
    "dest_host": "DC-01",
    "domain": "CORP",
    "privileges": "SeRestorePrivilege",
    "target_group": "Domain Admins",
    "message": "Special privileges assigned to new logon. Subject: svc_backup"
  },
  {
    "_time": "2024-01-01T01:23:49",
    "source": "WinEventLog:Security",
    "host": "SRV-SQL-01",
    "EventCode": 4728,
    "event_type": "group_add_global",
    "attack_category": "privilege_escalation",
    "user": "bmartin",
    "src_ip": "10.0.0.5",
    "dest_host": "DC-01",
    "domain": "CORP",
    "privileges": "SeDebugPrivilege",
    "target_group": "Domain Admins",
    "message": "A member was added to a security-enabled global group. Subject: bmartin"
  },
  {
    "_time": "2024-01-01T01:24:31",
    "source": "WinEventLog:Security",
    "host": "DC-01",
    "EventCode": 4674,
    "event_type": "privileged_object",
    "attack_category": "privilege_escalation",
    "user": "bmartin",
    "src_ip": "10.0.0.5",
    "dest_host": "DC-01",
    "domain": "CORP",
    "privileges": "SeTcbPrivilege",
    "target_group": "Backup Operators",
    "message": "An operation was attempted on a privileged object. Subject: bmartin"
  },
  {
    "_time": "2024-01-01T01:24:43",
    "source": "WinEventLog:Security",
    "host": "SRV-SQL-01",
    "EventCode": 4728,
    "event_type": "group_add_global",
    "attack_category": "privilege_escalation",
    "user": "bmartin",
    "src_ip": "192.168.1.101",
    "dest_host": "DC-01",
    "domain": "CORP",
    "privileges": "SeDebugPrivilege",
    "target_group": "Administrators",
    "message": "A member was added to a security-enabled global group. Subject: bmartin"
  },
  {
    "_time": "2024-01-01T01:26:16",
    "source": "WinEventLog:Security",
    "host": "SRV-SQL-01",
    "EventCode": 4732,
    "event_type": "group_add",
    "attack_category": "privilege_escalation",
    "user": "bmartin",
    "src_ip": "10.0.2.34",
    "dest_host": "DC-01",
    "domain": "CORP",
    "privileges": "SeTcbPrivilege",
    "target_group": "Backup Operators",
    "message": "A member was added to a security-enabled local group. Subject: bmartin"
  },
  {
    "_time": "2024-01-01T01:28:10",
    "source": "WinEventLog:Security",
    "host": "SRV-SQL-01",
    "EventCode": 4732,
    "event_type": "group_add",
    "attack_category": "privilege_escalation",
    "user": "bmartin",
    "src_ip": "10.0.0.5",
    "dest_host": "DC-01",
    "domain": "CORP",
    "privileges": "SeRestorePrivilege",
    "target_group": "Domain Admins",
    "message": "A member was added to a security-enabled local group. Subject: bmartin"
  },
  {
    "_time": "2024-01-01T01:29:01",
    "source": "WinEventLog:Security",
    "host": "DC-01",
    "EventCode": 4732,
    "event_type": "group_add",
    "attack_category": "privilege_escalation",
    "user": "svc_backup",
    "src_ip": "91.108.4.12",
    "dest_host": "DC-01",
    "domain": "CORP",
    "privileges": "SeTcbPrivilege",
    "target_group": "Domain Admins",
    "message": "A member was added to a security-enabled local group. Subject: svc_backup"
  },
  {
    "_time": "2024-01-01T01:30:14",
    "source": "WinEventLog:Security",
    "host": "SRV-SQL-01",
    "EventCode": 4732,
    "event_type": "group_add",
    "attack_category": "privilege_escalation",
    "user": "bmartin",
    "src_ip": "185.220.101.45",
    "dest_host": "DC-01",
    "domain": "CORP",
    "privileges": "SeRestorePrivilege",
    "target_group": "Backup Operators",
    "message": "A member was added to a security-enabled local group. Subject: bmartin"
  },
  {
    "_time": "2024-01-01T01:30:35",
    "source": "WinEventLog:Security",
    "host": "SRV-SQL-01",
    "EventCode": 4672,
    "event_type": "special_logon",
    "attack_category": "privilege_escalation",
    "user": "svc_backup",
    "src_ip": "10.0.2.34",
    "dest_host": "DC-01",
    "domain": "CORP",
    "privileges": "SeBackupPrivilege",
    "target_group": "Administrators",
    "message": "Special privileges assigned to new logon. Subject: svc_backup"
  },
  {
    "_time": "2024-01-01T01:32:30",
    "source": "WinEventLog:Security",
    "host": "DC-01",
    "EventCode": 4732,
    "event_type": "group_add",
    "attack_category": "privilege_escalation",
    "user": "bmartin",
    "src_ip": "185.220.101.45",
    "dest_host": "DC-01",
    "domain": "CORP",
    "privileges": "SeRestorePrivilege",
    "target_group": "Domain Admins",
    "message": "A member was added to a security-enabled local group. Subject: bmartin"
  },
  {
    "_time": "2024-01-01T01:33:46",
    "source": "WinEventLog:Security",
    "host": "SRV-SQL-01",
    "EventCode": 4672,
    "event_type": "special_logon",
    "attack_category": "privilege_escalation",
    "user": "jsmith",
    "src_ip": "192.168.1.101",
    "dest_host": "DC-01",
    "domain": "CORP",
    "privileges": "SeRestorePrivilege",
    "target_group": "Backup Operators",
    "message": "Special privileges assigned to new logon. Subject: jsmith"
  },
  {
    "_time": "2024-01-01T01:34:22",
    "source": "WinEventLog:Security",
    "host": "SRV-SQL-01",
    "EventCode": 4732,
    "event_type": "group_add",
    "attack_category": "privilege_escalation",
    "user": "jsmith",
    "src_ip": "192.168.1.101",
    "dest_host": "DC-01",
    "domain": "CORP",
    "privileges": "SeTcbPrivilege",
    "target_group": "Domain Admins",
    "message": "A member was added to a security-enabled local group. Subject: jsmith"
  },
