  {
    "_time": "2024-01-01T15:51:36",
    "source": "WinEventLog:Security",
    "host": "SRV-WEB-01",
    "EventCode": 4625,
    "event_type": "failed_login",
    "attack_category": "rdp_brute_force",
    "user": "administrator",
    "src_ip": "45.142.212.100",
    "dest_host": "SRV-WEB-01",
    "domain": "ACME",
    "logon_type": 10,
    "dest_port": 3389,
    "failure_reason": "Bad password",
    "message": "RDP brute force attempt: administrator from 45.142.212.100"
  },
  {
    "_time": "2024-01-01T15:51:57",
    "source": "WinEventLog:Security",
    "host": "DC-01",
    "EventCode": 4625,
    "event_type": "failed_login",
    "attack_category": "rdp_brute_force",
    "user": "administrator",
    "src_ip": "91.108.4.12",
    "dest_host": "SRV-WEB-01",
    "domain": "ACME",
    "logon_type": 10,
    "dest_port": 3389,
    "failure_reason": "Bad password",
    "message": "RDP brute force attempt: administrator from 91.108.4.12"
  },
  {
    "_time": "2024-01-01T15:52:22",
    "source": "WinEventLog:Security",
    "host": "DC-01",
    "EventCode": 4625,
    "event_type": "failed_login",
    "attack_category": "rdp_brute_force",
    "user": "administrator",
    "src_ip": "77.91.68.33",
    "dest_host": "SRV-WEB-01",
    "domain": "ACME",
    "logon_type": 10,
    "dest_port": 3389,
    "failure_reason": "Bad password",
    "message": "RDP brute force attempt: administrator from 77.91.68.33"
  },
  {
    "_time": "2024-01-01T15:52:46",
    "source": "WinEventLog:Security",
    "host": "SRV-WEB-01",
    "EventCode": 4625,
    "event_type": "failed_login",
    "attack_category": "rdp_brute_force",
    "user": "administrator",
    "src_ip": "185.220.101.45",
    "dest_host": "SRV-WEB-01",
    "domain": "ACME",
    "logon_type": 10,
    "dest_port": 3389,
    "failure_reason": "Bad password",
    "message": "RDP brute force attempt: administrator from 185.220.101.45"
  },
  {
    "_time": "2024-01-01T15:52:51",
    "source": "WinEventLog:Security",
    "host": "DC-01",
    "EventCode": 4625,
    "event_type": "failed_login",
    "attack_category": "rdp_brute_force",
    "user": "administrator",
    "src_ip": "91.108.4.12",
    "dest_host": "SRV-WEB-01",
    "domain": "CONTOSO",
    "logon_type": 10,
    "dest_port": 3389,
    "failure_reason": "Bad password",
    "message": "RDP brute force attempt: administrator from 91.108.4.12"
  },
  {
    "_time": "2024-01-01T15:53:08",
    "source": "WinEventLog:Security",
    "host": "DC-01",
    "EventCode": 4625,
    "event_type": "failed_login",
    "attack_category": "rdp_brute_force",
    "user": "administrator",
    "src_ip": "103.97.125.220",
    "dest_host": "SRV-WEB-01",
    "domain": "ACME",
    "logon_type": 10,
    "dest_port": 3389,
    "failure_reason": "Bad password",
    "message": "RDP brute force attempt: administrator from 103.97.125.220"
  },
  {
    "_time": "2024-01-01T15:53:17",
    "source": "WinEventLog:Security",
    "host": "DC-01",
    "EventCode": 4625,
    "event_type": "failed_login",
    "attack_category": "rdp_brute_force",
    "user": "administrator",
    "src_ip": "185.220.101.45",
    "dest_host": "SRV-WEB-01",
    "domain": "CONTOSO",
    "logon_type": 10,
    "dest_port": 3389,
    "failure_reason": "Bad password",
    "message": "RDP brute force attempt: administrator from 185.220.101.45"
  },
  {
    "_time": "2024-01-01T15:53:43",
    "source": "WinEventLog:Security",
    "host": "SRV-WEB-01",
    "EventCode": 4625,
    "event_type": "failed_login",
    "attack_category": "rdp_brute_force",
    "user": "administrator",
    "src_ip": "103.97.125.220",
    "dest_host": "SRV-WEB-01",
    "domain": "CONTOSO",
    "logon_type": 10,
    "dest_port": 3389,
    "failure_reason": "Bad password",
    "message": "RDP brute force attempt: administrator from 103.97.125.220"
  },
  {
    "_time": "2024-01-01T15:53:51",
    "source": "WinEventLog:Security",
    "host": "DC-01",
    "EventCode": 4625,
    "event_type": "failed_login",
    "attack_category": "rdp_brute_force",
    "user": "rdpuser",
    "src_ip": "91.108.4.12",
    "dest_host": "SRV-WEB-01",
    "domain": "CORP",
    "logon_type": 10,
    "dest_port": 3389,
    "failure_reason": "Bad password",
    "message": "RDP brute force attempt: rdpuser from 91.108.4.12"
  },
  {
    "_time": "2024-01-01T15:54:21",
    "source": "WinEventLog:Security",
    "host": "SRV-WEB-01",
    "EventCode": 4625,
    "event_type": "failed_login",
    "attack_category": "rdp_brute_force",
    "user": "administrator",
    "src_ip": "198.54.117.200",
    "dest_host": "SRV-WEB-01",
    "domain": "ACME",
    "logon_type": 10,
    "dest_port": 3389,
    "failure_reason": "Bad password",
    "message": "RDP brute force attempt: administrator from 198.54.117.200"
  },
  {
    "_time": "2024-01-01T15:54:32",
    "source": "WinEventLog:Security",
    "host": "DC-01",
    "EventCode": 4625,
    "event_type": "failed_login",
    "attack_category": "rdp_brute_force",
    "user": "admin",
    "src_ip": "45.142.212.100",
    "dest_host": "SRV-WEB-01",
    "domain": "ACME",
    "logon_type": 10,
    "dest_port": 3389,
    "failure_reason": "Bad password",
    "message": "RDP brute force attempt: admin from 45.142.212.100"
  },
  {
    "_time": "2024-01-01T15:54:50",
    "source": "WinEventLog:Security",
    "host": "SRV-WEB-01",
    "EventCode": 4625,
    "event_type": "failed_login",
    "attack_category": "rdp_brute_force",
    "user": "admin",
    "src_ip": "194.165.16.78",
    "dest_host": "SRV-WEB-01",
    "domain": "ACME",
    "logon_type": 10,
    "dest_port": 3389,
    "failure_reason": "Bad password",
    "message": "RDP brute force attempt: admin from 194.165.16.78"
  },
  {
    "_time": "2024-01-01T15:55:10",
    "source": "WinEventLog:Security",
    "host": "DC-01",
    "EventCode": 4625,
    "event_type": "failed_login",
    "attack_category": "rdp_brute_force",
    "user": "administrator",
    "src_ip": "198.54.117.200",
    "dest_host": "SRV-WEB-01",
    "domain": "CORP",
    "logon_type": 10,
    "dest_port": 3389,
    "failure_reason": "Bad password",
    "message": "RDP brute force attempt: administrator from 198.54.117.200"
  },
  {
    "_time": "2024-01-01T15:55:15",
    "source": "WinEventLog:Security",
    "host": "SRV-WEB-01",
    "EventCode": 4625,
    "event_type": "failed_login",
    "attack_category": "rdp_brute_force",
    "user": "administrator",
    "src_ip": "91.108.4.12",
    "dest_host": "SRV-WEB-01",
    "domain": "ACME",
    "logon_type": 10,
    "dest_port": 3389,
    "failure_reason": "Bad password",
    "message": "RDP brute force attempt: administrator from 91.108.4.12"
  },
  {
    "_time": "2024-01-01T15:55:41",
    "source": "WinEventLog:Security",
    "host": "SRV-WEB-01",
    "EventCode": 4625,
    "event_type": "failed_login",
    "attack_category": "rdp_brute_force",
    "user": "admin",
    "src_ip": "194.165.16.78",
    "dest_host": "SRV-WEB-01",
    "domain": "ACME",
    "logon_type": 10,
    "dest_port": 3389,
    "failure_reason": "Bad password",
    "message": "RDP brute force attempt: admin from 194.165.16.78"
  },
  {
    "_time": "2024-01-01T15:55:48",
    "source": "WinEventLog:Security",
    "host": "DC-01",
    "EventCode": 4625,
    "event_type": "failed_login",
    "attack_category": "rdp_brute_force",
    "user": "rdpuser",
    "src_ip": "91.108.4.12",
    "dest_host": "SRV-WEB-01",
    "domain": "ACME",
    "logon_type": 10,
    "dest_port": 3389,
    "failure_reason": "Bad password",
    "message": "RDP brute force attempt: rdpuser from 91.108.4.12"
  },
  {
    "_time": "2024-01-01T15:56:00",
    "source": "WinEventLog:Security",
    "host": "DC-01",
    "EventCode": 4625,
    "event_type": "failed_login",
    "attack_category": "rdp_brute_force",
    "user": "admin",
    "src_ip": "103.97.125.220",
    "dest_host": "SRV-WEB-01",
    "domain": "CONTOSO",
    "logon_type": 10,
    "dest_port": 3389,
    "failure_reason": "Bad password",
    "message": "RDP brute force attempt: admin from 103.97.125.220"
  },
  {
    "_time": "2024-01-01T15:56:06",
    "source": "WinEventLog:Security",
    "host": "SRV-WEB-01",
    "EventCode": 4625,
    "event_type": "failed_login",
    "attack_category": "rdp_brute_force",
    "user": "administrator",
    "src_ip": "194.165.16.78",
    "dest_host": "SRV-WEB-01",
    "domain": "CONTOSO",
    "logon_type": 10,
    "dest_port": 3389,
    "failure_reason": "Bad password",
    "message": "RDP brute force attempt: administrator from 194.165.16.78"
  },
  {
    "_time": "2024-01-01T15:56:22",
    "source": "WinEventLog:Security",
    "host": "DC-01",
    "EventCode": 4625,
    "event_type": "failed_login",
    "attack_category": "rdp_brute_force",
    "user": "rdpuser",
    "src_ip": "185.56.80.65",
    "dest_host": "SRV-WEB-01",
    "domain": "ACME",
    "logon_type": 10,
    "dest_port": 3389,
    "failure_reason": "Bad password",
    "message": "RDP brute force attempt: rdpuser from 185.56.80.65"
  },
  {
    "_time": "2024-01-01T15:56:30",
    "source": "WinEventLog:Security",
    "host": "SRV-WEB-01",
    "EventCode": 4625,
    "event_type": "failed_login",
    "attack_category": "rdp_brute_force",
    "user": "administrator",
    "src_ip": "185.220.101.45",
    "dest_host": "SRV-WEB-01",
    "domain": "CORP",
    "logon_type": 10,
    "dest_port": 3389,
    "failure_reason": "Bad password",
    "message": "RDP brute force attempt: administrator from 185.220.101.45"
  },
  {
    "_time": "2024-01-01T15:56:56",
    "source": "WinEventLog:Security",
    "host": "DC-01",
    "EventCode": 4625,
    "event_type": "failed_login",
    "attack_category": "rdp_brute_force",
    "user": "rdpuser",
    "src_ip": "194.165.16.78",
    "dest_host": "SRV-WEB-01",
    "domain": "CONTOSO",
    "logon_type": 10,
    "dest_port": 3389,
    "failure_reason": "Bad password",
    "message": "RDP brute force attempt: rdpuser from 194.165.16.78"
  },
  {
    "_time": "2024-01-01T15:57:15",
    "source": "WinEventLog:Security",
    "host": "SRV-WEB-01",
    "EventCode": 4625,
    "event_type": "failed_login",
    "attack_category": "rdp_brute_force",
    "user": "rdpuser",
    "src_ip": "103.97.125.220",
    "dest_host": "SRV-WEB-01",
    "domain": "CONTOSO",
    "logon_type": 10,
    "dest_port": 3389,
    "failure_reason": "Bad password",
    "message": "RDP brute force attempt: rdpuser from 103.97.125.220"
  },
  {
    "_time": "2024-01-01T15:57:30",
    "source": "WinEventLog:Security",
    "host": "DC-01",
    "EventCode": 4625,
    "event_type": "failed_login",
    "attack_category": "rdp_brute_force",
    "user": "administrator",
    "src_ip": "91.108.4.12",
    "dest_host": "SRV-WEB-01",
    "domain": "CONTOSO",
    "logon_type": 10,
    "dest_port": 3389,
    "failure_reason": "Bad password",
    "message": "RDP brute force attempt: administrator from 91.108.4.12"
  },
  {
    "_time": "2024-01-01T15:57:49",
    "source": "WinEventLog:Security",
    "host": "DC-01",
    "EventCode": 4625,
    "event_type": "failed_login",
    "attack_category": "rdp_brute_force",
    "user": "admin",
    "src_ip": "77.91.68.33",
    "dest_host": "SRV-WEB-01",
    "domain": "CONTOSO",
    "logon_type": 10,
    "dest_port": 3389,
    "failure_reason": "Bad password",
    "message": "RDP brute force attempt: admin from 77.91.68.33"
  },
  {
    "_time": "2024-01-01T15:58:14",
    "source": "WinEventLog:Security",
    "host": "SRV-WEB-01",
    "EventCode": 4625,
    "event_type": "failed_login",
    "attack_category": "rdp_brute_force",
    "user": "administrator",
    "src_ip": "91.108.4.12",
    "dest_host": "SRV-WEB-01",
    "domain": "ACME",
    "logon_type": 10,
    "dest_port": 3389,
    "failure_reason": "Bad password",
    "message": "RDP brute force attempt: administrator from 91.108.4.12"
  },
  {
    "_time": "2024-01-01T15:58:42",
    "source": "WinEventLog:Security",
    "host": "SRV-WEB-01",
    "EventCode": 4625,
    "event_type": "failed_login",
    "attack_category": "rdp_brute_force",
    "user": "administrator",
    "src_ip": "194.165.16.78",
    "dest_host": "SRV-WEB-01",
    "domain": "CONTOSO",
    "logon_type": 10,
    "dest_port": 3389,
    "failure_reason": "Bad password",
    "message": "RDP brute force attempt: administrator from 194.165.16.78"
  },
  {
    "_time": "2024-01-01T15:59:05",
    "source": "WinEventLog:Security",
    "host": "SRV-WEB-01",
    "EventCode": 4625,
    "event_type": "failed_login",
    "attack_category": "rdp_brute_force",
    "user": "admin",
    "src_ip": "198.54.117.200",
    "dest_host": "SRV-WEB-01",
    "domain": "ACME",
    "logon_type": 10,
    "dest_port": 3389,
    "failure_reason": "Bad password",
    "message": "RDP brute force attempt: admin from 198.54.117.200"
  },
  {
    "_time": "2024-01-01T15:59:22",
    "source": "WinEventLog:Security",
    "host": "SRV-WEB-01",
    "EventCode": 4625,
    "event_type": "failed_login",
    "attack_category": "rdp_brute_force",
    "user": "admin",
    "src_ip": "185.220.101.45",
    "dest_host": "SRV-WEB-01",
    "domain": "CONTOSO",
    "logon_type": 10,
    "dest_port": 3389,
    "failure_reason": "Bad password",
    "message": "RDP brute force attempt: admin from 185.220.101.45"
  },
  {
    "_time": "2024-01-01T15:59:42",
    "source": "WinEventLog:Security",
    "host": "DC-01",
    "EventCode": 4625,
    "event_type": "failed_login",
    "attack_category": "rdp_brute_force",
    "user": "administrator",
    "src_ip": "77.91.68.33",
    "dest_host": "SRV-WEB-01",
    "domain": "CORP",
    "logon_type": 10,
    "dest_port": 3389,
    "failure_reason": "Bad password",
    "message": "RDP brute force attempt: administrator from 77.91.68.33"
  },
  {
    "_time": "2024-01-01T15:59:49",
    "source": "WinEventLog:Security",
    "host": "SRV-WEB-01",
    "EventCode": 4625,
    "event_type": "failed_login",
    "attack_category": "rdp_brute_force",
    "user": "admin",
    "src_ip": "185.56.80.65",
    "dest_host": "SRV-WEB-01",
    "domain": "ACME",
    "logon_type": 10,
    "dest_port": 3389,
    "failure_reason": "Bad password",
    "message": "RDP brute force attempt: admin from 185.56.80.65"
  },
  {
    "_time": "2024-01-01T16:00:15",
    "source": "WinEventLog:Security",
    "host": "DC-01",
    "EventCode": 4625,
    "event_type": "failed_login",
    "attack_category": "rdp_brute_force",
    "user": "rdpuser",
    "src_ip": "45.142.212.100",
    "dest_host": "SRV-WEB-01",
    "domain": "ACME",
    "logon_type": 10,
    "dest_port": 3389,
    "failure_reason": "Bad password",
    "message": "RDP brute force attempt: rdpuser from 45.142.212.100"
  },
  {
    "_time": "2024-01-01T16:00:36",
    "source": "WinEventLog:Security",
    "host": "DC-01",
    "EventCode": 4625,
    "event_type": "failed_login",
    "attack_category": "rdp_brute_force",
    "user": "rdpuser",
    "src_ip": "91.108.4.12",
    "dest_host": "SRV-WEB-01",
    "domain": "ACME",
    "logon_type": 10,
    "dest_port": 3389,
    "failure_reason": "Bad password",
    "message": "RDP brute force attempt: rdpuser from 91.108.4.12"
  },
  {
    "_time": "2024-01-01T16:01:04",
    "source": "WinEventLog:Security",
    "host": "DC-01",
    "EventCode": 4625,
    "event_type": "failed_login",
    "attack_category": "rdp_brute_force",
    "user": "administrator",
    "src_ip": "198.54.117.200",
    "dest_host": "SRV-WEB-01",
    "domain": "ACME",
    "logon_type": 10,
    "dest_port": 3389,
    "failure_reason": "Bad password",
    "message": "RDP brute force attempt: administrator from 198.54.117.200"
  },
  {
    "_time": "2024-01-01T16:01:30",
    "source": "WinEventLog:Security",
    "host": "SRV-WEB-01",
    "EventCode": 4625,
    "event_type": "failed_login",
    "attack_category": "rdp_brute_force",
    "user": "rdpuser",
    "src_ip": "77.91.68.33",
    "dest_host": "SRV-WEB-01",
    "domain": "ACME",
    "logon_type": 10,
    "dest_port": 3389,
    "failure_reason": "Bad password",
    "message": "RDP brute force attempt: rdpuser from 77.91.68.33"
  },
  {
    "_time": "2024-01-01T16:01:54",
    "source": "WinEventLog:Security",
    "host": "SRV-WEB-01",
    "EventCode": 4625,
    "event_type": "failed_login",
    "attack_category": "rdp_brute_force",
    "user": "administrator",
    "src_ip": "185.220.101.45",
    "dest_host": "SRV-WEB-01",
    "domain": "ACME",
    "logon_type": 10,
    "dest_port": 3389,
    "failure_reason": "Bad password",
    "message": "RDP brute force attempt: administrator from 185.220.101.45"
  },
  {
    "_time": "2024-01-01T16:02:14",
    "source": "WinEventLog:Security",
    "host": "SRV-WEB-01",
    "EventCode": 4625,
    "event_type": "failed_login",
    "attack_category": "rdp_brute_force",
    "user": "admin",
    "src_ip": "194.165.16.78",
    "dest_host": "SRV-WEB-01",
    "domain": "CONTOSO",
    "logon_type": 10,
    "dest_port": 3389,
    "failure_reason": "Bad password",
    "message": "RDP brute force attempt: admin from 194.165.16.78"
  },
  {
    "_time": "2024-01-01T16:02:29",
    "source": "WinEventLog:Security",
    "host": "DC-01",
    "EventCode": 4625,
    "event_type": "failed_login",
    "attack_category": "rdp_brute_force",
    "user": "administrator",
    "src_ip": "185.56.80.65",
    "dest_host": "SRV-WEB-01",
    "domain": "CORP",
    "logon_type": 10,
    "dest_port": 3389,
    "failure_reason": "Bad password",
    "message": "RDP brute force attempt: administrator from 185.56.80.65"
  },
  {
    "_time": "2024-01-01T16:02:50",
    "source": "WinEventLog:Security",
    "host": "DC-01",
    "EventCode": 4625,
    "event_type": "failed_login",
    "attack_category": "rdp_brute_force",
    "user": "administrator",
    "src_ip": "77.91.68.33",
    "dest_host": "SRV-WEB-01",
    "domain": "CORP",
    "logon_type": 10,
    "dest_port": 3389,
    "failure_reason": "Bad password",
    "message": "RDP brute force attempt: administrator from 77.91.68.33"
  },
  {
    "_time": "2024-01-01T16:02:57",
    "source": "WinEventLog:Security",
    "host": "DC-01",
    "EventCode": 4625,
    "event_type": "failed_login",
    "attack_category": "rdp_brute_force",
    "user": "admin",
    "src_ip": "198.54.117.200",
    "dest_host": "SRV-WEB-01",
    "domain": "CORP",
    "logon_type": 10,
    "dest_port": 3389,
    "failure_reason": "Bad password",
    "message": "RDP brute force attempt: admin from 198.54.117.200"
  },
  {
    "_time": "2024-01-01T16:03:17",
    "source": "WinEventLog:Security",
    "host": "SRV-WEB-01",
    "EventCode": 4625,
    "event_type": "failed_login",
    "attack_category": "rdp_brute_force",
    "user": "admin",
    "src_ip": "185.56.80.65",
    "dest_host": "SRV-WEB-01",
    "domain": "CONTOSO",
    "logon_type": 10,
    "dest_port": 3389,
    "failure_reason": "Bad password",
    "message": "RDP brute force attempt: admin from 185.56.80.65"
  },
  {
    "_time": "2024-01-01T16:03:45",
    "source": "WinEventLog:Security",
    "host": "SRV-WEB-01",
    "EventCode": 4625,
    "event_type": "failed_login",
    "attack_category": "rdp_brute_force",
    "user": "rdpuser",
    "src_ip": "185.220.101.45",
    "dest_host": "SRV-WEB-01",
    "domain": "CONTOSO",
    "logon_type": 10,
    "dest_port": 3389,
    "failure_reason": "Bad password",
    "message": "RDP brute force attempt: rdpuser from 185.220.101.45"
  },
  {
    "_time": "2024-01-01T16:04:03",
    "source": "WinEventLog:Security",
    "host": "SRV-WEB-01",
    "EventCode": 4625,
    "event_type": "failed_login",
    "attack_category": "rdp_brute_force",
    "user": "administrator",
    "src_ip": "185.220.101.45",
    "dest_host": "SRV-WEB-01",
    "domain": "ACME",
    "logon_type": 10,
    "dest_port": 3389,
    "failure_reason": "Bad password",
    "message": "RDP brute force attempt: administrator from 185.220.101.45"
  },
  {
    "_time": "2024-01-01T16:04:27",
    "source": "WinEventLog:Security",
    "host": "SRV-WEB-01",
    "EventCode": 4625,
    "event_type": "failed_login",
    "attack_category": "rdp_brute_force",
    "user": "rdpuser",
    "src_ip": "103.97.125.220",
    "dest_host": "SRV-WEB-01",
    "domain": "ACME",
    "logon_type": 10,
    "dest_port": 3389,
    "failure_reason": "Bad password",
    "message": "RDP brute force attempt: rdpuser from 103.97.125.220"
  },
  {
    "_time": "2024-01-01T16:04:53",
    "source": "WinEventLog:Security",
    "host": "DC-01",
    "EventCode": 4625,
    "event_type": "failed_login",
    "attack_category": "rdp_brute_force",
    "user": "admin",
    "src_ip": "185.56.80.65",
    "dest_host": "SRV-WEB-01",
    "domain": "CORP",
    "logon_type": 10,
    "dest_port": 3389,
    "failure_reason": "Bad password",
    "message": "RDP brute force attempt: admin from 185.56.80.65"
  },
  {
    "_time": "2024-01-01T16:05:05",
    "source": "WinEventLog:Security",
    "host": "DC-01",
    "EventCode": 4625,
    "event_type": "failed_login",
    "attack_category": "rdp_brute_force",
    "user": "admin",
    "src_ip": "185.56.80.65",
    "dest_host": "SRV-WEB-01",
    "domain": "ACME",
    "logon_type": 10,
    "dest_port": 3389,
    "failure_reason": "Bad password",
    "message": "RDP brute force attempt: admin from 185.56.80.65"
  },
  {
    "_time": "2024-01-01T16:05:31",
    "source": "WinEventLog:Security",
    "host": "SRV-WEB-01",
    "EventCode": 4625,
    "event_type": "failed_login",
    "attack_category": "rdp_brute_force",
    "user": "admin",
    "src_ip": "198.54.117.200",
    "dest_host": "SRV-WEB-01",
    "domain": "CORP",
    "logon_type": 10,
    "dest_port": 3389,
    "failure_reason": "Bad password",
    "message": "RDP brute force attempt: admin from 198.54.117.200"
  },
  {
    "_time": "2024-01-01T16:09:31",
    "source": "firewall",
    "host": "WS-IT-05",
    "EventCode": 5156,
    "event_type": "large_outbound_transfer",
    "attack_category": "data_exfiltration",
    "user": "jsmith",
    "src_ip": "10.0.2.34",
    "dest_ip": "198.51.100.23",
    "dest_host": "198.51.100.23",
    "dest_port": 53,
    "bytes_out": 12135164,
    "protocol": "TCP",
    "action": "allow",
    "message": "Large data transfer to external IP 198.51.100.23 by jsmith"
  },
  {
    "_time": "2024-01-01T16:10:31",
    "source": "firewall",
    "host": "WS-HR-02",
    "EventCode": 5156,
    "event_type": "large_outbound_transfer",
    "attack_category": "data_exfiltration",
    "user": "jsmith",
    "src_ip": "192.168.1.50",
    "dest_ip": "198.51.100.23",
    "dest_host": "198.51.100.23",
    "dest_port": 443,
    "bytes_out": 22065066,
    "protocol": "TCP",
    "action": "allow",
    "message": "Large data transfer to external IP 198.51.100.23 by jsmith"
  },
  {
    "_time": "2024-01-01T16:20:31",
    "source": "firewall",
    "host": "WS-FINANCE-01",
    "EventCode": 5156,
    "event_type": "large_outbound_transfer",
    "attack_category": "data_exfiltration",
    "user": "jsmith",
    "src_ip": "192.168.1.50",
    "dest_ip": "203.0.113.55",
    "dest_host": "203.0.113.55",
    "dest_port": 80,
    "bytes_out": 35671838,
    "protocol": "TCP",
    "action": "allow",
    "message": "Large data transfer to external IP 203.0.113.55 by jsmith"
  },
  {
    "_time": "2024-01-01T16:24:31",
    "source": "firewall",
    "host": "LAPTOP-EXEC-03",
    "EventCode": 5156,
    "event_type": "large_outbound_transfer",
    "attack_category": "data_exfiltration",
    "user": "backdoor_admin",
    "src_ip": "192.168.1.50",
    "dest_ip": "203.0.113.55",
    "dest_host": "203.0.113.55",
    "dest_port": 443,
    "bytes_out": 47496048,
    "protocol": "TCP",
    "action": "allow",
    "message": "Large data transfer to external IP 203.0.113.55 by backdoor_admin"
  },
  {
    "_time": "2024-01-01T16:34:31",
    "source": "firewall",
    "host": "DC-01",
    "EventCode": 5156,
    "event_type": "large_outbound_transfer",
    "attack_category": "data_exfiltration",
    "user": "jsmith",
    "src_ip": "192.168.1.101",
    "dest_ip": "198.51.100.23",
    "dest_host": "198.51.100.23",
    "dest_port": 80,
    "bytes_out": 38475823,
    "protocol": "TCP",
    "action": "allow",
    "message": "Large data transfer to external IP 198.51.100.23 by jsmith"
  },
  {
    "_time": "2024-01-01T16:35:31",
    "source": "firewall",
    "host": "DC-01",
    "EventCode": 5156,
    "event_type": "large_outbound_transfer",
    "attack_category": "data_exfiltration",
    "user": "jsmith",
    "src_ip": "192.168.1.101",
    "dest_ip": "185.220.101.45",
    "dest_host": "185.220.101.45",
    "dest_port": 22,
    "bytes_out": 39113643,
    "protocol": "TCP",
    "action": "allow",
    "message": "Large data transfer to external IP 185.220.101.45 by jsmith"
  },
  {
    "_time": "2024-01-01T16:38:31",
    "source": "firewall",
    "host": "LAPTOP-EXEC-03",
    "EventCode": 5156,
    "event_type": "large_outbound_transfer",
    "attack_category": "data_exfiltration",
    "user": "jsmith",
    "src_ip": "10.0.1.12",
    "dest_ip": "185.220.101.45",
    "dest_host": "185.220.101.45",
    "dest_port": 443,
    "bytes_out": 30998348,
    "protocol": "TCP",
    "action": "allow",
    "message": "Large data transfer to external IP 185.220.101.45 by jsmith"
  },
  {
    "_time": "2024-01-01T16:48:31",
    "source": "firewall",
    "host": "DC-01",
    "EventCode": 5156,
    "event_type": "large_outbound_transfer",
    "attack_category": "data_exfiltration",
    "user": "backdoor_admin",
    "src_ip": "192.168.1.50",
    "dest_ip": "185.220.101.45",
    "dest_host": "185.220.101.45",
    "dest_port": 80,
    "bytes_out": 23360708,
    "protocol": "TCP",
    "action": "allow",
    "message": "Large data transfer to external IP 185.220.101.45 by backdoor_admin"
  },
  {
    "_time": "2024-01-01T16:55:31",
    "source": "firewall",
    "host": "DC-01",
    "EventCode": 5156,
    "event_type": "large_outbound_transfer",
    "attack_category": "data_exfiltration",
    "user": "backdoor_admin",
    "src_ip": "10.0.1.12",
    "dest_ip": "198.51.100.23",
    "dest_host": "198.51.100.23",
    "dest_port": 80,
    "bytes_out": 32698879,
    "protocol": "TCP",
    "action": "allow",
    "message": "Large data transfer to external IP 198.51.100.23 by backdoor_admin"
  },
  {
    "_time": "2024-01-01T17:05:31",
    "source": "firewall",
    "host": "SRV-SQL-01",
    "EventCode": 5156,
    "event_type": "large_outbound_transfer",
    "attack_category": "data_exfiltration",
    "user": "backdoor_admin",
    "src_ip": "10.0.2.34",
    "dest_ip": "185.220.101.45",
    "dest_host": "185.220.101.45",
    "dest_port": 80,
    "bytes_out": 18481438,
    "protocol": "TCP",
    "action": "allow",
    "message": "Large data transfer to external IP 185.220.101.45 by backdoor_admin"
  },
  {
    "_time": "2024-01-01T17:09:31",
    "source": "firewall",
    "host": "WS-IT-05",
    "EventCode": 5156,
    "event_type": "large_outbound_transfer",
    "attack_category": "data_exfiltration",
    "user": "backdoor_admin",
    "src_ip": "10.0.1.12",
    "dest_ip": "185.220.101.45",
    "dest_host": "185.220.101.45",
    "dest_port": 80,
    "bytes_out": 38815716,
    "protocol": "TCP",
    "action": "allow",
    "message": "Large data transfer to external IP 185.220.101.45 by backdoor_admin"
  }
]