  {
    "_time": "2024-01-01T12:10:12",
    "source": "WinEventLog:Security",
    "host": "WS-FINANCE-01",
    "EventCode": 4624,
    "event_type": "successful_login",
    "attack_category": "normal",
    "user": "jsmith",
    "src_ip": "10.0.0.5",
    "dest_host": "WS-FINANCE-01",
    "domain": "CORP",
    "logon_type": 2,
    "message": "Normal login: jsmith from 10.0.0.5"
  },
  {
    "_time": "2024-01-01T12:12:34",
    "source": "WinEventLog:Security",
    "host": "DC-01",
    "EventCode": 4624,
    "event_type": "successful_login",
    "attack_category": "normal",
    "user": "jsmith",
    "src_ip": "192.168.1.101",
    "dest_host": "DC-01",
    "domain": "CORP",
    "logon_type": 2,
    "message": "Normal login: jsmith from 192.168.1.101"
  },
  {
    "_time": "2024-01-01T12:15:53",
    "source": "WinEventLog:Security",
    "host": "LAPTOP-EXEC-03",
    "EventCode": 4624,
    "event_type": "successful_login",
    "attack_category": "normal",
    "user": "pclark",
    "src_ip": "10.0.1.12",
    "dest_host": "LAPTOP-EXEC-03",
    "domain": "CORP",
    "logon_type": 2,
    "message": "Normal login: pclark from 10.0.1.12"
  },
  {
    "_time": "2024-01-01T12:19:17",
    "source": "WinEventLog:Security",
    "host": "WS-FINANCE-01",
    "EventCode": 4624,
    "event_type": "successful_login",
    "attack_category": "normal",
    "user": "mwilson",
    "src_ip": "10.0.2.34",
    "dest_host": "WS-FINANCE-01",
    "domain": "CORP",
    "logon_type": 2,
    "message": "Normal login: mwilson from 10.0.2.34"
  },
  {
    "_time": "2024-01-01T12:21:02",
    "source": "WinEventLog:Security",
    "host": "LAPTOP-EXEC-03",
    "EventCode": 4624,
    "event_type": "successful_login",
    "attack_category": "normal",
    "user": "pclark",
    "src_ip": "10.0.1.12",
    "dest_host": "LAPTOP-EXEC-03",
    "domain": "CORP",
    "logon_type": 2,
    "message": "Normal login: pclark from 10.0.1.12"
  },
  {
    "_time": "2024-01-01T12:26:01",
    "source": "WinEventLog:Security",
    "host": "WS-IT-05",
    "EventCode": 4624,
    "event_type": "successful_login",
    "attack_category": "normal",
    "user": "lwhite",
    "src_ip": "10.0.0.5",
    "dest_host": "WS-IT-05",
    "domain": "CORP",
    "logon_type": 10,
    "message": "Normal login: lwhite from 10.0.0.5"
  },
  {
    "_time": "2024-01-01T12:29:53",
    "source": "WinEventLog:Security",
    "host": "WS-IT-05",
    "EventCode": 4624,
    "event_type": "successful_login",
    "attack_category": "normal",
    "user": "pclark",
    "src_ip": "10.0.0.5",
    "dest_host": "WS-IT-05",
    "domain": "CORP",
    "logon_type": 3,
    "message": "Normal login: pclark from 10.0.0.5"
  },
  {
    "_time": "2024-01-01T12:33:08",
    "source": "WinEventLog:Security",
    "host": "SRV-WEB-01",
    "EventCode": 4624,
    "event_type": "successful_login",
    "attack_category": "normal",
    "user": "mwilson",
    "src_ip": "10.0.1.12",
    "dest_host": "SRV-WEB-01",
    "domain": "CORP",
    "logon_type": 3,
    "message": "Normal login: mwilson from 10.0.1.12"
  },
  {
    "_time": "2024-01-01T12:37:47",
    "source": "WinEventLog:Security",
    "host": "SRV-WEB-01",
    "EventCode": 4624,
    "event_type": "successful_login",
    "attack_category": "normal",
    "user": "lwhite",
    "src_ip": "10.0.1.12",
    "dest_host": "SRV-WEB-01",
    "domain": "CORP",
    "logon_type": 10,
    "message": "Normal login: lwhite from 10.0.1.12"
  },
  {
    "_time": "2024-01-01T12:41:19",
    "source": "WinEventLog:Security",
    "host": "LAPTOP-EXEC-03",
    "EventCode": 4624,
    "event_type": "successful_login",
    "attack_category": "normal",
    "user": "rjohnson",
    "src_ip": "192.168.1.101",
    "dest_host": "LAPTOP-EXEC-03",
    "domain": "CORP",
    "logon_type": 2,
    "message": "Normal login: rjohnson from 192.168.1.101"
  },
  {
    "_time": "2024-01-01T12:41:53",
    "source": "WinEventLog:Security",
    "host": "DC-01",
    "EventCode": 4740,
    "event_type": "account_lockout",
    "attack_category": "account_lockout",
    "user": "kthomas",
    "src_ip": "103.97.125.220",
    "dest_host": "DC-01",
    "domain": "CORP",
    "message": "User account locked out: kthomas"
  },
  {
    "_time": "2024-01-01T12:42:11",
    "source": "WinEventLog:Security",
    "host": "DC-01",
    "EventCode": 4740,
    "event_type": "account_lockout",
    "attack_category": "account_lockout",
    "user": "mwilson",
    "src_ip": "185.220.101.45",
    "dest_host": "DC-01",
    "domain": "CORP",
    "message": "User account locked out: mwilson"
  },
  {
    "_time": "2024-01-01T12:43:05",
    "source": "WinEventLog:Security",
    "host": "DC-01",
    "EventCode": 4740,
    "event_type": "account_lockout",
    "attack_category": "account_lockout",
    "user": "pclark",
    "src_ip": "77.91.68.33",
    "dest_host": "DC-01",
    "domain": "CORP",
    "message": "User account locked out: pclark"
  },
  {
    "_time": "2024-01-01T12:44:04",
    "source": "WinEventLog:Security",
    "host": "DC-01",
    "EventCode": 4740,
    "event_type": "account_lockout",
    "attack_category": "account_lockout",
    "user": "pclark",
    "src_ip": "185.220.101.45",
    "dest_host": "DC-01",
    "domain": "CORP",
    "message": "User account locked out: pclark"
  },
  {
    "_time": "2024-01-01T12:44:25",
    "source": "WinEventLog:Security",
    "host": "DC-01",
    "EventCode": 4740,
    "event_type": "account_lockout",
    "attack_category": "account_lockout",
    "user": "pclark",
    "src_ip": "185.56.80.65",
    "dest_host": "DC-01",
    "domain": "CORP",
    "message": "User account locked out: pclark"
  },
  {
    "_time": "2024-01-01T12:45:14",
    "source": "WinEventLog:Security",
    "host": "DC-01",
    "EventCode": 4740,
    "event_type": "account_lockout",
    "attack_category": "account_lockout",
    "user": "rjohnson",
    "src_ip": "91.108.4.12",
    "dest_host": "DC-01",
    "domain": "CORP",
    "message": "User account locked out: rjohnson"
  },
  {
    "_time": "2024-01-01T12:45:55",
    "source": "WinEventLog:Security",
    "host": "DC-01",
    "EventCode": 4740,
    "event_type": "account_lockout",
    "attack_category": "account_lockout",
    "user": "mwilson",
    "src_ip": "185.56.80.65",
    "dest_host": "DC-01",
    "domain": "CORP",
    "message": "User account locked out: mwilson"
  },
  {
    "_time": "2024-01-01T12:46:52",
    "source": "WinEventLog:Security",
    "host": "DC-01",
    "EventCode": 4740,
    "event_type": "account_lockout",
    "attack_category": "account_lockout",
    "user": "adavis",
    "src_ip": "45.142.212.100",
    "dest_host": "DC-01",
    "domain": "CORP",
    "message": "User account locked out: adavis"
  },
  {
    "_time": "2024-01-01T12:47:24",
    "source": "WinEventLog:Security",
    "host": "DC-01",
    "EventCode": 4740,
    "event_type": "account_lockout",
    "attack_category": "account_lockout",
    "user": "lwhite",
    "src_ip": "194.165.16.78",
    "dest_host": "DC-01",
    "domain": "CORP",
    "message": "User account locked out: lwhite"
  },
  {
    "_time": "2024-01-01T12:48:14",
    "source": "WinEventLog:Security",
    "host": "DC-01",
    "EventCode": 4740,
    "event_type": "account_lockout",
    "attack_category": "account_lockout",
    "user": "helpdesk",
    "src_ip": "91.108.4.12",
    "dest_host": "DC-01",
    "domain": "CORP",
    "message": "User account locked out: helpdesk"
  },
  {
    "_time": "2024-01-01T12:49:09",
    "source": "WinEventLog:Security",
    "host": "DC-01",
    "EventCode": 4740,
    "event_type": "account_lockout",
    "attack_category": "account_lockout",
    "user": "admin",
    "src_ip": "185.56.80.65",
    "dest_host": "DC-01",
    "domain": "CORP",
    "message": "User account locked out: admin"
  },
  {
    "_time": "2024-01-01T12:49:47",
    "source": "WinEventLog:Security",
    "host": "DC-01",
    "EventCode": 4740,
    "event_type": "account_lockout",
    "attack_category": "account_lockout",
    "user": "jsmith",
    "src_ip": "103.97.125.220",
    "dest_host": "DC-01",
    "domain": "CORP",
    "message": "User account locked out: jsmith"
  },
  {
    "_time": "2024-01-01T12:50:10",
    "source": "WinEventLog:Security",
    "host": "DC-01",
    "EventCode": 4740,
    "event_type": "account_lockout",
    "attack_category": "account_lockout",
    "user": "rjohnson",
    "src_ip": "91.108.4.12",
    "dest_host": "DC-01",
    "domain": "CORP",
    "message": "User account locked out: rjohnson"
  },
  {
    "_time": "2024-01-01T12:50:42",
    "source": "WinEventLog:Security",
    "host": "DC-01",
    "EventCode": 4740,
    "event_type": "account_lockout",
    "attack_category": "account_lockout",
    "user": "kthomas",
    "src_ip": "91.108.4.12",
    "dest_host": "DC-01",
    "domain": "CORP",
    "message": "User account locked out: kthomas"
  },
  {
    "_time": "2024-01-01T12:51:38",
    "source": "WinEventLog:Security",
    "host": "DC-01",
    "EventCode": 4740,
    "event_type": "account_lockout",
    "attack_category": "account_lockout",
    "user": "jsmith",
    "src_ip": "185.220.101.45",
    "dest_host": "DC-01",
    "domain": "CORP",
    "message": "User account locked out: jsmith"
  },
  {
    "_time": "2024-01-01T12:52:12",
    "source": "WinEventLog:Security",
    "host": "DC-01",
    "EventCode": 4740,
    "event_type": "account_lockout",
    "attack_category": "account_lockout",
    "user": "clee",
    "src_ip": "77.91.68.33",
    "dest_host": "DC-01",
    "domain": "CORP",
    "message": "User account locked out: clee"
  },
  {
    "_time": "2024-01-01T12:52:32",
    "source": "WinEventLog:Security",
    "host": "DC-01",
    "EventCode": 4740,
    "event_type": "account_lockout",
    "attack_category": "account_lockout",
    "user": "helpdesk",
    "src_ip": "77.91.68.33",
    "dest_host": "DC-01",
    "domain": "CORP",
    "message": "User account locked out: helpdesk"
  },
  {
    "_time": "2024-01-01T12:53:13",
    "source": "WinEventLog:Security",
    "host": "DC-01",
    "EventCode": 4740,
    "event_type": "account_lockout",
    "attack_category": "account_lockout",
    "user": "helpdesk",
    "src_ip": "77.91.68.33",
    "dest_host": "DC-01",
    "domain": "CORP",
    "message": "User account locked out: helpdesk"
  },
  {
    "_time": "2024-01-01T12:53:45",
    "source": "WinEventLog:Security",
    "host": "DC-01",
    "EventCode": 4740,
    "event_type": "account_lockout",
    "attack_category": "account_lockout",
    "user": "njones",
    "src_ip": "77.91.68.33",
    "dest_host": "DC-01",
    "domain": "CORP",
    "message": "User account locked out: njones"
  },
  {
    "_time": "2024-01-01T12:54:01",
    "source": "WinEventLog:Security",
    "host": "DC-01",
    "EventCode": 4740,
    "event_type": "account_lockout",
    "attack_category": "account_lockout",
    "user": "svc_sql",
    "src_ip": "198.54.117.200",
    "dest_host": "DC-01",
    "domain": "CORP",
    "message": "User account locked out: svc_sql"
  },
  {
    "_time": "2024-01-01T12:55:01",
    "source": "WinEventLog:Security",
    "host": "DC-01",
    "EventCode": 4740,
    "event_type": "account_lockout",
    "attack_category": "account_lockout",
    "user": "svc_sql",
    "src_ip": "45.142.212.100",
    "dest_host": "DC-01",
    "domain": "CORP",
    "message": "User account locked out: svc_sql"
  },
  {
    "_time": "2024-01-01T12:55:21",
    "source": "WinEventLog:Security",
    "host": "DC-01",
    "EventCode": 4740,
    "event_type": "account_lockout",
    "attack_category": "account_lockout",
    "user": "clee",
    "src_ip": "91.108.4.12",
    "dest_host": "DC-01",
    "domain": "CORP",
    "message": "User account locked out: clee"
  },
  {
    "_time": "2024-01-01T12:55:33",
    "source": "WinEventLog:Security",
    "host": "DC-01",
    "EventCode": 4740,
    "event_type": "account_lockout",
    "attack_category": "account_lockout",
    "user": "kthomas",
    "src_ip": "185.220.101.45",
    "dest_host": "DC-01",
    "domain": "CORP",
    "message": "User account locked out: kthomas"
  },
  {
    "_time": "2024-01-01T12:56:03",
    "source": "WinEventLog:Security",
    "host": "DC-01",
    "EventCode": 4740,
    "event_type": "account_lockout",
    "attack_category": "account_lockout",
    "user": "kthomas",
    "src_ip": "91.108.4.12",
    "dest_host": "DC-01",
    "domain": "CORP",
    "message": "User account locked out: kthomas"
  },
  {
    "_time": "2024-01-01T12:56:17",
    "source": "WinEventLog:Security",
    "host": "DC-01",
    "EventCode": 4740,
    "event_type": "account_lockout",
    "attack_category": "account_lockout",
    "user": "lwhite",
    "src_ip": "194.165.16.78",
    "dest_host": "DC-01",
    "domain": "CORP",
    "message": "User account locked out: lwhite"
  },
  {
    "_time": "2024-01-01T13:04:17",
    "source": "WinEventLog:Security",
    "host": "SRV-SQL-01",
    "EventCode": 4698,
    "event_type": "scheduled_task_created",
    "attack_category": "persistence",
    "user": "jsmith",
    "src_ip": "91.108.4.12",
    "dest_host": "WS-IT-05",
    "domain": "CORP",
    "task_name": "WindowsUpdate_Helper",
    "task_content": "cmd /c C:\\Temp\\WindowsUpdate_Helper.exe",
    "message": "Scheduled task created: WindowsUpdate_Helper by jsmith"
  },
  {
    "_time": "2024-01-01T13:15:17",
    "source": "WinEventLog:Security",
    "host": "SRV-WEB-01",
    "EventCode": 4698,
    "event_type": "scheduled_task_created",
    "attack_category": "persistence",
    "user": "administrator",
    "src_ip": "185.220.101.45",
    "dest_host": "DC-01",
    "domain": "CORP",
    "task_name": "BackupAgent2",
    "task_content": "cmd /c C:\\Temp\\BackupAgent2.exe",
    "message": "Scheduled task created: BackupAgent2 by administrator"
  },
  {
    "_time": "2024-01-01T13:27:17",
    "source": "WinEventLog:Security",
    "host": "WS-HR-02",
    "EventCode": 4698,
    "event_type": "scheduled_task_created",
    "attack_category": "persistence",
    "user": "jsmith",
    "src_ip": "185.220.101.45",
    "dest_host": "WS-FINANCE-01",
    "domain": "CORP",
    "task_name": "BackupAgent2",
    "task_content": "cmd /c C:\\Temp\\BackupAgent2.exe",
    "message": "Scheduled task created: BackupAgent2 by jsmith"
  },
  {
    "_time": "2024-01-01T13:34:17",
    "source": "WinEventLog:Security",
    "host": "DC-01",
    "EventCode": 4698,
    "event_type": "scheduled_task_created",
    "attack_category": "persistence",
    "user": "jsmith",
    "src_ip": "192.168.1.50",
    "dest_host": "SRV-SQL-01",
    "domain": "CORP",
    "task_name": "MicrosoftEdgeSync",
    "task_content": "cmd /c C:\\Temp\\MicrosoftEdgeSync.exe",
    "message": "Scheduled task created: MicrosoftEdgeSync by jsmith"
  },
  {
    "_time": "2024-01-01T13:47:17",
    "source": "WinEventLog:Security",
    "host": "SRV-WEB-01",
    "EventCode": 4698,
    "event_type": "scheduled_task_created",
    "attack_category": "persistence",
    "user": "administrator",
    "src_ip": "103.97.125.220",
    "dest_host": "WS-IT-05",
    "domain": "CORP",
    "task_name": "SysMonitor",
    "task_content": "cmd /c C:\\Temp\\SysMonitor.exe",
    "message": "Scheduled task created: SysMonitor by administrator"
  },
  {
    "_time": "2024-01-01T13:52:17",
    "source": "WinEventLog:Security",
    "host": "DC-01",
    "EventCode": 4698,
    "event_type": "scheduled_task_created",
    "attack_category": "persistence",
    "user": "jsmith",
    "src_ip": "10.0.1.12",
    "dest_host": "SRV-SQL-01",
    "domain": "CORP",
    "task_name": "WindowsUpdate_Helper",
    "task_content": "cmd /c C:\\Temp\\WindowsUpdate_Helper.exe",
    "message": "Scheduled task created: WindowsUpdate_Helper by jsmith"
  },
  {
    "_time": "2024-01-01T14:07:17",
    "source": "WinEventLog:Security",
    "host": "WS-FINANCE-01",
    "EventCode": 4698,
    "event_type": "scheduled_task_created",
    "attack_category": "persistence",
    "user": "backdoor_admin",
    "src_ip": "185.56.80.65",
    "dest_host": "WS-FINANCE-01",
    "domain": "CORP",
    "task_name": "MicrosoftEdgeSync",
    "task_content": "cmd /c C:\\Temp\\MicrosoftEdgeSync.exe",
    "message": "Scheduled task created: MicrosoftEdgeSync by backdoor_admin"
  },
  {
    "_time": "2024-01-01T14:15:17",
    "source": "WinEventLog:Security",
    "host": "LAPTOP-EXEC-03",
    "EventCode": 4698,
    "event_type": "scheduled_task_created",
    "attack_category": "persistence",
    "user": "jsmith",
    "src_ip": "10.0.2.34",
    "dest_host": "SRV-WEB-01",
    "domain": "CORP",
    "task_name": "SysMonitor",
    "task_content": "cmd /c C:\\Temp\\SysMonitor.exe",
    "message": "Scheduled task created: SysMonitor by jsmith"
  },
  {
    "_time": "2024-01-01T14:26:17",
    "source": "WinEventLog:Security",
    "host": "WS-FINANCE-01",
    "EventCode": 4698,
    "event_type": "scheduled_task_created",
    "attack_category": "persistence",
    "user": "backdoor_admin",
    "src_ip": "185.220.101.45",
    "dest_host": "WS-HR-02",
    "domain": "CORP",
    "task_name": "MicrosoftEdgeSync",
    "task_content": "cmd /c C:\\Temp\\MicrosoftEdgeSync.exe",
    "message": "Scheduled task created: MicrosoftEdgeSync by backdoor_admin"
  },
  {
    "_time": "2024-01-01T14:30:17",
    "source": "WinEventLog:Security",
    "host": "WS-FINANCE-01",
    "EventCode": 4698,
    "event_type": "scheduled_task_created",
    "attack_category": "persistence",
    "user": "administrator",
    "src_ip": "198.54.117.200",
    "dest_host": "LAPTOP-EXEC-03",
    "domain": "CORP",
    "task_name": "SysMonitor",
    "task_content": "cmd /c C:\\Temp\\SysMonitor.exe",
    "message": "Scheduled task created: SysMonitor by administrator"
  },
  {
    "_time": "2024-01-01T14:33:17",
    "source": "WinEventLog:Security",
    "host": "DC-01",
    "EventCode": 4698,
    "event_type": "scheduled_task_created",
    "attack_category": "persistence",
    "user": "backdoor_admin",
    "src_ip": "198.54.117.200",
    "dest_host": "SRV-WEB-01",
    "domain": "CORP",
    "task_name": "BackupAgent2",
    "task_content": "cmd /c C:\\Temp\\BackupAgent2.exe",
    "message": "Scheduled task created: BackupAgent2 by backdoor_admin"
  },
  {
    "_time": "2024-01-01T14:39:17",
    "source": "WinEventLog:Security",
    "host": "WS-HR-02",
    "EventCode": 4698,
    "event_type": "scheduled_task_created",
    "attack_category": "persistence",
    "user": "jsmith",
    "src_ip": "185.56.80.65",
    "dest_host": "DC-01",
    "domain": "CORP",
    "task_name": "BackupAgent2",
    "task_content": "cmd /c C:\\Temp\\BackupAgent2.exe",
    "message": "Scheduled task created: BackupAgent2 by jsmith"
  },
  {
    "_time": "2024-01-01T14:46:17",
    "source": "WinEventLog:Security",
    "host": "WS-FINANCE-01",
    "EventCode": 4698,
    "event_type": "scheduled_task_created",
    "attack_category": "persistence",
    "user": "jsmith",
    "src_ip": "103.97.125.220",
    "dest_host": "DC-01",
    "domain": "CORP",
    "task_name": "BackupAgent2",
    "task_content": "cmd /c C:\\Temp\\BackupAgent2.exe",
    "message": "Scheduled task created: BackupAgent2 by jsmith"
  },
  {
    "_time": "2024-01-01T14:55:17",
    "source": "WinEventLog:Security",
    "host": "LAPTOP-EXEC-03",
    "EventCode": 4698,
    "event_type": "scheduled_task_created",
    "attack_category": "persistence",
    "user": "backdoor_admin",
    "src_ip": "103.97.125.220",
    "dest_host": "SRV-SQL-01",
    "domain": "CORP",
    "task_name": "MicrosoftEdgeSync",
    "task_content": "cmd /c C:\\Temp\\MicrosoftEdgeSync.exe",
    "message": "Scheduled task created: MicrosoftEdgeSync by backdoor_admin"
  },
  {
    "_time": "2024-01-01T14:57:17",
    "source": "WinEventLog:Security",
    "host": "WS-FINANCE-01",
    "EventCode": 4698,
    "event_type": "scheduled_task_created",
    "attack_category": "persistence",
    "user": "jsmith",
    "src_ip": "10.0.2.34",
    "dest_host": "WS-IT-05",
    "domain": "CORP",
    "task_name": "WindowsUpdate_Helper",
    "task_content": "cmd /c C:\\Temp\\WindowsUpdate_Helper.exe",
    "message": "Scheduled task created: WindowsUpdate_Helper by jsmith"
  },
  {
    "_time": "2024-01-01T15:11:17",
    "source": "WinEventLog:Security",
    "host": "LAPTOP-EXEC-03",
    "EventCode": 4698,
    "event_type": "scheduled_task_created",
    "attack_category": "persistence",
    "user": "administrator",
    "src_ip": "10.0.1.12",
    "dest_host": "WS-HR-02",
    "domain": "CORP",
    "task_name": "BackupAgent2",
    "task_content": "cmd /c C:\\Temp\\BackupAgent2.exe",
    "message": "Scheduled task created: BackupAgent2 by administrator"
  },
  {
    "_time": "2024-01-01T15:21:17",
    "source": "WinEventLog:Security",
    "host": "LAPTOP-EXEC-03",
    "EventCode": 4698,
    "event_type": "scheduled_task_created",
    "attack_category": "persistence",
    "user": "jsmith",
    "src_ip": "10.0.0.5",
    "dest_host": "DC-01",
    "domain": "CORP",
    "task_name": "BackupAgent2",
    "task_content": "cmd /c C:\\Temp\\BackupAgent2.exe",
    "message": "Scheduled task created: BackupAgent2 by jsmith"
  },
  {
    "_time": "2024-01-01T15:31:17",
    "source": "WinEventLog:Security",
    "host": "SRV-SQL-01",
    "EventCode": 4698,
    "event_type": "scheduled_task_created",
    "attack_category": "persistence",
    "user": "administrator",
    "src_ip": "45.142.212.100",
    "dest_host": "DC-01",
    "domain": "CORP",
    "task_name": "BackupAgent2",
    "task_content": "cmd /c C:\\Temp\\BackupAgent2.exe",
    "message": "Scheduled task created: BackupAgent2 by administrator"
  },
  {
    "_time": "2024-01-01T15:37:17",
    "source": "WinEventLog:Security",
    "host": "LAPTOP-EXEC-03",
    "EventCode": 4698,
    "event_type": "scheduled_task_created",
    "attack_category": "persistence",
    "user": "jsmith",
    "src_ip": "192.168.1.50",
    "dest_host": "WS-FINANCE-01",
    "domain": "CORP",
    "task_name": "BackupAgent2",
    "task_content": "cmd /c C:\\Temp\\BackupAgent2.exe",
    "message": "Scheduled task created: BackupAgent2 by jsmith"
  },
  {
    "_time": "2024-01-01T15:47:17",
    "source": "WinEventLog:Security",
    "host": "WS-FINANCE-01",
    "EventCode": 4698,
    "event_type": "scheduled_task_created",
    "attack_category": "persistence",
    "user": "administrator",
    "src_ip": "192.168.1.101",
    "dest_host": "DC-01",
    "domain": "CORP",
    "task_name": "MicrosoftEdgeSync",
    "task_content": "cmd /c C:\\Temp\\MicrosoftEdgeSync.exe",
    "message": "Scheduled task created: MicrosoftEdgeSync by administrator"
  },
  {
    "_time": "2024-01-01T15:47:19",
    "source": "suricata",
    "host": "SRV-WEB-01",
    "EventCode": 5156,
    "event_type": "network_scan",
    "attack_category": "reconnaissance",
    "user": "SYSTEM",
    "src_ip": "194.165.16.78",
    "dest_host": "WS-HR-02",
    "dest_ip": "10.0.0.0/24",
    "dest_port": 80,
    "protocol": "TCP",
    "action": "block",
    "message": "Port scan from 194.165.16.78"
  },
  {
    "_time": "2024-01-01T15:47:20",
    "source": "suricata",
    "host": "SRV-WEB-01",
    "EventCode": 5156,
    "event_type": "network_scan",
    "attack_category": "reconnaissance",
    "user": "SYSTEM",
    "src_ip": "77.91.68.33",
    "dest_host": "WS-FINANCE-01",
    "dest_ip": "10.0.0.0/24",
    "dest_port": 135,
    "protocol": "TCP",
    "action": "block",
    "message": "Port scan from 77.91.68.33"
  },
  {
    "_time": "2024-01-01T15:47:22",
    "source": "suricata",
    "host": "SRV-WEB-01",
    "EventCode": 5156,
    "event_type": "network_scan",
    "attack_category": "reconnaissance",
    "user": "SYSTEM",
    "src_ip": "103.97.125.220",
    "dest_host": "WS-IT-05",
    "dest_ip": "10.0.0.0/24",
    "dest_port": 23,
    "protocol": "TCP",
    "action": "block",
    "message": "Port scan from 103.97.125.220"
  },
  {
    "_time": "2024-01-01T15:47:26",
    "source": "suricata",
    "host": "SRV-WEB-01",
    "EventCode": 5156,
    "event_type": "network_scan",
    "attack_category": "reconnaissance",
    "user": "SYSTEM",
    "src_ip": "77.91.68.33",
    "dest_host": "SRV-SQL-01",
    "dest_ip": "10.0.0.0/24",
    "dest_port": 139,
    "protocol": "TCP",
    "action": "block",
    "message": "Port scan from 77.91.68.33"
  },
  {
    "_time": "2024-01-01T15:47:31",
    "source": "suricata",
    "host": "SRV-WEB-01",
    "EventCode": 5156,
    "event_type": "network_scan",
    "attack_category": "reconnaissance",
    "user": "SYSTEM",
    "src_ip": "198.54.117.200",
    "dest_host": "LAPTOP-EXEC-03",
    "dest_ip": "10.0.0.0/24",
    "dest_port": 5985,
    "protocol": "TCP",
    "action": "block",
    "message": "Port scan from 198.54.117.200"
  },
  {
    "_time": "2024-01-01T15:47:36",
    "source": "suricata",
    "host": "SRV-WEB-01",
    "EventCode": 5156,
    "event_type": "network_scan",
    "attack_category": "reconnaissance",
    "user": "SYSTEM",
    "src_ip": "77.91.68.33",
    "dest_host": "WS-FINANCE-01",
    "dest_ip": "10.0.0.0/24",
    "dest_port": 80,
    "protocol": "TCP",
    "action": "block",
    "message": "Port scan from 77.91.68.33"
  },
  {
    "_time": "2024-01-01T15:47:38",
    "source": "suricata",
    "host": "SRV-WEB-01",
    "EventCode": 5156,
    "event_type": "network_scan",
    "attack_category": "reconnaissance",
    "user": "SYSTEM",
    "src_ip": "91.108.4.12",
    "dest_host": "WS-FINANCE-01",
    "dest_ip": "10.0.0.0/24",
    "dest_port": 139,
    "protocol": "TCP",
    "action": "block",
    "message": "Port scan from 91.108.4.12"
  },
  {
    "_time": "2024-01-01T15:47:43",
    "source": "suricata",
    "host": "SRV-WEB-01",
    "EventCode": 5156,
    "event_type": "network_scan",
    "attack_category": "reconnaissance",
    "user": "SYSTEM",
    "src_ip": "185.56.80.65",
    "dest_host": "DC-01",
    "dest_ip": "10.0.0.0/24",
    "dest_port": 445,
    "protocol": "TCP",
    "action": "block",
    "message": "Port scan from 185.56.80.65"
  },
  {
    "_time": "2024-01-01T15:47:47",
    "source": "suricata",
    "host": "SRV-WEB-01",
    "EventCode": 5156,
    "event_type": "network_scan",
    "attack_category": "reconnaissance",
    "user": "SYSTEM",
    "src_ip": "198.54.117.200",
    "dest_host": "WS-FINANCE-01",
    "dest_ip": "10.0.0.0/24",
    "dest_port": 139,
    "protocol": "TCP",
    "action": "block",
    "message": "Port scan from 198.54.117.200"
  },
  {
    "_time": "2024-01-01T15:47:51",
    "source": "suricata",
    "host": "SRV-WEB-01",
    "EventCode": 5156,
    "event_type": "network_scan",
    "attack_category": "reconnaissance",
    "user": "SYSTEM",
    "src_ip": "194.165.16.78",
    "dest_host": "SRV-SQL-01",
    "dest_ip": "10.0.0.0/24",
    "dest_port": 22,
    "protocol": "TCP",
    "action": "block",
    "message": "Port scan from 194.165.16.78"
  },
  {
    "_time": "2024-01-01T15:47:55",
    "source": "suricata",
    "host": "SRV-WEB-01",
    "EventCode": 5156,
    "event_type": "network_scan",
    "attack_category": "reconnaissance",
    "user": "SYSTEM",
    "src_ip": "185.56.80.65",
    "dest_host": "SRV-WEB-01",
    "dest_ip": "10.0.0.0/24",
    "dest_port": 22,
    "protocol": "TCP",
    "action": "block",
    "message": "Port scan from 185.56.80.65"
  },
  {
    "_time": "2024-01-01T15:47:59",
    "source": "suricata",
    "host": "SRV-WEB-01",
    "EventCode": 5156,
    "event_type": "network_scan",
    "attack_category": "reconnaissance",
    "user": "SYSTEM",
    "src_ip": "103.97.125.220",
    "dest_host": "WS-IT-05",
    "dest_ip": "10.0.0.0/24",
    "dest_port": 443,
    "protocol": "TCP",
    "action": "block",
    "message": "Port scan from 103.97.125.220"
  },
  {
    "_time": "2024-01-01T15:48:02",
    "source": "suricata",
    "host": "SRV-WEB-01",
    "EventCode": 5156,
    "event_type": "network_scan",
    "attack_category": "reconnaissance",
    "user": "SYSTEM",
    "src_ip": "103.97.125.220",
    "dest_host": "WS-IT-05",
    "dest_ip": "10.0.0.0/24",
    "dest_port": 8080,
    "protocol": "TCP",
    "action": "block",
    "message": "Port scan from 103.97.125.220"
  },
  {
    "_time": "2024-01-01T15:48:03",
    "source": "suricata",
    "host": "SRV-WEB-01",
    "EventCode": 5156,
    "event_type": "network_scan",
    "attack_category": "reconnaissance",
    "user": "SYSTEM",
    "src_ip": "45.142.212.100",
    "dest_host": "WS-HR-02",
    "dest_ip": "10.0.0.0/24",
    "dest_port": 1433,
    "protocol": "TCP",
    "action": "block",
    "message": "Port scan from 45.142.212.100"
  },
  {
    "_time": "2024-01-01T15:48:06",
    "source": "suricata",
    "host": "SRV-WEB-01",
    "EventCode": 5156,
    "event_type": "network_scan",
    "attack_category": "reconnaissance",
    "user": "SYSTEM",
    "src_ip": "103.97.125.220",
    "dest_host": "SRV-WEB-01",
    "dest_ip": "10.0.0.0/24",
    "dest_port": 5985,
    "protocol": "TCP",
    "action": "block",
    "message": "Port scan from 103.97.125.220"
  },
  {
    "_time": "2024-01-01T15:48:07",
    "source": "suricata",
    "host": "SRV-WEB-01",
    "EventCode": 5156,
    "event_type": "network_scan",
    "attack_category": "reconnaissance",
    "user": "SYSTEM",
    "src_ip": "45.142.212.100",
    "dest_host": "DC-01",
    "dest_ip": "10.0.0.0/24",
    "dest_port": 445,
    "protocol": "TCP",
    "action": "block",
    "message": "Port scan from 45.142.212.100"
  },
  {
    "_time": "2024-01-01T15:48:11",
    "source": "suricata",
    "host": "SRV-WEB-01",
    "EventCode": 5156,
    "event_type": "network_scan",
    "attack_category": "reconnaissance",
    "user": "SYSTEM",
    "src_ip": "185.56.80.65",
    "dest_host": "LAPTOP-EXEC-03",
    "dest_ip": "10.0.0.0/24",
    "dest_port": 3389,
    "protocol": "TCP",
    "action": "block",
    "message": "Port scan from 185.56.80.65"
  },
  {
    "_time": "2024-01-01T15:48:13",
    "source": "suricata",
    "host": "SRV-WEB-01",
    "EventCode": 5156,
    "event_type": "network_scan",
    "attack_category": "reconnaissance",
    "user": "SYSTEM",
    "src_ip": "91.108.4.12",
    "dest_host": "WS-IT-05",
    "dest_ip": "10.0.0.0/24",
    "dest_port": 80,
    "protocol": "TCP",
    "action": "block",
    "message": "Port scan from 91.108.4.12"
  },
  {
    "_time": "2024-01-01T15:48:18",
    "source": "suricata",
    "host": "SRV-WEB-01",
    "EventCode": 5156,
    "event_type": "network_scan",
    "attack_category": "reconnaissance",
    "user": "SYSTEM",
    "src_ip": "185.220.101.45",
    "dest_host": "WS-HR-02",
    "dest_ip": "10.0.0.0/24",
    "dest_port": 135,
    "protocol": "TCP",
    "action": "block",
    "message": "Port scan from 185.220.101.45"
  },
  {
    "_time": "2024-01-01T15:48:19",
    "source": "suricata",
    "host": "SRV-WEB-01",
    "EventCode": 5156,
    "event_type": "network_scan",
    "attack_category": "reconnaissance",
    "user": "SYSTEM",
    "src_ip": "45.142.212.100",
    "dest_host": "WS-FINANCE-01",
    "dest_ip": "10.0.0.0/24",
    "dest_port": 22,
    "protocol": "TCP",
    "action": "block",
    "message": "Port scan from 45.142.212.100"
  },
  {
    "_time": "2024-01-01T15:48:22",
    "source": "suricata",
    "host": "SRV-WEB-01",
    "EventCode": 5156,
    "event_type": "network_scan",
    "attack_category": "reconnaissance",
    "user": "SYSTEM",
    "src_ip": "45.142.212.100",
    "dest_host": "WS-IT-05",
    "dest_ip": "10.0.0.0/24",
    "dest_port": 1433,
    "protocol": "TCP",
    "action": "block",
    "message": "Port scan from 45.142.212.100"
  },
  {
    "_time": "2024-01-01T15:48:27",
    "source": "suricata",
    "host": "SRV-WEB-01",
    "EventCode": 5156,
    "event_type": "network_scan",
    "attack_category": "reconnaissance",
    "user": "SYSTEM",
    "src_ip": "77.91.68.33",
    "dest_host": "SRV-WEB-01",
    "dest_ip": "10.0.0.0/24",
    "dest_port": 8080,
    "protocol": "TCP",
    "action": "block",
    "message": "Port scan from 77.91.68.33"
  },
  {
    "_time": "2024-01-01T15:48:28",
    "source": "suricata",
    "host": "SRV-WEB-01",
    "EventCode": 5156,
    "event_type": "network_scan",
    "attack_category": "reconnaissance",
    "user": "SYSTEM",
    "src_ip": "45.142.212.100",
    "dest_host": "WS-IT-05",
    "dest_ip": "10.0.0.0/24",
    "dest_port": 5985,
    "protocol": "TCP",
    "action": "block",
    "message": "Port scan from 45.142.212.100"
  },
  {
    "_time": "2024-01-01T15:48:32",
    "source": "suricata",
    "host": "SRV-WEB-01",
    "EventCode": 5156,
    "event_type": "network_scan",
    "attack_category": "reconnaissance",
    "user": "SYSTEM",
    "src_ip": "194.165.16.78",
    "dest_host": "LAPTOP-EXEC-03",
    "dest_ip": "10.0.0.0/24",
    "dest_port": 5985,
    "protocol": "TCP",
    "action": "block",
    "message": "Port scan from 194.165.16.78"
  },
  {
    "_time": "2024-01-01T15:48:37",
    "source": "suricata",
    "host": "SRV-WEB-01",
    "EventCode": 5156,
    "event_type": "network_scan",
    "attack_category": "reconnaissance",
    "user": "SYSTEM",
    "src_ip": "185.56.80.65",
    "dest_host": "WS-IT-05",
    "dest_ip": "10.0.0.0/24",
    "dest_port": 139,
    "protocol": "TCP",
    "action": "block",
    "message": "Port scan from 185.56.80.65"
  },
  {
    "_time": "2024-01-01T15:48:38",
    "source": "suricata",
    "host": "SRV-WEB-01",
    "EventCode": 5156,
    "event_type": "network_scan",
    "attack_category": "reconnaissance",
    "user": "SYSTEM",
    "src_ip": "103.97.125.220",
    "dest_host": "WS-FINANCE-01",
    "dest_ip": "10.0.0.0/24",
    "dest_port": 22,
    "protocol": "TCP",
    "action": "block",
    "message": "Port scan from 103.97.125.220"
  },
  {
    "_time": "2024-01-01T15:48:40",
    "source": "suricata",
    "host": "SRV-WEB-01",
    "EventCode": 5156,
    "event_type": "network_scan",
    "attack_category": "reconnaissance",
    "user": "SYSTEM",
    "src_ip": "45.142.212.100",
    "dest_host": "LAPTOP-EXEC-03",
    "dest_ip": "10.0.0.0/24",
    "dest_port": 8080,
    "protocol": "TCP",
    "action": "block",
    "message": "Port scan from 45.142.212.100"
  },
  {
    "_time": "2024-01-01T15:48:42",
    "source": "suricata",
    "host": "SRV-WEB-01",
    "EventCode": 5156,
    "event_type": "network_scan",
    "attack_category": "reconnaissance",
    "user": "SYSTEM",
    "src_ip": "45.142.212.100",
    "dest_host": "WS-IT-05",
    "dest_ip": "10.0.0.0/24",
    "dest_port": 3389,
    "protocol": "TCP",
    "action": "block",
    "message": "Port scan from 45.142.212.100"
  },
  {
    "_time": "2024-01-01T15:48:43",
    "source": "suricata",
    "host": "SRV-WEB-01",
    "EventCode": 5156,
    "event_type": "network_scan",
    "attack_category": "reconnaissance",
    "user": "SYSTEM",
    "src_ip": "185.220.101.45",
    "dest_host": "DC-01",
    "dest_ip": "10.0.0.0/24",
    "dest_port": 8080,
    "protocol": "TCP",
    "action": "block",
    "message": "Port scan from 185.220.101.45"
  },
  {
    "_time": "2024-01-01T15:48:45",
    "source": "suricata",
    "host": "SRV-WEB-01",
    "EventCode": 5156,
    "event_type": "network_scan",
    "attack_category": "reconnaissance",
    "user": "SYSTEM",
    "src_ip": "185.220.101.45",
    "dest_host": "WS-HR-02",
    "dest_ip": "10.0.0.0/24",
    "dest_port": 5985,
    "protocol": "TCP",
    "action": "block",
    "message": "Port scan from 185.220.101.45"
  },
  {
    "_time": "2024-01-01T15:48:48",
    "source": "suricata",
    "host": "SRV-WEB-01",
    "EventCode": 5156,
    "event_type": "network_scan",
    "attack_category": "reconnaissance",
    "user": "SYSTEM",
    "src_ip": "103.97.125.220",
    "dest_host": "DC-01",
    "dest_ip": "10.0.0.0/24",
    "dest_port": 443,
    "protocol": "TCP",
    "action": "block",
    "message": "Port scan from 103.97.125.220"
  },
  {
    "_time": "2024-01-01T15:48:52",
    "source": "suricata",
    "host": "SRV-WEB-01",
    "EventCode": 5156,
    "event_type": "network_scan",
    "attack_category": "reconnaissance",
    "user": "SYSTEM",
    "src_ip": "103.97.125.220",
    "dest_host": "WS-HR-02",
    "dest_ip": "10.0.0.0/24",
    "dest_port": 139,
    "protocol": "TCP",
    "action": "block",
    "message": "Port scan from 103.97.125.220"
  },
  {
    "_time": "2024-01-01T15:48:57",
    "source": "suricata",
    "host": "SRV-WEB-01",
    "EventCode": 5156,
    "event_type": "network_scan",
    "attack_category": "reconnaissance",
    "user": "SYSTEM",
    "src_ip": "77.91.68.33",
    "dest_host": "SRV-SQL-01",
    "dest_ip": "10.0.0.0/24",
    "dest_port": 22,
    "protocol": "TCP",
    "action": "block",
    "message": "Port scan from 77.91.68.33"
  },
  {
    "_time": "2024-01-01T15:49:02",
    "source": "suricata",
    "host": "SRV-WEB-01",
    "EventCode": 5156,
    "event_type": "network_scan",
    "attack_category": "reconnaissance",
    "user": "SYSTEM",
    "src_ip": "185.56.80.65",
    "dest_host": "SRV-SQL-01",
    "dest_ip": "10.0.0.0/24",
    "dest_port": 139,
    "protocol": "TCP",
    "action": "block",
    "message": "Port scan from 185.56.80.65"
  },
  {
    "_time": "2024-01-01T15:49:03",
    "source": "suricata",
    "host": "SRV-WEB-01",
    "EventCode": 5156,
    "event_type": "network_scan",
    "attack_category": "reconnaissance",
    "user": "SYSTEM",
    "src_ip": "198.54.117.200",
    "dest_host": "WS-FINANCE-01",
    "dest_ip": "10.0.0.0/24",
    "dest_port": 139,
    "protocol": "TCP",
    "action": "block",
    "message": "Port scan from 198.54.117.200"
  },
  {
    "_time": "2024-01-01T15:49:06",
    "source": "suricata",
    "host": "SRV-WEB-01",
    "EventCode": 5156,
    "event_type": "network_scan",
    "attack_category": "reconnaissance",
    "user": "SYSTEM",
    "src_ip": "103.97.125.220",
    "dest_host": "WS-IT-05",
    "dest_ip": "10.0.0.0/24",
    "dest_port": 135,
    "protocol": "TCP",
    "action": "block",
    "message": "Port scan from 103.97.125.220"
  },
  {
    "_time": "2024-01-01T15:49:08",
    "source": "suricata",
    "host": "SRV-WEB-01",
    "EventCode": 5156,
    "event_type": "network_scan",
    "attack_category": "reconnaissance",
    "user": "SYSTEM",
    "src_ip": "45.142.212.100",
    "dest_host": "WS-FINANCE-01",
    "dest_ip": "10.0.0.0/24",
    "dest_port": 8080,
    "protocol": "TCP",
    "action": "block",
    "message": "Port scan from 45.142.212.100"
  },
  {
    "_time": "2024-01-01T15:49:11",
    "source": "suricata",
    "host": "SRV-WEB-01",
    "EventCode": 5156,
    "event_type": "network_scan",
    "attack_category": "reconnaissance",
    "user": "SYSTEM",
    "src_ip": "194.165.16.78",
    "dest_host": "SRV-WEB-01",
    "dest_ip": "10.0.0.0/24",
    "dest_port": 8080,
    "protocol": "TCP",
    "action": "block",
    "message": "Port scan from 194.165.16.78"
  },
  {
    "_time": "2024-01-01T15:49:15",
    "source": "suricata",
    "host": "SRV-WEB-01",
    "EventCode": 5156,
    "event_type": "network_scan",
    "attack_category": "reconnaissance",
    "user": "SYSTEM",
    "src_ip": "103.97.125.220",
    "dest_host": "WS-IT-05",
    "dest_ip": "10.0.0.0/24",
    "dest_port": 445,
    "protocol": "TCP",
    "action": "block",
    "message": "Port scan from 103.97.125.220"
  },
  {
    "_time": "2024-01-01T15:49:19",
    "source": "suricata",
    "host": "SRV-WEB-01",
    "EventCode": 5156,
    "event_type": "network_scan",
    "attack_category": "reconnaissance",
    "user": "SYSTEM",
    "src_ip": "185.220.101.45",
    "dest_host": "SRV-SQL-01",
    "dest_ip": "10.0.0.0/24",
    "dest_port": 443,
    "protocol": "TCP",
    "action": "block",
    "message": "Port scan from 185.220.101.45"
  },
  {
    "_time": "2024-01-01T15:49:21",
    "source": "suricata",
    "host": "SRV-WEB-01",
    "EventCode": 5156,
    "event_type": "network_scan",
    "attack_category": "reconnaissance",
    "user": "SYSTEM",
    "src_ip": "198.54.117.200",
    "dest_host": "SRV-WEB-01",
    "dest_ip": "10.0.0.0/24",
    "dest_port": 3389,
    "protocol": "TCP",
    "action": "block",
    "message": "Port scan from 198.54.117.200"
  },
  {
    "_time": "2024-01-01T15:49:24",
    "source": "suricata",
    "host": "SRV-WEB-01",
    "EventCode": 5156,
    "event_type": "network_scan",
    "attack_category": "reconnaissance",
    "user": "SYSTEM",
    "src_ip": "194.165.16.78",
    "dest_host": "LAPTOP-EXEC-03",
    "dest_ip": "10.0.0.0/24",
    "dest_port": 139,
    "protocol": "TCP",
    "action": "block",
    "message": "Port scan from 194.165.16.78"
  },
  {
    "_time": "2024-01-01T15:49:25",
    "source": "suricata",
    "host": "SRV-WEB-01",
    "EventCode": 5156,
    "event_type": "network_scan",
    "attack_category": "reconnaissance",
    "user": "SYSTEM",
    "src_ip": "198.54.117.200",
    "dest_host": "WS-HR-02",
    "dest_ip": "10.0.0.0/24",
    "dest_port": 3389,
    "protocol": "TCP",
    "action": "block",
    "message": "Port scan from 198.54.117.200"
  },
  {
    "_time": "2024-01-01T15:49:27",
    "source": "suricata",
    "host": "SRV-WEB-01",
    "EventCode": 5156,
    "event_type": "network_scan",
    "attack_category": "reconnaissance",
    "user": "SYSTEM",
    "src_ip": "185.56.80.65",
    "dest_host": "SRV-WEB-01",
    "dest_ip": "10.0.0.0/24",
    "dest_port": 135,
    "protocol": "TCP",
    "action": "block",
    "message": "Port scan from 185.56.80.65"
  },
  {
    "_time": "2024-01-01T15:49:30",
    "source": "suricata",
    "host": "SRV-WEB-01",
    "EventCode": 5156,
    "event_type": "network_scan",
    "attack_category": "reconnaissance",
    "user": "SYSTEM",
    "src_ip": "45.142.212.100",
    "dest_host": "SRV-WEB-01",
    "dest_ip": "10.0.0.0/24",
    "dest_port": 445,
    "protocol": "TCP",
    "action": "block",
    "message": "Port scan from 45.142.212.100"
  },
  {
    "_time": "2024-01-01T15:49:33",
    "source": "suricata",
    "host": "SRV-WEB-01",
    "EventCode": 5156,
    "event_type": "network_scan",
    "attack_category": "reconnaissance",
    "user": "SYSTEM",
    "src_ip": "185.56.80.65",
    "dest_host": "WS-IT-05",
    "dest_ip": "10.0.0.0/24",
    "dest_port": 1433,
    "protocol": "TCP",
    "action": "block",
    "message": "Port scan from 185.56.80.65"
  },
  {
    "_time": "2024-01-01T15:49:34",
    "source": "suricata",
    "host": "SRV-WEB-01",
    "EventCode": 5156,
    "event_type": "network_scan",
    "attack_category": "reconnaissance",
    "user": "SYSTEM",
    "src_ip": "198.54.117.200",
    "dest_host": "WS-FINANCE-01",
    "dest_ip": "10.0.0.0/24",
    "dest_port": 1433,
    "protocol": "TCP",
    "action": "block",
    "message": "Port scan from 198.54.117.200"
  },
  {
    "_time": "2024-01-01T15:49:36",
    "source": "suricata",
    "host": "SRV-WEB-01",
    "EventCode": 5156,
    "event_type": "network_scan",
    "attack_category": "reconnaissance",
    "user": "SYSTEM",
    "src_ip": "91.108.4.12",
    "dest_host": "LAPTOP-EXEC-03",
    "dest_ip": "10.0.0.0/24",
    "dest_port": 3389,
    "protocol": "TCP",
    "action": "block",
    "message": "Port scan from 91.108.4.12"
  },
  {
    "_time": "2024-01-01T15:49:39",
    "source": "suricata",
    "host": "SRV-WEB-01",
    "EventCode": 5156,
    "event_type": "network_scan",
    "attack_category": "reconnaissance",
    "user": "SYSTEM",
    "src_ip": "77.91.68.33",
    "dest_host": "WS-FINANCE-01",
    "dest_ip": "10.0.0.0/24",
    "dest_port": 80,
    "protocol": "TCP",
    "action": "block",
    "message": "Port scan from 77.91.68.33"
  },
  {
    "_time": "2024-01-01T15:49:41",
    "source": "suricata",
    "host": "SRV-WEB-01",
    "EventCode": 5156,
    "event_type": "network_scan",
    "attack_category": "reconnaissance",
    "user": "SYSTEM",
    "src_ip": "185.56.80.65",
    "dest_host": "DC-01",
    "dest_ip": "10.0.0.0/24",
    "dest_port": 80,
    "protocol": "TCP",
    "action": "block",
    "message": "Port scan from 185.56.80.65"
  },
  {
    "_time": "2024-01-01T15:49:44",
    "source": "suricata",
    "host": "SRV-WEB-01",
    "EventCode": 5156,
    "event_type": "network_scan",
    "attack_category": "reconnaissance",
    "user": "SYSTEM",
    "src_ip": "194.165.16.78",
    "dest_host": "LAPTOP-EXEC-03",
    "dest_ip": "10.0.0.0/24",
    "dest_port": 1433,
    "protocol": "TCP",
    "action": "block",
    "message": "Port scan from 194.165.16.78"
  },
  {
    "_time": "2024-01-01T15:49:47",
    "source": "suricata",
    "host": "SRV-WEB-01",
    "EventCode": 5156,
    "event_type": "network_scan",
    "attack_category": "reconnaissance",
    "user": "SYSTEM",
    "src_ip": "194.165.16.78",
    "dest_host": "WS-IT-05",
    "dest_ip": "10.0.0.0/24",
    "dest_port": 22,
    "protocol": "TCP",
    "action": "block",
    "message": "Port scan from 194.165.16.78"
  },
  {
    "_time": "2024-01-01T15:49:51",
    "source": "suricata",
    "host": "SRV-WEB-01",
    "EventCode": 5156,
    "event_type": "network_scan",
    "attack_category": "reconnaissance",
    "user": "SYSTEM",
    "src_ip": "103.97.125.220",
    "dest_host": "WS-HR-02",
    "dest_ip": "10.0.0.0/24",
    "dest_port": 5985,
    "protocol": "TCP",
    "action": "block",
    "message": "Port scan from 103.97.125.220"
  },
  {
    "_time": "2024-01-01T15:49:53",
    "source": "suricata",
    "host": "SRV-WEB-01",
    "EventCode": 5156,
    "event_type": "network_scan",
    "attack_category": "reconnaissance",
    "user": "SYSTEM",
    "src_ip": "198.54.117.200",
    "dest_host": "LAPTOP-EXEC-03",
    "dest_ip": "10.0.0.0/24",
    "dest_port": 80,
    "protocol": "TCP",
    "action": "block",
    "message": "Port scan from 198.54.117.200"
  },
  {
    "_time": "2024-01-01T15:49:58",
    "source": "suricata",
    "host": "SRV-WEB-01",
    "EventCode": 5156,
    "event_type": "network_scan",
    "attack_category": "reconnaissance",
    "user": "SYSTEM",
    "src_ip": "77.91.68.33",
    "dest_host": "SRV-WEB-01",
    "dest_ip": "10.0.0.0/24",
    "dest_port": 445,
    "protocol": "TCP",
    "action": "block",
    "message": "Port scan from 77.91.68.33"
  },
  {
    "_time": "2024-01-01T15:50:02",
    "source": "suricata",
    "host": "SRV-WEB-01",
    "EventCode": 5156,
    "event_type": "network_scan",
    "attack_category": "reconnaissance",
    "user": "SYSTEM",
    "src_ip": "198.54.117.200",
    "dest_host": "DC-01",
    "dest_ip": "10.0.0.0/24",
    "dest_port": 22,
    "protocol": "TCP",
    "action": "block",
    "message": "Port scan from 198.54.117.200"
  },
  {
    "_time": "2024-01-01T15:50:07",
    "source": "suricata",
    "host": "SRV-WEB-01",
    "EventCode": 5156,
    "event_type": "network_scan",
    "attack_category": "reconnaissance",
    "user": "SYSTEM",
    "src_ip": "45.142.212.100",
    "dest_host": "SRV-WEB-01",
    "dest_ip": "10.0.0.0/24",
    "dest_port": 22,
    "protocol": "TCP",
    "action": "block",
    "message": "Port scan from 45.142.212.100"
  },
  {
    "_time": "2024-01-01T15:50:10",
    "source": "suricata",
    "host": "SRV-WEB-01",
    "EventCode": 5156,
    "event_type": "network_scan",
    "attack_category": "reconnaissance",
    "user": "SYSTEM",
    "src_ip": "45.142.212.100",
    "dest_host": "WS-FINANCE-01",
    "dest_ip": "10.0.0.0/24",
    "dest_port": 8080,
    "protocol": "TCP",
    "action": "block",
    "message": "Port scan from 45.142.212.100"
  },
  {
    "_time": "2024-01-01T15:50:12",
    "source": "suricata",
    "host": "SRV-WEB-01",
    "EventCode": 5156,
    "event_type": "network_scan",
    "attack_category": "reconnaissance",
    "user": "SYSTEM",
    "src_ip": "45.142.212.100",
    "dest_host": "SRV-WEB-01",
    "dest_ip": "10.0.0.0/24",
    "dest_port": 139,
    "protocol": "TCP",
    "action": "block",
    "message": "Port scan from 45.142.212.100"
  },
  {
    "_time": "2024-01-01T15:50:14",
    "source": "suricata",
    "host": "SRV-WEB-01",
    "EventCode": 5156,
    "event_type": "network_scan",
    "attack_category": "reconnaissance",
    "user": "SYSTEM",
    "src_ip": "91.108.4.12",
    "dest_host": "DC-01",
    "dest_ip": "10.0.0.0/24",
    "dest_port": 80,
    "protocol": "TCP",
    "action": "block",
    "message": "Port scan from 91.108.4.12"
  },
  {
    "_time": "2024-01-01T15:50:21",
    "source": "WinEventLog:Security",
    "host": "DC-01",
    "EventCode": 4625,
    "event_type": "failed_login",
    "attack_category": "rdp_brute_force",
    "user": "administrator",
    "src_ip": "103.97.125.220",
    "dest_host": "SRV-WEB-01",
    "domain": "CONTOSO",
    "logon_type": 10,
    "dest_port": 3389,
    "failure_reason": "Bad password",
    "message": "RDP brute force attempt: administrator from 103.97.125.220"
  },
  {
    "_time": "2024-01-01T15:50:49",
    "source": "WinEventLog:Security",
    "host": "DC-01",
    "EventCode": 4625,
    "event_type": "failed_login",
    "attack_category": "rdp_brute_force",
    "user": "rdpuser",
    "src_ip": "185.56.80.65",
    "dest_host": "SRV-WEB-01",
    "domain": "ACME",
    "logon_type": 10,
    "dest_port": 3389,
    "failure_reason": "Bad password",
    "message": "RDP brute force attempt: rdpuser from 185.56.80.65"
  },
  {
    "_time": "2024-01-01T15:50:58",
    "source": "WinEventLog:Security",
    "host": "DC-01",
    "EventCode": 4625,
    "event_type": "failed_login",
    "attack_category": "rdp_brute_force",
    "user": "admin",
    "src_ip": "198.54.117.200",
    "dest_host": "SRV-WEB-01",
    "domain": "CORP",
    "logon_type": 10,
    "dest_port": 3389,
    "failure_reason": "Bad password",
    "message": "RDP brute force attempt: admin from 198.54.117.200"
  },
  {
    "_time": "2024-01-01T15:51:08",
    "source": "WinEventLog:Security",
    "host": "SRV-WEB-01",
    "EventCode": 4625,
    "event_type": "failed_login",
    "attack_category": "rdp_brute_force",
    "user": "admin",
    "src_ip": "185.220.101.45",
    "dest_host": "SRV-WEB-01",
    "domain": "CORP",
    "logon_type": 10,
    "dest_port": 3389,
    "failure_reason": "Bad password",
    "message": "RDP brute force attempt: admin from 185.220.101.45"
  },
