  {
    "_time": "2024-01-01T05:00:28",
    "source": "WinEventLog:Security",
    "host": "DC-01",
    "EventCode": 10,
    "event_type": "credential_dumping",
    "attack_category": "credential_dumping",
    "user": "svc_backup",
    "src_ip": "103.97.125.220",
    "dest_host": "DC-01",
    "domain": "CORP",
    "target_process": "lsass.exe",
    "access_mask": "0x1010",
    "message": "LSASS memory access by svc_backup - potential credential dumping"
  },
  {
    "_time": "2024-01-01T05:01:36",
    "source": "WinEventLog:Security",
    "host": "DC-01",
    "EventCode": 4656,
    "event_type": "credential_dumping",
    "attack_category": "credential_dumping",
    "user": "jsmith",
    "src_ip": "198.54.117.200",
    "dest_host": "DC-01",
    "domain": "CORP",
    "target_process": "lsass.exe",
    "access_mask": "0x1010",
    "message": "LSASS memory access by jsmith - potential credential dumping"
  },
  {
    "_time": "2024-01-01T05:02:39",
    "source": "WinEventLog:Security",
    "host": "SRV-SQL-01",
    "EventCode": 4656,
    "event_type": "credential_dumping",
    "attack_category": "credential_dumping",
    "user": "svc_backup",
    "src_ip": "185.56.80.65",
    "dest_host": "DC-01",
    "domain": "CORP",
    "target_process": "lsass.exe",
    "access_mask": "0x1010",
    "message": "LSASS memory access by svc_backup - potential credential dumping"
  },
  {
    "_time": "2024-01-01T05:04:06",
    "source": "WinEventLog:Security",
    "host": "SRV-SQL-01",
    "EventCode": 10,
    "event_type": "credential_dumping",
    "attack_category": "credential_dumping",
    "user": "jsmith",
    "src_ip": "185.56.80.65",
    "dest_host": "DC-01",
    "domain": "CORP",
    "target_process": "lsass.exe",
    "access_mask": "0x1010",
    "message": "LSASS memory access by jsmith - potential credential dumping"
  },
  {
    "_time": "2024-01-01T05:05:07",
    "source": "WinEventLog:Security",
    "host": "SRV-SQL-01",
    "EventCode": 4656,
    "event_type": "credential_dumping",
    "attack_category": "credential_dumping",
    "user": "jsmith",
    "src_ip": "185.56.80.65",
    "dest_host": "DC-01",
    "domain": "CORP",
    "target_process": "lsass.exe",
    "access_mask": "0x1010",
    "message": "LSASS memory access by jsmith - potential credential dumping"
  },
  {
    "_time": "2024-01-01T05:05:47",
    "source": "WinEventLog:Security",
    "host": "DC-01",
    "EventCode": 10,
    "event_type": "credential_dumping",
    "attack_category": "credential_dumping",
    "user": "svc_backup",
    "src_ip": "198.54.117.200",
    "dest_host": "DC-01",
    "domain": "CORP",
    "target_process": "lsass.exe",
    "access_mask": "0x1010",
    "message": "LSASS memory access by svc_backup - potential credential dumping"
  },
  {
    "_time": "2024-01-01T05:05:51",
    "source": "WinEventLog:Microsoft-Windows-Sysmon/Operational",
    "host": "WS-FINANCE-01",
    "EventCode": 11,
    "event_type": "file_created",
    "attack_category": "ransomware",
    "user": "mwilson",
    "src_ip": "192.168.1.50",
    "dest_host": "WS-FINANCE-01",
    "domain": "CORP",
    "file_path": "C:\\Users\\mwilson\\Documents\\document_397.locked",
    "process": "unknown.exe",
    "message": "Suspicious file created: document_397.locked by mwilson"
  },
  {
    "_time": "2024-01-01T05:05:58",
    "source": "WinEventLog:Microsoft-Windows-Sysmon/Operational",
    "host": "LAPTOP-EXEC-03",
    "EventCode": 11,
    "event_type": "file_created",
    "attack_category": "ransomware",
    "user": "rjohnson",
    "src_ip": "10.0.2.34",
    "dest_host": "LAPTOP-EXEC-03",
    "domain": "CORP",
    "file_path": "C:\\Users\\rjohnson\\Documents\\document_933.encrypted",
    "process": "unknown.exe",
    "message": "Suspicious file created: document_933.encrypted by rjohnson"
  },
  {
    "_time": "2024-01-01T05:06:04",
    "source": "WinEventLog:Microsoft-Windows-Sysmon/Operational",
    "host": "LAPTOP-EXEC-03",
    "EventCode": 11,
    "event_type": "file_created",
    "attack_category": "ransomware",
    "user": "rjohnson",
    "src_ip": "192.168.1.101",
    "dest_host": "LAPTOP-EXEC-03",
    "domain": "CORP",
    "file_path": "C:\\Users\\rjohnson\\Documents\\document_610.encrypted",
    "process": "svchost.exe",
    "message": "Suspicious file created: document_610.encrypted by rjohnson"
  },
  {
    "_time": "2024-01-01T05:06:12",
    "source": "WinEventLog:Microsoft-Windows-Sysmon/Operational",
    "host": "WS-IT-05",
    "EventCode": 11,
    "event_type": "file_created",
    "attack_category": "ransomware",
    "user": "helpdesk",
    "src_ip": "10.0.0.5",
    "dest_host": "WS-IT-05",
    "domain": "CORP",
    "file_path": "C:\\Users\\helpdesk\\Documents\\document_123.crypt",
    "process": "svchost.exe",
    "message": "Suspicious file created: document_123.crypt by helpdesk"
  },
  {
    "_time": "2024-01-01T05:06:21",
    "source": "WinEventLog:Microsoft-Windows-Sysmon/Operational",
    "host": "WS-HR-02",
    "EventCode": 11,
    "event_type": "file_created",
    "attack_category": "ransomware",
    "user": "clee",
    "src_ip": "10.0.2.34",
    "dest_host": "WS-HR-02",
    "domain": "CORP",
    "file_path": "C:\\Users\\clee\\Documents\\document_697.encrypted",
    "process": "explorer.exe",
    "message": "Suspicious file created: document_697.encrypted by clee"
  },
  {
    "_time": "2024-01-01T05:06:22",
    "source": "WinEventLog:Microsoft-Windows-Sysmon/Operational",
    "host": "DC-01",
    "EventCode": 11,
    "event_type": "file_created",
    "attack_category": "ransomware",
    "user": "kthomas",
    "src_ip": "192.168.1.101",
    "dest_host": "DC-01",
    "domain": "CORP",
    "file_path": "C:\\Users\\kthomas\\Documents\\document_392.crypt",
    "process": "explorer.exe",
    "message": "Suspicious file created: document_392.crypt by kthomas"
  },
  {
    "_time": "2024-01-01T05:06:24",
    "source": "WinEventLog:Microsoft-Windows-Sysmon/Operational",
    "host": "WS-HR-02",
    "EventCode": 11,
    "event_type": "file_created",
    "attack_category": "ransomware",
    "user": "bmartin",
    "src_ip": "10.0.2.34",
    "dest_host": "WS-HR-02",
    "domain": "CORP",
    "file_path": "C:\\Users\\bmartin\\Documents\\document_844.enc",
    "process": "svchost.exe",
    "message": "Suspicious file created: document_844.enc by bmartin"
  },
  {
    "_time": "2024-01-01T05:06:30",
    "source": "WinEventLog:Microsoft-Windows-Sysmon/Operational",
    "host": "DC-01",
    "EventCode": 11,
    "event_type": "file_created",
    "attack_category": "ransomware",
    "user": "jsmith",
    "src_ip": "192.168.1.101",
    "dest_host": "DC-01",
    "domain": "CORP",
    "file_path": "C:\\Users\\jsmith\\Documents\\document_683.locked",
    "process": "explorer.exe",
    "message": "Suspicious file created: document_683.locked by jsmith"
  },
  {
    "_time": "2024-01-01T05:06:36",
    "source": "WinEventLog:Microsoft-Windows-Sysmon/Operational",
    "host": "WS-IT-05",
    "EventCode": 11,
    "event_type": "file_created",
    "attack_category": "ransomware",
    "user": "njones",
    "src_ip": "192.168.1.101",
    "dest_host": "WS-IT-05",
    "domain": "CORP",
    "file_path": "C:\\Users\\njones\\Documents\\document_495.locked",
    "process": "svchost.exe",
    "message": "Suspicious file created: document_495.locked by njones"
  },
  {
    "_time": "2024-01-01T05:06:45",
    "source": "WinEventLog:Microsoft-Windows-Sysmon/Operational",
    "host": "LAPTOP-EXEC-03",
    "EventCode": 11,
    "event_type": "file_created",
    "attack_category": "ransomware",
    "user": "kthomas",
    "src_ip": "10.0.0.5",
    "dest_host": "LAPTOP-EXEC-03",
    "domain": "CORP",
    "file_path": "C:\\Users\\kthomas\\Documents\\document_231.locked",
    "process": "svchost.exe",
    "message": "Suspicious file created: document_231.locked by kthomas"
  },
  {
    "_time": "2024-01-01T05:06:51",
    "source": "WinEventLog:Microsoft-Windows-Sysmon/Operational",
    "host": "WS-IT-05",
    "EventCode": 11,
    "event_type": "file_created",
    "attack_category": "ransomware",
    "user": "svc_backup",
    "src_ip": "10.0.1.12",
    "dest_host": "WS-IT-05",
    "domain": "CORP",
    "file_path": "C:\\Users\\svc_backup\\Documents\\document_873.enc",
    "process": "explorer.exe",
    "message": "Suspicious file created: document_873.enc by svc_backup"
  },
  {
    "_time": "2024-01-01T05:07:01",
    "source": "WinEventLog:Microsoft-Windows-Sysmon/Operational",
    "host": "DC-01",
    "EventCode": 11,
    "event_type": "file_created",
    "attack_category": "ransomware",
    "user": "njones",
    "src_ip": "10.0.0.5",
    "dest_host": "DC-01",
    "domain": "CORP",
    "file_path": "C:\\Users\\njones\\Documents\\document_146.locked",
    "process": "explorer.exe",
    "message": "Suspicious file created: document_146.locked by njones"
  },
  {
    "_time": "2024-01-01T05:07:07",
    "source": "WinEventLog:Microsoft-Windows-Sysmon/Operational",
    "host": "DC-01",
    "EventCode": 11,
    "event_type": "file_created",
    "attack_category": "ransomware",
    "user": "svc_backup",
    "src_ip": "192.168.1.101",
    "dest_host": "DC-01",
    "domain": "CORP",
    "file_path": "C:\\Users\\svc_backup\\Documents\\document_252.crypt",
    "process": "unknown.exe",
    "message": "Suspicious file created: document_252.crypt by svc_backup"
  },
  {
    "_time": "2024-01-01T05:07:10",
    "source": "WinEventLog:Microsoft-Windows-Sysmon/Operational",
    "host": "SRV-SQL-01",
    "EventCode": 11,
    "event_type": "file_created",
    "attack_category": "ransomware",
    "user": "lwhite",
    "src_ip": "192.168.1.50",
    "dest_host": "SRV-SQL-01",
    "domain": "CORP",
    "file_path": "C:\\Users\\lwhite\\Documents\\document_266.enc",
    "process": "unknown.exe",
    "message": "Suspicious file created: document_266.enc by lwhite"
  },
  {
    "_time": "2024-01-01T05:07:15",
    "source": "WinEventLog:Microsoft-Windows-Sysmon/Operational",
    "host": "WS-IT-05",
    "EventCode": 11,
    "event_type": "file_created",
    "attack_category": "ransomware",
    "user": "pclark",
    "src_ip": "192.168.1.101",
    "dest_host": "WS-IT-05",
    "domain": "CORP",
    "file_path": "C:\\Users\\pclark\\Documents\\document_825.crypt",
    "process": "svchost.exe",
    "message": "Suspicious file created: document_825.crypt by pclark"
  },
  {
    "_time": "2024-01-01T05:07:23",
    "source": "WinEventLog:Microsoft-Windows-Sysmon/Operational",
    "host": "WS-FINANCE-01",
    "EventCode": 11,
    "event_type": "file_created",
    "attack_category": "ransomware",
    "user": "svc_sql",
    "src_ip": "10.0.0.5",
    "dest_host": "WS-FINANCE-01",
    "domain": "CORP",
    "file_path": "C:\\Users\\svc_sql\\Documents\\document_439.enc",
    "process": "svchost.exe",
    "message": "Suspicious file created: document_439.enc by svc_sql"
  },
  {
    "_time": "2024-01-01T05:07:33",
    "source": "WinEventLog:Microsoft-Windows-Sysmon/Operational",
    "host": "LAPTOP-EXEC-03",
    "EventCode": 11,
    "event_type": "file_created",
    "attack_category": "ransomware",
    "user": "kthomas",
    "src_ip": "192.168.1.50",
    "dest_host": "LAPTOP-EXEC-03",
    "domain": "CORP",
    "file_path": "C:\\Users\\kthomas\\Documents\\document_711.locked",
    "process": "svchost.exe",
    "message": "Suspicious file created: document_711.locked by kthomas"
  },
  {
    "_time": "2024-01-01T05:07:43",
    "source": "WinEventLog:Microsoft-Windows-Sysmon/Operational",
    "host": "WS-HR-02",
    "EventCode": 11,
    "event_type": "file_created",
    "attack_category": "ransomware",
    "user": "pclark",
    "src_ip": "192.168.1.50",
    "dest_host": "WS-HR-02",
    "domain": "CORP",
    "file_path": "C:\\Users\\pclark\\Documents\\document_697.locked",
    "process": "explorer.exe",
    "message": "Suspicious file created: document_697.locked by pclark"
  },
  {
    "_time": "2024-01-01T05:07:52",
    "source": "WinEventLog:Microsoft-Windows-Sysmon/Operational",
    "host": "SRV-WEB-01",
    "EventCode": 11,
    "event_type": "file_created",
    "attack_category": "ransomware",
    "user": "admin",
    "src_ip": "10.0.1.12",
    "dest_host": "SRV-WEB-01",
    "domain": "CORP",
    "file_path": "C:\\Users\\admin\\Documents\\document_251.crypt",
    "process": "explorer.exe",
    "message": "Suspicious file created: document_251.crypt by admin"
  },
  {
    "_time": "2024-01-01T05:08:02",
    "source": "WinEventLog:Microsoft-Windows-Sysmon/Operational",
    "host": "WS-FINANCE-01",
    "EventCode": 11,
    "event_type": "file_created",
    "attack_category": "ransomware",
    "user": "administrator",
    "src_ip": "192.168.1.50",
    "dest_host": "WS-FINANCE-01",
    "domain": "CORP",
    "file_path": "C:\\Users\\administrator\\Documents\\document_119.encrypted",
    "process": "svchost.exe",
    "message": "Suspicious file created: document_119.encrypted by administrator"
  },
  {
    "_time": "2024-01-01T05:08:09",
    "source": "WinEventLog:Microsoft-Windows-Sysmon/Operational",
    "host": "DC-01",
    "EventCode": 11,
    "event_type": "file_created",
    "attack_category": "ransomware",
    "user": "mwilson",
    "src_ip": "192.168.1.101",
    "dest_host": "DC-01",
    "domain": "CORP",
    "file_path": "C:\\Users\\mwilson\\Documents\\document_520.encrypted",
    "process": "unknown.exe",
    "message": "Suspicious file created: document_520.encrypted by mwilson"
  },
  {
    "_time": "2024-01-01T05:08:17",
    "source": "WinEventLog:Microsoft-Windows-Sysmon/Operational",
    "host": "LAPTOP-EXEC-03",
    "EventCode": 11,
    "event_type": "file_created",
    "attack_category": "ransomware",
    "user": "svc_sql",
    "src_ip": "10.0.1.12",
    "dest_host": "LAPTOP-EXEC-03",
    "domain": "CORP",
    "file_path": "C:\\Users\\svc_sql\\Documents\\document_822.locked",
    "process": "unknown.exe",
    "message": "Suspicious file created: document_822.locked by svc_sql"
  },
  {
    "_time": "2024-01-01T05:08:21",
    "source": "WinEventLog:Microsoft-Windows-Sysmon/Operational",
    "host": "WS-IT-05",
    "EventCode": 11,
    "event_type": "file_created",
    "attack_category": "ransomware",
    "user": "njones",
    "src_ip": "192.168.1.50",
    "dest_host": "WS-IT-05",
    "domain": "CORP",
    "file_path": "C:\\Users\\njones\\Documents\\document_638.crypt",
    "process": "svchost.exe",
    "message": "Suspicious file created: document_638.crypt by njones"
  },
  {
    "_time": "2024-01-01T05:08:24",
    "source": "WinEventLog:Microsoft-Windows-Sysmon/Operational",
    "host": "SRV-SQL-01",
    "EventCode": 11,
    "event_type": "file_created",
    "attack_category": "ransomware",
    "user": "clee",
    "src_ip": "10.0.2.34",
    "dest_host": "SRV-SQL-01",
    "domain": "CORP",
    "file_path": "C:\\Users\\clee\\Documents\\document_659.enc",
    "process": "unknown.exe",
    "message": "Suspicious file created: document_659.enc by clee"
  },
  {
    "_time": "2024-01-01T05:08:29",
    "source": "WinEventLog:Microsoft-Windows-Sysmon/Operational",
    "host": "DC-01",
    "EventCode": 11,
    "event_type": "file_created",
    "attack_category": "ransomware",
    "user": "pclark",
    "src_ip": "10.0.2.34",
    "dest_host": "DC-01",
    "domain": "CORP",
    "file_path": "C:\\Users\\pclark\\Documents\\document_352.encrypted",
    "process": "unknown.exe",
    "message": "Suspicious file created: document_352.encrypted by pclark"
  },
  {
    "_time": "2024-01-01T05:08:34",
    "source": "WinEventLog:Microsoft-Windows-Sysmon/Operational",
    "host": "WS-IT-05",
    "EventCode": 11,
    "event_type": "file_created",
    "attack_category": "ransomware",
    "user": "rjohnson",
    "src_ip": "10.0.1.12",
    "dest_host": "WS-IT-05",
    "domain": "CORP",
    "file_path": "C:\\Users\\rjohnson\\Documents\\document_821.enc",
    "process": "unknown.exe",
    "message": "Suspicious file created: document_821.enc by rjohnson"
  },
  {
    "_time": "2024-01-01T05:08:42",
    "source": "WinEventLog:Microsoft-Windows-Sysmon/Operational",
    "host": "DC-01",
    "EventCode": 11,
    "event_type": "file_created",
    "attack_category": "ransomware",
    "user": "lwhite",
    "src_ip": "10.0.2.34",
    "dest_host": "DC-01",
    "domain": "CORP",
    "file_path": "C:\\Users\\lwhite\\Documents\\document_673.enc",
    "process": "svchost.exe",
    "message": "Suspicious file created: document_673.enc by lwhite"
  },
  {
    "_time": "2024-01-01T05:08:44",
    "source": "WinEventLog:Microsoft-Windows-Sysmon/Operational",
    "host": "SRV-WEB-01",
    "EventCode": 11,
    "event_type": "file_created",
    "attack_category": "ransomware",
    "user": "pclark",
    "src_ip": "10.0.2.34",
    "dest_host": "SRV-WEB-01",
    "domain": "CORP",
    "file_path": "C:\\Users\\pclark\\Documents\\document_504.crypt",
    "process": "explorer.exe",
    "message": "Suspicious file created: document_504.crypt by pclark"
  },
  {
    "_time": "2024-01-01T05:08:49",
    "source": "WinEventLog:Microsoft-Windows-Sysmon/Operational",
    "host": "WS-IT-05",
    "EventCode": 11,
    "event_type": "file_created",
    "attack_category": "ransomware",
    "user": "jsmith",
    "src_ip": "192.168.1.50",
    "dest_host": "WS-IT-05",
    "domain": "CORP",
    "file_path": "C:\\Users\\jsmith\\Documents\\document_454.locked",
    "process": "unknown.exe",
    "message": "Suspicious file created: document_454.locked by jsmith"
  },
  {
    "_time": "2024-01-01T05:08:54",
    "source": "WinEventLog:Microsoft-Windows-Sysmon/Operational",
    "host": "DC-01",
    "EventCode": 11,
    "event_type": "file_created",
    "attack_category": "ransomware",
    "user": "administrator",
    "src_ip": "192.168.1.101",
    "dest_host": "DC-01",
    "domain": "CORP",
    "file_path": "C:\\Users\\administrator\\Documents\\document_306.encrypted",
    "process": "svchost.exe",
    "message": "Suspicious file created: document_306.encrypted by administrator"
  },
  {
    "_time": "2024-01-01T05:09:03",
    "source": "WinEventLog:Microsoft-Windows-Sysmon/Operational",
    "host": "WS-IT-05",
    "EventCode": 11,
    "event_type": "file_created",
    "attack_category": "ransomware",
    "user": "administrator",
    "src_ip": "192.168.1.101",
    "dest_host": "WS-IT-05",
    "domain": "CORP",
    "file_path": "C:\\Users\\administrator\\Documents\\document_211.encrypted",
    "process": "unknown.exe",
    "message": "Suspicious file created: document_211.encrypted by administrator"
  },
  {
    "_time": "2024-01-01T05:09:13",
    "source": "WinEventLog:Microsoft-Windows-Sysmon/Operational",
    "host": "WS-HR-02",
    "EventCode": 11,
    "event_type": "file_created",
    "attack_category": "ransomware",
    "user": "rjohnson",
    "src_ip": "192.168.1.101",
    "dest_host": "WS-HR-02",
    "domain": "CORP",
    "file_path": "C:\\Users\\rjohnson\\Documents\\document_785.locked",
    "process": "explorer.exe",
    "message": "Suspicious file created: document_785.locked by rjohnson"
  },
  {
    "_time": "2024-01-01T05:09:17",
    "source": "WinEventLog:Microsoft-Windows-Sysmon/Operational",
    "host": "WS-FINANCE-01",
    "EventCode": 11,
    "event_type": "file_created",
    "attack_category": "ransomware",
    "user": "jsmith",
    "src_ip": "192.168.1.50",
    "dest_host": "WS-FINANCE-01",
    "domain": "CORP",
    "file_path": "C:\\Users\\jsmith\\Documents\\document_438.crypt",
    "process": "explorer.exe",
    "message": "Suspicious file created: document_438.crypt by jsmith"
  },
  {
    "_time": "2024-01-01T05:09:20",
    "source": "WinEventLog:Microsoft-Windows-Sysmon/Operational",
    "host": "SRV-SQL-01",
    "EventCode": 11,
    "event_type": "file_created",
    "attack_category": "ransomware",
    "user": "jsmith",
    "src_ip": "192.168.1.50",
    "dest_host": "SRV-SQL-01",
    "domain": "CORP",
    "file_path": "C:\\Users\\jsmith\\Documents\\document_516.encrypted",
    "process": "svchost.exe",
    "message": "Suspicious file created: document_516.encrypted by jsmith"
  },
  {
    "_time": "2024-01-01T05:09:24",
    "source": "WinEventLog:Microsoft-Windows-Sysmon/Operational",
    "host": "WS-IT-05",
    "EventCode": 11,
    "event_type": "file_created",
    "attack_category": "ransomware",
    "user": "svc_backup",
    "src_ip": "10.0.0.5",
    "dest_host": "WS-IT-05",
    "domain": "CORP",
    "file_path": "C:\\Users\\svc_backup\\Documents\\document_392.enc",
    "process": "explorer.exe",
    "message": "Suspicious file created: document_392.enc by svc_backup"
  },
  {
    "_time": "2024-01-01T05:09:34",
    "source": "WinEventLog:Microsoft-Windows-Sysmon/Operational",
    "host": "SRV-SQL-01",
    "EventCode": 11,
    "event_type": "file_created",
    "attack_category": "ransomware",
    "user": "rjohnson",
    "src_ip": "192.168.1.50",
    "dest_host": "SRV-SQL-01",
    "domain": "CORP",
    "file_path": "C:\\Users\\rjohnson\\Documents\\document_279.locked",
    "process": "explorer.exe",
    "message": "Suspicious file created: document_279.locked by rjohnson"
  },
  {
    "_time": "2024-01-01T05:09:35",
    "source": "WinEventLog:Microsoft-Windows-Sysmon/Operational",
    "host": "DC-01",
    "EventCode": 11,
    "event_type": "file_created",
    "attack_category": "ransomware",
    "user": "svc_sql",
    "src_ip": "10.0.2.34",
    "dest_host": "DC-01",
    "domain": "CORP",
    "file_path": "C:\\Users\\svc_sql\\Documents\\document_290.crypt",
    "process": "explorer.exe",
    "message": "Suspicious file created: document_290.crypt by svc_sql"
  },
  {
    "_time": "2024-01-01T05:09:36",
    "source": "WinEventLog:Microsoft-Windows-Sysmon/Operational",
    "host": "SRV-SQL-01",
    "EventCode": 11,
    "event_type": "file_created",
    "attack_category": "ransomware",
    "user": "kthomas",
    "src_ip": "10.0.2.34",
    "dest_host": "SRV-SQL-01",
    "domain": "CORP",
    "file_path": "C:\\Users\\kthomas\\Documents\\document_443.locked",
    "process": "svchost.exe",
    "message": "Suspicious file created: document_443.locked by kthomas"
  },
  {
    "_time": "2024-01-01T05:09:45",
    "source": "WinEventLog:Microsoft-Windows-Sysmon/Operational",
    "host": "DC-01",
    "EventCode": 11,
    "event_type": "file_created",
    "attack_category": "ransomware",
    "user": "njones",
    "src_ip": "192.168.1.101",
    "dest_host": "DC-01",
    "domain": "CORP",
    "file_path": "C:\\Users\\njones\\Documents\\document_971.encrypted",
    "process": "svchost.exe",
    "message": "Suspicious file created: document_971.encrypted by njones"
  },
  {
    "_time": "2024-01-01T05:09:50",
    "source": "WinEventLog:Microsoft-Windows-Sysmon/Operational",
    "host": "LAPTOP-EXEC-03",
    "EventCode": 11,
    "event_type": "file_created",
    "attack_category": "ransomware",
    "user": "rjohnson",
    "src_ip": "10.0.1.12",
    "dest_host": "LAPTOP-EXEC-03",
    "domain": "CORP",
    "file_path": "C:\\Users\\rjohnson\\Documents\\document_438.locked",
    "process": "unknown.exe",
    "message": "Suspicious file created: document_438.locked by rjohnson"
  },
  {
    "_time": "2024-01-01T05:09:58",
    "source": "WinEventLog:Microsoft-Windows-Sysmon/Operational",
    "host": "WS-IT-05",
    "EventCode": 11,
    "event_type": "file_created",
    "attack_category": "ransomware",
    "user": "admin",
    "src_ip": "10.0.2.34",
    "dest_host": "WS-IT-05",
    "domain": "CORP",
    "file_path": "C:\\Users\\admin\\Documents\\document_114.encrypted",
    "process": "svchost.exe",
    "message": "Suspicious file created: document_114.encrypted by admin"
  },
  {
    "_time": "2024-01-01T05:10:08",
    "source": "WinEventLog:Microsoft-Windows-Sysmon/Operational",
    "host": "LAPTOP-EXEC-03",
    "EventCode": 11,
    "event_type": "file_created",
    "attack_category": "ransomware",
    "user": "admin",
    "src_ip": "192.168.1.101",
    "dest_host": "LAPTOP-EXEC-03",
    "domain": "CORP",
    "file_path": "C:\\Users\\admin\\Documents\\document_279.encrypted",
    "process": "unknown.exe",
    "message": "Suspicious file created: document_279.encrypted by admin"
  },
  {
    "_time": "2024-01-01T05:10:15",
    "source": "WinEventLog:Microsoft-Windows-Sysmon/Operational",
    "host": "DC-01",
    "EventCode": 11,
    "event_type": "file_created",
    "attack_category": "ransomware",
    "user": "svc_sql",
    "src_ip": "192.168.1.50",
    "dest_host": "DC-01",
    "domain": "CORP",
    "file_path": "C:\\Users\\svc_sql\\Documents\\document_188.enc",
    "process": "unknown.exe",
    "message": "Suspicious file created: document_188.enc by svc_sql"
  },
  {
    "_time": "2024-01-01T05:10:17",
    "source": "WinEventLog:Microsoft-Windows-Sysmon/Operational",
    "host": "WS-HR-02",
    "EventCode": 11,
    "event_type": "file_created",
    "attack_category": "ransomware",
    "user": "mwilson",
    "src_ip": "10.0.1.12",
    "dest_host": "WS-HR-02",
    "domain": "CORP",
    "file_path": "C:\\Users\\mwilson\\Documents\\document_431.crypt",
    "process": "explorer.exe",
    "message": "Suspicious file created: document_431.crypt by mwilson"
  },
  {
    "_time": "2024-01-01T05:10:22",
    "source": "WinEventLog:Microsoft-Windows-Sysmon/Operational",
    "host": "WS-HR-02",
    "EventCode": 11,
    "event_type": "file_created",
    "attack_category": "ransomware",
    "user": "bmartin",
    "src_ip": "10.0.2.34",
    "dest_host": "WS-HR-02",
    "domain": "CORP",
    "file_path": "C:\\Users\\bmartin\\Documents\\document_871.crypt",
    "process": "svchost.exe",
    "message": "Suspicious file created: document_871.crypt by bmartin"
  },
  {
    "_time": "2024-01-01T05:10:27",
    "source": "WinEventLog:Microsoft-Windows-Sysmon/Operational",
    "host": "SRV-WEB-01",
    "EventCode": 11,
    "event_type": "file_created",
    "attack_category": "ransomware",
    "user": "pclark",
    "src_ip": "10.0.2.34",
    "dest_host": "SRV-WEB-01",
    "domain": "CORP",
    "file_path": "C:\\Users\\pclark\\Documents\\document_367.locked",
    "process": "unknown.exe",
    "message": "Suspicious file created: document_367.locked by pclark"
  },
  {
    "_time": "2024-01-01T05:10:31",
    "source": "WinEventLog:Microsoft-Windows-Sysmon/Operational",
    "host": "SRV-WEB-01",
    "EventCode": 11,
    "event_type": "file_created",
    "attack_category": "ransomware",
    "user": "jsmith",
    "src_ip": "10.0.2.34",
    "dest_host": "SRV-WEB-01",
    "domain": "CORP",
    "file_path": "C:\\Users\\jsmith\\Documents\\document_576.locked",
    "process": "explorer.exe",
    "message": "Suspicious file created: document_576.locked by jsmith"
  },
  {
    "_time": "2024-01-01T05:10:38",
    "source": "WinEventLog:Microsoft-Windows-Sysmon/Operational",
    "host": "SRV-SQL-01",
    "EventCode": 11,
    "event_type": "file_created",
    "attack_category": "ransomware",
    "user": "admin",
    "src_ip": "10.0.0.5",
    "dest_host": "SRV-SQL-01",
    "domain": "CORP",
    "file_path": "C:\\Users\\admin\\Documents\\document_806.enc",
    "process": "unknown.exe",
    "message": "Suspicious file created: document_806.enc by admin"
  },
  {
    "_time": "2024-01-01T05:10:43",
    "source": "WinEventLog:Microsoft-Windows-Sysmon/Operational",
    "host": "SRV-SQL-01",
    "EventCode": 11,
    "event_type": "file_created",
    "attack_category": "ransomware",
    "user": "lwhite",
    "src_ip": "10.0.1.12",
    "dest_host": "SRV-SQL-01",
    "domain": "CORP",
    "file_path": "C:\\Users\\lwhite\\Documents\\document_324.encrypted",
    "process": "svchost.exe",
    "message": "Suspicious file created: document_324.encrypted by lwhite"
  },
  {
    "_time": "2024-01-01T05:10:46",
    "source": "WinEventLog:Microsoft-Windows-Sysmon/Operational",
    "host": "SRV-WEB-01",
    "EventCode": 11,
    "event_type": "file_created",
    "attack_category": "ransomware",
    "user": "clee",
    "src_ip": "192.168.1.101",
    "dest_host": "SRV-WEB-01",
    "domain": "CORP",
    "file_path": "C:\\Users\\clee\\Documents\\document_525.enc",
    "process": "svchost.exe",
    "message": "Suspicious file created: document_525.enc by clee"
  },
  {
    "_time": "2024-01-01T05:10:55",
    "source": "WinEventLog:Microsoft-Windows-Sysmon/Operational",
    "host": "SRV-WEB-01",
    "EventCode": 11,
    "event_type": "file_created",
    "attack_category": "ransomware",
    "user": "svc_backup",
    "src_ip": "10.0.1.12",
    "dest_host": "SRV-WEB-01",
    "domain": "CORP",
    "file_path": "C:\\Users\\svc_backup\\Documents\\document_880.encrypted",
    "process": "unknown.exe",
    "message": "Suspicious file created: document_880.encrypted by svc_backup"
  },
  {
    "_time": "2024-01-01T05:11:05",
    "source": "WinEventLog:Microsoft-Windows-Sysmon/Operational",
    "host": "LAPTOP-EXEC-03",
    "EventCode": 11,
    "event_type": "file_created",
    "attack_category": "ransomware",
    "user": "svc_sql",
    "src_ip": "192.168.1.50",
    "dest_host": "LAPTOP-EXEC-03",
    "domain": "CORP",
    "file_path": "C:\\Users\\svc_sql\\Documents\\document_638.locked",
    "process": "unknown.exe",
    "message": "Suspicious file created: document_638.locked by svc_sql"
  },
  {
    "_time": "2024-01-01T05:11:11",
    "source": "WinEventLog:Microsoft-Windows-Sysmon/Operational",
    "host": "SRV-SQL-01",
    "EventCode": 11,
    "event_type": "file_created",
    "attack_category": "ransomware",
    "user": "adavis",
    "src_ip": "192.168.1.101",
    "dest_host": "SRV-SQL-01",
    "domain": "CORP",
    "file_path": "C:\\Users\\adavis\\Documents\\document_163.locked",
    "process": "unknown.exe",
    "message": "Suspicious file created: document_163.locked by adavis"
  },
  {
    "_time": "2024-01-01T05:11:15",
    "source": "WinEventLog:Microsoft-Windows-Sysmon/Operational",
    "host": "SRV-SQL-01",
    "EventCode": 11,
    "event_type": "file_created",
    "attack_category": "ransomware",
    "user": "pclark",
    "src_ip": "10.0.2.34",
    "dest_host": "SRV-SQL-01",
    "domain": "CORP",
    "file_path": "C:\\Users\\pclark\\Documents\\document_268.encrypted",
    "process": "unknown.exe",
    "message": "Suspicious file created: document_268.encrypted by pclark"
  },
  {
    "_time": "2024-01-01T05:11:23",
    "source": "WinEventLog:Microsoft-Windows-Sysmon/Operational",
    "host": "SRV-WEB-01",
    "EventCode": 11,
    "event_type": "file_created",
    "attack_category": "ransomware",
    "user": "adavis",
    "src_ip": "192.168.1.101",
    "dest_host": "SRV-WEB-01",
    "domain": "CORP",
    "file_path": "C:\\Users\\adavis\\Documents\\document_834.encrypted",
    "process": "svchost.exe",
    "message": "Suspicious file created: document_834.encrypted by adavis"
  },
  {
    "_time": "2024-01-01T05:11:25",
    "source": "WinEventLog:Microsoft-Windows-Sysmon/Operational",
    "host": "SRV-SQL-01",
    "EventCode": 11,
    "event_type": "file_created",
    "attack_category": "ransomware",
    "user": "helpdesk",
    "src_ip": "10.0.0.5",
    "dest_host": "SRV-SQL-01",
    "domain": "CORP",
    "file_path": "C:\\Users\\helpdesk\\Documents\\document_928.crypt",
    "process": "svchost.exe",
    "message": "Suspicious file created: document_928.crypt by helpdesk"
  },
  {
    "_time": "2024-01-01T05:11:28",
    "source": "WinEventLog:Microsoft-Windows-Sysmon/Operational",
    "host": "DC-01",
    "EventCode": 11,
    "event_type": "file_created",
    "attack_category": "ransomware",
    "user": "njones",
    "src_ip": "10.0.0.5",
    "dest_host": "DC-01",
    "domain": "CORP",
    "file_path": "C:\\Users\\njones\\Documents\\document_677.crypt",
    "process": "unknown.exe",
    "message": "Suspicious file created: document_677.crypt by njones"
  },
  {
    "_time": "2024-01-01T05:11:36",
    "source": "WinEventLog:Microsoft-Windows-Sysmon/Operational",
    "host": "LAPTOP-EXEC-03",
    "EventCode": 11,
    "event_type": "file_created",
    "attack_category": "ransomware",
    "user": "admin",
    "src_ip": "10.0.0.5",
    "dest_host": "LAPTOP-EXEC-03",
    "domain": "CORP",
    "file_path": "C:\\Users\\admin\\Documents\\document_840.enc",
    "process": "svchost.exe",
    "message": "Suspicious file created: document_840.enc by admin"
  },
  {
    "_time": "2024-01-01T05:11:41",
    "source": "WinEventLog:Microsoft-Windows-Sysmon/Operational",
    "host": "WS-FINANCE-01",
    "EventCode": 11,
    "event_type": "file_created",
    "attack_category": "ransomware",
    "user": "svc_sql",
    "src_ip": "10.0.0.5",
    "dest_host": "WS-FINANCE-01",
    "domain": "CORP",
    "file_path": "C:\\Users\\svc_sql\\Documents\\document_692.encrypted",
    "process": "explorer.exe",
    "message": "Suspicious file created: document_692.encrypted by svc_sql"
  },
  {
    "_time": "2024-01-01T05:11:48",
    "source": "WinEventLog:Microsoft-Windows-Sysmon/Operational",
    "host": "SRV-WEB-01",
    "EventCode": 11,
    "event_type": "file_created",
    "attack_category": "ransomware",
    "user": "lwhite",
    "src_ip": "10.0.0.5",
    "dest_host": "SRV-WEB-01",
    "domain": "CORP",
    "file_path": "C:\\Users\\lwhite\\Documents\\document_654.locked",
    "process": "explorer.exe",
    "message": "Suspicious file created: document_654.locked by lwhite"
  },
  {
    "_time": "2024-01-01T05:12:04",
    "source": "WinEventLog:Security",
    "host": "WS-FINANCE-01",
    "EventCode": 4625,
    "event_type": "failed_login",
    "attack_category": "login_failure_then_success",
    "user": "helpdesk",
    "src_ip": "198.54.117.200",
    "dest_host": "WS-FINANCE-01",
    "domain": "CORP",
    "logon_type": 3,
    "failure_reason": "Bad password",
    "message": "Failed login for helpdesk from 198.54.117.200"
  },
  {
    "_time": "2024-01-01T05:12:11",
    "source": "WinEventLog:Security",
    "host": "WS-FINANCE-01",
    "EventCode": 4625,
    "event_type": "failed_login",
    "attack_category": "login_failure_then_success",
    "user": "helpdesk",
    "src_ip": "198.54.117.200",
    "dest_host": "WS-FINANCE-01",
    "domain": "ACME",
    "logon_type": 3,
    "failure_reason": "Bad password",
    "message": "Failed login for helpdesk from 198.54.117.200"
  },
  {
    "_time": "2024-01-01T05:12:27",
    "source": "WinEventLog:Security",
    "host": "WS-FINANCE-01",
    "EventCode": 4625,
    "event_type": "failed_login",
    "attack_category": "login_failure_then_success",
    "user": "helpdesk",
    "src_ip": "198.54.117.200",
    "dest_host": "WS-FINANCE-01",
    "domain": "CONTOSO",
    "logon_type": 3,
    "failure_reason": "Bad password",
    "message": "Failed login for helpdesk from 198.54.117.200"
  },
  {
    "_time": "2024-01-01T05:12:42",
    "source": "WinEventLog:Security",
    "host": "WS-FINANCE-01",
    "EventCode": 4625,
    "event_type": "failed_login",
    "attack_category": "login_failure_then_success",
    "user": "helpdesk",
    "src_ip": "198.54.117.200",
    "dest_host": "WS-FINANCE-01",
    "domain": "CONTOSO",
    "logon_type": 3,
    "failure_reason": "Bad password",
    "message": "Failed login for helpdesk from 198.54.117.200"
  },
  {
    "_time": "2024-01-01T05:12:57",
    "source": "WinEventLog:Security",
    "host": "WS-FINANCE-01",
    "EventCode": 4625,
    "event_type": "failed_login",
    "attack_category": "login_failure_then_success",
    "user": "helpdesk",
    "src_ip": "198.54.117.200",
    "dest_host": "WS-FINANCE-01",
    "domain": "CONTOSO",
    "logon_type": 3,
    "failure_reason": "Bad password",
    "message": "Failed login for helpdesk from 198.54.117.200"
  },
  {
    "_time": "2024-01-01T05:13:02",
    "source": "WinEventLog:Security",
    "host": "WS-FINANCE-01",
    "EventCode": 4625,
    "event_type": "failed_login",
    "attack_category": "login_failure_then_success",
    "user": "helpdesk",
    "src_ip": "198.54.117.200",
    "dest_host": "WS-FINANCE-01",
    "domain": "ACME",
    "logon_type": 3,
    "failure_reason": "Bad password",
    "message": "Failed login for helpdesk from 198.54.117.200"
  },
  {
    "_time": "2024-01-01T05:13:22",
    "source": "WinEventLog:Security",
    "host": "WS-FINANCE-01",
    "EventCode": 4625,
    "event_type": "failed_login",
    "attack_category": "login_failure_then_success",
    "user": "helpdesk",
    "src_ip": "198.54.117.200",
    "dest_host": "WS-FINANCE-01",
    "domain": "CORP",
    "logon_type": 3,
    "failure_reason": "Bad password",
    "message": "Failed login for helpdesk from 198.54.117.200"
  },
  {
    "_time": "2024-01-01T05:13:27",
    "source": "WinEventLog:Security",
    "host": "WS-FINANCE-01",
    "EventCode": 4624,
    "event_type": "successful_login",
    "attack_category": "login_failure_then_success",
    "user": "helpdesk",
    "src_ip": "198.54.117.200",
    "dest_host": "WS-FINANCE-01",
    "domain": "CORP",
    "logon_type": 3,
    "message": "Successful login for helpdesk from 198.54.117.200 after failures"
  },
  {
    "_time": "2024-01-01T05:13:47",
    "source": "WinEventLog:Security",
    "host": "WS-FINANCE-01",
    "EventCode": 4625,
    "event_type": "failed_login",
    "attack_category": "login_failure_then_success",
    "user": "admin",
    "src_ip": "185.56.80.65",
    "dest_host": "WS-FINANCE-01",
    "domain": "CONTOSO",
    "logon_type": 3,
    "failure_reason": "Bad password",
    "message": "Failed login for admin from 185.56.80.65"
  },
  {
    "_time": "2024-01-01T05:14:06",
    "source": "WinEventLog:Security",
    "host": "WS-FINANCE-01",
    "EventCode": 4625,
    "event_type": "failed_login",
    "attack_category": "login_failure_then_success",
    "user": "admin",
    "src_ip": "185.56.80.65",
    "dest_host": "WS-FINANCE-01",
    "domain": "CORP",
    "logon_type": 3,
    "failure_reason": "Bad password",
    "message": "Failed login for admin from 185.56.80.65"
  },
  {
    "_time": "2024-01-01T05:14:16",
    "source": "WinEventLog:Security",
    "host": "WS-FINANCE-01",
    "EventCode": 4625,
    "event_type": "failed_login",
    "attack_category": "login_failure_then_success",
    "user": "admin",
    "src_ip": "185.56.80.65",
    "dest_host": "WS-FINANCE-01",
    "domain": "CORP",
    "logon_type": 3,
    "failure_reason": "Bad password",
    "message": "Failed login for admin from 185.56.80.65"
  },
  {
    "_time": "2024-01-01T05:14:19",
    "source": "WinEventLog:Security",
    "host": "WS-FINANCE-01",
    "EventCode": 4625,
    "event_type": "failed_login",
    "attack_category": "login_failure_then_success",
    "user": "admin",
    "src_ip": "185.56.80.65",
    "dest_host": "WS-FINANCE-01",
    "domain": "CONTOSO",
    "logon_type": 3,
    "failure_reason": "Bad password",
    "message": "Failed login for admin from 185.56.80.65"
  },
  {
    "_time": "2024-01-01T05:14:36",
    "source": "WinEventLog:Security",
    "host": "WS-FINANCE-01",
    "EventCode": 4625,
    "event_type": "failed_login",
    "attack_category": "login_failure_then_success",
    "user": "admin",
    "src_ip": "185.56.80.65",
    "dest_host": "WS-FINANCE-01",
    "domain": "ACME",
    "logon_type": 3,
    "failure_reason": "Bad password",
    "message": "Failed login for admin from 185.56.80.65"
  },
  {
    "_time": "2024-01-01T05:14:56",
    "source": "WinEventLog:Security",
    "host": "WS-FINANCE-01",
    "EventCode": 4625,
    "event_type": "failed_login",
    "attack_category": "login_failure_then_success",
    "user": "admin",
    "src_ip": "185.56.80.65",
    "dest_host": "WS-FINANCE-01",
    "domain": "CONTOSO",
    "logon_type": 3,
    "failure_reason": "Bad password",
    "message": "Failed login for admin from 185.56.80.65"
  },
  {
    "_time": "2024-01-01T05:15:01",
    "source": "WinEventLog:Security",
    "host": "WS-FINANCE-01",
    "EventCode": 4624,
    "event_type": "successful_login",
    "attack_category": "login_failure_then_success",
    "user": "admin",
    "src_ip": "185.56.80.65",
    "dest_host": "WS-FINANCE-01",
    "domain": "CORP",
    "logon_type": 3,
    "message": "Successful login for admin from 185.56.80.65 after failures"
  },
  {
    "_time": "2024-01-01T05:15:11",
    "source": "WinEventLog:Security",
    "host": "LAPTOP-EXEC-03",
    "EventCode": 4625,
    "event_type": "failed_login",
    "attack_category": "login_failure_then_success",
    "user": "njones",
    "src_ip": "77.91.68.33",
    "dest_host": "LAPTOP-EXEC-03",
    "domain": "CONTOSO",
    "logon_type": 3,
    "failure_reason": "Bad password",
    "message": "Failed login for njones from 77.91.68.33"
  },
  {
    "_time": "2024-01-01T05:15:25",
    "source": "WinEventLog:Security",
    "host": "LAPTOP-EXEC-03",
    "EventCode": 4625,
    "event_type": "failed_login",
    "attack_category": "login_failure_then_success",
    "user": "njones",
    "src_ip": "77.91.68.33",
    "dest_host": "LAPTOP-EXEC-03",
    "domain": "CORP",
    "logon_type": 3,
    "failure_reason": "Bad password",
    "message": "Failed login for njones from 77.91.68.33"
  },
  {
    "_time": "2024-01-01T05:15:36",
    "source": "WinEventLog:Security",
    "host": "LAPTOP-EXEC-03",
    "EventCode": 4625,
    "event_type": "failed_login",
    "attack_category": "login_failure_then_success",
    "user": "njones",
    "src_ip": "77.91.68.33",
    "dest_host": "LAPTOP-EXEC-03",
    "domain": "CORP",
    "logon_type": 3,
    "failure_reason": "Bad password",
    "message": "Failed login for njones from 77.91.68.33"
  },
  {
    "_time": "2024-01-01T05:15:42",
    "source": "WinEventLog:Security",
    "host": "LAPTOP-EXEC-03",
    "EventCode": 4625,
    "event_type": "failed_login",
    "attack_category": "login_failure_then_success",
    "user": "njones",
    "src_ip": "77.91.68.33",
    "dest_host": "LAPTOP-EXEC-03",
    "domain": "CORP",
    "logon_type": 3,
    "failure_reason": "Bad password",
    "message": "Failed login for njones from 77.91.68.33"
  },
  {
    "_time": "2024-01-01T05:15:58",
    "source": "WinEventLog:Security",
    "host": "LAPTOP-EXEC-03",
    "EventCode": 4625,
    "event_type": "failed_login",
    "attack_category": "login_failure_then_success",
    "user": "njones",
    "src_ip": "77.91.68.33",
    "dest_host": "LAPTOP-EXEC-03",
    "domain": "ACME",
    "logon_type": 3,
    "failure_reason": "Bad password",
    "message": "Failed login for njones from 77.91.68.33"
  },
  {
    "_time": "2024-01-01T05:16:01",
    "source": "WinEventLog:Security",
    "host": "LAPTOP-EXEC-03",
    "EventCode": 4625,
    "event_type": "failed_login",
    "attack_category": "login_failure_then_success",
    "user": "njones",
    "src_ip": "77.91.68.33",
    "dest_host": "LAPTOP-EXEC-03",
    "domain": "CORP",
    "logon_type": 3,
    "failure_reason": "Bad password",
    "message": "Failed login for njones from 77.91.68.33"
  },
  {
    "_time": "2024-01-01T05:16:06",
    "source": "WinEventLog:Security",
    "host": "LAPTOP-EXEC-03",
    "EventCode": 4624,
    "event_type": "successful_login",
    "attack_category": "login_failure_then_success",
    "user": "njones",
    "src_ip": "77.91.68.33",
    "dest_host": "LAPTOP-EXEC-03",
    "domain": "CORP",
    "logon_type": 3,
    "message": "Successful login for njones from 77.91.68.33 after failures"
  },
  {
    "_time": "2024-01-01T05:16:10",
    "source": "WinEventLog:Security",
    "host": "WS-FINANCE-01",
    "EventCode": 4625,
    "event_type": "failed_login",
    "attack_category": "login_failure_then_success",
    "user": "rjohnson",
    "src_ip": "91.108.4.12",
    "dest_host": "WS-FINANCE-01",
    "domain": "CONTOSO",
    "logon_type": 3,
    "failure_reason": "Bad password",
    "message": "Failed login for rjohnson from 91.108.4.12"
  },
  {
    "_time": "2024-01-01T05:16:14",
    "source": "WinEventLog:Security",
    "host": "WS-FINANCE-01",
    "EventCode": 4625,
    "event_type": "failed_login",
    "attack_category": "login_failure_then_success",
    "user": "rjohnson",
    "src_ip": "91.108.4.12",
    "dest_host": "WS-FINANCE-01",
    "domain": "CORP",
    "logon_type": 3,
    "failure_reason": "Bad password",
    "message": "Failed login for rjohnson from 91.108.4.12"
  },
  {
    "_time": "2024-01-01T05:16:18",
    "source": "WinEventLog:Security",
    "host": "WS-FINANCE-01",
    "EventCode": 4625,
    "event_type": "failed_login",
    "attack_category": "login_failure_then_success",
    "user": "rjohnson",
    "src_ip": "91.108.4.12",
    "dest_host": "WS-FINANCE-01",
    "domain": "CONTOSO",
    "logon_type": 3,
    "failure_reason": "Bad password",
    "message": "Failed login for rjohnson from 91.108.4.12"
  },
  {
    "_time": "2024-01-01T05:16:35",
    "source": "WinEventLog:Security",
    "host": "WS-FINANCE-01",
    "EventCode": 4625,
    "event_type": "failed_login",
    "attack_category": "login_failure_then_success",
    "user": "rjohnson",
    "src_ip": "91.108.4.12",
    "dest_host": "WS-FINANCE-01",
    "domain": "CORP",
    "logon_type": 3,
    "failure_reason": "Bad password",
    "message": "Failed login for rjohnson from 91.108.4.12"
  },
  {
    "_time": "2024-01-01T05:16:55",
    "source": "WinEventLog:Security",
    "host": "WS-FINANCE-01",
    "EventCode": 4625,
    "event_type": "failed_login",
    "attack_category": "login_failure_then_success",
    "user": "rjohnson",
    "src_ip": "91.108.4.12",
    "dest_host": "WS-FINANCE-01",
    "domain": "CORP",
    "logon_type": 3,
    "failure_reason": "Bad password",
    "message": "Failed login for rjohnson from 91.108.4.12"
  },
  {
    "_time": "2024-01-01T05:16:59",
    "source": "WinEventLog:Security",
    "host": "WS-FINANCE-01",
    "EventCode": 4625,
    "event_type": "failed_login",
    "attack_category": "login_failure_then_success",
    "user": "rjohnson",
    "src_ip": "91.108.4.12",
    "dest_host": "WS-FINANCE-01",
    "domain": "CORP",
    "logon_type": 3,
    "failure_reason": "Bad password",
    "message": "Failed login for rjohnson from 91.108.4.12"
  },
  {
    "_time": "2024-01-01T05:17:18",
    "source": "WinEventLog:Security",
    "host": "WS-FINANCE-01",
    "EventCode": 4625,
    "event_type": "failed_login",
    "attack_category": "login_failure_then_success",
    "user": "rjohnson",
    "src_ip": "91.108.4.12",
    "dest_host": "WS-FINANCE-01",
    "domain": "CONTOSO",
    "logon_type": 3,
    "failure_reason": "Bad password",
    "message": "Failed login for rjohnson from 91.108.4.12"
  },
  {
    "_time": "2024-01-01T05:17:28",
    "source": "WinEventLog:Security",
    "host": "WS-FINANCE-01",
    "EventCode": 4625,
    "event_type": "failed_login",
    "attack_category": "login_failure_then_success",
    "user": "rjohnson",
    "src_ip": "91.108.4.12",
    "dest_host": "WS-FINANCE-01",
    "domain": "ACME",
    "logon_type": 3,
    "failure_reason": "Bad password",
    "message": "Failed login for rjohnson from 91.108.4.12"
  },
  {
    "_time": "2024-01-01T05:17:41",
    "source": "WinEventLog:Security",
    "host": "WS-FINANCE-01",
    "EventCode": 4625,
    "event_type": "failed_login",
    "attack_category": "login_failure_then_success",
    "user": "rjohnson",
    "src_ip": "91.108.4.12",
    "dest_host": "WS-FINANCE-01",
    "domain": "ACME",
    "logon_type": 3,
    "failure_reason": "Bad password",
    "message": "Failed login for rjohnson from 91.108.4.12"
  },
  {
    "_time": "2024-01-01T05:17:46",
    "source": "WinEventLog:Security",
    "host": "WS-FINANCE-01",
    "EventCode": 4624,
    "event_type": "successful_login",
    "attack_category": "login_failure_then_success",
    "user": "rjohnson",
    "src_ip": "91.108.4.12",
    "dest_host": "WS-FINANCE-01",
    "domain": "CORP",
    "logon_type": 3,
    "message": "Successful login for rjohnson from 91.108.4.12 after failures"
  },
  {
    "_time": "2024-01-01T05:17:53",
    "source": "WinEventLog:Security",
    "host": "WS-HR-02",
    "EventCode": 4625,
    "event_type": "failed_login",
    "attack_category": "login_failure_then_success",
    "user": "pclark",
    "src_ip": "185.56.80.65",
    "dest_host": "WS-HR-02",
    "domain": "ACME",
    "logon_type": 3,
    "failure_reason": "Bad password",
    "message": "Failed login for pclark from 185.56.80.65"
  },
  {
    "_time": "2024-01-01T05:18:12",
    "source": "WinEventLog:Security",
    "host": "WS-HR-02",
    "EventCode": 4625,
    "event_type": "failed_login",
    "attack_category": "login_failure_then_success",
    "user": "pclark",
    "src_ip": "185.56.80.65",
    "dest_host": "WS-HR-02",
    "domain": "CORP",
    "logon_type": 3,
    "failure_reason": "Bad password",
    "message": "Failed login for pclark from 185.56.80.65"
  },
  {
    "_time": "2024-01-01T05:18:28",
    "source": "WinEventLog:Security",
    "host": "WS-HR-02",
    "EventCode": 4625,
    "event_type": "failed_login",
    "attack_category": "login_failure_then_success",
    "user": "pclark",
    "src_ip": "185.56.80.65",
    "dest_host": "WS-HR-02",
    "domain": "CONTOSO",
    "logon_type": 3,
    "failure_reason": "Bad password",
    "message": "Failed login for pclark from 185.56.80.65"
  },
  {
    "_time": "2024-01-01T05:18:39",
    "source": "WinEventLog:Security",
    "host": "WS-HR-02",
    "EventCode": 4625,
    "event_type": "failed_login",
    "attack_category": "login_failure_then_success",
    "user": "pclark",
    "src_ip": "185.56.80.65",
    "dest_host": "WS-HR-02",
    "domain": "CORP",
    "logon_type": 3,
    "failure_reason": "Bad password",
    "message": "Failed login for pclark from 185.56.80.65"
  },
  {
    "_time": "2024-01-01T05:18:59",
    "source": "WinEventLog:Security",
    "host": "WS-HR-02",
    "EventCode": 4625,
    "event_type": "failed_login",
    "attack_category": "login_failure_then_success",
    "user": "pclark",
    "src_ip": "185.56.80.65",
    "dest_host": "WS-HR-02",
    "domain": "ACME",
    "logon_type": 3,
    "failure_reason": "Bad password",
    "message": "Failed login for pclark from 185.56.80.65"
  },
