[
  {
    "_time": "2024-01-01T00:00:13",
    "source": "WinEventLog:Security",
    "host": "WS-FINANCE-01",
    "EventCode": 4625,
    "event_type": "failed_login",
    "attack_category": "brute_force",
    "user": "administrator",
    "src_ip": "91.108.4.12",
    "dest_host": "WS-FINANCE-01",
    "domain": "CONTOSO",
    "logon_type": 3,
    "failure_reason": "Unknown user name or bad password",
    "status": "0xC000006D",
    "sub_status": "0xC0000064",
    "message": "An account failed to log on. Account: administrator. Source IP: 91.108.4.12"
  },
  {
    "_time": "2024-01-01T00:00:26",
    "source": "WinEventLog:Security",
    "host": "WS-HR-02",
    "EventCode": 4625,
    "event_type": "failed_login",
    "attack_category": "brute_force",
    "user": "jsmith",
    "src_ip": "45.142.212.100",
    "dest_host": "WS-HR-02",
    "domain": "CORP",
    "logon_type": 3,
    "failure_reason": "Unknown user name or bad password",
    "status": "0xC000006D",
    "sub_status": "0xC0000064",
    "message": "An account failed to log on. Account: jsmith. Source IP: 45.142.212.100"
  },
  {
    "_time": "2024-01-01T00:00:34",
    "source": "WinEventLog:Security",
    "host": "SRV-SQL-01",
    "EventCode": 4625,
    "event_type": "failed_login",
    "attack_category": "brute_force",
    "user": "administrator",
    "src_ip": "91.108.4.12",
    "dest_host": "SRV-SQL-01",
    "domain": "CORP",
    "logon_type": 3,
    "failure_reason": "Unknown user name or bad password",
    "status": "0xC000006D",
    "sub_status": "0xC0000064",
    "message": "An account failed to log on. Account: administrator. Source IP: 91.108.4.12"
  },
  {
    "_time": "2024-01-01T00:00:39",
    "source": "WinEventLog:Security",
    "host": "WS-HR-02",
    "EventCode": 4625,
    "event_type": "failed_login",
    "attack_category": "brute_force",
    "user": "jsmith",
    "src_ip": "91.108.4.12",
    "dest_host": "WS-HR-02",
    "domain": "ACME",
    "logon_type": 3,
    "failure_reason": "Unknown user name or bad password",
    "status": "0xC000006D",
    "sub_status": "0xC0000064",
    "message": "An account failed to log on. Account: jsmith. Source IP: 91.108.4.12"
  },
  {
    "_time": "2024-01-01T00:00:44",
    "source": "WinEventLog:Security",
    "host": "SRV-SQL-01",
    "EventCode": 4625,
    "event_type": "failed_login",
    "attack_category": "brute_force",
    "user": "administrator",
    "src_ip": "185.220.101.45",
    "dest_host": "SRV-SQL-01",
    "domain": "ACME",
    "logon_type": 3,
    "failure_reason": "Unknown user name or bad password",
    "status": "0xC000006D",
    "sub_status": "0xC0000064",
    "message": "An account failed to log on. Account: administrator. Source IP: 185.220.101.45"
  },
  {
    "_time": "2024-01-01T00:00:53",
    "source": "WinEventLog:Security",
    "host": "WS-HR-02",
    "EventCode": 4625,
    "event_type": "failed_login",
    "attack_category": "brute_force",
    "user": "administrator",
    "src_ip": "77.91.68.33",
    "dest_host": "WS-HR-02",
    "domain": "ACME",
    "logon_type": 3,
    "failure_reason": "Unknown user name or bad password",
    "status": "0xC000006D",
    "sub_status": "0xC0000064",
    "message": "An account failed to log on. Account: administrator. Source IP: 77.91.68.33"
  },
  {
    "_time": "2024-01-01T00:01:07",
    "source": "WinEventLog:Security",
    "host": "LAPTOP-EXEC-03",
    "EventCode": 4625,
    "event_type": "failed_login",
    "attack_category": "brute_force",
    "user": "admin",
    "src_ip": "185.220.101.45",
    "dest_host": "LAPTOP-EXEC-03",
    "domain": "CORP",
    "logon_type": 3,
    "failure_reason": "Unknown user name or bad password",
    "status": "0xC000006D",
    "sub_status": "0xC0000064",
    "message": "An account failed to log on. Account: admin. Source IP: 185.220.101.45"
  },
  {
    "_time": "2024-01-01T00:01:13",
    "source": "WinEventLog:Security",
    "host": "WS-IT-05",
    "EventCode": 4625,
    "event_type": "failed_login",
    "attack_category": "brute_force",
    "user": "administrator",
    "src_ip": "77.91.68.33",
    "dest_host": "WS-IT-05",
    "domain": "CORP",
    "logon_type": 3,
    "failure_reason": "Unknown user name or bad password",
    "status": "0xC000006D",
    "sub_status": "0xC0000064",
    "message": "An account failed to log on. Account: administrator. Source IP: 77.91.68.33"
  },
  {
    "_time": "2024-01-01T00:01:16",
    "source": "WinEventLog:Security",
    "host": "WS-FINANCE-01",
    "EventCode": 4625,
    "event_type": "failed_login",
    "attack_category": "brute_force",
    "user": "jsmith",
    "src_ip": "185.56.80.65",
    "dest_host": "WS-FINANCE-01",
    "domain": "CONTOSO",
    "logon_type": 3,
    "failure_reason": "Unknown user name or bad password",
    "status": "0xC000006D",
    "sub_status": "0xC0000064",
    "message": "An account failed to log on. Account: jsmith. Source IP: 185.56.80.65"
  },
  {
    "_time": "2024-01-01T00:01:23",
    "source": "WinEventLog:Security",
    "host": "LAPTOP-EXEC-03",
    "EventCode": 4625,
    "event_type": "failed_login",
    "attack_category": "brute_force",
    "user": "jsmith",
    "src_ip": "185.56.80.65",
    "dest_host": "LAPTOP-EXEC-03",
    "domain": "ACME",
    "logon_type": 3,
    "failure_reason": "Unknown user name or bad password",
    "status": "0xC000006D",
    "sub_status": "0xC0000064",
    "message": "An account failed to log on. Account: jsmith. Source IP: 185.56.80.65"
  },
  {
    "_time": "2024-01-01T00:01:32",
    "source": "WinEventLog:Security",
    "host": "SRV-WEB-01",
    "EventCode": 4625,
    "event_type": "failed_login",
    "attack_category": "brute_force",
    "user": "admin",
    "src_ip": "185.220.101.45",
    "dest_host": "SRV-WEB-01",
    "domain": "ACME",
    "logon_type": 3,
    "failure_reason": "Unknown user name or bad password",
    "status": "0xC000006D",
    "sub_status": "0xC0000064",
    "message": "An account failed to log on. Account: admin. Source IP: 185.220.101.45"
  },
  {
    "_time": "2024-01-01T00:01:42",
    "source": "WinEventLog:Security",
    "host": "WS-FINANCE-01",
    "EventCode": 4625,
    "event_type": "failed_login",
    "attack_category": "brute_force",
    "user": "jsmith",
    "src_ip": "77.91.68.33",
    "dest_host": "WS-FINANCE-01",
    "domain": "CONTOSO",
    "logon_type": 3,
    "failure_reason": "Unknown user name or bad password",
    "status": "0xC000006D",
    "sub_status": "0xC0000064",
    "message": "An account failed to log on. Account: jsmith. Source IP: 77.91.68.33"
  },
  {
    "_time": "2024-01-01T00:01:47",
    "source": "WinEventLog:Security",
    "host": "SRV-SQL-01",
    "EventCode": 4625,
    "event_type": "failed_login",
    "attack_category": "brute_force",
    "user": "administrator",
    "src_ip": "185.56.80.65",
    "dest_host": "SRV-SQL-01",
    "domain": "ACME",
    "logon_type": 3,
    "failure_reason": "Unknown user name or bad password",
    "status": "0xC000006D",
    "sub_status": "0xC0000064",
    "message": "An account failed to log on. Account: administrator. Source IP: 185.56.80.65"
  },
  {
    "_time": "2024-01-01T00:01:52",
    "source": "WinEventLog:Security",
    "host": "SRV-WEB-01",
    "EventCode": 4625,
    "event_type": "failed_login",
    "attack_category": "brute_force",
    "user": "jsmith",
    "src_ip": "185.220.101.45",
    "dest_host": "SRV-WEB-01",
    "domain": "CONTOSO",
    "logon_type": 3,
    "failure_reason": "Unknown user name or bad password",
    "status": "0xC000006D",
    "sub_status": "0xC0000064",
    "message": "An account failed to log on. Account: jsmith. Source IP: 185.220.101.45"
  },
  {
    "_time": "2024-01-01T00:01:55",
    "source": "WinEventLog:Security",
    "host": "LAPTOP-EXEC-03",
    "EventCode": 4625,
    "event_type": "failed_login",
    "attack_category": "brute_force",
    "user": "jsmith",
    "src_ip": "45.142.212.100",
    "dest_host": "LAPTOP-EXEC-03",
    "domain": "CONTOSO",
    "logon_type": 3,
    "failure_reason": "Unknown user name or bad password",
    "status": "0xC000006D",
    "sub_status": "0xC0000064",
    "message": "An account failed to log on. Account: jsmith. Source IP: 45.142.212.100"
  },
  {
    "_time": "2024-01-01T00:02:10",
    "source": "WinEventLog:Security",
    "host": "SRV-WEB-01",
    "EventCode": 4625,
    "event_type": "failed_login",
    "attack_category": "brute_force",
    "user": "admin",
    "src_ip": "198.54.117.200",
    "dest_host": "SRV-WEB-01",
    "domain": "CONTOSO",
    "logon_type": 3,
    "failure_reason": "Unknown user name or bad password",
    "status": "0xC000006D",
    "sub_status": "0xC0000064",
    "message": "An account failed to log on. Account: admin. Source IP: 198.54.117.200"
  },
  {
    "_time": "2024-01-01T00:02:15",
    "source": "WinEventLog:Security",
    "host": "WS-IT-05",
    "EventCode": 4625,
    "event_type": "failed_login",
    "attack_category": "brute_force",
    "user": "jsmith",
    "src_ip": "185.56.80.65",
    "dest_host": "WS-IT-05",
    "domain": "ACME",
    "logon_type": 3,
    "failure_reason": "Unknown user name or bad password",
    "status": "0xC000006D",
    "sub_status": "0xC0000064",
    "message": "An account failed to log on. Account: jsmith. Source IP: 185.56.80.65"
  },
  {
    "_time": "2024-01-01T00:02:27",
    "source": "WinEventLog:Security",
    "host": "SRV-SQL-01",
    "EventCode": 4625,
    "event_type": "failed_login",
    "attack_category": "brute_force",
    "user": "admin",
    "src_ip": "91.108.4.12",
    "dest_host": "SRV-SQL-01",
    "domain": "CORP",
    "logon_type": 3,
    "failure_reason": "Unknown user name or bad password",
    "status": "0xC000006D",
    "sub_status": "0xC0000064",
    "message": "An account failed to log on. Account: admin. Source IP: 91.108.4.12"
  },
  {
    "_time": "2024-01-01T00:02:36",
    "source": "WinEventLog:Security",
    "host": "WS-HR-02",
    "EventCode": 4625,
    "event_type": "failed_login",
    "attack_category": "brute_force",
    "user": "administrator",
    "src_ip": "45.142.212.100",
    "dest_host": "WS-HR-02",
    "domain": "CONTOSO",
    "logon_type": 3,
    "failure_reason": "Unknown user name or bad password",
    "status": "0xC000006D",
    "sub_status": "0xC0000064",
    "message": "An account failed to log on. Account: administrator. Source IP: 45.142.212.100"
  },
  {
    "_time": "2024-01-01T00:02:43",
    "source": "WinEventLog:Security",
    "host": "SRV-WEB-01",
    "EventCode": 4625,
    "event_type": "failed_login",
    "attack_category": "brute_force",
    "user": "admin",
    "src_ip": "45.142.212.100",
    "dest_host": "SRV-WEB-01",
    "domain": "CORP",
    "logon_type": 3,
    "failure_reason": "Unknown user name or bad password",
    "status": "0xC000006D",
    "sub_status": "0xC0000064",
    "message": "An account failed to log on. Account: admin. Source IP: 45.142.212.100"
  },
  {
    "_time": "2024-01-01T00:02:50",
    "source": "WinEventLog:Security",
    "host": "LAPTOP-EXEC-03",
    "EventCode": 4625,
    "event_type": "failed_login",
    "attack_category": "brute_force",
    "user": "jsmith",
    "src_ip": "185.220.101.45",
    "dest_host": "LAPTOP-EXEC-03",
    "domain": "CONTOSO",
    "logon_type": 3,
    "failure_reason": "Unknown user name or bad password",
    "status": "0xC000006D",
    "sub_status": "0xC0000064",
    "message": "An account failed to log on. Account: jsmith. Source IP: 185.220.101.45"
  },
  {
    "_time": "2024-01-01T00:03:01",
    "source": "WinEventLog:Security",
    "host": "WS-HR-02",
    "EventCode": 4625,
    "event_type": "failed_login",
    "attack_category": "brute_force",
    "user": "admin",
    "src_ip": "91.108.4.12",
    "dest_host": "WS-HR-02",
    "domain": "ACME",
    "logon_type": 3,
    "failure_reason": "Unknown user name or bad password",
    "status": "0xC000006D",
    "sub_status": "0xC0000064",
    "message": "An account failed to log on. Account: admin. Source IP: 91.108.4.12"
  },
  {
    "_time": "2024-01-01T00:03:10",
    "source": "WinEventLog:Security",
    "host": "SRV-WEB-01",
    "EventCode": 4625,
    "event_type": "failed_login",
    "attack_category": "brute_force",
    "user": "admin",
    "src_ip": "45.142.212.100",
    "dest_host": "SRV-WEB-01",
    "domain": "CONTOSO",
    "logon_type": 3,
    "failure_reason": "Unknown user name or bad password",
    "status": "0xC000006D",
    "sub_status": "0xC0000064",
    "message": "An account failed to log on. Account: admin. Source IP: 45.142.212.100"
  },
  {
    "_time": "2024-01-01T00:03:16",
    "source": "WinEventLog:Security",
    "host": "WS-HR-02",
    "EventCode": 4625,
    "event_type": "failed_login",
    "attack_category": "brute_force",
    "user": "administrator",
    "src_ip": "198.54.117.200",
    "dest_host": "WS-HR-02",
    "domain": "CORP",
    "logon_type": 3,
    "failure_reason": "Unknown user name or bad password",
    "status": "0xC000006D",
    "sub_status": "0xC0000064",
    "message": "An account failed to log on. Account: administrator. Source IP: 198.54.117.200"
  },
  {
    "_time": "2024-01-01T00:03:27",
    "source": "WinEventLog:Security",
    "host": "SRV-WEB-01",
    "EventCode": 4625,
    "event_type": "failed_login",
    "attack_category": "brute_force",
    "user": "jsmith",
    "src_ip": "103.97.125.220",
    "dest_host": "SRV-WEB-01",
    "domain": "CONTOSO",
    "logon_type": 3,
    "failure_reason": "Unknown user name or bad password",
    "status": "0xC000006D",
    "sub_status": "0xC0000064",
    "message": "An account failed to log on. Account: jsmith. Source IP: 103.97.125.220"
  },
  {
    "_time": "2024-01-01T00:03:32",
    "source": "WinEventLog:Security",
    "host": "WS-IT-05",
    "EventCode": 4625,
    "event_type": "failed_login",
    "attack_category": "brute_force",
    "user": "administrator",
    "src_ip": "77.91.68.33",
    "dest_host": "WS-IT-05",
    "domain": "CORP",
    "logon_type": 3,
    "failure_reason": "Unknown user name or bad password",
    "status": "0xC000006D",
    "sub_status": "0xC0000064",
    "message": "An account failed to log on. Account: administrator. Source IP: 77.91.68.33"
  },
  {
    "_time": "2024-01-01T00:03:46",
    "source": "WinEventLog:Security",
    "host": "WS-FINANCE-01",
    "EventCode": 4625,
    "event_type": "failed_login",
    "attack_category": "brute_force",
    "user": "administrator",
    "src_ip": "198.54.117.200",
    "dest_host": "WS-FINANCE-01",
    "domain": "CORP",
    "logon_type": 3,
    "failure_reason": "Unknown user name or bad password",
    "status": "0xC000006D",
    "sub_status": "0xC0000064",
    "message": "An account failed to log on. Account: administrator. Source IP: 198.54.117.200"
  },
  {
    "_time": "2024-01-01T00:03:50",
    "source": "WinEventLog:Security",
    "host": "SRV-WEB-01",
    "EventCode": 4625,
    "event_type": "failed_login",
    "attack_category": "brute_force",
    "user": "jsmith",
    "src_ip": "194.165.16.78",
    "dest_host": "SRV-WEB-01",
    "domain": "ACME",
    "logon_type": 3,
    "failure_reason": "Unknown user name or bad password",
    "status": "0xC000006D",
    "sub_status": "0xC0000064",
    "message": "An account failed to log on. Account: jsmith. Source IP: 194.165.16.78"
  },
  {
    "_time": "2024-01-01T00:03:58",
    "source": "WinEventLog:Security",
    "host": "DC-01",
    "EventCode": 4625,
    "event_type": "failed_login",
    "attack_category": "brute_force",
    "user": "admin",
    "src_ip": "91.108.4.12",
    "dest_host": "DC-01",
    "domain": "ACME",
    "logon_type": 3,
    "failure_reason": "Unknown user name or bad password",
    "status": "0xC000006D",
    "sub_status": "0xC0000064",
    "message": "An account failed to log on. Account: admin. Source IP: 91.108.4.12"
  },
  {
    "_time": "2024-01-01T00:04:13",
    "source": "WinEventLog:Security",
    "host": "SRV-SQL-01",
    "EventCode": 4625,
    "event_type": "failed_login",
    "attack_category": "brute_force",
    "user": "admin",
    "src_ip": "103.97.125.220",
    "dest_host": "SRV-SQL-01",
    "domain": "CORP",
    "logon_type": 3,
    "failure_reason": "Unknown user name or bad password",
    "status": "0xC000006D",
    "sub_status": "0xC0000064",
    "message": "An account failed to log on. Account: admin. Source IP: 103.97.125.220"
  },
  {
    "_time": "2024-01-01T00:04:23",
    "source": "WinEventLog:Security",
    "host": "SRV-WEB-01",
    "EventCode": 4625,
    "event_type": "failed_login",
    "attack_category": "brute_force",
    "user": "administrator",
    "src_ip": "91.108.4.12",
    "dest_host": "SRV-WEB-01",
    "domain": "CONTOSO",
    "logon_type": 3,
    "failure_reason": "Unknown user name or bad password",
    "status": "0xC000006D",
    "sub_status": "0xC0000064",
    "message": "An account failed to log on. Account: administrator. Source IP: 91.108.4.12"
  },
  {
    "_time": "2024-01-01T00:04:29",
    "source": "WinEventLog:Security",
    "host": "WS-FINANCE-01",
    "EventCode": 4625,
    "event_type": "failed_login",
    "attack_category": "brute_force",
    "user": "administrator",
    "src_ip": "185.56.80.65",
    "dest_host": "WS-FINANCE-01",
    "domain": "CONTOSO",
    "logon_type": 3,
    "failure_reason": "Unknown user name or bad password",
    "status": "0xC000006D",
    "sub_status": "0xC0000064",
    "message": "An account failed to log on. Account: administrator. Source IP: 185.56.80.65"
  },
  {
    "_time": "2024-01-01T00:04:42",
    "source": "WinEventLog:Security",
    "host": "WS-FINANCE-01",
    "EventCode": 4625,
    "event_type": "failed_login",
    "attack_category": "brute_force",
    "user": "jsmith",
    "src_ip": "198.54.117.200",
    "dest_host": "WS-FINANCE-01",
    "domain": "ACME",
    "logon_type": 3,
    "failure_reason": "Unknown user name or bad password",
    "status": "0xC000006D",
    "sub_status": "0xC0000064",
    "message": "An account failed to log on. Account: jsmith. Source IP: 198.54.117.200"
  },
  {
    "_time": "2024-01-01T00:04:45",
    "source": "WinEventLog:Security",
    "host": "SRV-SQL-01",
    "EventCode": 4625,
    "event_type": "failed_login",
    "attack_category": "brute_force",
    "user": "admin",
    "src_ip": "194.165.16.78",
    "dest_host": "SRV-SQL-01",
    "domain": "ACME",
    "logon_type": 3,
    "failure_reason": "Unknown user name or bad password",
    "status": "0xC000006D",
    "sub_status": "0xC0000064",
    "message": "An account failed to log on. Account: admin. Source IP: 194.165.16.78"
  },
  {
    "_time": "2024-01-01T00:04:52",
    "source": "WinEventLog:Security",
    "host": "WS-HR-02",
    "EventCode": 4625,
    "event_type": "failed_login",
    "attack_category": "brute_force",
    "user": "admin",
    "src_ip": "45.142.212.100",
    "dest_host": "WS-HR-02",
    "domain": "CORP",
    "logon_type": 3,
    "failure_reason": "Unknown user name or bad password",
    "status": "0xC000006D",
    "sub_status": "0xC0000064",
    "message": "An account failed to log on. Account: admin. Source IP: 45.142.212.100"
  },
  {
    "_time": "2024-01-01T00:04:59",
    "source": "WinEventLog:Security",
    "host": "SRV-SQL-01",
    "EventCode": 4625,
    "event_type": "failed_login",
    "attack_category": "brute_force",
    "user": "administrator",
    "src_ip": "185.220.101.45",
    "dest_host": "SRV-SQL-01",
    "domain": "CONTOSO",
    "logon_type": 3,
    "failure_reason": "Unknown user name or bad password",
    "status": "0xC000006D",
    "sub_status": "0xC0000064",
    "message": "An account failed to log on. Account: administrator. Source IP: 185.220.101.45"
  },
  {
    "_time": "2024-01-01T00:05:14",
    "source": "WinEventLog:Security",
    "host": "WS-IT-05",
    "EventCode": 4625,
    "event_type": "failed_login",
    "attack_category": "brute_force",
    "user": "jsmith",
    "src_ip": "91.108.4.12",
    "dest_host": "WS-IT-05",
    "domain": "CONTOSO",
    "logon_type": 3,
    "failure_reason": "Unknown user name or bad password",
    "status": "0xC000006D",
    "sub_status": "0xC0000064",
    "message": "An account failed to log on. Account: jsmith. Source IP: 91.108.4.12"
  },
  {
    "_time": "2024-01-01T00:05:25",
    "source": "WinEventLog:Security",
    "host": "WS-HR-02",
    "EventCode": 4625,
    "event_type": "failed_login",
    "attack_category": "brute_force",
    "user": "jsmith",
    "src_ip": "185.220.101.45",
    "dest_host": "WS-HR-02",
    "domain": "CORP",
    "logon_type": 3,
    "failure_reason": "Unknown user name or bad password",
    "status": "0xC000006D",
    "sub_status": "0xC0000064",
    "message": "An account failed to log on. Account: jsmith. Source IP: 185.220.101.45"
  },
  {
    "_time": "2024-01-01T00:05:28",
    "source": "WinEventLog:Security",
    "host": "LAPTOP-EXEC-03",
    "EventCode": 4625,
    "event_type": "failed_login",
    "attack_category": "brute_force",
    "user": "jsmith",
    "src_ip": "198.54.117.200",
    "dest_host": "LAPTOP-EXEC-03",
    "domain": "ACME",
    "logon_type": 3,
    "failure_reason": "Unknown user name or bad password",
    "status": "0xC000006D",
    "sub_status": "0xC0000064",
    "message": "An account failed to log on. Account: jsmith. Source IP: 198.54.117.200"
  },
  {
    "_time": "2024-01-01T00:05:37",
    "source": "WinEventLog:Security",
    "host": "SRV-WEB-01",
    "EventCode": 4625,
    "event_type": "failed_login",
    "attack_category": "brute_force",
    "user": "jsmith",
    "src_ip": "194.165.16.78",
    "dest_host": "SRV-WEB-01",
    "domain": "ACME",
    "logon_type": 3,
    "failure_reason": "Unknown user name or bad password",
    "status": "0xC000006D",
    "sub_status": "0xC0000064",
    "message": "An account failed to log on. Account: jsmith. Source IP: 194.165.16.78"
  },
  {
    "_time": "2024-01-01T00:05:52",
    "source": "WinEventLog:Security",
    "host": "SRV-SQL-01",
    "EventCode": 4625,
    "event_type": "failed_login",
    "attack_category": "brute_force",
    "user": "jsmith",
    "src_ip": "103.97.125.220",
    "dest_host": "SRV-SQL-01",
    "domain": "ACME",
    "logon_type": 3,
    "failure_reason": "Unknown user name or bad password",
    "status": "0xC000006D",
    "sub_status": "0xC0000064",
    "message": "An account failed to log on. Account: jsmith. Source IP: 103.97.125.220"
  },
  {
    "_time": "2024-01-01T00:06:06",
    "source": "WinEventLog:Security",
    "host": "SRV-SQL-01",
    "EventCode": 4625,
    "event_type": "failed_login",
    "attack_category": "brute_force",
    "user": "admin",
    "src_ip": "45.142.212.100",
    "dest_host": "SRV-SQL-01",
    "domain": "ACME",
    "logon_type": 3,
    "failure_reason": "Unknown user name or bad password",
    "status": "0xC000006D",
    "sub_status": "0xC0000064",
    "message": "An account failed to log on. Account: admin. Source IP: 45.142.212.100"
  },
  {
    "_time": "2024-01-01T00:06:12",
    "source": "WinEventLog:Security",
    "host": "SRV-WEB-01",
    "EventCode": 4625,
    "event_type": "failed_login",
    "attack_category": "brute_force",
    "user": "administrator",
    "src_ip": "45.142.212.100",
    "dest_host": "SRV-WEB-01",
    "domain": "CONTOSO",
    "logon_type": 3,
    "failure_reason": "Unknown user name or bad password",
    "status": "0xC000006D",
    "sub_status": "0xC0000064",
    "message": "An account failed to log on. Account: administrator. Source IP: 45.142.212.100"
  },
  {
    "_time": "2024-01-01T00:06:22",
    "source": "WinEventLog:Security",
    "host": "DC-01",
    "EventCode": 4625,
    "event_type": "failed_login",
    "attack_category": "brute_force",
    "user": "administrator",
    "src_ip": "185.56.80.65",
    "dest_host": "DC-01",
    "domain": "CONTOSO",
    "logon_type": 3,
    "failure_reason": "Unknown user name or bad password",
    "status": "0xC000006D",
    "sub_status": "0xC0000064",
    "message": "An account failed to log on. Account: administrator. Source IP: 185.56.80.65"
  },
  {
    "_time": "2024-01-01T00:06:25",
    "source": "WinEventLog:Security",
    "host": "WS-HR-02",
    "EventCode": 4625,
    "event_type": "failed_login",
    "attack_category": "brute_force",
    "user": "jsmith",
    "src_ip": "45.142.212.100",
    "dest_host": "WS-HR-02",
    "domain": "CONTOSO",
    "logon_type": 3,
    "failure_reason": "Unknown user name or bad password",
    "status": "0xC000006D",
    "sub_status": "0xC0000064",
    "message": "An account failed to log on. Account: jsmith. Source IP: 45.142.212.100"
  },
  {
    "_time": "2024-01-01T00:06:30",
    "source": "WinEventLog:Security",
    "host": "SRV-SQL-01",
    "EventCode": 4625,
    "event_type": "failed_login",
    "attack_category": "brute_force",
    "user": "jsmith",
    "src_ip": "45.142.212.100",
    "dest_host": "SRV-SQL-01",
    "domain": "CORP",
    "logon_type": 3,
    "failure_reason": "Unknown user name or bad password",
    "status": "0xC000006D",
    "sub_status": "0xC0000064",
    "message": "An account failed to log on. Account: jsmith. Source IP: 45.142.212.100"
  },
  {
    "_time": "2024-01-01T00:06:33",
    "source": "WinEventLog:Security",
    "host": "WS-HR-02",
    "EventCode": 4625,
    "event_type": "failed_login",
    "attack_category": "brute_force",
    "user": "jsmith",
    "src_ip": "185.220.101.45",
    "dest_host": "WS-HR-02",
    "domain": "CORP",
    "logon_type": 3,
    "failure_reason": "Unknown user name or bad password",
    "status": "0xC000006D",
    "sub_status": "0xC0000064",
    "message": "An account failed to log on. Account: jsmith. Source IP: 185.220.101.45"
  },
  {
    "_time": "2024-01-01T00:06:38",
    "source": "WinEventLog:Security",
    "host": "SRV-SQL-01",
    "EventCode": 4625,
    "event_type": "failed_login",
    "attack_category": "brute_force",
    "user": "admin",
    "src_ip": "91.108.4.12",
    "dest_host": "SRV-SQL-01",
    "domain": "CONTOSO",
    "logon_type": 3,
    "failure_reason": "Unknown user name or bad password",
    "status": "0xC000006D",
    "sub_status": "0xC0000064",
    "message": "An account failed to log on. Account: admin. Source IP: 91.108.4.12"
  },
  {
    "_time": "2024-01-01T00:06:48",
    "source": "WinEventLog:Security",
    "host": "WS-HR-02",
    "EventCode": 4625,
    "event_type": "failed_login",
    "attack_category": "brute_force",
    "user": "administrator",
    "src_ip": "198.54.117.200",
    "dest_host": "WS-HR-02",
    "domain": "CORP",
    "logon_type": 3,
    "failure_reason": "Unknown user name or bad password",
    "status": "0xC000006D",
    "sub_status": "0xC0000064",
    "message": "An account failed to log on. Account: administrator. Source IP: 198.54.117.200"
  },
  {
    "_time": "2024-01-01T00:07:02",
    "source": "WinEventLog:Security",
    "host": "WS-HR-02",
    "EventCode": 4625,
    "event_type": "failed_login",
    "attack_category": "brute_force",
    "user": "administrator",
    "src_ip": "198.54.117.200",
    "dest_host": "WS-HR-02",
    "domain": "CONTOSO",
    "logon_type": 3,
    "failure_reason": "Unknown user name or bad password",
    "status": "0xC000006D",
    "sub_status": "0xC0000064",
    "message": "An account failed to log on. Account: administrator. Source IP: 198.54.117.200"
  },
  {
    "_time": "2024-01-01T00:07:05",
    "source": "WinEventLog:Security",
    "host": "WS-FINANCE-01",
    "EventCode": 4625,
    "event_type": "failed_login",
    "attack_category": "brute_force",
    "user": "admin",
    "src_ip": "45.142.212.100",
    "dest_host": "WS-FINANCE-01",
    "domain": "ACME",
    "logon_type": 3,
    "failure_reason": "Unknown user name or bad password",
    "status": "0xC000006D",
    "sub_status": "0xC0000064",
    "message": "An account failed to log on. Account: admin. Source IP: 45.142.212.100"
  },
  {
    "_time": "2024-01-01T00:07:13",
    "source": "WinEventLog:Security",
    "host": "DC-01",
    "EventCode": 4625,
    "event_type": "failed_login",
    "attack_category": "brute_force",
    "user": "admin",
    "src_ip": "185.56.80.65",
    "dest_host": "DC-01",
    "domain": "CONTOSO",
    "logon_type": 3,
    "failure_reason": "Unknown user name or bad password",
    "status": "0xC000006D",
    "sub_status": "0xC0000064",
    "message": "An account failed to log on. Account: admin. Source IP: 185.56.80.65"
  },
  {
    "_time": "2024-01-01T00:07:25",
    "source": "WinEventLog:Security",
    "host": "SRV-WEB-01",
    "EventCode": 4625,
    "event_type": "failed_login",
    "attack_category": "brute_force",
    "user": "administrator",
    "src_ip": "185.220.101.45",
    "dest_host": "SRV-WEB-01",
    "domain": "ACME",
    "logon_type": 3,
    "failure_reason": "Unknown user name or bad password",
    "status": "0xC000006D",
    "sub_status": "0xC0000064",
    "message": "An account failed to log on. Account: administrator. Source IP: 185.220.101.45"
  },
  {
    "_time": "2024-01-01T00:07:38",
    "source": "WinEventLog:Security",
    "host": "DC-01",
    "EventCode": 4625,
    "event_type": "failed_login",
    "attack_category": "brute_force",
    "user": "jsmith",
    "src_ip": "185.220.101.45",
    "dest_host": "DC-01",
    "domain": "CONTOSO",
    "logon_type": 3,
    "failure_reason": "Unknown user name or bad password",
    "status": "0xC000006D",
    "sub_status": "0xC0000064",
    "message": "An account failed to log on. Account: jsmith. Source IP: 185.220.101.45"
  },
  {
    "_time": "2024-01-01T00:07:43",
    "source": "WinEventLog:Security",
    "host": "WS-HR-02",
    "EventCode": 4625,
    "event_type": "failed_login",
    "attack_category": "brute_force",
    "user": "jsmith",
    "src_ip": "45.142.212.100",
    "dest_host": "WS-HR-02",
    "domain": "ACME",
    "logon_type": 3,
    "failure_reason": "Unknown user name or bad password",
    "status": "0xC000006D",
    "sub_status": "0xC0000064",
    "message": "An account failed to log on. Account: jsmith. Source IP: 45.142.212.100"
  },
  {
    "_time": "2024-01-01T00:07:47",
    "source": "WinEventLog:Security",
    "host": "DC-01",
    "EventCode": 4625,
    "event_type": "failed_login",
    "attack_category": "brute_force",
    "user": "admin",
    "src_ip": "194.165.16.78",
    "dest_host": "DC-01",
    "domain": "CONTOSO",
    "logon_type": 3,
    "failure_reason": "Unknown user name or bad password",
    "status": "0xC000006D",
    "sub_status": "0xC0000064",
    "message": "An account failed to log on. Account: admin. Source IP: 194.165.16.78"
  },
  {
    "_time": "2024-01-01T00:07:50",
    "source": "WinEventLog:Security",
    "host": "LAPTOP-EXEC-03",
    "EventCode": 4625,
    "event_type": "failed_login",
    "attack_category": "brute_force",
    "user": "admin",
    "src_ip": "45.142.212.100",
    "dest_host": "LAPTOP-EXEC-03",
    "domain": "CONTOSO",
    "logon_type": 3,
    "failure_reason": "Unknown user name or bad password",
    "status": "0xC000006D",
    "sub_status": "0xC0000064",
    "message": "An account failed to log on. Account: admin. Source IP: 45.142.212.100"
  },
  {
    "_time": "2024-01-01T00:08:02",
    "source": "WinEventLog:Security",
    "host": "WS-FINANCE-01",
    "EventCode": 4625,
    "event_type": "failed_login",
    "attack_category": "brute_force",
    "user": "administrator",
    "src_ip": "91.108.4.12",
    "dest_host": "WS-FINANCE-01",
    "domain": "ACME",
    "logon_type": 3,
    "failure_reason": "Unknown user name or bad password",
    "status": "0xC000006D",
    "sub_status": "0xC0000064",
    "message": "An account failed to log on. Account: administrator. Source IP: 91.108.4.12"
  },
  {
    "_time": "2024-01-01T00:08:17",
    "source": "WinEventLog:Security",
    "host": "LAPTOP-EXEC-03",
    "EventCode": 4625,
    "event_type": "failed_login",
    "attack_category": "brute_force",
    "user": "jsmith",
    "src_ip": "91.108.4.12",
    "dest_host": "LAPTOP-EXEC-03",
    "domain": "CORP",
    "logon_type": 3,
    "failure_reason": "Unknown user name or bad password",
    "status": "0xC000006D",
    "sub_status": "0xC0000064",
    "message": "An account failed to log on. Account: jsmith. Source IP: 91.108.4.12"
  },
  {
    "_time": "2024-01-01T00:08:26",
    "source": "WinEventLog:Security",
    "host": "DC-01",
    "EventCode": 4625,
    "event_type": "failed_login",
    "attack_category": "brute_force",
    "user": "jsmith",
    "src_ip": "77.91.68.33",
    "dest_host": "DC-01",
    "domain": "CORP",
    "logon_type": 3,
    "failure_reason": "Unknown user name or bad password",
    "status": "0xC000006D",
    "sub_status": "0xC0000064",
    "message": "An account failed to log on. Account: jsmith. Source IP: 77.91.68.33"
  },
  {
    "_time": "2024-01-01T00:08:34",
    "source": "WinEventLog:Security",
    "host": "WS-HR-02",
    "EventCode": 4625,
    "event_type": "failed_login",
    "attack_category": "brute_force",
    "user": "admin",
    "src_ip": "185.220.101.45",
    "dest_host": "WS-HR-02",
    "domain": "CORP",
    "logon_type": 3,
    "failure_reason": "Unknown user name or bad password",
    "status": "0xC000006D",
    "sub_status": "0xC0000064",
    "message": "An account failed to log on. Account: admin. Source IP: 185.220.101.45"
  },
  {
    "_time": "2024-01-01T00:08:48",
    "source": "WinEventLog:Security",
    "host": "LAPTOP-EXEC-03",
    "EventCode": 4625,
    "event_type": "failed_login",
    "attack_category": "brute_force",
    "user": "admin",
    "src_ip": "103.97.125.220",
    "dest_host": "LAPTOP-EXEC-03",
    "domain": "CONTOSO",
    "logon_type": 3,
    "failure_reason": "Unknown user name or bad password",
    "status": "0xC000006D",
    "sub_status": "0xC0000064",
    "message": "An account failed to log on. Account: admin. Source IP: 103.97.125.220"
  },
  {
    "_time": "2024-01-01T00:09:01",
    "source": "WinEventLog:Security",
    "host": "SRV-WEB-01",
    "EventCode": 4625,
    "event_type": "failed_login",
    "attack_category": "brute_force",
    "user": "admin",
    "src_ip": "77.91.68.33",
    "dest_host": "SRV-WEB-01",
    "domain": "ACME",
    "logon_type": 3,
    "failure_reason": "Unknown user name or bad password",
    "status": "0xC000006D",
    "sub_status": "0xC0000064",
    "message": "An account failed to log on. Account: admin. Source IP: 77.91.68.33"
  },
  {
    "_time": "2024-01-01T00:09:06",
    "source": "WinEventLog:Security",
    "host": "WS-HR-02",
    "EventCode": 4625,
    "event_type": "failed_login",
    "attack_category": "brute_force",
    "user": "administrator",
    "src_ip": "198.54.117.200",
    "dest_host": "WS-HR-02",
    "domain": "CONTOSO",
    "logon_type": 3,
    "failure_reason": "Unknown user name or bad password",
    "status": "0xC000006D",
    "sub_status": "0xC0000064",
    "message": "An account failed to log on. Account: administrator. Source IP: 198.54.117.200"
  },
  {
    "_time": "2024-01-01T00:09:19",
    "source": "WinEventLog:Security",
    "host": "SRV-SQL-01",
    "EventCode": 4625,
    "event_type": "failed_login",
    "attack_category": "brute_force",
    "user": "jsmith",
    "src_ip": "185.220.101.45",
    "dest_host": "SRV-SQL-01",
    "domain": "ACME",
    "logon_type": 3,
    "failure_reason": "Unknown user name or bad password",
    "status": "0xC000006D",
    "sub_status": "0xC0000064",
    "message": "An account failed to log on. Account: jsmith. Source IP: 185.220.101.45"
  },
  {
    "_time": "2024-01-01T00:09:21",
    "source": "WinEventLog:Security",
    "host": "WS-FINANCE-01",
    "EventCode": 4625,
    "event_type": "failed_login",
    "attack_category": "brute_force",
    "user": "jsmith",
    "src_ip": "185.56.80.65",
    "dest_host": "WS-FINANCE-01",
    "domain": "ACME",
    "logon_type": 3,
    "failure_reason": "Unknown user name or bad password",
    "status": "0xC000006D",
    "sub_status": "0xC0000064",
    "message": "An account failed to log on. Account: jsmith. Source IP: 185.56.80.65"
  },
  {
    "_time": "2024-01-01T00:09:31",
    "source": "WinEventLog:Security",
    "host": "WS-FINANCE-01",
    "EventCode": 4625,
    "event_type": "failed_login",
    "attack_category": "brute_force",
    "user": "admin",
    "src_ip": "194.165.16.78",
    "dest_host": "WS-FINANCE-01",
    "domain": "CORP",
    "logon_type": 3,
    "failure_reason": "Unknown user name or bad password",
    "status": "0xC000006D",
    "sub_status": "0xC0000064",
    "message": "An account failed to log on. Account: admin. Source IP: 194.165.16.78"
  },
  {
    "_time": "2024-01-01T00:09:34",
    "source": "WinEventLog:Security",
    "host": "SRV-SQL-01",
    "EventCode": 4625,
    "event_type": "failed_login",
    "attack_category": "brute_force",
    "user": "jsmith",
    "src_ip": "91.108.4.12",
    "dest_host": "SRV-SQL-01",
    "domain": "ACME",
    "logon_type": 3,
    "failure_reason": "Unknown user name or bad password",
    "status": "0xC000006D",
    "sub_status": "0xC0000064",
    "message": "An account failed to log on. Account: jsmith. Source IP: 91.108.4.12"
  },
  {
    "_time": "2024-01-01T00:09:45",
    "source": "WinEventLog:Security",
    "host": "WS-FINANCE-01",
    "EventCode": 4625,
    "event_type": "failed_login",
    "attack_category": "brute_force",
    "user": "jsmith",
    "src_ip": "77.91.68.33",
    "dest_host": "WS-FINANCE-01",
    "domain": "CORP",
    "logon_type": 3,
    "failure_reason": "Unknown user name or bad password",
    "status": "0xC000006D",
    "sub_status": "0xC0000064",
    "message": "An account failed to log on. Account: jsmith. Source IP: 77.91.68.33"
  },
  {
    "_time": "2024-01-01T00:09:48",
    "source": "WinEventLog:Security",
    "host": "SRV-SQL-01",
    "EventCode": 4625,
    "event_type": "failed_login",
    "attack_category": "brute_force",
    "user": "administrator",
    "src_ip": "185.220.101.45",
    "dest_host": "SRV-SQL-01",
    "domain": "CONTOSO",
    "logon_type": 3,
    "failure_reason": "Unknown user name or bad password",
    "status": "0xC000006D",
    "sub_status": "0xC0000064",
    "message": "An account failed to log on. Account: administrator. Source IP: 185.220.101.45"
  },
  {
    "_time": "2024-01-01T00:09:53",
    "source": "WinEventLog:Security",
    "host": "WS-IT-05",
    "EventCode": 4625,
    "event_type": "failed_login",
    "attack_category": "brute_force",
    "user": "administrator",
    "src_ip": "185.56.80.65",
    "dest_host": "WS-IT-05",
    "domain": "ACME",
    "logon_type": 3,
    "failure_reason": "Unknown user name or bad password",
    "status": "0xC000006D",
    "sub_status": "0xC0000064",
    "message": "An account failed to log on. Account: administrator. Source IP: 185.56.80.65"
  },
  {
    "_time": "2024-01-01T00:09:59",
    "source": "WinEventLog:Security",
    "host": "WS-HR-02",
    "EventCode": 4625,
    "event_type": "failed_login",
    "attack_category": "brute_force",
    "user": "administrator",
    "src_ip": "185.56.80.65",
    "dest_host": "WS-HR-02",
    "domain": "CONTOSO",
    "logon_type": 3,
    "failure_reason": "Unknown user name or bad password",
    "status": "0xC000006D",
    "sub_status": "0xC0000064",
    "message": "An account failed to log on. Account: administrator. Source IP: 185.56.80.65"
  },
  {
    "_time": "2024-01-01T00:10:06",
    "source": "WinEventLog:Security",
    "host": "DC-01",
    "EventCode": 4625,
    "event_type": "failed_login",
    "attack_category": "brute_force",
    "user": "jsmith",
    "src_ip": "103.97.125.220",
    "dest_host": "DC-01",
    "domain": "CORP",
    "logon_type": 3,
    "failure_reason": "Unknown user name or bad password",
    "status": "0xC000006D",
    "sub_status": "0xC0000064",
    "message": "An account failed to log on. Account: jsmith. Source IP: 103.97.125.220"
  },
  {
    "_time": "2024-01-01T00:10:17",
    "source": "WinEventLog:Security",
    "host": "SRV-SQL-01",
    "EventCode": 4625,
    "event_type": "failed_login",
    "attack_category": "brute_force",
    "user": "jsmith",
    "src_ip": "198.54.117.200",
    "dest_host": "SRV-SQL-01",
    "domain": "CORP",
    "logon_type": 3,
    "failure_reason": "Unknown user name or bad password",
    "status": "0xC000006D",
    "sub_status": "0xC0000064",
    "message": "An account failed to log on. Account: jsmith. Source IP: 198.54.117.200"
  },
  {
    "_time": "2024-01-01T00:10:23",
    "source": "WinEventLog:Security",
    "host": "SRV-SQL-01",
    "EventCode": 4625,
    "event_type": "failed_login",
    "attack_category": "brute_force",
    "user": "jsmith",
    "src_ip": "45.142.212.100",
    "dest_host": "SRV-SQL-01",
    "domain": "CORP",
    "logon_type": 3,
    "failure_reason": "Unknown user name or bad password",
    "status": "0xC000006D",
    "sub_status": "0xC0000064",
    "message": "An account failed to log on. Account: jsmith. Source IP: 45.142.212.100"
  },
  {
    "_time": "2024-01-01T00:10:30",
    "source": "WinEventLog:Security",
    "host": "WS-HR-02",
    "EventCode": 4625,
    "event_type": "failed_login",
    "attack_category": "brute_force",
    "user": "admin",
    "src_ip": "91.108.4.12",
    "dest_host": "WS-HR-02",
    "domain": "CONTOSO",
    "logon_type": 3,
    "failure_reason": "Unknown user name or bad password",
    "status": "0xC000006D",
    "sub_status": "0xC0000064",
    "message": "An account failed to log on. Account: admin. Source IP: 91.108.4.12"
  },
  {
    "_time": "2024-01-01T00:10:40",
    "source": "WinEventLog:Security",
    "host": "LAPTOP-EXEC-03",
    "EventCode": 4625,
    "event_type": "failed_login",
    "attack_category": "brute_force",
    "user": "jsmith",
    "src_ip": "198.54.117.200",
    "dest_host": "LAPTOP-EXEC-03",
    "domain": "ACME",
    "logon_type": 3,
    "failure_reason": "Unknown user name or bad password",
    "status": "0xC000006D",
    "sub_status": "0xC0000064",
    "message": "An account failed to log on. Account: jsmith. Source IP: 198.54.117.200"
  },
  {
    "_time": "2024-01-01T00:10:55",
    "source": "WinEventLog:Security",
    "host": "SRV-WEB-01",
    "EventCode": 4625,
    "event_type": "failed_login",
    "attack_category": "brute_force",
    "user": "admin",
    "src_ip": "185.220.101.45",
    "dest_host": "SRV-WEB-01",
    "domain": "ACME",
    "logon_type": 3,
    "failure_reason": "Unknown user name or bad password",
    "status": "0xC000006D",
    "sub_status": "0xC0000064",
    "message": "An account failed to log on. Account: admin. Source IP: 185.220.101.45"
  },
  {
    "_time": "2024-01-01T00:11:01",
    "source": "WinEventLog:Security",
    "host": "WS-HR-02",
    "EventCode": 4625,
    "event_type": "failed_login",
    "attack_category": "brute_force",
    "user": "admin",
    "src_ip": "91.108.4.12",
    "dest_host": "WS-HR-02",
    "domain": "CORP",
    "logon_type": 3,
    "failure_reason": "Unknown user name or bad password",
    "status": "0xC000006D",
    "sub_status": "0xC0000064",
    "message": "An account failed to log on. Account: admin. Source IP: 91.108.4.12"
  },
  {
    "_time": "2024-01-01T00:11:07",
    "source": "WinEventLog:Security",
    "host": "WS-IT-05",
    "EventCode": 4625,
    "event_type": "failed_login",
    "attack_category": "brute_force",
    "user": "jsmith",
    "src_ip": "194.165.16.78",
    "dest_host": "WS-IT-05",
    "domain": "ACME",
    "logon_type": 3,
    "failure_reason": "Unknown user name or bad password",
    "status": "0xC000006D",
    "sub_status": "0xC0000064",
    "message": "An account failed to log on. Account: jsmith. Source IP: 194.165.16.78"
  },
  {
    "_time": "2024-01-01T00:11:19",
    "source": "WinEventLog:Security",
    "host": "WS-HR-02",
    "EventCode": 4625,
    "event_type": "failed_login",
    "attack_category": "brute_force",
    "user": "jsmith",
    "src_ip": "185.56.80.65",
    "dest_host": "WS-HR-02",
    "domain": "ACME",
    "logon_type": 3,
    "failure_reason": "Unknown user name or bad password",
    "status": "0xC000006D",
    "sub_status": "0xC0000064",
    "message": "An account failed to log on. Account: jsmith. Source IP: 185.56.80.65"
  },
  {
    "_time": "2024-01-01T00:11:34",
    "source": "WinEventLog:Security",
    "host": "WS-IT-05",
    "EventCode": 4625,
    "event_type": "failed_login",
    "attack_category": "brute_force",
    "user": "admin",
    "src_ip": "198.54.117.200",
    "dest_host": "WS-IT-05",
    "domain": "CORP",
    "logon_type": 3,
    "failure_reason": "Unknown user name or bad password",
    "status": "0xC000006D",
    "sub_status": "0xC0000064",
    "message": "An account failed to log on. Account: admin. Source IP: 198.54.117.200"
  },
  {
    "_time": "2024-01-01T00:11:40",
    "source": "WinEventLog:Security",
    "host": "LAPTOP-EXEC-03",
    "EventCode": 4625,
    "event_type": "failed_login",
    "attack_category": "brute_force",
    "user": "jsmith",
    "src_ip": "77.91.68.33",
    "dest_host": "LAPTOP-EXEC-03",
    "domain": "CORP",
    "logon_type": 3,
    "failure_reason": "Unknown user name or bad password",
    "status": "0xC000006D",
    "sub_status": "0xC0000064",
    "message": "An account failed to log on. Account: jsmith. Source IP: 77.91.68.33"
  },
  {
    "_time": "2024-01-01T00:11:44",
    "source": "WinEventLog:Security",
    "host": "LAPTOP-EXEC-03",
    "EventCode": 4625,
    "event_type": "failed_login",
    "attack_category": "brute_force",
    "user": "jsmith",
    "src_ip": "185.56.80.65",
    "dest_host": "LAPTOP-EXEC-03",
    "domain": "ACME",
    "logon_type": 3,
    "failure_reason": "Unknown user name or bad password",
    "status": "0xC000006D",
    "sub_status": "0xC0000064",
    "message": "An account failed to log on. Account: jsmith. Source IP: 185.56.80.65"
  },
  {
    "_time": "2024-01-01T00:11:53",
    "source": "WinEventLog:Security",
    "host": "SRV-WEB-01",
    "EventCode": 4625,
    "event_type": "failed_login",
    "attack_category": "brute_force",
    "user": "admin",
    "src_ip": "194.165.16.78",
    "dest_host": "SRV-WEB-01",
    "domain": "ACME",
    "logon_type": 3,
    "failure_reason": "Unknown user name or bad password",
    "status": "0xC000006D",
    "sub_status": "0xC0000064",
    "message": "An account failed to log on. Account: admin. Source IP: 194.165.16.78"
  },
  {
    "_time": "2024-01-01T00:11:55",
    "source": "WinEventLog:Security",
    "host": "SRV-SQL-01",
    "EventCode": 4625,
    "event_type": "failed_login",
    "attack_category": "brute_force",
    "user": "administrator",
    "src_ip": "77.91.68.33",
    "dest_host": "SRV-SQL-01",
    "domain": "CORP",
    "logon_type": 3,
    "failure_reason": "Unknown user name or bad password",
    "status": "0xC000006D",
    "sub_status": "0xC0000064",
    "message": "An account failed to log on. Account: administrator. Source IP: 77.91.68.33"
  },
  {
    "_time": "2024-01-01T00:11:57",
    "source": "WinEventLog:Security",
    "host": "SRV-SQL-01",
    "EventCode": 4625,
    "event_type": "failed_login",
    "attack_category": "brute_force",
    "user": "jsmith",
    "src_ip": "194.165.16.78",
    "dest_host": "SRV-SQL-01",
    "domain": "CONTOSO",
    "logon_type": 3,
    "failure_reason": "Unknown user name or bad password",
    "status": "0xC000006D",
    "sub_status": "0xC0000064",
    "message": "An account failed to log on. Account: jsmith. Source IP: 194.165.16.78"
  },
  {
    "_time": "2024-01-01T00:12:01",
    "source": "WinEventLog:Security",
    "host": "DC-01",
    "EventCode": 4625,
    "event_type": "failed_login",
    "attack_category": "brute_force",
    "user": "administrator",
    "src_ip": "194.165.16.78",
    "dest_host": "DC-01",
    "domain": "CORP",
    "logon_type": 3,
    "failure_reason": "Unknown user name or bad password",
    "status": "0xC000006D",
    "sub_status": "0xC0000064",
    "message": "An account failed to log on. Account: administrator. Source IP: 194.165.16.78"
  },
  {
    "_time": "2024-01-01T00:12:16",
    "source": "WinEventLog:Security",
    "host": "LAPTOP-EXEC-03",
    "EventCode": 4625,
    "event_type": "failed_login",
    "attack_category": "brute_force",
    "user": "admin",
    "src_ip": "185.56.80.65",
    "dest_host": "LAPTOP-EXEC-03",
    "domain": "CORP",
    "logon_type": 3,
    "failure_reason": "Unknown user name or bad password",
    "status": "0xC000006D",
    "sub_status": "0xC0000064",
    "message": "An account failed to log on. Account: admin. Source IP: 185.56.80.65"
  },
  {
    "_time": "2024-01-01T00:12:21",
    "source": "WinEventLog:Security",
    "host": "SRV-WEB-01",
    "EventCode": 4625,
    "event_type": "failed_login",
    "attack_category": "brute_force",
    "user": "admin",
    "src_ip": "45.142.212.100",
    "dest_host": "SRV-WEB-01",
    "domain": "ACME",
    "logon_type": 3,
    "failure_reason": "Unknown user name or bad password",
    "status": "0xC000006D",
    "sub_status": "0xC0000064",
    "message": "An account failed to log on. Account: admin. Source IP: 45.142.212.100"
  },
  {
    "_time": "2024-01-01T00:12:31",
    "source": "WinEventLog:Security",
    "host": "LAPTOP-EXEC-03",
    "EventCode": 4625,
    "event_type": "failed_login",
    "attack_category": "brute_force",
    "user": "jsmith",
    "src_ip": "185.56.80.65",
    "dest_host": "LAPTOP-EXEC-03",
    "domain": "CONTOSO",
    "logon_type": 3,
    "failure_reason": "Unknown user name or bad password",
    "status": "0xC000006D",
    "sub_status": "0xC0000064",
    "message": "An account failed to log on. Account: jsmith. Source IP: 185.56.80.65"
  },
  {
    "_time": "2024-01-01T00:12:46",
    "source": "WinEventLog:Security",
    "host": "WS-HR-02",
    "EventCode": 4625,
    "event_type": "failed_login",
    "attack_category": "brute_force",
    "user": "administrator",
    "src_ip": "194.165.16.78",
    "dest_host": "WS-HR-02",
    "domain": "CORP",
    "logon_type": 3,
    "failure_reason": "Unknown user name or bad password",
    "status": "0xC000006D",
    "sub_status": "0xC0000064",
    "message": "An account failed to log on. Account: administrator. Source IP: 194.165.16.78"
  },
